ARM GAS  C:\Users\NUSAIR~1\AppData\Local\Temp\ccvrCoJF.s 			page 1


   1              		.syntax unified
   2              		.cpu cortex-m4
   3              		.eabi_attribute 27, 1
   4              		.fpu fpv4-sp-d16
   5              		.eabi_attribute 20, 1
   6              		.eabi_attribute 21, 1
   7              		.eabi_attribute 23, 3
   8              		.eabi_attribute 24, 1
   9              		.eabi_attribute 25, 1
  10              		.eabi_attribute 26, 1
  11              		.eabi_attribute 30, 1
  12              		.eabi_attribute 34, 1
  13              		.eabi_attribute 18, 4
  14              		.thumb
  15              		.syntax unified
  16              		.file	"ffunicode.c"
  17              		.text
  18              	.Ltext0:
  19              		.cfi_sections	.debug_frame
  20              	.Letext0:
  21              		.section	.debug_info,"",%progbits
  22              	.Ldebug_info0:
  23 0000 60000000 		.4byte	0x60
  24 0004 0400     		.2byte	0x4
  25 0006 00000000 		.4byte	.Ldebug_abbrev0
  26 000a 04       		.byte	0x4
  27 000b 01       		.uleb128 0x1
  28 000c 84000000 		.4byte	.LASF9
  29 0010 0C       		.byte	0xc
  30 0011 61000000 		.4byte	.LASF10
  31 0015 32000000 		.4byte	.LASF11
  32 0019 00000000 		.4byte	.Ldebug_line0
  33 001d 02       		.uleb128 0x2
  34 001e 04       		.byte	0x4
  35 001f 05       		.byte	0x5
  36 0020 696E7400 		.ascii	"int\000"
  37 0024 03       		.uleb128 0x3
  38 0025 04       		.byte	0x4
  39 0026 07       		.byte	0x7
  40 0027 00000000 		.4byte	.LASF0
  41 002b 03       		.uleb128 0x3
  42 002c 01       		.byte	0x1
  43 002d 08       		.byte	0x8
  44 002e 37010000 		.4byte	.LASF1
  45 0032 03       		.uleb128 0x3
  46 0033 02       		.byte	0x2
  47 0034 05       		.byte	0x5
  48 0035 57010000 		.4byte	.LASF2
  49 0039 03       		.uleb128 0x3
  50 003a 02       		.byte	0x2
  51 003b 07       		.byte	0x7
  52 003c 1F000000 		.4byte	.LASF3
  53 0040 03       		.uleb128 0x3
  54 0041 04       		.byte	0x4
  55 0042 05       		.byte	0x5
  56 0043 45010000 		.4byte	.LASF4
  57 0047 03       		.uleb128 0x3
ARM GAS  C:\Users\NUSAIR~1\AppData\Local\Temp\ccvrCoJF.s 			page 2


  58 0048 04       		.byte	0x4
  59 0049 07       		.byte	0x7
  60 004a 0D000000 		.4byte	.LASF5
  61 004e 03       		.uleb128 0x3
  62 004f 08       		.byte	0x8
  63 0050 07       		.byte	0x7
  64 0051 6D000000 		.4byte	.LASF6
  65 0055 03       		.uleb128 0x3
  66 0056 01       		.byte	0x1
  67 0057 08       		.byte	0x8
  68 0058 61010000 		.4byte	.LASF7
  69 005c 03       		.uleb128 0x3
  70 005d 04       		.byte	0x4
  71 005e 07       		.byte	0x7
  72 005f 4E010000 		.4byte	.LASF8
  73 0063 00       		.byte	0
  74              		.section	.debug_abbrev,"",%progbits
  75              	.Ldebug_abbrev0:
  76 0000 01       		.uleb128 0x1
  77 0001 11       		.uleb128 0x11
  78 0002 01       		.byte	0x1
  79 0003 25       		.uleb128 0x25
  80 0004 0E       		.uleb128 0xe
  81 0005 13       		.uleb128 0x13
  82 0006 0B       		.uleb128 0xb
  83 0007 03       		.uleb128 0x3
  84 0008 0E       		.uleb128 0xe
  85 0009 1B       		.uleb128 0x1b
  86 000a 0E       		.uleb128 0xe
  87 000b 10       		.uleb128 0x10
  88 000c 17       		.uleb128 0x17
  89 000d 00       		.byte	0
  90 000e 00       		.byte	0
  91 000f 02       		.uleb128 0x2
  92 0010 24       		.uleb128 0x24
  93 0011 00       		.byte	0
  94 0012 0B       		.uleb128 0xb
  95 0013 0B       		.uleb128 0xb
  96 0014 3E       		.uleb128 0x3e
  97 0015 0B       		.uleb128 0xb
  98 0016 03       		.uleb128 0x3
  99 0017 08       		.uleb128 0x8
 100 0018 00       		.byte	0
 101 0019 00       		.byte	0
 102 001a 03       		.uleb128 0x3
 103 001b 24       		.uleb128 0x24
 104 001c 00       		.byte	0
 105 001d 0B       		.uleb128 0xb
 106 001e 0B       		.uleb128 0xb
 107 001f 3E       		.uleb128 0x3e
 108 0020 0B       		.uleb128 0xb
 109 0021 03       		.uleb128 0x3
 110 0022 0E       		.uleb128 0xe
 111 0023 00       		.byte	0
 112 0024 00       		.byte	0
 113 0025 00       		.byte	0
 114              		.section	.debug_aranges,"",%progbits
ARM GAS  C:\Users\NUSAIR~1\AppData\Local\Temp\ccvrCoJF.s 			page 3


 115 0000 14000000 		.4byte	0x14
 116 0004 0200     		.2byte	0x2
 117 0006 00000000 		.4byte	.Ldebug_info0
 118 000a 04       		.byte	0x4
 119 000b 00       		.byte	0
 120 000c 0000     		.2byte	0
 121 000e 0000     		.2byte	0
 122 0010 00000000 		.4byte	0
 123 0014 00000000 		.4byte	0
 124              		.section	.debug_line,"",%progbits
 125              	.Ldebug_line0:
 126 0000 19000000 		.section	.debug_str,"MS",%progbits,1
 126      02001300 
 126      00000201 
 126      FB0E0D00 
 126      01010101 
 127              	.LASF0:
 128 0000 756E7369 		.ascii	"unsigned int\000"
 128      676E6564 
 128      20696E74 
 128      00
 129              	.LASF5:
 130 000d 6C6F6E67 		.ascii	"long unsigned int\000"
 130      20756E73 
 130      69676E65 
 130      6420696E 
 130      7400
 131              	.LASF3:
 132 001f 73686F72 		.ascii	"short unsigned int\000"
 132      7420756E 
 132      7369676E 
 132      65642069 
 132      6E7400
 133              	.LASF11:
 134 0032 433A5C55 		.ascii	"C:\\Users\\Nusair Islam\\Desktop\\PSOC\\SD\\SD.cyds"
 134      73657273 
 134      5C4E7573 
 134      61697220 
 134      49736C61 
 135 005f 6E00     		.ascii	"n\000"
 136              	.LASF10:
 137 0061 6666756E 		.ascii	"ffunicode.c\000"
 137      69636F64 
 137      652E6300 
 138              	.LASF6:
 139 006d 6C6F6E67 		.ascii	"long long unsigned int\000"
 139      206C6F6E 
 139      6720756E 
 139      7369676E 
 139      65642069 
 140              	.LASF9:
 141 0084 474E5520 		.ascii	"GNU C11 5.4.1 20160609 (release) [ARM/embedded-5-br"
 141      43313120 
 141      352E342E 
 141      31203230 
 141      31363036 
 142 00b7 616E6368 		.ascii	"anch revision 237715] -mcpu=cortex-m4 -mfloat-abi=s"
ARM GAS  C:\Users\NUSAIR~1\AppData\Local\Temp\ccvrCoJF.s 			page 4


 142      20726576 
 142      6973696F 
 142      6E203233 
 142      37373135 
 143 00ea 6F667466 		.ascii	"oftfp -mfpu=fpv4-sp-d16 -mthumb -g -Og -ffunction-s"
 143      70202D6D 
 143      6670753D 
 143      66707634 
 143      2D73702D 
 144 011d 65637469 		.ascii	"ections -ffat-lto-objects\000"
 144      6F6E7320 
 144      2D666661 
 144      742D6C74 
 144      6F2D6F62 
 145              	.LASF1:
 146 0137 756E7369 		.ascii	"unsigned char\000"
 146      676E6564 
 146      20636861 
 146      7200
 147              	.LASF4:
 148 0145 6C6F6E67 		.ascii	"long int\000"
 148      20696E74 
 148      00
 149              	.LASF8:
 150 014e 73697A65 		.ascii	"sizetype\000"
 150      74797065 
 150      00
 151              	.LASF2:
 152 0157 73686F72 		.ascii	"short int\000"
 152      7420696E 
 152      7400
 153              	.LASF7:
 154 0161 63686172 		.ascii	"char\000"
 154      00
 155              		.ident	"GCC: (GNU Tools for ARM Embedded Processors) 5.4.1 20160609 (release) [ARM/embedded-5-bran
