ARM GAS  C:\Users\NUSAIR~1\AppData\Local\Temp\ccmxOC9g.s 			page 1


   1              		.syntax unified
   2              		.cpu cortex-m0plus
   3              		.fpu softvfp
   4              		.eabi_attribute 20, 1
   5              		.eabi_attribute 21, 1
   6              		.eabi_attribute 23, 3
   7              		.eabi_attribute 24, 1
   8              		.eabi_attribute 25, 1
   9              		.eabi_attribute 26, 1
  10              		.eabi_attribute 30, 1
  11              		.eabi_attribute 34, 0
  12              		.eabi_attribute 18, 4
  13              		.thumb
  14              		.syntax unified
  15              		.file	"main_cm0p.c"
  16              		.text
  17              	.Ltext0:
  18              		.cfi_sections	.debug_frame
  19              		.section	.text.main,"ax",%progbits
  20              		.align	2
  21              		.global	main
  22              		.code	16
  23              		.thumb_func
  24              		.type	main, %function
  25              	main:
  26              	.LFB427:
  27              		.file 1 "main_cm0p.c"
   1:main_cm0p.c   **** /* ========================================
   2:main_cm0p.c   ****  *
   3:main_cm0p.c   ****  * Copyright YOUR COMPANY, THE YEAR
   4:main_cm0p.c   ****  * All Rights Reserved
   5:main_cm0p.c   ****  * UNPUBLISHED, LICENSED SOFTWARE.
   6:main_cm0p.c   ****  *
   7:main_cm0p.c   ****  * CONFIDENTIAL AND PROPRIETARY INFORMATION
   8:main_cm0p.c   ****  * WHICH IS THE PROPERTY OF your company.
   9:main_cm0p.c   ****  *
  10:main_cm0p.c   ****  * ========================================
  11:main_cm0p.c   **** */
  12:main_cm0p.c   **** #include "project.h"
  13:main_cm0p.c   **** 
  14:main_cm0p.c   **** int main(void)
  15:main_cm0p.c   **** {
  28              		.loc 1 15 0
  29              		.cfi_startproc
  30              		@ Volatile: function does not return.
  31              		@ args = 0, pretend = 0, frame = 0
  32              		@ frame_needed = 0, uses_anonymous_args = 0
  33 0000 10B5     		push	{r4, lr}
  34              		.cfi_def_cfa_offset 8
  35              		.cfi_offset 4, -8
  36              		.cfi_offset 14, -4
  37              	.LBB4:
  38              	.LBB5:
  39              		.file 2 "Generated_Source\\PSoC6\\pdl\\cmsis/include/cmsis_gcc.h"
   1:Generated_Source\PSoC6\pdl\cmsis/include/cmsis_gcc.h **** /**************************************************************************//**
   2:Generated_Source\PSoC6\pdl\cmsis/include/cmsis_gcc.h ****  * @file     cmsis_gcc.h
   3:Generated_Source\PSoC6\pdl\cmsis/include/cmsis_gcc.h ****  * @brief    CMSIS compiler GCC header file
ARM GAS  C:\Users\NUSAIR~1\AppData\Local\Temp\ccmxOC9g.s 			page 2


   4:Generated_Source\PSoC6\pdl\cmsis/include/cmsis_gcc.h ****  * @version  V5.0.3
   5:Generated_Source\PSoC6\pdl\cmsis/include/cmsis_gcc.h ****  * @date     16. January 2018
   6:Generated_Source\PSoC6\pdl\cmsis/include/cmsis_gcc.h ****  ******************************************************************************/
   7:Generated_Source\PSoC6\pdl\cmsis/include/cmsis_gcc.h **** /*
   8:Generated_Source\PSoC6\pdl\cmsis/include/cmsis_gcc.h ****  * Copyright (c) 2009-2017 ARM Limited. All rights reserved.
   9:Generated_Source\PSoC6\pdl\cmsis/include/cmsis_gcc.h ****  *
  10:Generated_Source\PSoC6\pdl\cmsis/include/cmsis_gcc.h ****  * SPDX-License-Identifier: Apache-2.0
  11:Generated_Source\PSoC6\pdl\cmsis/include/cmsis_gcc.h ****  *
  12:Generated_Source\PSoC6\pdl\cmsis/include/cmsis_gcc.h ****  * Licensed under the Apache License, Version 2.0 (the License); you may
  13:Generated_Source\PSoC6\pdl\cmsis/include/cmsis_gcc.h ****  * not use this file except in compliance with the License.
  14:Generated_Source\PSoC6\pdl\cmsis/include/cmsis_gcc.h ****  * You may obtain a copy of the License at
  15:Generated_Source\PSoC6\pdl\cmsis/include/cmsis_gcc.h ****  *
  16:Generated_Source\PSoC6\pdl\cmsis/include/cmsis_gcc.h ****  * www.apache.org/licenses/LICENSE-2.0
  17:Generated_Source\PSoC6\pdl\cmsis/include/cmsis_gcc.h ****  *
  18:Generated_Source\PSoC6\pdl\cmsis/include/cmsis_gcc.h ****  * Unless required by applicable law or agreed to in writing, software
  19:Generated_Source\PSoC6\pdl\cmsis/include/cmsis_gcc.h ****  * distributed under the License is distributed on an AS IS BASIS, WITHOUT
  20:Generated_Source\PSoC6\pdl\cmsis/include/cmsis_gcc.h ****  * WARRANTIES OR CONDITIONS OF ANY KIND, either express or implied.
  21:Generated_Source\PSoC6\pdl\cmsis/include/cmsis_gcc.h ****  * See the License for the specific language governing permissions and
  22:Generated_Source\PSoC6\pdl\cmsis/include/cmsis_gcc.h ****  * limitations under the License.
  23:Generated_Source\PSoC6\pdl\cmsis/include/cmsis_gcc.h ****  */
  24:Generated_Source\PSoC6\pdl\cmsis/include/cmsis_gcc.h **** 
  25:Generated_Source\PSoC6\pdl\cmsis/include/cmsis_gcc.h **** #ifndef __CMSIS_GCC_H
  26:Generated_Source\PSoC6\pdl\cmsis/include/cmsis_gcc.h **** #define __CMSIS_GCC_H
  27:Generated_Source\PSoC6\pdl\cmsis/include/cmsis_gcc.h **** 
  28:Generated_Source\PSoC6\pdl\cmsis/include/cmsis_gcc.h **** /* ignore some GCC warnings */
  29:Generated_Source\PSoC6\pdl\cmsis/include/cmsis_gcc.h **** #pragma GCC diagnostic push
  30:Generated_Source\PSoC6\pdl\cmsis/include/cmsis_gcc.h **** #pragma GCC diagnostic ignored "-Wsign-conversion"
  31:Generated_Source\PSoC6\pdl\cmsis/include/cmsis_gcc.h **** #pragma GCC diagnostic ignored "-Wconversion"
  32:Generated_Source\PSoC6\pdl\cmsis/include/cmsis_gcc.h **** #pragma GCC diagnostic ignored "-Wunused-parameter"
  33:Generated_Source\PSoC6\pdl\cmsis/include/cmsis_gcc.h **** 
  34:Generated_Source\PSoC6\pdl\cmsis/include/cmsis_gcc.h **** /* Fallback for __has_builtin */
  35:Generated_Source\PSoC6\pdl\cmsis/include/cmsis_gcc.h **** #ifndef __has_builtin
  36:Generated_Source\PSoC6\pdl\cmsis/include/cmsis_gcc.h ****   #define __has_builtin(x) (0)
  37:Generated_Source\PSoC6\pdl\cmsis/include/cmsis_gcc.h **** #endif
  38:Generated_Source\PSoC6\pdl\cmsis/include/cmsis_gcc.h **** 
  39:Generated_Source\PSoC6\pdl\cmsis/include/cmsis_gcc.h **** /* CMSIS compiler specific defines */
  40:Generated_Source\PSoC6\pdl\cmsis/include/cmsis_gcc.h **** #ifndef   __ASM
  41:Generated_Source\PSoC6\pdl\cmsis/include/cmsis_gcc.h ****   #define __ASM                                  __asm
  42:Generated_Source\PSoC6\pdl\cmsis/include/cmsis_gcc.h **** #endif
  43:Generated_Source\PSoC6\pdl\cmsis/include/cmsis_gcc.h **** #ifndef   __INLINE
  44:Generated_Source\PSoC6\pdl\cmsis/include/cmsis_gcc.h ****   #define __INLINE                               inline
  45:Generated_Source\PSoC6\pdl\cmsis/include/cmsis_gcc.h **** #endif
  46:Generated_Source\PSoC6\pdl\cmsis/include/cmsis_gcc.h **** #ifndef   __STATIC_INLINE
  47:Generated_Source\PSoC6\pdl\cmsis/include/cmsis_gcc.h ****   #define __STATIC_INLINE                        static inline
  48:Generated_Source\PSoC6\pdl\cmsis/include/cmsis_gcc.h **** #endif
  49:Generated_Source\PSoC6\pdl\cmsis/include/cmsis_gcc.h **** #ifndef   __STATIC_FORCEINLINE                 
  50:Generated_Source\PSoC6\pdl\cmsis/include/cmsis_gcc.h ****   #define __STATIC_FORCEINLINE                   __attribute__((always_inline)) static inline
  51:Generated_Source\PSoC6\pdl\cmsis/include/cmsis_gcc.h **** #endif                                           
  52:Generated_Source\PSoC6\pdl\cmsis/include/cmsis_gcc.h **** #ifndef   __NO_RETURN
  53:Generated_Source\PSoC6\pdl\cmsis/include/cmsis_gcc.h ****   #define __NO_RETURN                            __attribute__((__noreturn__))
  54:Generated_Source\PSoC6\pdl\cmsis/include/cmsis_gcc.h **** #endif
  55:Generated_Source\PSoC6\pdl\cmsis/include/cmsis_gcc.h **** #ifndef   __USED
  56:Generated_Source\PSoC6\pdl\cmsis/include/cmsis_gcc.h ****   #define __USED                                 __attribute__((used))
  57:Generated_Source\PSoC6\pdl\cmsis/include/cmsis_gcc.h **** #endif
  58:Generated_Source\PSoC6\pdl\cmsis/include/cmsis_gcc.h **** #ifndef   __WEAK
  59:Generated_Source\PSoC6\pdl\cmsis/include/cmsis_gcc.h ****   #define __WEAK                                 __attribute__((weak))
  60:Generated_Source\PSoC6\pdl\cmsis/include/cmsis_gcc.h **** #endif
ARM GAS  C:\Users\NUSAIR~1\AppData\Local\Temp\ccmxOC9g.s 			page 3


  61:Generated_Source\PSoC6\pdl\cmsis/include/cmsis_gcc.h **** #ifndef   __PACKED
  62:Generated_Source\PSoC6\pdl\cmsis/include/cmsis_gcc.h ****   #define __PACKED                               __attribute__((packed, aligned(1)))
  63:Generated_Source\PSoC6\pdl\cmsis/include/cmsis_gcc.h **** #endif
  64:Generated_Source\PSoC6\pdl\cmsis/include/cmsis_gcc.h **** #ifndef   __PACKED_STRUCT
  65:Generated_Source\PSoC6\pdl\cmsis/include/cmsis_gcc.h ****   #define __PACKED_STRUCT                        struct __attribute__((packed, aligned(1)))
  66:Generated_Source\PSoC6\pdl\cmsis/include/cmsis_gcc.h **** #endif
  67:Generated_Source\PSoC6\pdl\cmsis/include/cmsis_gcc.h **** #ifndef   __PACKED_UNION
  68:Generated_Source\PSoC6\pdl\cmsis/include/cmsis_gcc.h ****   #define __PACKED_UNION                         union __attribute__((packed, aligned(1)))
  69:Generated_Source\PSoC6\pdl\cmsis/include/cmsis_gcc.h **** #endif
  70:Generated_Source\PSoC6\pdl\cmsis/include/cmsis_gcc.h **** #ifndef   __UNALIGNED_UINT32        /* deprecated */
  71:Generated_Source\PSoC6\pdl\cmsis/include/cmsis_gcc.h ****   #pragma GCC diagnostic push
  72:Generated_Source\PSoC6\pdl\cmsis/include/cmsis_gcc.h ****   #pragma GCC diagnostic ignored "-Wpacked"
  73:Generated_Source\PSoC6\pdl\cmsis/include/cmsis_gcc.h ****   #pragma GCC diagnostic ignored "-Wattributes"
  74:Generated_Source\PSoC6\pdl\cmsis/include/cmsis_gcc.h ****   struct __attribute__((packed)) T_UINT32 { uint32_t v; };
  75:Generated_Source\PSoC6\pdl\cmsis/include/cmsis_gcc.h ****   #pragma GCC diagnostic pop
  76:Generated_Source\PSoC6\pdl\cmsis/include/cmsis_gcc.h ****   #define __UNALIGNED_UINT32(x)                  (((struct T_UINT32 *)(x))->v)
  77:Generated_Source\PSoC6\pdl\cmsis/include/cmsis_gcc.h **** #endif
  78:Generated_Source\PSoC6\pdl\cmsis/include/cmsis_gcc.h **** #ifndef   __UNALIGNED_UINT16_WRITE
  79:Generated_Source\PSoC6\pdl\cmsis/include/cmsis_gcc.h ****   #pragma GCC diagnostic push
  80:Generated_Source\PSoC6\pdl\cmsis/include/cmsis_gcc.h ****   #pragma GCC diagnostic ignored "-Wpacked"
  81:Generated_Source\PSoC6\pdl\cmsis/include/cmsis_gcc.h ****   #pragma GCC diagnostic ignored "-Wattributes"
  82:Generated_Source\PSoC6\pdl\cmsis/include/cmsis_gcc.h ****   __PACKED_STRUCT T_UINT16_WRITE { uint16_t v; };
  83:Generated_Source\PSoC6\pdl\cmsis/include/cmsis_gcc.h ****   #pragma GCC diagnostic pop
  84:Generated_Source\PSoC6\pdl\cmsis/include/cmsis_gcc.h ****   #define __UNALIGNED_UINT16_WRITE(addr, val)    (void)((((struct T_UINT16_WRITE *)(void *)(addr))-
  85:Generated_Source\PSoC6\pdl\cmsis/include/cmsis_gcc.h **** #endif
  86:Generated_Source\PSoC6\pdl\cmsis/include/cmsis_gcc.h **** #ifndef   __UNALIGNED_UINT16_READ
  87:Generated_Source\PSoC6\pdl\cmsis/include/cmsis_gcc.h ****   #pragma GCC diagnostic push
  88:Generated_Source\PSoC6\pdl\cmsis/include/cmsis_gcc.h ****   #pragma GCC diagnostic ignored "-Wpacked"
  89:Generated_Source\PSoC6\pdl\cmsis/include/cmsis_gcc.h ****   #pragma GCC diagnostic ignored "-Wattributes"
  90:Generated_Source\PSoC6\pdl\cmsis/include/cmsis_gcc.h ****   __PACKED_STRUCT T_UINT16_READ { uint16_t v; };
  91:Generated_Source\PSoC6\pdl\cmsis/include/cmsis_gcc.h ****   #pragma GCC diagnostic pop
  92:Generated_Source\PSoC6\pdl\cmsis/include/cmsis_gcc.h ****   #define __UNALIGNED_UINT16_READ(addr)          (((const struct T_UINT16_READ *)(const void *)(add
  93:Generated_Source\PSoC6\pdl\cmsis/include/cmsis_gcc.h **** #endif
  94:Generated_Source\PSoC6\pdl\cmsis/include/cmsis_gcc.h **** #ifndef   __UNALIGNED_UINT32_WRITE
  95:Generated_Source\PSoC6\pdl\cmsis/include/cmsis_gcc.h ****   #pragma GCC diagnostic push
  96:Generated_Source\PSoC6\pdl\cmsis/include/cmsis_gcc.h ****   #pragma GCC diagnostic ignored "-Wpacked"
  97:Generated_Source\PSoC6\pdl\cmsis/include/cmsis_gcc.h ****   #pragma GCC diagnostic ignored "-Wattributes"
  98:Generated_Source\PSoC6\pdl\cmsis/include/cmsis_gcc.h ****   __PACKED_STRUCT T_UINT32_WRITE { uint32_t v; };
  99:Generated_Source\PSoC6\pdl\cmsis/include/cmsis_gcc.h ****   #pragma GCC diagnostic pop
 100:Generated_Source\PSoC6\pdl\cmsis/include/cmsis_gcc.h ****   #define __UNALIGNED_UINT32_WRITE(addr, val)    (void)((((struct T_UINT32_WRITE *)(void *)(addr))-
 101:Generated_Source\PSoC6\pdl\cmsis/include/cmsis_gcc.h **** #endif
 102:Generated_Source\PSoC6\pdl\cmsis/include/cmsis_gcc.h **** #ifndef   __UNALIGNED_UINT32_READ
 103:Generated_Source\PSoC6\pdl\cmsis/include/cmsis_gcc.h ****   #pragma GCC diagnostic push
 104:Generated_Source\PSoC6\pdl\cmsis/include/cmsis_gcc.h ****   #pragma GCC diagnostic ignored "-Wpacked"
 105:Generated_Source\PSoC6\pdl\cmsis/include/cmsis_gcc.h ****   #pragma GCC diagnostic ignored "-Wattributes"
 106:Generated_Source\PSoC6\pdl\cmsis/include/cmsis_gcc.h ****   __PACKED_STRUCT T_UINT32_READ { uint32_t v; };
 107:Generated_Source\PSoC6\pdl\cmsis/include/cmsis_gcc.h ****   #pragma GCC diagnostic pop
 108:Generated_Source\PSoC6\pdl\cmsis/include/cmsis_gcc.h ****   #define __UNALIGNED_UINT32_READ(addr)          (((const struct T_UINT32_READ *)(const void *)(add
 109:Generated_Source\PSoC6\pdl\cmsis/include/cmsis_gcc.h **** #endif
 110:Generated_Source\PSoC6\pdl\cmsis/include/cmsis_gcc.h **** #ifndef   __ALIGNED
 111:Generated_Source\PSoC6\pdl\cmsis/include/cmsis_gcc.h ****   #define __ALIGNED(x)                           __attribute__((aligned(x)))
 112:Generated_Source\PSoC6\pdl\cmsis/include/cmsis_gcc.h **** #endif
 113:Generated_Source\PSoC6\pdl\cmsis/include/cmsis_gcc.h **** #ifndef   __RESTRICT
 114:Generated_Source\PSoC6\pdl\cmsis/include/cmsis_gcc.h ****   #define __RESTRICT                             __restrict
 115:Generated_Source\PSoC6\pdl\cmsis/include/cmsis_gcc.h **** #endif
 116:Generated_Source\PSoC6\pdl\cmsis/include/cmsis_gcc.h **** 
 117:Generated_Source\PSoC6\pdl\cmsis/include/cmsis_gcc.h **** 
ARM GAS  C:\Users\NUSAIR~1\AppData\Local\Temp\ccmxOC9g.s 			page 4


 118:Generated_Source\PSoC6\pdl\cmsis/include/cmsis_gcc.h **** /* ###########################  Core Function Access  ########################### */
 119:Generated_Source\PSoC6\pdl\cmsis/include/cmsis_gcc.h **** /** \ingroup  CMSIS_Core_FunctionInterface
 120:Generated_Source\PSoC6\pdl\cmsis/include/cmsis_gcc.h ****     \defgroup CMSIS_Core_RegAccFunctions CMSIS Core Register Access Functions
 121:Generated_Source\PSoC6\pdl\cmsis/include/cmsis_gcc.h ****   @{
 122:Generated_Source\PSoC6\pdl\cmsis/include/cmsis_gcc.h ****  */
 123:Generated_Source\PSoC6\pdl\cmsis/include/cmsis_gcc.h **** 
 124:Generated_Source\PSoC6\pdl\cmsis/include/cmsis_gcc.h **** /**
 125:Generated_Source\PSoC6\pdl\cmsis/include/cmsis_gcc.h ****   \brief   Enable IRQ Interrupts
 126:Generated_Source\PSoC6\pdl\cmsis/include/cmsis_gcc.h ****   \details Enables IRQ interrupts by clearing the I-bit in the CPSR.
 127:Generated_Source\PSoC6\pdl\cmsis/include/cmsis_gcc.h ****            Can only be executed in Privileged modes.
 128:Generated_Source\PSoC6\pdl\cmsis/include/cmsis_gcc.h ****  */
 129:Generated_Source\PSoC6\pdl\cmsis/include/cmsis_gcc.h **** __STATIC_FORCEINLINE void __enable_irq(void)
 130:Generated_Source\PSoC6\pdl\cmsis/include/cmsis_gcc.h **** {
 131:Generated_Source\PSoC6\pdl\cmsis/include/cmsis_gcc.h ****   __ASM volatile ("cpsie i" : : : "memory");
  40              		.loc 2 131 0
  41              		.syntax divided
  42              	@ 131 "Generated_Source\PSoC6\pdl\cmsis/include/cmsis_gcc.h" 1
  43 0002 62B6     		cpsie i
  44              	@ 0 "" 2
  45              		.thumb
  46              		.syntax unified
  47              	.LBE5:
  48              	.LBE4:
  16:main_cm0p.c   ****     __enable_irq(); /* Enable global interrupts. */
  17:main_cm0p.c   ****     /* Enable CM4.  CY_CORTEX_M4_APPL_ADDR must be updated if CM4 memory layout is changed. */
  18:main_cm0p.c   ****     Cy_SysEnableCM4(CY_CORTEX_M4_APPL_ADDR); 
  49              		.loc 1 18 0
  50 0004 0148     		ldr	r0, .L3
  51 0006 FFF7FEFF 		bl	Cy_SysEnableCM4
  52              	.LVL0:
  53              	.L2:
  54 000a FEE7     		b	.L2
  55              	.L4:
  56              		.align	2
  57              	.L3:
  58 000c 00000810 		.word	268959744
  59              		.cfi_endproc
  60              	.LFE427:
  61              		.size	main, .-main
  62              		.text
  63              	.Letext0:
  64              		.file 3 "c:\\program files (x86)\\cypress\\psoc creator\\4.4\\psoc creator\\import\\gnu\\arm\\5.4.
  65              		.file 4 "c:\\program files (x86)\\cypress\\psoc creator\\4.4\\psoc creator\\import\\gnu\\arm\\5.4.
  66              		.file 5 "Generated_Source\\PSoC6\\pdl\\drivers/peripheral/device/cy_device.h"
  67              		.file 6 "Generated_Source\\PSoC6\\pdl\\drivers/peripheral/scb/cy_scb_spi.h"
  68              		.file 7 "Generated_Source\\PSoC6\\pdl\\drivers/peripheral/scb/cy_scb_uart.h"
  69              		.file 8 "Generated_Source\\PSoC6/UART.h"
  70              		.file 9 "Generated_Source\\PSoC6/mSPI.h"
  71              		.file 10 "./system_psoc6.h"
  72              		.section	.debug_info,"",%progbits
  73              	.Ldebug_info0:
  74 0000 11070000 		.4byte	0x711
  75 0004 0400     		.2byte	0x4
  76 0006 00000000 		.4byte	.Ldebug_abbrev0
  77 000a 04       		.byte	0x4
  78 000b 01       		.uleb128 0x1
  79 000c 4A060000 		.4byte	.LASF135
ARM GAS  C:\Users\NUSAIR~1\AppData\Local\Temp\ccmxOC9g.s 			page 5


  80 0010 0C       		.byte	0xc
  81 0011 7A000000 		.4byte	.LASF136
  82 0015 C9030000 		.4byte	.LASF137
  83 0019 00000000 		.4byte	.Ldebug_ranges0+0
  84 001d 00000000 		.4byte	0
  85 0021 00000000 		.4byte	.Ldebug_line0
  86 0025 02       		.uleb128 0x2
  87 0026 02       		.byte	0x2
  88 0027 05       		.byte	0x5
  89 0028 F0050000 		.4byte	.LASF0
  90 002c 02       		.uleb128 0x2
  91 002d 01       		.byte	0x1
  92 002e 08       		.byte	0x8
  93 002f CE050000 		.4byte	.LASF1
  94 0033 02       		.uleb128 0x2
  95 0034 01       		.byte	0x1
  96 0035 06       		.byte	0x6
  97 0036 6C010000 		.4byte	.LASF2
  98 003a 03       		.uleb128 0x3
  99 003b 94000000 		.4byte	.LASF3
 100 003f 03       		.byte	0x3
 101 0040 1D       		.byte	0x1d
 102 0041 2C000000 		.4byte	0x2c
 103 0045 03       		.uleb128 0x3
 104 0046 B8020000 		.4byte	.LASF4
 105 004a 03       		.byte	0x3
 106 004b 29       		.byte	0x29
 107 004c 25000000 		.4byte	0x25
 108 0050 03       		.uleb128 0x3
 109 0051 07070000 		.4byte	.LASF5
 110 0055 03       		.byte	0x3
 111 0056 2B       		.byte	0x2b
 112 0057 5B000000 		.4byte	0x5b
 113 005b 02       		.uleb128 0x2
 114 005c 02       		.byte	0x2
 115 005d 07       		.byte	0x7
 116 005e 52070000 		.4byte	.LASF6
 117 0062 02       		.uleb128 0x2
 118 0063 04       		.byte	0x4
 119 0064 05       		.byte	0x5
 120 0065 04020000 		.4byte	.LASF7
 121 0069 03       		.uleb128 0x3
 122 006a 9D020000 		.4byte	.LASF8
 123 006e 03       		.byte	0x3
 124 006f 41       		.byte	0x41
 125 0070 74000000 		.4byte	0x74
 126 0074 02       		.uleb128 0x2
 127 0075 04       		.byte	0x4
 128 0076 07       		.byte	0x7
 129 0077 46030000 		.4byte	.LASF9
 130 007b 02       		.uleb128 0x2
 131 007c 08       		.byte	0x8
 132 007d 05       		.byte	0x5
 133 007e 5E010000 		.4byte	.LASF10
 134 0082 02       		.uleb128 0x2
 135 0083 08       		.byte	0x8
 136 0084 07       		.byte	0x7
ARM GAS  C:\Users\NUSAIR~1\AppData\Local\Temp\ccmxOC9g.s 			page 6


 137 0085 E3000000 		.4byte	.LASF11
 138 0089 04       		.uleb128 0x4
 139 008a 04       		.byte	0x4
 140 008b 05       		.byte	0x5
 141 008c 696E7400 		.ascii	"int\000"
 142 0090 02       		.uleb128 0x2
 143 0091 04       		.byte	0x4
 144 0092 07       		.byte	0x7
 145 0093 0A030000 		.4byte	.LASF12
 146 0097 03       		.uleb128 0x3
 147 0098 FB070000 		.4byte	.LASF13
 148 009c 04       		.byte	0x4
 149 009d 18       		.byte	0x18
 150 009e 3A000000 		.4byte	0x3a
 151 00a2 03       		.uleb128 0x3
 152 00a3 56010000 		.4byte	.LASF14
 153 00a7 04       		.byte	0x4
 154 00a8 20       		.byte	0x20
 155 00a9 45000000 		.4byte	0x45
 156 00ad 03       		.uleb128 0x3
 157 00ae 17030000 		.4byte	.LASF15
 158 00b2 04       		.byte	0x4
 159 00b3 24       		.byte	0x24
 160 00b4 50000000 		.4byte	0x50
 161 00b8 03       		.uleb128 0x3
 162 00b9 2C060000 		.4byte	.LASF16
 163 00bd 04       		.byte	0x4
 164 00be 30       		.byte	0x30
 165 00bf 69000000 		.4byte	0x69
 166 00c3 02       		.uleb128 0x2
 167 00c4 04       		.byte	0x4
 168 00c5 07       		.byte	0x7
 169 00c6 CA040000 		.4byte	.LASF17
 170 00ca 05       		.uleb128 0x5
 171 00cb B8000000 		.4byte	0xb8
 172 00cf 02       		.uleb128 0x2
 173 00d0 08       		.byte	0x8
 174 00d1 04       		.byte	0x4
 175 00d2 DC060000 		.4byte	.LASF18
 176 00d6 06       		.uleb128 0x6
 177 00d7 B8       		.byte	0xb8
 178 00d8 05       		.byte	0x5
 179 00d9 34       		.byte	0x34
 180 00da E7040000 		.4byte	0x4e7
 181 00de 07       		.uleb128 0x7
 182 00df CA000000 		.4byte	.LASF19
 183 00e3 05       		.byte	0x5
 184 00e4 37       		.byte	0x37
 185 00e5 B8000000 		.4byte	0xb8
 186 00e9 00       		.byte	0
 187 00ea 07       		.uleb128 0x7
 188 00eb 92020000 		.4byte	.LASF20
 189 00ef 05       		.byte	0x5
 190 00f0 38       		.byte	0x38
 191 00f1 B8000000 		.4byte	0xb8
 192 00f5 04       		.byte	0x4
 193 00f6 07       		.uleb128 0x7
ARM GAS  C:\Users\NUSAIR~1\AppData\Local\Temp\ccmxOC9g.s 			page 7


 194 00f7 1B020000 		.4byte	.LASF21
 195 00fb 05       		.byte	0x5
 196 00fc 39       		.byte	0x39
 197 00fd B8000000 		.4byte	0xb8
 198 0101 08       		.byte	0x8
 199 0102 07       		.uleb128 0x7
 200 0103 C0050000 		.4byte	.LASF22
 201 0107 05       		.byte	0x5
 202 0108 3A       		.byte	0x3a
 203 0109 B8000000 		.4byte	0xb8
 204 010d 0C       		.byte	0xc
 205 010e 07       		.uleb128 0x7
 206 010f A4010000 		.4byte	.LASF23
 207 0113 05       		.byte	0x5
 208 0114 3B       		.byte	0x3b
 209 0115 B8000000 		.4byte	0xb8
 210 0119 10       		.byte	0x10
 211 011a 07       		.uleb128 0x7
 212 011b FA010000 		.4byte	.LASF24
 213 011f 05       		.byte	0x5
 214 0120 3C       		.byte	0x3c
 215 0121 B8000000 		.4byte	0xb8
 216 0125 14       		.byte	0x14
 217 0126 07       		.uleb128 0x7
 218 0127 8F030000 		.4byte	.LASF25
 219 012b 05       		.byte	0x5
 220 012c 3D       		.byte	0x3d
 221 012d B8000000 		.4byte	0xb8
 222 0131 18       		.byte	0x18
 223 0132 07       		.uleb128 0x7
 224 0133 71000000 		.4byte	.LASF26
 225 0137 05       		.byte	0x5
 226 0138 3E       		.byte	0x3e
 227 0139 B8000000 		.4byte	0xb8
 228 013d 1C       		.byte	0x1c
 229 013e 07       		.uleb128 0x7
 230 013f 64080000 		.4byte	.LASF27
 231 0143 05       		.byte	0x5
 232 0144 3F       		.byte	0x3f
 233 0145 B8000000 		.4byte	0xb8
 234 0149 20       		.byte	0x20
 235 014a 07       		.uleb128 0x7
 236 014b 47050000 		.4byte	.LASF28
 237 014f 05       		.byte	0x5
 238 0150 40       		.byte	0x40
 239 0151 B8000000 		.4byte	0xb8
 240 0155 24       		.byte	0x24
 241 0156 07       		.uleb128 0x7
 242 0157 9C040000 		.4byte	.LASF29
 243 015b 05       		.byte	0x5
 244 015c 43       		.byte	0x43
 245 015d 97000000 		.4byte	0x97
 246 0161 28       		.byte	0x28
 247 0162 07       		.uleb128 0x7
 248 0163 57000000 		.4byte	.LASF30
 249 0167 05       		.byte	0x5
 250 0168 44       		.byte	0x44
ARM GAS  C:\Users\NUSAIR~1\AppData\Local\Temp\ccmxOC9g.s 			page 8


 251 0169 97000000 		.4byte	0x97
 252 016d 29       		.byte	0x29
 253 016e 07       		.uleb128 0x7
 254 016f 5A080000 		.4byte	.LASF31
 255 0173 05       		.byte	0x5
 256 0174 45       		.byte	0x45
 257 0175 97000000 		.4byte	0x97
 258 0179 2A       		.byte	0x2a
 259 017a 07       		.uleb128 0x7
 260 017b 39050000 		.4byte	.LASF32
 261 017f 05       		.byte	0x5
 262 0180 46       		.byte	0x46
 263 0181 97000000 		.4byte	0x97
 264 0185 2B       		.byte	0x2b
 265 0186 07       		.uleb128 0x7
 266 0187 20040000 		.4byte	.LASF33
 267 018b 05       		.byte	0x5
 268 018c 47       		.byte	0x47
 269 018d 97000000 		.4byte	0x97
 270 0191 2C       		.byte	0x2c
 271 0192 07       		.uleb128 0x7
 272 0193 25070000 		.4byte	.LASF34
 273 0197 05       		.byte	0x5
 274 0198 48       		.byte	0x48
 275 0199 97000000 		.4byte	0x97
 276 019d 2D       		.byte	0x2d
 277 019e 07       		.uleb128 0x7
 278 019f AD010000 		.4byte	.LASF35
 279 01a3 05       		.byte	0x5
 280 01a4 49       		.byte	0x49
 281 01a5 97000000 		.4byte	0x97
 282 01a9 2E       		.byte	0x2e
 283 01aa 07       		.uleb128 0x7
 284 01ab A9040000 		.4byte	.LASF36
 285 01af 05       		.byte	0x5
 286 01b0 4A       		.byte	0x4a
 287 01b1 97000000 		.4byte	0x97
 288 01b5 2F       		.byte	0x2f
 289 01b6 07       		.uleb128 0x7
 290 01b7 ED060000 		.4byte	.LASF37
 291 01bb 05       		.byte	0x5
 292 01bc 4B       		.byte	0x4b
 293 01bd 97000000 		.4byte	0x97
 294 01c1 30       		.byte	0x30
 295 01c2 07       		.uleb128 0x7
 296 01c3 84030000 		.4byte	.LASF38
 297 01c7 05       		.byte	0x5
 298 01c8 4E       		.byte	0x4e
 299 01c9 97000000 		.4byte	0x97
 300 01cd 31       		.byte	0x31
 301 01ce 07       		.uleb128 0x7
 302 01cf 86000000 		.4byte	.LASF39
 303 01d3 05       		.byte	0x5
 304 01d4 4F       		.byte	0x4f
 305 01d5 97000000 		.4byte	0x97
 306 01d9 32       		.byte	0x32
 307 01da 07       		.uleb128 0x7
ARM GAS  C:\Users\NUSAIR~1\AppData\Local\Temp\ccmxOC9g.s 			page 9


 308 01db FE020000 		.4byte	.LASF40
 309 01df 05       		.byte	0x5
 310 01e0 50       		.byte	0x50
 311 01e1 97000000 		.4byte	0x97
 312 01e5 33       		.byte	0x33
 313 01e6 07       		.uleb128 0x7
 314 01e7 DE040000 		.4byte	.LASF41
 315 01eb 05       		.byte	0x5
 316 01ec 51       		.byte	0x51
 317 01ed 97000000 		.4byte	0x97
 318 01f1 34       		.byte	0x34
 319 01f2 07       		.uleb128 0x7
 320 01f3 7C070000 		.4byte	.LASF42
 321 01f7 05       		.byte	0x5
 322 01f8 52       		.byte	0x52
 323 01f9 A2000000 		.4byte	0xa2
 324 01fd 36       		.byte	0x36
 325 01fe 07       		.uleb128 0x7
 326 01ff 35020000 		.4byte	.LASF43
 327 0203 05       		.byte	0x5
 328 0204 53       		.byte	0x53
 329 0205 A2000000 		.4byte	0xa2
 330 0209 38       		.byte	0x38
 331 020a 07       		.uleb128 0x7
 332 020b D6070000 		.4byte	.LASF44
 333 020f 05       		.byte	0x5
 334 0210 54       		.byte	0x54
 335 0211 A2000000 		.4byte	0xa2
 336 0215 3A       		.byte	0x3a
 337 0216 07       		.uleb128 0x7
 338 0217 EB010000 		.4byte	.LASF45
 339 021b 05       		.byte	0x5
 340 021c 55       		.byte	0x55
 341 021d 97000000 		.4byte	0x97
 342 0221 3C       		.byte	0x3c
 343 0222 07       		.uleb128 0x7
 344 0223 5C020000 		.4byte	.LASF46
 345 0227 05       		.byte	0x5
 346 0228 56       		.byte	0x56
 347 0229 97000000 		.4byte	0x97
 348 022d 3D       		.byte	0x3d
 349 022e 07       		.uleb128 0x7
 350 022f 0E060000 		.4byte	.LASF47
 351 0233 05       		.byte	0x5
 352 0234 57       		.byte	0x57
 353 0235 97000000 		.4byte	0x97
 354 0239 3E       		.byte	0x3e
 355 023a 07       		.uleb128 0x7
 356 023b 65000000 		.4byte	.LASF48
 357 023f 05       		.byte	0x5
 358 0240 58       		.byte	0x58
 359 0241 97000000 		.4byte	0x97
 360 0245 3F       		.byte	0x3f
 361 0246 07       		.uleb128 0x7
 362 0247 52050000 		.4byte	.LASF49
 363 024b 05       		.byte	0x5
 364 024c 59       		.byte	0x59
ARM GAS  C:\Users\NUSAIR~1\AppData\Local\Temp\ccmxOC9g.s 			page 10


 365 024d 97000000 		.4byte	0x97
 366 0251 40       		.byte	0x40
 367 0252 07       		.uleb128 0x7
 368 0253 A8020000 		.4byte	.LASF50
 369 0257 05       		.byte	0x5
 370 0258 5A       		.byte	0x5a
 371 0259 97000000 		.4byte	0x97
 372 025d 41       		.byte	0x41
 373 025e 07       		.uleb128 0x7
 374 025f 55040000 		.4byte	.LASF51
 375 0263 05       		.byte	0x5
 376 0264 5B       		.byte	0x5b
 377 0265 97000000 		.4byte	0x97
 378 0269 42       		.byte	0x42
 379 026a 07       		.uleb128 0x7
 380 026b 25050000 		.4byte	.LASF52
 381 026f 05       		.byte	0x5
 382 0270 5C       		.byte	0x5c
 383 0271 97000000 		.4byte	0x97
 384 0275 43       		.byte	0x43
 385 0276 07       		.uleb128 0x7
 386 0277 24020000 		.4byte	.LASF53
 387 027b 05       		.byte	0x5
 388 027c 5D       		.byte	0x5d
 389 027d 97000000 		.4byte	0x97
 390 0281 44       		.byte	0x44
 391 0282 07       		.uleb128 0x7
 392 0283 00000000 		.4byte	.LASF54
 393 0287 05       		.byte	0x5
 394 0288 5E       		.byte	0x5e
 395 0289 B8000000 		.4byte	0xb8
 396 028d 48       		.byte	0x48
 397 028e 07       		.uleb128 0x7
 398 028f 0D020000 		.4byte	.LASF55
 399 0293 05       		.byte	0x5
 400 0294 5F       		.byte	0x5f
 401 0295 B8000000 		.4byte	0xb8
 402 0299 4C       		.byte	0x4c
 403 029a 07       		.uleb128 0x7
 404 029b 9A080000 		.4byte	.LASF56
 405 029f 05       		.byte	0x5
 406 02a0 60       		.byte	0x60
 407 02a1 97000000 		.4byte	0x97
 408 02a5 50       		.byte	0x50
 409 02a6 07       		.uleb128 0x7
 410 02a7 30010000 		.4byte	.LASF57
 411 02ab 05       		.byte	0x5
 412 02ac 61       		.byte	0x61
 413 02ad 97000000 		.4byte	0x97
 414 02b1 51       		.byte	0x51
 415 02b2 07       		.uleb128 0x7
 416 02b3 EB070000 		.4byte	.LASF58
 417 02b7 05       		.byte	0x5
 418 02b8 62       		.byte	0x62
 419 02b9 97000000 		.4byte	0x97
 420 02bd 52       		.byte	0x52
 421 02be 07       		.uleb128 0x7
ARM GAS  C:\Users\NUSAIR~1\AppData\Local\Temp\ccmxOC9g.s 			page 11


 422 02bf 32070000 		.4byte	.LASF59
 423 02c3 05       		.byte	0x5
 424 02c4 63       		.byte	0x63
 425 02c5 97000000 		.4byte	0x97
 426 02c9 53       		.byte	0x53
 427 02ca 07       		.uleb128 0x7
 428 02cb 1C060000 		.4byte	.LASF60
 429 02cf 05       		.byte	0x5
 430 02d0 64       		.byte	0x64
 431 02d1 97000000 		.4byte	0x97
 432 02d5 54       		.byte	0x54
 433 02d6 07       		.uleb128 0x7
 434 02d7 42010000 		.4byte	.LASF61
 435 02db 05       		.byte	0x5
 436 02dc 65       		.byte	0x65
 437 02dd 97000000 		.4byte	0x97
 438 02e1 55       		.byte	0x55
 439 02e2 07       		.uleb128 0x7
 440 02e3 32030000 		.4byte	.LASF62
 441 02e7 05       		.byte	0x5
 442 02e8 66       		.byte	0x66
 443 02e9 97000000 		.4byte	0x97
 444 02ed 56       		.byte	0x56
 445 02ee 07       		.uleb128 0x7
 446 02ef 98030000 		.4byte	.LASF63
 447 02f3 05       		.byte	0x5
 448 02f4 67       		.byte	0x67
 449 02f5 97000000 		.4byte	0x97
 450 02f9 57       		.byte	0x57
 451 02fa 07       		.uleb128 0x7
 452 02fb 1C000000 		.4byte	.LASF64
 453 02ff 05       		.byte	0x5
 454 0300 68       		.byte	0x68
 455 0301 97000000 		.4byte	0x97
 456 0305 58       		.byte	0x58
 457 0306 07       		.uleb128 0x7
 458 0307 DC050000 		.4byte	.LASF65
 459 030b 05       		.byte	0x5
 460 030c 69       		.byte	0x69
 461 030d 97000000 		.4byte	0x97
 462 0311 59       		.byte	0x59
 463 0312 07       		.uleb128 0x7
 464 0313 D3040000 		.4byte	.LASF66
 465 0317 05       		.byte	0x5
 466 0318 6E       		.byte	0x6e
 467 0319 AD000000 		.4byte	0xad
 468 031d 5A       		.byte	0x5a
 469 031e 07       		.uleb128 0x7
 470 031f 65070000 		.4byte	.LASF67
 471 0323 05       		.byte	0x5
 472 0324 6F       		.byte	0x6f
 473 0325 AD000000 		.4byte	0xad
 474 0329 5C       		.byte	0x5c
 475 032a 07       		.uleb128 0x7
 476 032b D4000000 		.4byte	.LASF68
 477 032f 05       		.byte	0x5
 478 0330 70       		.byte	0x70
ARM GAS  C:\Users\NUSAIR~1\AppData\Local\Temp\ccmxOC9g.s 			page 12


 479 0331 97000000 		.4byte	0x97
 480 0335 5E       		.byte	0x5e
 481 0336 07       		.uleb128 0x7
 482 0337 99050000 		.4byte	.LASF69
 483 033b 05       		.byte	0x5
 484 033c 71       		.byte	0x71
 485 033d 97000000 		.4byte	0x97
 486 0341 5F       		.byte	0x5f
 487 0342 07       		.uleb128 0x7
 488 0343 14050000 		.4byte	.LASF70
 489 0347 05       		.byte	0x5
 490 0348 72       		.byte	0x72
 491 0349 97000000 		.4byte	0x97
 492 034d 60       		.byte	0x60
 493 034e 07       		.uleb128 0x7
 494 034f 72050000 		.4byte	.LASF71
 495 0353 05       		.byte	0x5
 496 0354 73       		.byte	0x73
 497 0355 B8000000 		.4byte	0xb8
 498 0359 64       		.byte	0x64
 499 035a 07       		.uleb128 0x7
 500 035b FA000000 		.4byte	.LASF72
 501 035f 05       		.byte	0x5
 502 0360 76       		.byte	0x76
 503 0361 AD000000 		.4byte	0xad
 504 0365 68       		.byte	0x68
 505 0366 07       		.uleb128 0x7
 506 0367 20030000 		.4byte	.LASF73
 507 036b 05       		.byte	0x5
 508 036c 77       		.byte	0x77
 509 036d AD000000 		.4byte	0xad
 510 0371 6A       		.byte	0x6a
 511 0372 07       		.uleb128 0x7
 512 0373 AC030000 		.4byte	.LASF74
 513 0377 05       		.byte	0x5
 514 0378 78       		.byte	0x78
 515 0379 AD000000 		.4byte	0xad
 516 037d 6C       		.byte	0x6c
 517 037e 07       		.uleb128 0x7
 518 037f 03040000 		.4byte	.LASF75
 519 0383 05       		.byte	0x5
 520 0384 79       		.byte	0x79
 521 0385 AD000000 		.4byte	0xad
 522 0389 6E       		.byte	0x6e
 523 038a 07       		.uleb128 0x7
 524 038b FA050000 		.4byte	.LASF76
 525 038f 05       		.byte	0x5
 526 0390 7B       		.byte	0x7b
 527 0391 97000000 		.4byte	0x97
 528 0395 70       		.byte	0x70
 529 0396 07       		.uleb128 0x7
 530 0397 8F010000 		.4byte	.LASF77
 531 039b 05       		.byte	0x5
 532 039c 7C       		.byte	0x7c
 533 039d 97000000 		.4byte	0x97
 534 03a1 71       		.byte	0x71
 535 03a2 07       		.uleb128 0x7
ARM GAS  C:\Users\NUSAIR~1\AppData\Local\Temp\ccmxOC9g.s 			page 13


 536 03a3 6C080000 		.4byte	.LASF78
 537 03a7 05       		.byte	0x5
 538 03a8 7D       		.byte	0x7d
 539 03a9 97000000 		.4byte	0x97
 540 03ad 72       		.byte	0x72
 541 03ae 07       		.uleb128 0x7
 542 03af EF040000 		.4byte	.LASF79
 543 03b3 05       		.byte	0x5
 544 03b4 7E       		.byte	0x7e
 545 03b5 97000000 		.4byte	0x97
 546 03b9 73       		.byte	0x73
 547 03ba 07       		.uleb128 0x7
 548 03bb 6C020000 		.4byte	.LASF80
 549 03bf 05       		.byte	0x5
 550 03c0 80       		.byte	0x80
 551 03c1 AD000000 		.4byte	0xad
 552 03c5 74       		.byte	0x74
 553 03c6 07       		.uleb128 0x7
 554 03c7 12070000 		.4byte	.LASF81
 555 03cb 05       		.byte	0x5
 556 03cc 81       		.byte	0x81
 557 03cd AD000000 		.4byte	0xad
 558 03d1 76       		.byte	0x76
 559 03d2 07       		.uleb128 0x7
 560 03d3 47020000 		.4byte	.LASF82
 561 03d7 05       		.byte	0x5
 562 03d8 82       		.byte	0x82
 563 03d9 AD000000 		.4byte	0xad
 564 03dd 78       		.byte	0x78
 565 03de 07       		.uleb128 0x7
 566 03df 9E000000 		.4byte	.LASF83
 567 03e3 05       		.byte	0x5
 568 03e4 83       		.byte	0x83
 569 03e5 AD000000 		.4byte	0xad
 570 03e9 7A       		.byte	0x7a
 571 03ea 07       		.uleb128 0x7
 572 03eb 18080000 		.4byte	.LASF84
 573 03ef 05       		.byte	0x5
 574 03f0 86       		.byte	0x86
 575 03f1 97000000 		.4byte	0x97
 576 03f5 7C       		.byte	0x7c
 577 03f6 07       		.uleb128 0x7
 578 03f7 96070000 		.4byte	.LASF85
 579 03fb 05       		.byte	0x5
 580 03fc 87       		.byte	0x87
 581 03fd 97000000 		.4byte	0x97
 582 0401 7D       		.byte	0x7d
 583 0402 07       		.uleb128 0x7
 584 0403 30000000 		.4byte	.LASF86
 585 0407 05       		.byte	0x5
 586 0408 88       		.byte	0x88
 587 0409 97000000 		.4byte	0x97
 588 040d 7E       		.byte	0x7e
 589 040e 07       		.uleb128 0x7
 590 040f 7E020000 		.4byte	.LASF87
 591 0413 05       		.byte	0x5
 592 0414 89       		.byte	0x89
ARM GAS  C:\Users\NUSAIR~1\AppData\Local\Temp\ccmxOC9g.s 			page 14


 593 0415 97000000 		.4byte	0x97
 594 0419 7F       		.byte	0x7f
 595 041a 07       		.uleb128 0x7
 596 041b EA020000 		.4byte	.LASF88
 597 041f 05       		.byte	0x5
 598 0420 8A       		.byte	0x8a
 599 0421 97000000 		.4byte	0x97
 600 0425 80       		.byte	0x80
 601 0426 07       		.uleb128 0x7
 602 0427 85040000 		.4byte	.LASF89
 603 042b 05       		.byte	0x5
 604 042c 8D       		.byte	0x8d
 605 042d B8000000 		.4byte	0xb8
 606 0431 84       		.byte	0x84
 607 0432 07       		.uleb128 0x7
 608 0433 B3000000 		.4byte	.LASF90
 609 0437 05       		.byte	0x5
 610 0438 8E       		.byte	0x8e
 611 0439 B8000000 		.4byte	0xb8
 612 043d 88       		.byte	0x88
 613 043e 07       		.uleb128 0x7
 614 043f 03080000 		.4byte	.LASF91
 615 0443 05       		.byte	0x5
 616 0444 8F       		.byte	0x8f
 617 0445 B8000000 		.4byte	0xb8
 618 0449 8C       		.byte	0x8c
 619 044a 07       		.uleb128 0x7
 620 044b B5040000 		.4byte	.LASF92
 621 044f 05       		.byte	0x5
 622 0450 90       		.byte	0x90
 623 0451 B8000000 		.4byte	0xb8
 624 0455 90       		.byte	0x90
 625 0456 07       		.uleb128 0x7
 626 0457 CB020000 		.4byte	.LASF93
 627 045b 05       		.byte	0x5
 628 045c 91       		.byte	0x91
 629 045d B8000000 		.4byte	0xb8
 630 0461 94       		.byte	0x94
 631 0462 07       		.uleb128 0x7
 632 0463 6F040000 		.4byte	.LASF94
 633 0467 05       		.byte	0x5
 634 0468 92       		.byte	0x92
 635 0469 B8000000 		.4byte	0xb8
 636 046d 98       		.byte	0x98
 637 046e 07       		.uleb128 0x7
 638 046f 3B080000 		.4byte	.LASF95
 639 0473 05       		.byte	0x5
 640 0474 93       		.byte	0x93
 641 0475 B8000000 		.4byte	0xb8
 642 0479 9C       		.byte	0x9c
 643 047a 07       		.uleb128 0x7
 644 047b 14010000 		.4byte	.LASF96
 645 047f 05       		.byte	0x5
 646 0480 94       		.byte	0x94
 647 0481 B8000000 		.4byte	0xb8
 648 0485 A0       		.byte	0xa0
 649 0486 07       		.uleb128 0x7
ARM GAS  C:\Users\NUSAIR~1\AppData\Local\Temp\ccmxOC9g.s 			page 15


 650 0487 B8010000 		.4byte	.LASF97
 651 048b 05       		.byte	0x5
 652 048c 95       		.byte	0x95
 653 048d AD000000 		.4byte	0xad
 654 0491 A4       		.byte	0xa4
 655 0492 07       		.uleb128 0x7
 656 0493 35060000 		.4byte	.LASF98
 657 0497 05       		.byte	0x5
 658 0498 96       		.byte	0x96
 659 0499 AD000000 		.4byte	0xad
 660 049d A6       		.byte	0xa6
 661 049e 07       		.uleb128 0x7
 662 049f 8D050000 		.4byte	.LASF99
 663 04a3 05       		.byte	0x5
 664 04a4 97       		.byte	0x97
 665 04a5 AD000000 		.4byte	0xad
 666 04a9 A8       		.byte	0xa8
 667 04aa 07       		.uleb128 0x7
 668 04ab F9060000 		.4byte	.LASF100
 669 04af 05       		.byte	0x5
 670 04b0 98       		.byte	0x98
 671 04b1 AD000000 		.4byte	0xad
 672 04b5 AA       		.byte	0xaa
 673 04b6 07       		.uleb128 0x7
 674 04b7 BB030000 		.4byte	.LASF101
 675 04bb 05       		.byte	0x5
 676 04bc 99       		.byte	0x99
 677 04bd AD000000 		.4byte	0xad
 678 04c1 AC       		.byte	0xac
 679 04c2 07       		.uleb128 0x7
 680 04c3 06050000 		.4byte	.LASF102
 681 04c7 05       		.byte	0x5
 682 04c8 9A       		.byte	0x9a
 683 04c9 AD000000 		.4byte	0xad
 684 04cd AE       		.byte	0xae
 685 04ce 07       		.uleb128 0x7
 686 04cf 6E070000 		.4byte	.LASF103
 687 04d3 05       		.byte	0x5
 688 04d4 9D       		.byte	0x9d
 689 04d5 AD000000 		.4byte	0xad
 690 04d9 B0       		.byte	0xb0
 691 04da 07       		.uleb128 0x7
 692 04db 43000000 		.4byte	.LASF104
 693 04df 05       		.byte	0x5
 694 04e0 9E       		.byte	0x9e
 695 04e1 B8000000 		.4byte	0xb8
 696 04e5 B4       		.byte	0xb4
 697 04e6 00       		.byte	0
 698 04e7 03       		.uleb128 0x3
 699 04e8 2C040000 		.4byte	.LASF105
 700 04ec 05       		.byte	0x5
 701 04ed 9F       		.byte	0x9f
 702 04ee D6000000 		.4byte	0xd6
 703 04f2 02       		.uleb128 0x2
 704 04f3 01       		.byte	0x1
 705 04f4 08       		.byte	0x8
 706 04f5 E8060000 		.4byte	.LASF106
ARM GAS  C:\Users\NUSAIR~1\AppData\Local\Temp\ccmxOC9g.s 			page 16


 707 04f9 02       		.uleb128 0x2
 708 04fa 04       		.byte	0x4
 709 04fb 04       		.byte	0x4
 710 04fc 6C050000 		.4byte	.LASF107
 711 0500 02       		.uleb128 0x2
 712 0501 08       		.byte	0x8
 713 0502 04       		.byte	0x4
 714 0503 40020000 		.4byte	.LASF108
 715 0507 08       		.uleb128 0x8
 716 0508 04       		.byte	0x4
 717 0509 02       		.uleb128 0x2
 718 050a 01       		.byte	0x1
 719 050b 02       		.byte	0x2
 720 050c C8050000 		.4byte	.LASF109
 721 0510 09       		.uleb128 0x9
 722 0511 04       		.byte	0x4
 723 0512 16050000 		.4byte	0x516
 724 0516 0A       		.uleb128 0xa
 725 0517 21050000 		.4byte	0x521
 726 051b 0B       		.uleb128 0xb
 727 051c B8000000 		.4byte	0xb8
 728 0520 00       		.byte	0
 729 0521 0C       		.uleb128 0xc
 730 0522 CD010000 		.4byte	.LASF110
 731 0526 06       		.byte	0x6
 732 0527 F201     		.2byte	0x1f2
 733 0529 10050000 		.4byte	0x510
 734 052d 0D       		.uleb128 0xd
 735 052e 78010000 		.4byte	.LASF122
 736 0532 24       		.byte	0x24
 737 0533 06       		.byte	0x6
 738 0534 7402     		.2byte	0x274
 739 0536 B0050000 		.4byte	0x5b0
 740 053a 0E       		.uleb128 0xe
 741 053b CF070000 		.4byte	.LASF111
 742 053f 06       		.byte	0x6
 743 0540 7702     		.2byte	0x277
 744 0542 CA000000 		.4byte	0xca
 745 0546 00       		.byte	0
 746 0547 0E       		.uleb128 0xe
 747 0548 AF070000 		.4byte	.LASF112
 748 054c 06       		.byte	0x6
 749 054d 7902     		.2byte	0x279
 750 054f 07050000 		.4byte	0x507
 751 0553 04       		.byte	0x4
 752 0554 0E       		.uleb128 0xe
 753 0555 12000000 		.4byte	.LASF113
 754 0559 06       		.byte	0x6
 755 055a 7A02     		.2byte	0x27a
 756 055c B8000000 		.4byte	0xb8
 757 0560 08       		.byte	0x8
 758 0561 0E       		.uleb128 0xe
 759 0562 C2020000 		.4byte	.LASF114
 760 0566 06       		.byte	0x6
 761 0567 7B02     		.2byte	0x27b
 762 0569 CA000000 		.4byte	0xca
 763 056d 0C       		.byte	0xc
ARM GAS  C:\Users\NUSAIR~1\AppData\Local\Temp\ccmxOC9g.s 			page 17


 764 056e 0E       		.uleb128 0xe
 765 056f 2A010000 		.4byte	.LASF115
 766 0573 06       		.byte	0x6
 767 0574 7D02     		.2byte	0x27d
 768 0576 07050000 		.4byte	0x507
 769 057a 10       		.byte	0x10
 770 057b 0E       		.uleb128 0xe
 771 057c E0020000 		.4byte	.LASF116
 772 0580 06       		.byte	0x6
 773 0581 7E02     		.2byte	0x27e
 774 0583 B8000000 		.4byte	0xb8
 775 0587 14       		.byte	0x14
 776 0588 0E       		.uleb128 0xe
 777 0589 AB080000 		.4byte	.LASF117
 778 058d 06       		.byte	0x6
 779 058e 7F02     		.2byte	0x27f
 780 0590 CA000000 		.4byte	0xca
 781 0594 18       		.byte	0x18
 782 0595 0E       		.uleb128 0xe
 783 0596 FA030000 		.4byte	.LASF118
 784 059a 06       		.byte	0x6
 785 059b 8502     		.2byte	0x285
 786 059d 21050000 		.4byte	0x521
 787 05a1 1C       		.byte	0x1c
 788 05a2 0E       		.uleb128 0xe
 789 05a3 A7070000 		.4byte	.LASF119
 790 05a7 06       		.byte	0x6
 791 05a8 8802     		.2byte	0x288
 792 05aa B8000000 		.4byte	0xb8
 793 05ae 20       		.byte	0x20
 794 05af 00       		.byte	0
 795 05b0 0C       		.uleb128 0xc
 796 05b1 3C040000 		.4byte	.LASF120
 797 05b5 06       		.byte	0x6
 798 05b6 8B02     		.2byte	0x28b
 799 05b8 2D050000 		.4byte	0x52d
 800 05bc 0C       		.uleb128 0xc
 801 05bd 58030000 		.4byte	.LASF121
 802 05c1 07       		.byte	0x7
 803 05c2 D901     		.2byte	0x1d9
 804 05c4 10050000 		.4byte	0x510
 805 05c8 0D       		.uleb128 0xd
 806 05c9 82080000 		.4byte	.LASF123
 807 05cd 38       		.byte	0x38
 808 05ce 07       		.byte	0x7
 809 05cf 7502     		.2byte	0x275
 810 05d1 8C060000 		.4byte	0x68c
 811 05d5 0E       		.uleb128 0xe
 812 05d6 51080000 		.4byte	.LASF124
 813 05da 07       		.byte	0x7
 814 05db 7802     		.2byte	0x278
 815 05dd CA000000 		.4byte	0xca
 816 05e1 00       		.byte	0
 817 05e2 0E       		.uleb128 0xe
 818 05e3 30050000 		.4byte	.LASF125
 819 05e7 07       		.byte	0x7
 820 05e8 7902     		.2byte	0x279
ARM GAS  C:\Users\NUSAIR~1\AppData\Local\Temp\ccmxOC9g.s 			page 18


 821 05ea CA000000 		.4byte	0xca
 822 05ee 04       		.byte	0x4
 823 05ef 0E       		.uleb128 0xe
 824 05f0 0A010000 		.4byte	.LASF126
 825 05f4 07       		.byte	0x7
 826 05f5 7B02     		.2byte	0x27b
 827 05f7 07050000 		.4byte	0x507
 828 05fb 08       		.byte	0x8
 829 05fc 0E       		.uleb128 0xe
 830 05fd 44070000 		.4byte	.LASF127
 831 0601 07       		.byte	0x7
 832 0602 7C02     		.2byte	0x27c
 833 0604 B8000000 		.4byte	0xb8
 834 0608 0C       		.byte	0xc
 835 0609 0E       		.uleb128 0xe
 836 060a 61040000 		.4byte	.LASF128
 837 060e 07       		.byte	0x7
 838 060f 7D02     		.2byte	0x27d
 839 0611 CA000000 		.4byte	0xca
 840 0615 10       		.byte	0x10
 841 0616 0E       		.uleb128 0xe
 842 0617 2D080000 		.4byte	.LASF129
 843 061b 07       		.byte	0x7
 844 061c 7E02     		.2byte	0x27e
 845 061e CA000000 		.4byte	0xca
 846 0622 14       		.byte	0x14
 847 0623 0E       		.uleb128 0xe
 848 0624 AF070000 		.4byte	.LASF112
 849 0628 07       		.byte	0x7
 850 0629 8002     		.2byte	0x280
 851 062b 07050000 		.4byte	0x507
 852 062f 18       		.byte	0x18
 853 0630 0E       		.uleb128 0xe
 854 0631 12000000 		.4byte	.LASF113
 855 0635 07       		.byte	0x7
 856 0636 8102     		.2byte	0x281
 857 0638 B8000000 		.4byte	0xb8
 858 063c 1C       		.byte	0x1c
 859 063d 0E       		.uleb128 0xe
 860 063e C2020000 		.4byte	.LASF114
 861 0642 07       		.byte	0x7
 862 0643 8202     		.2byte	0x282
 863 0645 CA000000 		.4byte	0xca
 864 0649 20       		.byte	0x20
 865 064a 0E       		.uleb128 0xe
 866 064b 2A010000 		.4byte	.LASF115
 867 064f 07       		.byte	0x7
 868 0650 8402     		.2byte	0x284
 869 0652 07050000 		.4byte	0x507
 870 0656 24       		.byte	0x24
 871 0657 0E       		.uleb128 0xe
 872 0658 E0020000 		.4byte	.LASF116
 873 065c 07       		.byte	0x7
 874 065d 8502     		.2byte	0x285
 875 065f B8000000 		.4byte	0xb8
 876 0663 28       		.byte	0x28
 877 0664 0E       		.uleb128 0xe
ARM GAS  C:\Users\NUSAIR~1\AppData\Local\Temp\ccmxOC9g.s 			page 19


 878 0665 AF050000 		.4byte	.LASF130
 879 0669 07       		.byte	0x7
 880 066a 8602     		.2byte	0x286
 881 066c CA000000 		.4byte	0xca
 882 0670 2C       		.byte	0x2c
 883 0671 0E       		.uleb128 0xe
 884 0672 FA030000 		.4byte	.LASF118
 885 0676 07       		.byte	0x7
 886 0677 8B02     		.2byte	0x28b
 887 0679 BC050000 		.4byte	0x5bc
 888 067d 30       		.byte	0x30
 889 067e 0E       		.uleb128 0xe
 890 067f A7070000 		.4byte	.LASF119
 891 0683 07       		.byte	0x7
 892 0684 8E02     		.2byte	0x28e
 893 0686 B8000000 		.4byte	0xb8
 894 068a 34       		.byte	0x34
 895 068b 00       		.byte	0
 896 068c 0C       		.uleb128 0xc
 897 068d B5070000 		.4byte	.LASF131
 898 0691 07       		.byte	0x7
 899 0692 9102     		.2byte	0x291
 900 0694 C8050000 		.4byte	0x5c8
 901 0698 0F       		.uleb128 0xf
 902 0699 5F050000 		.4byte	.LASF138
 903 069d 02       		.byte	0x2
 904 069e 81       		.byte	0x81
 905 069f 03       		.byte	0x3
 906 06a0 10       		.uleb128 0x10
 907 06a1 67020000 		.4byte	.LASF139
 908 06a5 01       		.byte	0x1
 909 06a6 0E       		.byte	0xe
 910 06a7 89000000 		.4byte	0x89
 911 06ab 00000000 		.4byte	.LFB427
 912 06af 10000000 		.4byte	.LFE427-.LFB427
 913 06b3 01       		.uleb128 0x1
 914 06b4 9C       		.byte	0x9c
 915 06b5 DC060000 		.4byte	0x6dc
 916 06b9 11       		.uleb128 0x11
 917 06ba 98060000 		.4byte	0x698
 918 06be 02000000 		.4byte	.LBB4
 919 06c2 02000000 		.4byte	.LBE4-.LBB4
 920 06c6 01       		.byte	0x1
 921 06c7 10       		.byte	0x10
 922 06c8 12       		.uleb128 0x12
 923 06c9 0A000000 		.4byte	.LVL0
 924 06cd 08070000 		.4byte	0x708
 925 06d1 13       		.uleb128 0x13
 926 06d2 01       		.uleb128 0x1
 927 06d3 50       		.byte	0x50
 928 06d4 05       		.uleb128 0x5
 929 06d5 0C       		.byte	0xc
 930 06d6 00000810 		.4byte	0x10080000
 931 06da 00       		.byte	0
 932 06db 00       		.byte	0
 933 06dc 14       		.uleb128 0x14
 934 06dd 83050000 		.4byte	.LASF132
ARM GAS  C:\Users\NUSAIR~1\AppData\Local\Temp\ccmxOC9g.s 			page 20


 935 06e1 05       		.byte	0x5
 936 06e2 A7       		.byte	0xa7
 937 06e3 E7060000 		.4byte	0x6e7
 938 06e7 09       		.uleb128 0x9
 939 06e8 04       		.byte	0x4
 940 06e9 ED060000 		.4byte	0x6ed
 941 06ed 15       		.uleb128 0x15
 942 06ee E7040000 		.4byte	0x4e7
 943 06f2 14       		.uleb128 0x14
 944 06f3 77030000 		.4byte	.LASF133
 945 06f7 08       		.byte	0x8
 946 06f8 87       		.byte	0x87
 947 06f9 8C060000 		.4byte	0x68c
 948 06fd 14       		.uleb128 0x14
 949 06fe 89070000 		.4byte	.LASF134
 950 0702 09       		.byte	0x9
 951 0703 5E       		.byte	0x5e
 952 0704 B0050000 		.4byte	0x5b0
 953 0708 16       		.uleb128 0x16
 954 0709 10040000 		.4byte	.LASF140
 955 070d 10040000 		.4byte	.LASF140
 956 0711 0A       		.byte	0xa
 957 0712 2502     		.2byte	0x225
 958 0714 00       		.byte	0
 959              		.section	.debug_abbrev,"",%progbits
 960              	.Ldebug_abbrev0:
 961 0000 01       		.uleb128 0x1
 962 0001 11       		.uleb128 0x11
 963 0002 01       		.byte	0x1
 964 0003 25       		.uleb128 0x25
 965 0004 0E       		.uleb128 0xe
 966 0005 13       		.uleb128 0x13
 967 0006 0B       		.uleb128 0xb
 968 0007 03       		.uleb128 0x3
 969 0008 0E       		.uleb128 0xe
 970 0009 1B       		.uleb128 0x1b
 971 000a 0E       		.uleb128 0xe
 972 000b 55       		.uleb128 0x55
 973 000c 17       		.uleb128 0x17
 974 000d 11       		.uleb128 0x11
 975 000e 01       		.uleb128 0x1
 976 000f 10       		.uleb128 0x10
 977 0010 17       		.uleb128 0x17
 978 0011 00       		.byte	0
 979 0012 00       		.byte	0
 980 0013 02       		.uleb128 0x2
 981 0014 24       		.uleb128 0x24
 982 0015 00       		.byte	0
 983 0016 0B       		.uleb128 0xb
 984 0017 0B       		.uleb128 0xb
 985 0018 3E       		.uleb128 0x3e
 986 0019 0B       		.uleb128 0xb
 987 001a 03       		.uleb128 0x3
 988 001b 0E       		.uleb128 0xe
 989 001c 00       		.byte	0
 990 001d 00       		.byte	0
 991 001e 03       		.uleb128 0x3
ARM GAS  C:\Users\NUSAIR~1\AppData\Local\Temp\ccmxOC9g.s 			page 21


 992 001f 16       		.uleb128 0x16
 993 0020 00       		.byte	0
 994 0021 03       		.uleb128 0x3
 995 0022 0E       		.uleb128 0xe
 996 0023 3A       		.uleb128 0x3a
 997 0024 0B       		.uleb128 0xb
 998 0025 3B       		.uleb128 0x3b
 999 0026 0B       		.uleb128 0xb
 1000 0027 49       		.uleb128 0x49
 1001 0028 13       		.uleb128 0x13
 1002 0029 00       		.byte	0
 1003 002a 00       		.byte	0
 1004 002b 04       		.uleb128 0x4
 1005 002c 24       		.uleb128 0x24
 1006 002d 00       		.byte	0
 1007 002e 0B       		.uleb128 0xb
 1008 002f 0B       		.uleb128 0xb
 1009 0030 3E       		.uleb128 0x3e
 1010 0031 0B       		.uleb128 0xb
 1011 0032 03       		.uleb128 0x3
 1012 0033 08       		.uleb128 0x8
 1013 0034 00       		.byte	0
 1014 0035 00       		.byte	0
 1015 0036 05       		.uleb128 0x5
 1016 0037 35       		.uleb128 0x35
 1017 0038 00       		.byte	0
 1018 0039 49       		.uleb128 0x49
 1019 003a 13       		.uleb128 0x13
 1020 003b 00       		.byte	0
 1021 003c 00       		.byte	0
 1022 003d 06       		.uleb128 0x6
 1023 003e 13       		.uleb128 0x13
 1024 003f 01       		.byte	0x1
 1025 0040 0B       		.uleb128 0xb
 1026 0041 0B       		.uleb128 0xb
 1027 0042 3A       		.uleb128 0x3a
 1028 0043 0B       		.uleb128 0xb
 1029 0044 3B       		.uleb128 0x3b
 1030 0045 0B       		.uleb128 0xb
 1031 0046 01       		.uleb128 0x1
 1032 0047 13       		.uleb128 0x13
 1033 0048 00       		.byte	0
 1034 0049 00       		.byte	0
 1035 004a 07       		.uleb128 0x7
 1036 004b 0D       		.uleb128 0xd
 1037 004c 00       		.byte	0
 1038 004d 03       		.uleb128 0x3
 1039 004e 0E       		.uleb128 0xe
 1040 004f 3A       		.uleb128 0x3a
 1041 0050 0B       		.uleb128 0xb
 1042 0051 3B       		.uleb128 0x3b
 1043 0052 0B       		.uleb128 0xb
 1044 0053 49       		.uleb128 0x49
 1045 0054 13       		.uleb128 0x13
 1046 0055 38       		.uleb128 0x38
 1047 0056 0B       		.uleb128 0xb
 1048 0057 00       		.byte	0
ARM GAS  C:\Users\NUSAIR~1\AppData\Local\Temp\ccmxOC9g.s 			page 22


 1049 0058 00       		.byte	0
 1050 0059 08       		.uleb128 0x8
 1051 005a 0F       		.uleb128 0xf
 1052 005b 00       		.byte	0
 1053 005c 0B       		.uleb128 0xb
 1054 005d 0B       		.uleb128 0xb
 1055 005e 00       		.byte	0
 1056 005f 00       		.byte	0
 1057 0060 09       		.uleb128 0x9
 1058 0061 0F       		.uleb128 0xf
 1059 0062 00       		.byte	0
 1060 0063 0B       		.uleb128 0xb
 1061 0064 0B       		.uleb128 0xb
 1062 0065 49       		.uleb128 0x49
 1063 0066 13       		.uleb128 0x13
 1064 0067 00       		.byte	0
 1065 0068 00       		.byte	0
 1066 0069 0A       		.uleb128 0xa
 1067 006a 15       		.uleb128 0x15
 1068 006b 01       		.byte	0x1
 1069 006c 27       		.uleb128 0x27
 1070 006d 19       		.uleb128 0x19
 1071 006e 01       		.uleb128 0x1
 1072 006f 13       		.uleb128 0x13
 1073 0070 00       		.byte	0
 1074 0071 00       		.byte	0
 1075 0072 0B       		.uleb128 0xb
 1076 0073 05       		.uleb128 0x5
 1077 0074 00       		.byte	0
 1078 0075 49       		.uleb128 0x49
 1079 0076 13       		.uleb128 0x13
 1080 0077 00       		.byte	0
 1081 0078 00       		.byte	0
 1082 0079 0C       		.uleb128 0xc
 1083 007a 16       		.uleb128 0x16
 1084 007b 00       		.byte	0
 1085 007c 03       		.uleb128 0x3
 1086 007d 0E       		.uleb128 0xe
 1087 007e 3A       		.uleb128 0x3a
 1088 007f 0B       		.uleb128 0xb
 1089 0080 3B       		.uleb128 0x3b
 1090 0081 05       		.uleb128 0x5
 1091 0082 49       		.uleb128 0x49
 1092 0083 13       		.uleb128 0x13
 1093 0084 00       		.byte	0
 1094 0085 00       		.byte	0
 1095 0086 0D       		.uleb128 0xd
 1096 0087 13       		.uleb128 0x13
 1097 0088 01       		.byte	0x1
 1098 0089 03       		.uleb128 0x3
 1099 008a 0E       		.uleb128 0xe
 1100 008b 0B       		.uleb128 0xb
 1101 008c 0B       		.uleb128 0xb
 1102 008d 3A       		.uleb128 0x3a
 1103 008e 0B       		.uleb128 0xb
 1104 008f 3B       		.uleb128 0x3b
 1105 0090 05       		.uleb128 0x5
ARM GAS  C:\Users\NUSAIR~1\AppData\Local\Temp\ccmxOC9g.s 			page 23


 1106 0091 01       		.uleb128 0x1
 1107 0092 13       		.uleb128 0x13
 1108 0093 00       		.byte	0
 1109 0094 00       		.byte	0
 1110 0095 0E       		.uleb128 0xe
 1111 0096 0D       		.uleb128 0xd
 1112 0097 00       		.byte	0
 1113 0098 03       		.uleb128 0x3
 1114 0099 0E       		.uleb128 0xe
 1115 009a 3A       		.uleb128 0x3a
 1116 009b 0B       		.uleb128 0xb
 1117 009c 3B       		.uleb128 0x3b
 1118 009d 05       		.uleb128 0x5
 1119 009e 49       		.uleb128 0x49
 1120 009f 13       		.uleb128 0x13
 1121 00a0 38       		.uleb128 0x38
 1122 00a1 0B       		.uleb128 0xb
 1123 00a2 00       		.byte	0
 1124 00a3 00       		.byte	0
 1125 00a4 0F       		.uleb128 0xf
 1126 00a5 2E       		.uleb128 0x2e
 1127 00a6 00       		.byte	0
 1128 00a7 03       		.uleb128 0x3
 1129 00a8 0E       		.uleb128 0xe
 1130 00a9 3A       		.uleb128 0x3a
 1131 00aa 0B       		.uleb128 0xb
 1132 00ab 3B       		.uleb128 0x3b
 1133 00ac 0B       		.uleb128 0xb
 1134 00ad 27       		.uleb128 0x27
 1135 00ae 19       		.uleb128 0x19
 1136 00af 20       		.uleb128 0x20
 1137 00b0 0B       		.uleb128 0xb
 1138 00b1 00       		.byte	0
 1139 00b2 00       		.byte	0
 1140 00b3 10       		.uleb128 0x10
 1141 00b4 2E       		.uleb128 0x2e
 1142 00b5 01       		.byte	0x1
 1143 00b6 3F       		.uleb128 0x3f
 1144 00b7 19       		.uleb128 0x19
 1145 00b8 03       		.uleb128 0x3
 1146 00b9 0E       		.uleb128 0xe
 1147 00ba 3A       		.uleb128 0x3a
 1148 00bb 0B       		.uleb128 0xb
 1149 00bc 3B       		.uleb128 0x3b
 1150 00bd 0B       		.uleb128 0xb
 1151 00be 27       		.uleb128 0x27
 1152 00bf 19       		.uleb128 0x19
 1153 00c0 49       		.uleb128 0x49
 1154 00c1 13       		.uleb128 0x13
 1155 00c2 8701     		.uleb128 0x87
 1156 00c4 19       		.uleb128 0x19
 1157 00c5 11       		.uleb128 0x11
 1158 00c6 01       		.uleb128 0x1
 1159 00c7 12       		.uleb128 0x12
 1160 00c8 06       		.uleb128 0x6
 1161 00c9 40       		.uleb128 0x40
 1162 00ca 18       		.uleb128 0x18
ARM GAS  C:\Users\NUSAIR~1\AppData\Local\Temp\ccmxOC9g.s 			page 24


 1163 00cb 9742     		.uleb128 0x2117
 1164 00cd 19       		.uleb128 0x19
 1165 00ce 01       		.uleb128 0x1
 1166 00cf 13       		.uleb128 0x13
 1167 00d0 00       		.byte	0
 1168 00d1 00       		.byte	0
 1169 00d2 11       		.uleb128 0x11
 1170 00d3 1D       		.uleb128 0x1d
 1171 00d4 00       		.byte	0
 1172 00d5 31       		.uleb128 0x31
 1173 00d6 13       		.uleb128 0x13
 1174 00d7 11       		.uleb128 0x11
 1175 00d8 01       		.uleb128 0x1
 1176 00d9 12       		.uleb128 0x12
 1177 00da 06       		.uleb128 0x6
 1178 00db 58       		.uleb128 0x58
 1179 00dc 0B       		.uleb128 0xb
 1180 00dd 59       		.uleb128 0x59
 1181 00de 0B       		.uleb128 0xb
 1182 00df 00       		.byte	0
 1183 00e0 00       		.byte	0
 1184 00e1 12       		.uleb128 0x12
 1185 00e2 898201   		.uleb128 0x4109
 1186 00e5 01       		.byte	0x1
 1187 00e6 11       		.uleb128 0x11
 1188 00e7 01       		.uleb128 0x1
 1189 00e8 31       		.uleb128 0x31
 1190 00e9 13       		.uleb128 0x13
 1191 00ea 00       		.byte	0
 1192 00eb 00       		.byte	0
 1193 00ec 13       		.uleb128 0x13
 1194 00ed 8A8201   		.uleb128 0x410a
 1195 00f0 00       		.byte	0
 1196 00f1 02       		.uleb128 0x2
 1197 00f2 18       		.uleb128 0x18
 1198 00f3 9142     		.uleb128 0x2111
 1199 00f5 18       		.uleb128 0x18
 1200 00f6 00       		.byte	0
 1201 00f7 00       		.byte	0
 1202 00f8 14       		.uleb128 0x14
 1203 00f9 34       		.uleb128 0x34
 1204 00fa 00       		.byte	0
 1205 00fb 03       		.uleb128 0x3
 1206 00fc 0E       		.uleb128 0xe
 1207 00fd 3A       		.uleb128 0x3a
 1208 00fe 0B       		.uleb128 0xb
 1209 00ff 3B       		.uleb128 0x3b
 1210 0100 0B       		.uleb128 0xb
 1211 0101 49       		.uleb128 0x49
 1212 0102 13       		.uleb128 0x13
 1213 0103 3F       		.uleb128 0x3f
 1214 0104 19       		.uleb128 0x19
 1215 0105 3C       		.uleb128 0x3c
 1216 0106 19       		.uleb128 0x19
 1217 0107 00       		.byte	0
 1218 0108 00       		.byte	0
 1219 0109 15       		.uleb128 0x15
ARM GAS  C:\Users\NUSAIR~1\AppData\Local\Temp\ccmxOC9g.s 			page 25


 1220 010a 26       		.uleb128 0x26
 1221 010b 00       		.byte	0
 1222 010c 49       		.uleb128 0x49
 1223 010d 13       		.uleb128 0x13
 1224 010e 00       		.byte	0
 1225 010f 00       		.byte	0
 1226 0110 16       		.uleb128 0x16
 1227 0111 2E       		.uleb128 0x2e
 1228 0112 00       		.byte	0
 1229 0113 3F       		.uleb128 0x3f
 1230 0114 19       		.uleb128 0x19
 1231 0115 3C       		.uleb128 0x3c
 1232 0116 19       		.uleb128 0x19
 1233 0117 6E       		.uleb128 0x6e
 1234 0118 0E       		.uleb128 0xe
 1235 0119 03       		.uleb128 0x3
 1236 011a 0E       		.uleb128 0xe
 1237 011b 3A       		.uleb128 0x3a
 1238 011c 0B       		.uleb128 0xb
 1239 011d 3B       		.uleb128 0x3b
 1240 011e 05       		.uleb128 0x5
 1241 011f 00       		.byte	0
 1242 0120 00       		.byte	0
 1243 0121 00       		.byte	0
 1244              		.section	.debug_aranges,"",%progbits
 1245 0000 1C000000 		.4byte	0x1c
 1246 0004 0200     		.2byte	0x2
 1247 0006 00000000 		.4byte	.Ldebug_info0
 1248 000a 04       		.byte	0x4
 1249 000b 00       		.byte	0
 1250 000c 0000     		.2byte	0
 1251 000e 0000     		.2byte	0
 1252 0010 00000000 		.4byte	.LFB427
 1253 0014 10000000 		.4byte	.LFE427-.LFB427
 1254 0018 00000000 		.4byte	0
 1255 001c 00000000 		.4byte	0
 1256              		.section	.debug_ranges,"",%progbits
 1257              	.Ldebug_ranges0:
 1258 0000 00000000 		.4byte	.LFB427
 1259 0004 10000000 		.4byte	.LFE427
 1260 0008 00000000 		.4byte	0
 1261 000c 00000000 		.4byte	0
 1262              		.section	.debug_line,"",%progbits
 1263              	.Ldebug_line0:
 1264 0000 4E020000 		.section	.debug_str,"MS",%progbits,1
 1264      02002D02 
 1264      00000201 
 1264      FB0E0D00 
 1264      01010101 
 1265              	.LASF54:
 1266 0000 70726F74 		.ascii	"protBusMasterMask\000"
 1266      4275734D 
 1266      61737465 
 1266      724D6173 
 1266      6B00
 1267              	.LASF113:
 1268 0012 72784275 		.ascii	"rxBufSize\000"
ARM GAS  C:\Users\NUSAIR~1\AppData\Local\Temp\ccmxOC9g.s 			page 26


 1268      6653697A 
 1268      6500
 1269              	.LASF64:
 1270 001c 666C6173 		.ascii	"flashCtlMainWs3Freq\000"
 1270      6843746C 
 1270      4D61696E 
 1270      57733346 
 1270      72657100 
 1271              	.LASF86:
 1272 0030 6770696F 		.ascii	"gpioPrtCfgInOffset\000"
 1272      50727443 
 1272      6667496E 
 1272      4F666673 
 1272      657400
 1273              	.LASF104:
 1274 0043 6970634C 		.ascii	"ipcLockStatusOffset\000"
 1274      6F636B53 
 1274      74617475 
 1274      734F6666 
 1274      73657400 
 1275              	.LASF30:
 1276 0057 63727970 		.ascii	"cryptoVersion\000"
 1276      746F5665 
 1276      7273696F 
 1276      6E00
 1277              	.LASF48:
 1278 0065 70657269 		.ascii	"periClockNr\000"
 1278      436C6F63 
 1278      6B4E7200 
 1279              	.LASF26:
 1280 0071 70617373 		.ascii	"passBase\000"
 1280      42617365 
 1280      00
 1281              	.LASF136:
 1282 007a 6D61696E 		.ascii	"main_cm0p.c\000"
 1282      5F636D30 
 1282      702E6300 
 1283              	.LASF39:
 1284 0086 63707573 		.ascii	"cpussIpcIrqNr\000"
 1284      73497063 
 1284      4972714E 
 1284      7200
 1285              	.LASF3:
 1286 0094 5F5F7569 		.ascii	"__uint8_t\000"
 1286      6E74385F 
 1286      7400
 1287              	.LASF83:
 1288 009e 70657269 		.ascii	"periDiv24_5CtlOffset\000"
 1288      44697632 
 1288      345F3543 
 1288      746C4F66 
 1288      66736574 
 1289              	.LASF90:
 1290 00b3 63707573 		.ascii	"cpussCm4ClockCtlOffset\000"
 1290      73436D34 
 1290      436C6F63 
 1290      6B43746C 
ARM GAS  C:\Users\NUSAIR~1\AppData\Local\Temp\ccmxOC9g.s 			page 27


 1290      4F666673 
 1291              	.LASF19:
 1292 00ca 63707573 		.ascii	"cpussBase\000"
 1292      73426173 
 1292      6500
 1293              	.LASF68:
 1294 00d4 64774368 		.ascii	"dwChCtlPrioPos\000"
 1294      43746C50 
 1294      72696F50 
 1294      6F7300
 1295              	.LASF11:
 1296 00e3 6C6F6E67 		.ascii	"long long unsigned int\000"
 1296      206C6F6E 
 1296      6720756E 
 1296      7369676E 
 1296      65642069 
 1297              	.LASF72:
 1298 00fa 70657269 		.ascii	"periTrCmdOffset\000"
 1298      5472436D 
 1298      644F6666 
 1298      73657400 
 1299              	.LASF126:
 1300 010a 72785269 		.ascii	"rxRingBuf\000"
 1300      6E674275 
 1300      6600
 1301              	.LASF96:
 1302 0114 63707573 		.ascii	"cpussSysTickCtlOffset\000"
 1302      73537973 
 1302      5469636B 
 1302      43746C4F 
 1302      66667365 
 1303              	.LASF115:
 1304 012a 74784275 		.ascii	"txBuf\000"
 1304      6600
 1305              	.LASF57:
 1306 0130 666C6173 		.ascii	"flashPipeRequired\000"
 1306      68506970 
 1306      65526571 
 1306      75697265 
 1306      6400
 1307              	.LASF61:
 1308 0142 666C6173 		.ascii	"flashCtlMainWs0Freq\000"
 1308      6843746C 
 1308      4D61696E 
 1308      57733046 
 1308      72657100 
 1309              	.LASF14:
 1310 0156 696E7431 		.ascii	"int16_t\000"
 1310      365F7400 
 1311              	.LASF10:
 1312 015e 6C6F6E67 		.ascii	"long long int\000"
 1312      206C6F6E 
 1312      6720696E 
 1312      7400
 1313              	.LASF2:
 1314 016c 7369676E 		.ascii	"signed char\000"
 1314      65642063 
ARM GAS  C:\Users\NUSAIR~1\AppData\Local\Temp\ccmxOC9g.s 			page 28


 1314      68617200 
 1315              	.LASF122:
 1316 0178 63795F73 		.ascii	"cy_stc_scb_spi_context\000"
 1316      74635F73 
 1316      63625F73 
 1316      70695F63 
 1316      6F6E7465 
 1317              	.LASF77:
 1318 018f 70657269 		.ascii	"periDivCmdTypeSelPos\000"
 1318      44697643 
 1318      6D645479 
 1318      70655365 
 1318      6C506F73 
 1319              	.LASF23:
 1320 01a4 70726F74 		.ascii	"protBase\000"
 1320      42617365 
 1320      00
 1321              	.LASF35:
 1322 01ad 69706356 		.ascii	"ipcVersion\000"
 1322      65727369 
 1322      6F6E00
 1323              	.LASF97:
 1324 01b8 63707573 		.ascii	"cpussCm0NmiCtlOffset\000"
 1324      73436D30 
 1324      4E6D6943 
 1324      746C4F66 
 1324      66736574 
 1325              	.LASF110:
 1326 01cd 63795F63 		.ascii	"cy_cb_scb_spi_handle_events_t\000"
 1326      625F7363 
 1326      625F7370 
 1326      695F6861 
 1326      6E646C65 
 1327              	.LASF45:
 1328 01eb 73727373 		.ascii	"srssNumClkpath\000"
 1328      4E756D43 
 1328      6C6B7061 
 1328      746800
 1329              	.LASF24:
 1330 01fa 6873696F 		.ascii	"hsiomBase\000"
 1330      6D426173 
 1330      6500
 1331              	.LASF7:
 1332 0204 6C6F6E67 		.ascii	"long int\000"
 1332      20696E74 
 1332      00
 1333              	.LASF55:
 1334 020d 63727970 		.ascii	"cryptoMemSize\000"
 1334      746F4D65 
 1334      6D53697A 
 1334      6500
 1335              	.LASF21:
 1336 021b 70657269 		.ascii	"periBase\000"
 1336      42617365 
 1336      00
 1337              	.LASF53:
 1338 0224 73797350 		.ascii	"sysPmSimoPresent\000"
ARM GAS  C:\Users\NUSAIR~1\AppData\Local\Temp\ccmxOC9g.s 			page 29


 1338      6D53696D 
 1338      6F507265 
 1338      73656E74 
 1338      00
 1339              	.LASF43:
 1340 0235 63707573 		.ascii	"cpussFmIrq\000"
 1340      73466D49 
 1340      727100
 1341              	.LASF108:
 1342 0240 646F7562 		.ascii	"double\000"
 1342      6C6500
 1343              	.LASF82:
 1344 0247 70657269 		.ascii	"periDiv16_5CtlOffset\000"
 1344      44697631 
 1344      365F3543 
 1344      746C4F66 
 1344      66736574 
 1345              	.LASF46:
 1346 025c 73727373 		.ascii	"srssNumPll\000"
 1346      4E756D50 
 1346      6C6C00
 1347              	.LASF139:
 1348 0267 6D61696E 		.ascii	"main\000"
 1348      00
 1349              	.LASF80:
 1350 026c 70657269 		.ascii	"periDiv8CtlOffset\000"
 1350      44697638 
 1350      43746C4F 
 1350      66667365 
 1350      7400
 1351              	.LASF87:
 1352 027e 6770696F 		.ascii	"gpioPrtCfgOutOffset\000"
 1352      50727443 
 1352      66674F75 
 1352      744F6666 
 1352      73657400 
 1353              	.LASF20:
 1354 0292 666C6173 		.ascii	"flashcBase\000"
 1354      68634261 
 1354      736500
 1355              	.LASF8:
 1356 029d 5F5F7569 		.ascii	"__uint32_t\000"
 1356      6E743332 
 1356      5F7400
 1357              	.LASF50:
 1358 02a8 70617373 		.ascii	"passSarChannels\000"
 1358      53617243 
 1358      68616E6E 
 1358      656C7300 
 1359              	.LASF4:
 1360 02b8 5F5F696E 		.ascii	"__int16_t\000"
 1360      7431365F 
 1360      7400
 1361              	.LASF114:
 1362 02c2 72784275 		.ascii	"rxBufIdx\000"
 1362      66496478 
 1362      00
ARM GAS  C:\Users\NUSAIR~1\AppData\Local\Temp\ccmxOC9g.s 			page 30


 1363              	.LASF93:
 1364 02cb 63707573 		.ascii	"cpussCm4PwrCtlOffset\000"
 1364      73436D34 
 1364      50777243 
 1364      746C4F66 
 1364      66736574 
 1365              	.LASF116:
 1366 02e0 74784275 		.ascii	"txBufSize\000"
 1366      6653697A 
 1366      6500
 1367              	.LASF88:
 1368 02ea 6770696F 		.ascii	"gpioPrtCfgSioOffset\000"
 1368      50727443 
 1368      66675369 
 1368      6F4F6666 
 1368      73657400 
 1369              	.LASF40:
 1370 02fe 63707573 		.ascii	"cpussDwChNr\000"
 1370      73447743 
 1370      684E7200 
 1371              	.LASF12:
 1372 030a 756E7369 		.ascii	"unsigned int\000"
 1372      676E6564 
 1372      20696E74 
 1372      00
 1373              	.LASF15:
 1374 0317 75696E74 		.ascii	"uint16_t\000"
 1374      31365F74 
 1374      00
 1375              	.LASF73:
 1376 0320 70657269 		.ascii	"periTrCmdGrSelMsk\000"
 1376      5472436D 
 1376      64477253 
 1376      656C4D73 
 1376      6B00
 1377              	.LASF62:
 1378 0332 666C6173 		.ascii	"flashCtlMainWs1Freq\000"
 1378      6843746C 
 1378      4D61696E 
 1378      57733146 
 1378      72657100 
 1379              	.LASF9:
 1380 0346 6C6F6E67 		.ascii	"long unsigned int\000"
 1380      20756E73 
 1380      69676E65 
 1380      6420696E 
 1380      7400
 1381              	.LASF121:
 1382 0358 63795F63 		.ascii	"cy_cb_scb_uart_handle_events_t\000"
 1382      625F7363 
 1382      625F7561 
 1382      72745F68 
 1382      616E646C 
 1383              	.LASF133:
 1384 0377 55415254 		.ascii	"UART_context\000"
 1384      5F636F6E 
 1384      74657874 
ARM GAS  C:\Users\NUSAIR~1\AppData\Local\Temp\ccmxOC9g.s 			page 31


 1384      00
 1385              	.LASF38:
 1386 0384 63707573 		.ascii	"cpussIpcNr\000"
 1386      73497063 
 1386      4E7200
 1387              	.LASF25:
 1388 038f 6770696F 		.ascii	"gpioBase\000"
 1388      42617365 
 1388      00
 1389              	.LASF63:
 1390 0398 666C6173 		.ascii	"flashCtlMainWs2Freq\000"
 1390      6843746C 
 1390      4D61696E 
 1390      57733246 
 1390      72657100 
 1391              	.LASF74:
 1392 03ac 70657269 		.ascii	"periTrGrOffset\000"
 1392      54724772 
 1392      4F666673 
 1392      657400
 1393              	.LASF101:
 1394 03bb 63707573 		.ascii	"cpussRam1Ctl0\000"
 1394      7352616D 
 1394      3143746C 
 1394      3000
 1395              	.LASF137:
 1396 03c9 433A5C55 		.ascii	"C:\\Users\\Nusair Islam\\Desktop\\PSOC\\IMU\\IMU.cy"
 1396      73657273 
 1396      5C4E7573 
 1396      61697220 
 1396      49736C61 
 1397 03f6 64736E00 		.ascii	"dsn\000"
 1398              	.LASF118:
 1399 03fa 63624576 		.ascii	"cbEvents\000"
 1399      656E7473 
 1399      00
 1400              	.LASF75:
 1401 0403 70657269 		.ascii	"periTrGrSize\000"
 1401      54724772 
 1401      53697A65 
 1401      00
 1402              	.LASF140:
 1403 0410 43795F53 		.ascii	"Cy_SysEnableCM4\000"
 1403      7973456E 
 1403      61626C65 
 1403      434D3400 
 1404              	.LASF33:
 1405 0420 6770696F 		.ascii	"gpioVersion\000"
 1405      56657273 
 1405      696F6E00 
 1406              	.LASF105:
 1407 042c 63795F73 		.ascii	"cy_stc_device_t\000"
 1407      74635F64 
 1407      65766963 
 1407      655F7400 
 1408              	.LASF120:
 1409 043c 63795F73 		.ascii	"cy_stc_scb_spi_context_t\000"
ARM GAS  C:\Users\NUSAIR~1\AppData\Local\Temp\ccmxOC9g.s 			page 32


 1409      74635F73 
 1409      63625F73 
 1409      70695F63 
 1409      6F6E7465 
 1410              	.LASF51:
 1411 0455 65704D6F 		.ascii	"epMonitorNr\000"
 1411      6E69746F 
 1411      724E7200 
 1412              	.LASF128:
 1413 0461 72785269 		.ascii	"rxRingBufHead\000"
 1413      6E674275 
 1413      66486561 
 1413      6400
 1414              	.LASF94:
 1415 046f 63707573 		.ascii	"cpussTrimRamCtlOffset\000"
 1415      73547269 
 1415      6D52616D 
 1415      43746C4F 
 1415      66667365 
 1416              	.LASF89:
 1417 0485 63707573 		.ascii	"cpussCm0ClockCtlOffset\000"
 1417      73436D30 
 1417      436C6F63 
 1417      6B43746C 
 1417      4F666673 
 1418              	.LASF29:
 1419 049c 63707573 		.ascii	"cpussVersion\000"
 1419      73566572 
 1419      73696F6E 
 1419      00
 1420              	.LASF36:
 1421 04a9 70657269 		.ascii	"periVersion\000"
 1421      56657273 
 1421      696F6E00 
 1422              	.LASF92:
 1423 04b5 63707573 		.ascii	"cpussCm0StatusOffset\000"
 1423      73436D30 
 1423      53746174 
 1423      75734F66 
 1423      66736574 
 1424              	.LASF17:
 1425 04ca 73697A65 		.ascii	"sizetype\000"
 1425      74797065 
 1425      00
 1426              	.LASF66:
 1427 04d3 64774368 		.ascii	"dwChOffset\000"
 1427      4F666673 
 1427      657400
 1428              	.LASF41:
 1429 04de 63707573 		.ascii	"cpussFlashPaSize\000"
 1429      73466C61 
 1429      73685061 
 1429      53697A65 
 1429      00
 1430              	.LASF79:
 1431 04ef 70657269 		.ascii	"periDivCmdPaTypeSelPos\000"
 1431      44697643 
ARM GAS  C:\Users\NUSAIR~1\AppData\Local\Temp\ccmxOC9g.s 			page 33


 1431      6D645061 
 1431      54797065 
 1431      53656C50 
 1432              	.LASF102:
 1433 0506 63707573 		.ascii	"cpussRam2Ctl0\000"
 1433      7352616D 
 1433      3243746C 
 1433      3000
 1434              	.LASF70:
 1435 0514 64775374 		.ascii	"dwStatusChIdxPos\000"
 1435      61747573 
 1435      43684964 
 1435      78506F73 
 1435      00
 1436              	.LASF52:
 1437 0525 75646250 		.ascii	"udbPresent\000"
 1437      72657365 
 1437      6E7400
 1438              	.LASF125:
 1439 0530 72785374 		.ascii	"rxStatus\000"
 1439      61747573 
 1439      00
 1440              	.LASF32:
 1441 0539 666C6173 		.ascii	"flashcVersion\000"
 1441      68635665 
 1441      7273696F 
 1441      6E00
 1442              	.LASF28:
 1443 0547 63727970 		.ascii	"cryptoBase\000"
 1443      746F4261 
 1443      736500
 1444              	.LASF49:
 1445 0552 736D6966 		.ascii	"smifDeviceNr\000"
 1445      44657669 
 1445      63654E72 
 1445      00
 1446              	.LASF138:
 1447 055f 5F5F656E 		.ascii	"__enable_irq\000"
 1447      61626C65 
 1447      5F697271 
 1447      00
 1448              	.LASF107:
 1449 056c 666C6F61 		.ascii	"float\000"
 1449      7400
 1450              	.LASF71:
 1451 0572 64775374 		.ascii	"dwStatusChIdxMsk\000"
 1451      61747573 
 1451      43684964 
 1451      784D736B 
 1451      00
 1452              	.LASF132:
 1453 0583 63795F64 		.ascii	"cy_device\000"
 1453      65766963 
 1453      6500
 1454              	.LASF99:
 1455 058d 63707573 		.ascii	"cpussRomCtl\000"
 1455      73526F6D 
ARM GAS  C:\Users\NUSAIR~1\AppData\Local\Temp\ccmxOC9g.s 			page 34


 1455      43746C00 
 1456              	.LASF69:
 1457 0599 64774368 		.ascii	"dwChCtlPreemptablePos\000"
 1457      43746C50 
 1457      7265656D 
 1457      70746162 
 1457      6C65506F 
 1458              	.LASF130:
 1459 05af 74784C65 		.ascii	"txLeftToTransmit\000"
 1459      6674546F 
 1459      5472616E 
 1459      736D6974 
 1459      00
 1460              	.LASF22:
 1461 05c0 75646242 		.ascii	"udbBase\000"
 1461      61736500 
 1462              	.LASF109:
 1463 05c8 5F426F6F 		.ascii	"_Bool\000"
 1463      6C00
 1464              	.LASF1:
 1465 05ce 756E7369 		.ascii	"unsigned char\000"
 1465      676E6564 
 1465      20636861 
 1465      7200
 1466              	.LASF65:
 1467 05dc 666C6173 		.ascii	"flashCtlMainWs4Freq\000"
 1467      6843746C 
 1467      4D61696E 
 1467      57733446 
 1467      72657100 
 1468              	.LASF0:
 1469 05f0 73686F72 		.ascii	"short int\000"
 1469      7420696E 
 1469      7400
 1470              	.LASF76:
 1471 05fa 70657269 		.ascii	"periDivCmdDivSelMsk\000"
 1471      44697643 
 1471      6D644469 
 1471      7653656C 
 1471      4D736B00 
 1472              	.LASF47:
 1473 060e 73727373 		.ascii	"srssNumHfroot\000"
 1473      4E756D48 
 1473      66726F6F 
 1473      7400
 1474              	.LASF60:
 1475 061c 666C6173 		.ascii	"flashEraseDelay\000"
 1475      68457261 
 1475      73654465 
 1475      6C617900 
 1476              	.LASF16:
 1477 062c 75696E74 		.ascii	"uint32_t\000"
 1477      33325F74 
 1477      00
 1478              	.LASF98:
 1479 0635 63707573 		.ascii	"cpussCm4NmiCtlOffset\000"
 1479      73436D34 
ARM GAS  C:\Users\NUSAIR~1\AppData\Local\Temp\ccmxOC9g.s 			page 35


 1479      4E6D6943 
 1479      746C4F66 
 1479      66736574 
 1480              	.LASF135:
 1481 064a 474E5520 		.ascii	"GNU C11 5.4.1 20160609 (release) [ARM/embedded-5-br"
 1481      43313120 
 1481      352E342E 
 1481      31203230 
 1481      31363036 
 1482 067d 616E6368 		.ascii	"anch revision 237715] -mcpu=cortex-m0plus -mthumb -"
 1482      20726576 
 1482      6973696F 
 1482      6E203233 
 1482      37373135 
 1483 06b0 67202D4F 		.ascii	"g -Og -ffunction-sections -ffat-lto-objects\000"
 1483      67202D66 
 1483      66756E63 
 1483      74696F6E 
 1483      2D736563 
 1484              	.LASF18:
 1485 06dc 6C6F6E67 		.ascii	"long double\000"
 1485      20646F75 
 1485      626C6500 
 1486              	.LASF106:
 1487 06e8 63686172 		.ascii	"char\000"
 1487      00
 1488              	.LASF37:
 1489 06ed 70726F74 		.ascii	"protVersion\000"
 1489      56657273 
 1489      696F6E00 
 1490              	.LASF100:
 1491 06f9 63707573 		.ascii	"cpussRam0Ctl0\000"
 1491      7352616D 
 1491      3043746C 
 1491      3000
 1492              	.LASF5:
 1493 0707 5F5F7569 		.ascii	"__uint16_t\000"
 1493      6E743136 
 1493      5F7400
 1494              	.LASF81:
 1495 0712 70657269 		.ascii	"periDiv16CtlOffset\000"
 1495      44697631 
 1495      3643746C 
 1495      4F666673 
 1495      657400
 1496              	.LASF34:
 1497 0725 6873696F 		.ascii	"hsiomVersion\000"
 1497      6D566572 
 1497      73696F6E 
 1497      00
 1498              	.LASF59:
 1499 0732 666C6173 		.ascii	"flashProgramDelay\000"
 1499      6850726F 
 1499      6772616D 
 1499      44656C61 
 1499      7900
 1500              	.LASF127:
ARM GAS  C:\Users\NUSAIR~1\AppData\Local\Temp\ccmxOC9g.s 			page 36


 1501 0744 72785269 		.ascii	"rxRingBufSize\000"
 1501      6E674275 
 1501      6653697A 
 1501      6500
 1502              	.LASF6:
 1503 0752 73686F72 		.ascii	"short unsigned int\000"
 1503      7420756E 
 1503      7369676E 
 1503      65642069 
 1503      6E7400
 1504              	.LASF67:
 1505 0765 64774368 		.ascii	"dwChSize\000"
 1505      53697A65 
 1505      00
 1506              	.LASF103:
 1507 076e 69706353 		.ascii	"ipcStructSize\000"
 1507      74727563 
 1507      7453697A 
 1507      6500
 1508              	.LASF42:
 1509 077c 63707573 		.ascii	"cpussIpc0Irq\000"
 1509      73497063 
 1509      30497271 
 1509      00
 1510              	.LASF134:
 1511 0789 6D535049 		.ascii	"mSPI_context\000"
 1511      5F636F6E 
 1511      74657874 
 1511      00
 1512              	.LASF85:
 1513 0796 6770696F 		.ascii	"gpioPrtCfgOffset\000"
 1513      50727443 
 1513      66674F66 
 1513      66736574 
 1513      00
 1514              	.LASF119:
 1515 07a7 696E6974 		.ascii	"initKey\000"
 1515      4B657900 
 1516              	.LASF112:
 1517 07af 72784275 		.ascii	"rxBuf\000"
 1517      6600
 1518              	.LASF131:
 1519 07b5 63795F73 		.ascii	"cy_stc_scb_uart_context_t\000"
 1519      74635F73 
 1519      63625F75 
 1519      6172745F 
 1519      636F6E74 
 1520              	.LASF111:
 1521 07cf 73746174 		.ascii	"status\000"
 1521      757300
 1522              	.LASF44:
 1523 07d6 63707573 		.ascii	"cpussNotConnectedIrq\000"
 1523      734E6F74 
 1523      436F6E6E 
 1523      65637465 
 1523      64497271 
 1524              	.LASF58:
ARM GAS  C:\Users\NUSAIR~1\AppData\Local\Temp\ccmxOC9g.s 			page 37


 1525 07eb 666C6173 		.ascii	"flashWriteDelay\000"
 1525      68577269 
 1525      74654465 
 1525      6C617900 
 1526              	.LASF13:
 1527 07fb 75696E74 		.ascii	"uint8_t\000"
 1527      385F7400 
 1528              	.LASF91:
 1529 0803 63707573 		.ascii	"cpussCm4StatusOffset\000"
 1529      73436D34 
 1529      53746174 
 1529      75734F66 
 1529      66736574 
 1530              	.LASF84:
 1531 0818 6770696F 		.ascii	"gpioPrtIntrCfgOffset\000"
 1531      50727449 
 1531      6E747243 
 1531      66674F66 
 1531      66736574 
 1532              	.LASF129:
 1533 082d 72785269 		.ascii	"rxRingBufTail\000"
 1533      6E674275 
 1533      66546169 
 1533      6C00
 1534              	.LASF95:
 1535 083b 63707573 		.ascii	"cpussTrimRomCtlOffset\000"
 1535      73547269 
 1535      6D526F6D 
 1535      43746C4F 
 1535      66667365 
 1536              	.LASF124:
 1537 0851 74785374 		.ascii	"txStatus\000"
 1537      61747573 
 1537      00
 1538              	.LASF31:
 1539 085a 64775665 		.ascii	"dwVersion\000"
 1539      7273696F 
 1539      6E00
 1540              	.LASF27:
 1541 0864 69706342 		.ascii	"ipcBase\000"
 1541      61736500 
 1542              	.LASF78:
 1543 086c 70657269 		.ascii	"periDivCmdPaDivSelPos\000"
 1543      44697643 
 1543      6D645061 
 1543      44697653 
 1543      656C506F 
 1544              	.LASF123:
 1545 0882 63795F73 		.ascii	"cy_stc_scb_uart_context\000"
 1545      74635F73 
 1545      63625F75 
 1545      6172745F 
 1545      636F6E74 
 1546              	.LASF56:
 1547 089a 666C6173 		.ascii	"flashRwwRequired\000"
 1547      68527777 
 1547      52657175 
ARM GAS  C:\Users\NUSAIR~1\AppData\Local\Temp\ccmxOC9g.s 			page 38


 1547      69726564 
 1547      00
 1548              	.LASF117:
 1549 08ab 74784275 		.ascii	"txBufIdx\000"
 1549      66496478 
 1549      00
 1550              		.ident	"GCC: (GNU Tools for ARM Embedded Processors) 5.4.1 20160609 (release) [ARM/embedded-5-bran
