ARM GAS  C:\Users\NUSAIR~1\AppData\Local\Temp\ccpYKvRj.s 			page 1


   1              		.syntax unified
   2              		.cpu cortex-m0plus
   3              		.fpu softvfp
   4              		.eabi_attribute 20, 1
   5              		.eabi_attribute 21, 1
   6              		.eabi_attribute 23, 3
   7              		.eabi_attribute 24, 1
   8              		.eabi_attribute 25, 1
   9              		.eabi_attribute 26, 1
  10              		.eabi_attribute 30, 1
  11              		.eabi_attribute 34, 0
  12              		.eabi_attribute 18, 4
  13              		.thumb
  14              		.syntax unified
  15              		.file	"diskio.c"
  16              		.text
  17              	.Ltext0:
  18              		.cfi_sections	.debug_frame
  19              		.section	.text.disk_status,"ax",%progbits
  20              		.align	2
  21              		.global	disk_status
  22              		.code	16
  23              		.thumb_func
  24              		.type	disk_status, %function
  25              	disk_status:
  26              	.LFB0:
  27              		.file 1 "..\\..\\FatFS-master\\source\\diskio.c"
   1:..\..\FatFS-master\source/diskio.c **** /*-----------------------------------------------------------------------*/
   2:..\..\FatFS-master\source/diskio.c **** /* Low level disk I/O module skeleton for FatFs     (C)ChaN, 2016        */
   3:..\..\FatFS-master\source/diskio.c **** /*-----------------------------------------------------------------------*/
   4:..\..\FatFS-master\source/diskio.c **** /* If a working storage control module is available, it should be        */
   5:..\..\FatFS-master\source/diskio.c **** /* attached to the FatFs via a glue function rather than modifying it.   */
   6:..\..\FatFS-master\source/diskio.c **** /* This is an example of glue functions to attach various exsisting      */
   7:..\..\FatFS-master\source/diskio.c **** /* storage control modules to the FatFs module with a defined API.       */
   8:..\..\FatFS-master\source/diskio.c **** /*-----------------------------------------------------------------------*/
   9:..\..\FatFS-master\source/diskio.c **** 
  10:..\..\FatFS-master\source/diskio.c **** #include "diskio.h"		/* FatFs lower layer API */
  11:..\..\FatFS-master\source/diskio.c **** 
  12:..\..\FatFS-master\source/diskio.c **** /* Definitions of physical drive number for each drive */
  13:..\..\FatFS-master\source/diskio.c **** #define DEV_RAM		0	/* Example: Map Ramdisk to physical drive 0 */
  14:..\..\FatFS-master\source/diskio.c **** #define DEV_MMC		1	/* Example: Map MMC/SD card to physical drive 1 */
  15:..\..\FatFS-master\source/diskio.c **** #define DEV_USB		2	/* Example: Map USB MSD to physical drive 2 */
  16:..\..\FatFS-master\source/diskio.c **** 
  17:..\..\FatFS-master\source/diskio.c **** 
  18:..\..\FatFS-master\source/diskio.c **** /*-----------------------------------------------------------------------*/
  19:..\..\FatFS-master\source/diskio.c **** /* Get Drive Status                                                      */
  20:..\..\FatFS-master\source/diskio.c **** /*-----------------------------------------------------------------------*/
  21:..\..\FatFS-master\source/diskio.c **** 
  22:..\..\FatFS-master\source/diskio.c **** DSTATUS disk_status (
  23:..\..\FatFS-master\source/diskio.c **** 	BYTE pdrv		/* Physical drive nmuber to identify the drive */
  24:..\..\FatFS-master\source/diskio.c **** )
  25:..\..\FatFS-master\source/diskio.c **** {
  28              		.loc 1 25 0
  29              		.cfi_startproc
  30              		@ args = 0, pretend = 0, frame = 0
  31              		@ frame_needed = 0, uses_anonymous_args = 0
  32              	.LVL0:
ARM GAS  C:\Users\NUSAIR~1\AppData\Local\Temp\ccpYKvRj.s 			page 2


  33 0000 10B5     		push	{r4, lr}
  34              		.cfi_def_cfa_offset 8
  35              		.cfi_offset 4, -8
  36              		.cfi_offset 14, -4
  26:..\..\FatFS-master\source/diskio.c **** 	DSTATUS stat;
  27:..\..\FatFS-master\source/diskio.c **** 	int result;
  28:..\..\FatFS-master\source/diskio.c **** 
  29:..\..\FatFS-master\source/diskio.c **** 	switch (pdrv) {
  37              		.loc 1 29 0
  38 0002 0128     		cmp	r0, #1
  39 0004 07D0     		beq	.L3
  40 0006 0028     		cmp	r0, #0
  41 0008 02D0     		beq	.L4
  42 000a 0228     		cmp	r0, #2
  43 000c 06D0     		beq	.L5
  44 000e 07E0     		b	.L2
  45              	.L4:
  46              	.LBB2:
  30:..\..\FatFS-master\source/diskio.c **** 	case DEV_RAM :
  31:..\..\FatFS-master\source/diskio.c **** 		result = RAM_disk_status();
  47              		.loc 1 31 0
  48 0010 FFF7FEFF 		bl	RAM_disk_status
  49              	.LVL1:
  32:..\..\FatFS-master\source/diskio.c **** 
  33:..\..\FatFS-master\source/diskio.c **** 		// translate the reslut code here
  34:..\..\FatFS-master\source/diskio.c **** 
  35:..\..\FatFS-master\source/diskio.c **** 		return stat;
  50              		.loc 1 35 0
  51 0014 04E0     		b	.L2
  52              	.LVL2:
  53              	.L3:
  36:..\..\FatFS-master\source/diskio.c **** 
  37:..\..\FatFS-master\source/diskio.c **** 	case DEV_MMC :
  38:..\..\FatFS-master\source/diskio.c **** 		result = MMC_disk_status();
  54              		.loc 1 38 0
  55 0016 FFF7FEFF 		bl	MMC_disk_status
  56              	.LVL3:
  39:..\..\FatFS-master\source/diskio.c **** 
  40:..\..\FatFS-master\source/diskio.c **** 		// translate the reslut code here
  41:..\..\FatFS-master\source/diskio.c **** 
  42:..\..\FatFS-master\source/diskio.c **** 		return stat;
  57              		.loc 1 42 0
  58 001a 01E0     		b	.L2
  59              	.LVL4:
  60              	.L5:
  43:..\..\FatFS-master\source/diskio.c **** 
  44:..\..\FatFS-master\source/diskio.c **** 	case DEV_USB :
  45:..\..\FatFS-master\source/diskio.c **** 		result = USB_disk_status();
  61              		.loc 1 45 0
  62 001c FFF7FEFF 		bl	USB_disk_status
  63              	.LVL5:
  64              	.L2:
  65              	.LBE2:
  46:..\..\FatFS-master\source/diskio.c **** 
  47:..\..\FatFS-master\source/diskio.c **** 		// translate the reslut code here
  48:..\..\FatFS-master\source/diskio.c **** 
  49:..\..\FatFS-master\source/diskio.c **** 		return stat;
ARM GAS  C:\Users\NUSAIR~1\AppData\Local\Temp\ccpYKvRj.s 			page 3


  50:..\..\FatFS-master\source/diskio.c **** 	}
  51:..\..\FatFS-master\source/diskio.c **** 	return STA_NOINIT;
  52:..\..\FatFS-master\source/diskio.c **** }
  66              		.loc 1 52 0
  67 0020 0120     		movs	r0, #1
  68              		@ sp needed
  69 0022 10BD     		pop	{r4, pc}
  70              		.cfi_endproc
  71              	.LFE0:
  72              		.size	disk_status, .-disk_status
  73              		.section	.text.disk_initialize,"ax",%progbits
  74              		.align	2
  75              		.global	disk_initialize
  76              		.code	16
  77              		.thumb_func
  78              		.type	disk_initialize, %function
  79              	disk_initialize:
  80              	.LFB1:
  53:..\..\FatFS-master\source/diskio.c **** 
  54:..\..\FatFS-master\source/diskio.c **** 
  55:..\..\FatFS-master\source/diskio.c **** 
  56:..\..\FatFS-master\source/diskio.c **** /*-----------------------------------------------------------------------*/
  57:..\..\FatFS-master\source/diskio.c **** /* Inidialize a Drive                                                    */
  58:..\..\FatFS-master\source/diskio.c **** /*-----------------------------------------------------------------------*/
  59:..\..\FatFS-master\source/diskio.c **** 
  60:..\..\FatFS-master\source/diskio.c **** DSTATUS disk_initialize (
  61:..\..\FatFS-master\source/diskio.c **** 	BYTE pdrv				/* Physical drive nmuber to identify the drive */
  62:..\..\FatFS-master\source/diskio.c **** )
  63:..\..\FatFS-master\source/diskio.c **** {
  81              		.loc 1 63 0
  82              		.cfi_startproc
  83              		@ args = 0, pretend = 0, frame = 0
  84              		@ frame_needed = 0, uses_anonymous_args = 0
  85              	.LVL6:
  86 0000 10B5     		push	{r4, lr}
  87              		.cfi_def_cfa_offset 8
  88              		.cfi_offset 4, -8
  89              		.cfi_offset 14, -4
  64:..\..\FatFS-master\source/diskio.c **** 	DSTATUS stat;
  65:..\..\FatFS-master\source/diskio.c **** 	int result;
  66:..\..\FatFS-master\source/diskio.c **** 
  67:..\..\FatFS-master\source/diskio.c **** 	switch (pdrv) {
  90              		.loc 1 67 0
  91 0002 0128     		cmp	r0, #1
  92 0004 07D0     		beq	.L8
  93 0006 0028     		cmp	r0, #0
  94 0008 02D0     		beq	.L9
  95 000a 0228     		cmp	r0, #2
  96 000c 06D0     		beq	.L10
  97 000e 07E0     		b	.L7
  98              	.L9:
  99              	.LBB3:
  68:..\..\FatFS-master\source/diskio.c **** 	case DEV_RAM :
  69:..\..\FatFS-master\source/diskio.c **** 		result = RAM_disk_initialize();
 100              		.loc 1 69 0
 101 0010 FFF7FEFF 		bl	RAM_disk_initialize
 102              	.LVL7:
ARM GAS  C:\Users\NUSAIR~1\AppData\Local\Temp\ccpYKvRj.s 			page 4


  70:..\..\FatFS-master\source/diskio.c **** 
  71:..\..\FatFS-master\source/diskio.c **** 		// translate the reslut code here
  72:..\..\FatFS-master\source/diskio.c **** 
  73:..\..\FatFS-master\source/diskio.c **** 		return stat;
 103              		.loc 1 73 0
 104 0014 04E0     		b	.L7
 105              	.LVL8:
 106              	.L8:
  74:..\..\FatFS-master\source/diskio.c **** 
  75:..\..\FatFS-master\source/diskio.c **** 	case DEV_MMC :
  76:..\..\FatFS-master\source/diskio.c **** 		result = MMC_disk_initialize();
 107              		.loc 1 76 0
 108 0016 FFF7FEFF 		bl	MMC_disk_initialize
 109              	.LVL9:
  77:..\..\FatFS-master\source/diskio.c **** 
  78:..\..\FatFS-master\source/diskio.c **** 		// translate the reslut code here
  79:..\..\FatFS-master\source/diskio.c **** 
  80:..\..\FatFS-master\source/diskio.c **** 		return stat;
 110              		.loc 1 80 0
 111 001a 01E0     		b	.L7
 112              	.LVL10:
 113              	.L10:
  81:..\..\FatFS-master\source/diskio.c **** 
  82:..\..\FatFS-master\source/diskio.c **** 	case DEV_USB :
  83:..\..\FatFS-master\source/diskio.c **** 		result = USB_disk_initialize();
 114              		.loc 1 83 0
 115 001c FFF7FEFF 		bl	USB_disk_initialize
 116              	.LVL11:
 117              	.L7:
 118              	.LBE3:
  84:..\..\FatFS-master\source/diskio.c **** 
  85:..\..\FatFS-master\source/diskio.c **** 		// translate the reslut code here
  86:..\..\FatFS-master\source/diskio.c **** 
  87:..\..\FatFS-master\source/diskio.c **** 		return stat;
  88:..\..\FatFS-master\source/diskio.c **** 	}
  89:..\..\FatFS-master\source/diskio.c **** 	return STA_NOINIT;
  90:..\..\FatFS-master\source/diskio.c **** }
 119              		.loc 1 90 0
 120 0020 0120     		movs	r0, #1
 121              		@ sp needed
 122 0022 10BD     		pop	{r4, pc}
 123              		.cfi_endproc
 124              	.LFE1:
 125              		.size	disk_initialize, .-disk_initialize
 126              		.section	.text.disk_read,"ax",%progbits
 127              		.align	2
 128              		.global	disk_read
 129              		.code	16
 130              		.thumb_func
 131              		.type	disk_read, %function
 132              	disk_read:
 133              	.LFB2:
  91:..\..\FatFS-master\source/diskio.c **** 
  92:..\..\FatFS-master\source/diskio.c **** 
  93:..\..\FatFS-master\source/diskio.c **** 
  94:..\..\FatFS-master\source/diskio.c **** /*-----------------------------------------------------------------------*/
  95:..\..\FatFS-master\source/diskio.c **** /* Read Sector(s)                                                        */
ARM GAS  C:\Users\NUSAIR~1\AppData\Local\Temp\ccpYKvRj.s 			page 5


  96:..\..\FatFS-master\source/diskio.c **** /*-----------------------------------------------------------------------*/
  97:..\..\FatFS-master\source/diskio.c **** 
  98:..\..\FatFS-master\source/diskio.c **** DRESULT disk_read (
  99:..\..\FatFS-master\source/diskio.c **** 	BYTE pdrv,		/* Physical drive nmuber to identify the drive */
 100:..\..\FatFS-master\source/diskio.c **** 	BYTE *buff,		/* Data buffer to store read data */
 101:..\..\FatFS-master\source/diskio.c **** 	DWORD sector,	/* Start sector in LBA */
 102:..\..\FatFS-master\source/diskio.c **** 	UINT count		/* Number of sectors to read */
 103:..\..\FatFS-master\source/diskio.c **** )
 104:..\..\FatFS-master\source/diskio.c **** {
 134              		.loc 1 104 0
 135              		.cfi_startproc
 136              		@ args = 0, pretend = 0, frame = 0
 137              		@ frame_needed = 0, uses_anonymous_args = 0
 138              	.LVL12:
 139 0000 10B5     		push	{r4, lr}
 140              		.cfi_def_cfa_offset 8
 141              		.cfi_offset 4, -8
 142              		.cfi_offset 14, -4
 143 0002 0C00     		movs	r4, r1
 144 0004 1100     		movs	r1, r2
 145              	.LVL13:
 105:..\..\FatFS-master\source/diskio.c **** 	DRESULT res;
 106:..\..\FatFS-master\source/diskio.c **** 	int result;
 107:..\..\FatFS-master\source/diskio.c **** 
 108:..\..\FatFS-master\source/diskio.c **** 	switch (pdrv) {
 146              		.loc 1 108 0
 147 0006 0128     		cmp	r0, #1
 148 0008 09D0     		beq	.L13
 149 000a 0028     		cmp	r0, #0
 150 000c 02D0     		beq	.L14
 151 000e 0228     		cmp	r0, #2
 152 0010 0AD0     		beq	.L15
 153 0012 0DE0     		b	.L12
 154              	.L14:
 155              	.LBB4:
 109:..\..\FatFS-master\source/diskio.c **** 	case DEV_RAM :
 110:..\..\FatFS-master\source/diskio.c **** 		// translate the arguments here
 111:..\..\FatFS-master\source/diskio.c **** 
 112:..\..\FatFS-master\source/diskio.c **** 		result = RAM_disk_read(buff, sector, count);
 156              		.loc 1 112 0
 157 0014 1A00     		movs	r2, r3
 158              	.LVL14:
 159 0016 2000     		movs	r0, r4
 160              	.LVL15:
 161 0018 FFF7FEFF 		bl	RAM_disk_read
 162              	.LVL16:
 113:..\..\FatFS-master\source/diskio.c **** 
 114:..\..\FatFS-master\source/diskio.c **** 		// translate the reslut code here
 115:..\..\FatFS-master\source/diskio.c **** 
 116:..\..\FatFS-master\source/diskio.c **** 		return res;
 163              		.loc 1 116 0
 164 001c 08E0     		b	.L12
 165              	.LVL17:
 166              	.L13:
 117:..\..\FatFS-master\source/diskio.c **** 
 118:..\..\FatFS-master\source/diskio.c **** 	case DEV_MMC :
 119:..\..\FatFS-master\source/diskio.c **** 		// translate the arguments here
ARM GAS  C:\Users\NUSAIR~1\AppData\Local\Temp\ccpYKvRj.s 			page 6


 120:..\..\FatFS-master\source/diskio.c **** 
 121:..\..\FatFS-master\source/diskio.c **** 		result = MMC_disk_read(buff, sector, count);
 167              		.loc 1 121 0
 168 001e 1A00     		movs	r2, r3
 169 0020 2000     		movs	r0, r4
 170              	.LVL18:
 171 0022 FFF7FEFF 		bl	MMC_disk_read
 172              	.LVL19:
 122:..\..\FatFS-master\source/diskio.c **** 
 123:..\..\FatFS-master\source/diskio.c **** 		// translate the reslut code here
 124:..\..\FatFS-master\source/diskio.c **** 
 125:..\..\FatFS-master\source/diskio.c **** 		return res;
 173              		.loc 1 125 0
 174 0026 03E0     		b	.L12
 175              	.LVL20:
 176              	.L15:
 126:..\..\FatFS-master\source/diskio.c **** 
 127:..\..\FatFS-master\source/diskio.c **** 	case DEV_USB :
 128:..\..\FatFS-master\source/diskio.c **** 		// translate the arguments here
 129:..\..\FatFS-master\source/diskio.c **** 
 130:..\..\FatFS-master\source/diskio.c **** 		result = USB_disk_read(buff, sector, count);
 177              		.loc 1 130 0
 178 0028 1A00     		movs	r2, r3
 179 002a 2000     		movs	r0, r4
 180              	.LVL21:
 181 002c FFF7FEFF 		bl	USB_disk_read
 182              	.LVL22:
 183              	.L12:
 184              	.LBE4:
 131:..\..\FatFS-master\source/diskio.c **** 
 132:..\..\FatFS-master\source/diskio.c **** 		// translate the reslut code here
 133:..\..\FatFS-master\source/diskio.c **** 
 134:..\..\FatFS-master\source/diskio.c **** 		return res;
 135:..\..\FatFS-master\source/diskio.c **** 	}
 136:..\..\FatFS-master\source/diskio.c **** 
 137:..\..\FatFS-master\source/diskio.c **** 	return RES_PARERR;
 138:..\..\FatFS-master\source/diskio.c **** }
 185              		.loc 1 138 0
 186 0030 0420     		movs	r0, #4
 187              		@ sp needed
 188              	.LVL23:
 189 0032 10BD     		pop	{r4, pc}
 190              		.cfi_endproc
 191              	.LFE2:
 192              		.size	disk_read, .-disk_read
 193              		.section	.text.disk_write,"ax",%progbits
 194              		.align	2
 195              		.global	disk_write
 196              		.code	16
 197              		.thumb_func
 198              		.type	disk_write, %function
 199              	disk_write:
 200              	.LFB3:
 139:..\..\FatFS-master\source/diskio.c **** 
 140:..\..\FatFS-master\source/diskio.c **** 
 141:..\..\FatFS-master\source/diskio.c **** 
 142:..\..\FatFS-master\source/diskio.c **** /*-----------------------------------------------------------------------*/
ARM GAS  C:\Users\NUSAIR~1\AppData\Local\Temp\ccpYKvRj.s 			page 7


 143:..\..\FatFS-master\source/diskio.c **** /* Write Sector(s)                                                       */
 144:..\..\FatFS-master\source/diskio.c **** /*-----------------------------------------------------------------------*/
 145:..\..\FatFS-master\source/diskio.c **** 
 146:..\..\FatFS-master\source/diskio.c **** DRESULT disk_write (
 147:..\..\FatFS-master\source/diskio.c **** 	BYTE pdrv,			/* Physical drive nmuber to identify the drive */
 148:..\..\FatFS-master\source/diskio.c **** 	const BYTE *buff,	/* Data to be written */
 149:..\..\FatFS-master\source/diskio.c **** 	DWORD sector,		/* Start sector in LBA */
 150:..\..\FatFS-master\source/diskio.c **** 	UINT count			/* Number of sectors to write */
 151:..\..\FatFS-master\source/diskio.c **** )
 152:..\..\FatFS-master\source/diskio.c **** {
 201              		.loc 1 152 0
 202              		.cfi_startproc
 203              		@ args = 0, pretend = 0, frame = 0
 204              		@ frame_needed = 0, uses_anonymous_args = 0
 205              	.LVL24:
 206 0000 10B5     		push	{r4, lr}
 207              		.cfi_def_cfa_offset 8
 208              		.cfi_offset 4, -8
 209              		.cfi_offset 14, -4
 210 0002 0C00     		movs	r4, r1
 211 0004 1100     		movs	r1, r2
 212              	.LVL25:
 153:..\..\FatFS-master\source/diskio.c **** 	DRESULT res;
 154:..\..\FatFS-master\source/diskio.c **** 	int result;
 155:..\..\FatFS-master\source/diskio.c **** 
 156:..\..\FatFS-master\source/diskio.c **** 	switch (pdrv) {
 213              		.loc 1 156 0
 214 0006 0128     		cmp	r0, #1
 215 0008 09D0     		beq	.L18
 216 000a 0028     		cmp	r0, #0
 217 000c 02D0     		beq	.L19
 218 000e 0228     		cmp	r0, #2
 219 0010 0AD0     		beq	.L20
 220 0012 0DE0     		b	.L17
 221              	.L19:
 222              	.LBB5:
 157:..\..\FatFS-master\source/diskio.c **** 	case DEV_RAM :
 158:..\..\FatFS-master\source/diskio.c **** 		// translate the arguments here
 159:..\..\FatFS-master\source/diskio.c **** 
 160:..\..\FatFS-master\source/diskio.c **** 		result = RAM_disk_write(buff, sector, count);
 223              		.loc 1 160 0
 224 0014 1A00     		movs	r2, r3
 225              	.LVL26:
 226 0016 2000     		movs	r0, r4
 227              	.LVL27:
 228 0018 FFF7FEFF 		bl	RAM_disk_write
 229              	.LVL28:
 161:..\..\FatFS-master\source/diskio.c **** 
 162:..\..\FatFS-master\source/diskio.c **** 		// translate the reslut code here
 163:..\..\FatFS-master\source/diskio.c **** 
 164:..\..\FatFS-master\source/diskio.c **** 		return res;
 230              		.loc 1 164 0
 231 001c 08E0     		b	.L17
 232              	.LVL29:
 233              	.L18:
 165:..\..\FatFS-master\source/diskio.c **** 
 166:..\..\FatFS-master\source/diskio.c **** 	case DEV_MMC :
ARM GAS  C:\Users\NUSAIR~1\AppData\Local\Temp\ccpYKvRj.s 			page 8


 167:..\..\FatFS-master\source/diskio.c **** 		// translate the arguments here
 168:..\..\FatFS-master\source/diskio.c **** 
 169:..\..\FatFS-master\source/diskio.c **** 		result = MMC_disk_write(buff, sector, count);
 234              		.loc 1 169 0
 235 001e 1A00     		movs	r2, r3
 236 0020 2000     		movs	r0, r4
 237              	.LVL30:
 238 0022 FFF7FEFF 		bl	MMC_disk_write
 239              	.LVL31:
 170:..\..\FatFS-master\source/diskio.c **** 
 171:..\..\FatFS-master\source/diskio.c **** 		// translate the reslut code here
 172:..\..\FatFS-master\source/diskio.c **** 
 173:..\..\FatFS-master\source/diskio.c **** 		return res;
 240              		.loc 1 173 0
 241 0026 03E0     		b	.L17
 242              	.LVL32:
 243              	.L20:
 174:..\..\FatFS-master\source/diskio.c **** 
 175:..\..\FatFS-master\source/diskio.c **** 	case DEV_USB :
 176:..\..\FatFS-master\source/diskio.c **** 		// translate the arguments here
 177:..\..\FatFS-master\source/diskio.c **** 
 178:..\..\FatFS-master\source/diskio.c **** 		result = USB_disk_write(buff, sector, count);
 244              		.loc 1 178 0
 245 0028 1A00     		movs	r2, r3
 246 002a 2000     		movs	r0, r4
 247              	.LVL33:
 248 002c FFF7FEFF 		bl	USB_disk_write
 249              	.LVL34:
 250              	.L17:
 251              	.LBE5:
 179:..\..\FatFS-master\source/diskio.c **** 
 180:..\..\FatFS-master\source/diskio.c **** 		// translate the reslut code here
 181:..\..\FatFS-master\source/diskio.c **** 
 182:..\..\FatFS-master\source/diskio.c **** 		return res;
 183:..\..\FatFS-master\source/diskio.c **** 	}
 184:..\..\FatFS-master\source/diskio.c **** 
 185:..\..\FatFS-master\source/diskio.c **** 	return RES_PARERR;
 186:..\..\FatFS-master\source/diskio.c **** }
 252              		.loc 1 186 0
 253 0030 0420     		movs	r0, #4
 254              		@ sp needed
 255              	.LVL35:
 256 0032 10BD     		pop	{r4, pc}
 257              		.cfi_endproc
 258              	.LFE3:
 259              		.size	disk_write, .-disk_write
 260              		.section	.text.disk_ioctl,"ax",%progbits
 261              		.align	2
 262              		.global	disk_ioctl
 263              		.code	16
 264              		.thumb_func
 265              		.type	disk_ioctl, %function
 266              	disk_ioctl:
 267              	.LFB4:
 187:..\..\FatFS-master\source/diskio.c **** 
 188:..\..\FatFS-master\source/diskio.c **** 
 189:..\..\FatFS-master\source/diskio.c **** 
ARM GAS  C:\Users\NUSAIR~1\AppData\Local\Temp\ccpYKvRj.s 			page 9


 190:..\..\FatFS-master\source/diskio.c **** /*-----------------------------------------------------------------------*/
 191:..\..\FatFS-master\source/diskio.c **** /* Miscellaneous Functions                                               */
 192:..\..\FatFS-master\source/diskio.c **** /*-----------------------------------------------------------------------*/
 193:..\..\FatFS-master\source/diskio.c **** 
 194:..\..\FatFS-master\source/diskio.c **** DRESULT disk_ioctl (
 195:..\..\FatFS-master\source/diskio.c **** 	BYTE pdrv,		/* Physical drive nmuber (0..) */
 196:..\..\FatFS-master\source/diskio.c **** 	BYTE cmd,		/* Control code */
 197:..\..\FatFS-master\source/diskio.c **** 	void *buff		/* Buffer to send/receive control data */
 198:..\..\FatFS-master\source/diskio.c **** )
 199:..\..\FatFS-master\source/diskio.c **** {
 268              		.loc 1 199 0
 269              		.cfi_startproc
 270              		@ args = 0, pretend = 0, frame = 0
 271              		@ frame_needed = 0, uses_anonymous_args = 0
 272              		@ link register save eliminated.
 273              	.LVL36:
 200:..\..\FatFS-master\source/diskio.c **** 	DRESULT res;
 201:..\..\FatFS-master\source/diskio.c **** 	int result;
 202:..\..\FatFS-master\source/diskio.c **** 
 203:..\..\FatFS-master\source/diskio.c **** 	switch (pdrv) {
 204:..\..\FatFS-master\source/diskio.c **** 	case DEV_RAM :
 205:..\..\FatFS-master\source/diskio.c **** 
 206:..\..\FatFS-master\source/diskio.c **** 		// Process of the command for the RAM drive
 207:..\..\FatFS-master\source/diskio.c **** 
 208:..\..\FatFS-master\source/diskio.c **** 		return res;
 209:..\..\FatFS-master\source/diskio.c **** 
 210:..\..\FatFS-master\source/diskio.c **** 	case DEV_MMC :
 211:..\..\FatFS-master\source/diskio.c **** 
 212:..\..\FatFS-master\source/diskio.c **** 		// Process of the command for the MMC/SD card
 213:..\..\FatFS-master\source/diskio.c **** 
 214:..\..\FatFS-master\source/diskio.c **** 		return res;
 215:..\..\FatFS-master\source/diskio.c **** 
 216:..\..\FatFS-master\source/diskio.c **** 	case DEV_USB :
 217:..\..\FatFS-master\source/diskio.c **** 
 218:..\..\FatFS-master\source/diskio.c **** 		// Process of the command the USB drive
 219:..\..\FatFS-master\source/diskio.c **** 
 220:..\..\FatFS-master\source/diskio.c **** 		return res;
 221:..\..\FatFS-master\source/diskio.c **** 	}
 222:..\..\FatFS-master\source/diskio.c **** 
 223:..\..\FatFS-master\source/diskio.c **** 	return RES_PARERR;
 224:..\..\FatFS-master\source/diskio.c **** }
 274              		.loc 1 224 0
 275 0000 0420     		movs	r0, #4
 276              	.LVL37:
 277              		@ sp needed
 278 0002 7047     		bx	lr
 279              		.cfi_endproc
 280              	.LFE4:
 281              		.size	disk_ioctl, .-disk_ioctl
 282              		.text
 283              	.Letext0:
 284              		.file 2 "..\\..\\FatFS-master\\source\\integer.h"
 285              		.file 3 "..\\..\\FatFS-master\\source\\diskio.h"
 286              		.section	.debug_info,"",%progbits
 287              	.Ldebug_info0:
 288 0000 C6040000 		.4byte	0x4c6
 289 0004 0400     		.2byte	0x4
ARM GAS  C:\Users\NUSAIR~1\AppData\Local\Temp\ccpYKvRj.s 			page 10


 290 0006 00000000 		.4byte	.Ldebug_abbrev0
 291 000a 04       		.byte	0x4
 292 000b 01       		.uleb128 0x1
 293 000c 01020000 		.4byte	.LASF40
 294 0010 0C       		.byte	0xc
 295 0011 1A000000 		.4byte	.LASF41
 296 0015 22010000 		.4byte	.LASF42
 297 0019 00000000 		.4byte	.Ldebug_ranges0+0
 298 001d 00000000 		.4byte	0
 299 0021 00000000 		.4byte	.Ldebug_line0
 300 0025 02       		.uleb128 0x2
 301 0026 04       		.byte	0x4
 302 0027 05       		.byte	0x5
 303 0028 696E7400 		.ascii	"int\000"
 304 002c 03       		.uleb128 0x3
 305 002d 85010000 		.4byte	.LASF1
 306 0031 02       		.byte	0x2
 307 0032 13       		.byte	0x13
 308 0033 37000000 		.4byte	0x37
 309 0037 04       		.uleb128 0x4
 310 0038 04       		.byte	0x4
 311 0039 07       		.byte	0x7
 312 003a 51010000 		.4byte	.LASF0
 313 003e 03       		.uleb128 0x3
 314 003f 5B000000 		.4byte	.LASF2
 315 0043 02       		.byte	0x2
 316 0044 16       		.byte	0x16
 317 0045 49000000 		.4byte	0x49
 318 0049 04       		.uleb128 0x4
 319 004a 01       		.byte	0x1
 320 004b 08       		.byte	0x8
 321 004c AD000000 		.4byte	.LASF3
 322 0050 04       		.uleb128 0x4
 323 0051 02       		.byte	0x2
 324 0052 05       		.byte	0x5
 325 0053 AB010000 		.4byte	.LASF4
 326 0057 04       		.uleb128 0x4
 327 0058 02       		.byte	0x2
 328 0059 07       		.byte	0x7
 329 005a CD000000 		.4byte	.LASF5
 330 005e 04       		.uleb128 0x4
 331 005f 04       		.byte	0x4
 332 0060 05       		.byte	0x5
 333 0061 D9010000 		.4byte	.LASF6
 334 0065 03       		.uleb128 0x3
 335 0066 3D000000 		.4byte	.LASF7
 336 006a 02       		.byte	0x2
 337 006b 1F       		.byte	0x1f
 338 006c 70000000 		.4byte	0x70
 339 0070 04       		.uleb128 0x4
 340 0071 04       		.byte	0x4
 341 0072 07       		.byte	0x7
 342 0073 BB000000 		.4byte	.LASF8
 343 0077 04       		.uleb128 0x4
 344 0078 08       		.byte	0x8
 345 0079 07       		.byte	0x7
 346 007a 6E010000 		.4byte	.LASF9
ARM GAS  C:\Users\NUSAIR~1\AppData\Local\Temp\ccpYKvRj.s 			page 11


 347 007e 03       		.uleb128 0x3
 348 007f F0000000 		.4byte	.LASF10
 349 0083 03       		.byte	0x3
 350 0084 10       		.byte	0x10
 351 0085 3E000000 		.4byte	0x3e
 352 0089 05       		.uleb128 0x5
 353 008a 01       		.byte	0x1
 354 008b 49000000 		.4byte	0x49
 355 008f 03       		.byte	0x3
 356 0090 13       		.byte	0x13
 357 0091 B4000000 		.4byte	0xb4
 358 0095 06       		.uleb128 0x6
 359 0096 9E010000 		.4byte	.LASF11
 360 009a 00       		.byte	0
 361 009b 06       		.uleb128 0x6
 362 009c C0010000 		.4byte	.LASF12
 363 00a0 01       		.byte	0x1
 364 00a1 06       		.uleb128 0x6
 365 00a2 43000000 		.4byte	.LASF13
 366 00a6 02       		.byte	0x2
 367 00a7 06       		.uleb128 0x6
 368 00a8 E5000000 		.4byte	.LASF14
 369 00ac 03       		.byte	0x3
 370 00ad 06       		.uleb128 0x6
 371 00ae 9D020000 		.4byte	.LASF15
 372 00b2 04       		.byte	0x4
 373 00b3 00       		.byte	0
 374 00b4 03       		.uleb128 0x3
 375 00b5 1A010000 		.4byte	.LASF16
 376 00b9 03       		.byte	0x3
 377 00ba 19       		.byte	0x19
 378 00bb 89000000 		.4byte	0x89
 379 00bf 07       		.uleb128 0x7
 380 00c0 A1000000 		.4byte	.LASF22
 381 00c4 01       		.byte	0x1
 382 00c5 16       		.byte	0x16
 383 00c6 7E000000 		.4byte	0x7e
 384 00ca 00000000 		.4byte	.LFB0
 385 00ce 24000000 		.4byte	.LFE0-.LFB0
 386 00d2 01       		.uleb128 0x1
 387 00d3 9C       		.byte	0x9c
 388 00d4 56010000 		.4byte	0x156
 389 00d8 08       		.uleb128 0x8
 390 00d9 BC020000 		.4byte	.LASF24
 391 00dd 01       		.byte	0x1
 392 00de 17       		.byte	0x17
 393 00df 3E000000 		.4byte	0x3e
 394 00e3 00000000 		.4byte	.LLST0
 395 00e7 09       		.uleb128 0x9
 396 00e8 00000000 		.4byte	.LASF17
 397 00ec 01       		.byte	0x1
 398 00ed 1A       		.byte	0x1a
 399 00ee 7E000000 		.4byte	0x7e
 400 00f2 09       		.uleb128 0x9
 401 00f3 05000000 		.4byte	.LASF18
 402 00f7 01       		.byte	0x1
 403 00f8 1B       		.byte	0x1b
ARM GAS  C:\Users\NUSAIR~1\AppData\Local\Temp\ccpYKvRj.s 			page 12


 404 00f9 25000000 		.4byte	0x25
 405 00fd 0A       		.uleb128 0xa
 406 00fe 10000000 		.4byte	.LBB2
 407 0102 10000000 		.4byte	.LBE2-.LBB2
 408 0106 0B       		.uleb128 0xb
 409 0107 5E010000 		.4byte	.LASF19
 410 010b 01       		.byte	0x1
 411 010c 1F       		.byte	0x1f
 412 010d 25000000 		.4byte	0x25
 413 0111 17010000 		.4byte	0x117
 414 0115 0C       		.uleb128 0xc
 415 0116 00       		.byte	0
 416 0117 0B       		.uleb128 0xb
 417 0118 F1010000 		.4byte	.LASF20
 418 011c 01       		.byte	0x1
 419 011d 26       		.byte	0x26
 420 011e 25000000 		.4byte	0x25
 421 0122 28010000 		.4byte	0x128
 422 0126 0C       		.uleb128 0xc
 423 0127 00       		.byte	0
 424 0128 0B       		.uleb128 0xb
 425 0129 FF000000 		.4byte	.LASF21
 426 012d 01       		.byte	0x1
 427 012e 2D       		.byte	0x2d
 428 012f 25000000 		.4byte	0x25
 429 0133 39010000 		.4byte	0x139
 430 0137 0C       		.uleb128 0xc
 431 0138 00       		.byte	0
 432 0139 0D       		.uleb128 0xd
 433 013a 14000000 		.4byte	.LVL1
 434 013e 45040000 		.4byte	0x445
 435 0142 0D       		.uleb128 0xd
 436 0143 1A000000 		.4byte	.LVL3
 437 0147 50040000 		.4byte	0x450
 438 014b 0D       		.uleb128 0xd
 439 014c 20000000 		.4byte	.LVL5
 440 0150 5B040000 		.4byte	0x45b
 441 0154 00       		.byte	0
 442 0155 00       		.byte	0
 443 0156 07       		.uleb128 0x7
 444 0157 83000000 		.4byte	.LASF23
 445 015b 01       		.byte	0x1
 446 015c 3C       		.byte	0x3c
 447 015d 7E000000 		.4byte	0x7e
 448 0161 00000000 		.4byte	.LFB1
 449 0165 24000000 		.4byte	.LFE1-.LFB1
 450 0169 01       		.uleb128 0x1
 451 016a 9C       		.byte	0x9c
 452 016b ED010000 		.4byte	0x1ed
 453 016f 08       		.uleb128 0x8
 454 0170 BC020000 		.4byte	.LASF24
 455 0174 01       		.byte	0x1
 456 0175 3D       		.byte	0x3d
 457 0176 3E000000 		.4byte	0x3e
 458 017a 53000000 		.4byte	.LLST1
 459 017e 09       		.uleb128 0x9
 460 017f 00000000 		.4byte	.LASF17
ARM GAS  C:\Users\NUSAIR~1\AppData\Local\Temp\ccpYKvRj.s 			page 13


 461 0183 01       		.byte	0x1
 462 0184 40       		.byte	0x40
 463 0185 7E000000 		.4byte	0x7e
 464 0189 09       		.uleb128 0x9
 465 018a 05000000 		.4byte	.LASF18
 466 018e 01       		.byte	0x1
 467 018f 41       		.byte	0x41
 468 0190 25000000 		.4byte	0x25
 469 0194 0A       		.uleb128 0xa
 470 0195 10000000 		.4byte	.LBB3
 471 0199 10000000 		.4byte	.LBE3-.LBB3
 472 019d 0B       		.uleb128 0xb
 473 019e A8020000 		.4byte	.LASF25
 474 01a2 01       		.byte	0x1
 475 01a3 45       		.byte	0x45
 476 01a4 25000000 		.4byte	0x25
 477 01a8 AE010000 		.4byte	0x1ae
 478 01ac 0C       		.uleb128 0xc
 479 01ad 00       		.byte	0
 480 01ae 0B       		.uleb128 0xb
 481 01af 6F000000 		.4byte	.LASF26
 482 01b3 01       		.byte	0x1
 483 01b4 4C       		.byte	0x4c
 484 01b5 25000000 		.4byte	0x25
 485 01b9 BF010000 		.4byte	0x1bf
 486 01bd 0C       		.uleb128 0xc
 487 01be 00       		.byte	0
 488 01bf 0B       		.uleb128 0xb
 489 01c0 8A010000 		.4byte	.LASF27
 490 01c4 01       		.byte	0x1
 491 01c5 53       		.byte	0x53
 492 01c6 25000000 		.4byte	0x25
 493 01ca D0010000 		.4byte	0x1d0
 494 01ce 0C       		.uleb128 0xc
 495 01cf 00       		.byte	0
 496 01d0 0D       		.uleb128 0xd
 497 01d1 14000000 		.4byte	.LVL7
 498 01d5 66040000 		.4byte	0x466
 499 01d9 0D       		.uleb128 0xd
 500 01da 1A000000 		.4byte	.LVL9
 501 01de 71040000 		.4byte	0x471
 502 01e2 0D       		.uleb128 0xd
 503 01e3 20000000 		.4byte	.LVL11
 504 01e7 7C040000 		.4byte	0x47c
 505 01eb 00       		.byte	0
 506 01ec 00       		.byte	0
 507 01ed 07       		.uleb128 0x7
 508 01ee 93020000 		.4byte	.LASF28
 509 01f2 01       		.byte	0x1
 510 01f3 62       		.byte	0x62
 511 01f4 B4000000 		.4byte	0xb4
 512 01f8 00000000 		.4byte	.LFB2
 513 01fc 34000000 		.4byte	.LFE2-.LFB2
 514 0200 01       		.uleb128 0x1
 515 0201 9C       		.byte	0x9c
 516 0202 E3020000 		.4byte	0x2e3
 517 0206 08       		.uleb128 0x8
ARM GAS  C:\Users\NUSAIR~1\AppData\Local\Temp\ccpYKvRj.s 			page 14


 518 0207 BC020000 		.4byte	.LASF24
 519 020b 01       		.byte	0x1
 520 020c 63       		.byte	0x63
 521 020d 3E000000 		.4byte	0x3e
 522 0211 A6000000 		.4byte	.LLST2
 523 0215 08       		.uleb128 0x8
 524 0216 E0000000 		.4byte	.LASF29
 525 021a 01       		.byte	0x1
 526 021b 64       		.byte	0x64
 527 021c E3020000 		.4byte	0x2e3
 528 0220 F9000000 		.4byte	.LLST3
 529 0224 08       		.uleb128 0x8
 530 0225 F8000000 		.4byte	.LASF30
 531 0229 01       		.byte	0x1
 532 022a 65       		.byte	0x65
 533 022b 65000000 		.4byte	0x65
 534 022f 25010000 		.4byte	.LLST4
 535 0233 08       		.uleb128 0x8
 536 0234 A5010000 		.4byte	.LASF31
 537 0238 01       		.byte	0x1
 538 0239 66       		.byte	0x66
 539 023a 2C000000 		.4byte	0x2c
 540 023e 83010000 		.4byte	.LLST5
 541 0242 0E       		.uleb128 0xe
 542 0243 72657300 		.ascii	"res\000"
 543 0247 01       		.byte	0x1
 544 0248 69       		.byte	0x69
 545 0249 B4000000 		.4byte	0xb4
 546 024d 09       		.uleb128 0x9
 547 024e 05000000 		.4byte	.LASF18
 548 0252 01       		.byte	0x1
 549 0253 6A       		.byte	0x6a
 550 0254 25000000 		.4byte	0x25
 551 0258 0A       		.uleb128 0xa
 552 0259 14000000 		.4byte	.LBB4
 553 025d 1C000000 		.4byte	.LBE4-.LBB4
 554 0261 0B       		.uleb128 0xb
 555 0262 4D000000 		.4byte	.LASF32
 556 0266 01       		.byte	0x1
 557 0267 70       		.byte	0x70
 558 0268 25000000 		.4byte	0x25
 559 026c 72020000 		.4byte	0x272
 560 0270 0C       		.uleb128 0xc
 561 0271 00       		.byte	0
 562 0272 0B       		.uleb128 0xb
 563 0273 0C000000 		.4byte	.LASF33
 564 0277 01       		.byte	0x1
 565 0278 79       		.byte	0x79
 566 0279 25000000 		.4byte	0x25
 567 027d 83020000 		.4byte	0x283
 568 0281 0C       		.uleb128 0xc
 569 0282 00       		.byte	0
 570 0283 0B       		.uleb128 0xb
 571 0284 93000000 		.4byte	.LASF34
 572 0288 01       		.byte	0x1
 573 0289 82       		.byte	0x82
 574 028a 25000000 		.4byte	0x25
ARM GAS  C:\Users\NUSAIR~1\AppData\Local\Temp\ccpYKvRj.s 			page 15


 575 028e 94020000 		.4byte	0x294
 576 0292 0C       		.uleb128 0xc
 577 0293 00       		.byte	0
 578 0294 0F       		.uleb128 0xf
 579 0295 1C000000 		.4byte	.LVL16
 580 0299 87040000 		.4byte	0x487
 581 029d AF020000 		.4byte	0x2af
 582 02a1 10       		.uleb128 0x10
 583 02a2 01       		.uleb128 0x1
 584 02a3 50       		.byte	0x50
 585 02a4 02       		.uleb128 0x2
 586 02a5 74       		.byte	0x74
 587 02a6 00       		.sleb128 0
 588 02a7 10       		.uleb128 0x10
 589 02a8 01       		.uleb128 0x1
 590 02a9 52       		.byte	0x52
 591 02aa 03       		.uleb128 0x3
 592 02ab F3       		.byte	0xf3
 593 02ac 01       		.uleb128 0x1
 594 02ad 53       		.byte	0x53
 595 02ae 00       		.byte	0
 596 02af 0F       		.uleb128 0xf
 597 02b0 26000000 		.4byte	.LVL19
 598 02b4 92040000 		.4byte	0x492
 599 02b8 CA020000 		.4byte	0x2ca
 600 02bc 10       		.uleb128 0x10
 601 02bd 01       		.uleb128 0x1
 602 02be 50       		.byte	0x50
 603 02bf 02       		.uleb128 0x2
 604 02c0 74       		.byte	0x74
 605 02c1 00       		.sleb128 0
 606 02c2 10       		.uleb128 0x10
 607 02c3 01       		.uleb128 0x1
 608 02c4 52       		.byte	0x52
 609 02c5 03       		.uleb128 0x3
 610 02c6 F3       		.byte	0xf3
 611 02c7 01       		.uleb128 0x1
 612 02c8 53       		.byte	0x53
 613 02c9 00       		.byte	0
 614 02ca 11       		.uleb128 0x11
 615 02cb 30000000 		.4byte	.LVL22
 616 02cf 9D040000 		.4byte	0x49d
 617 02d3 10       		.uleb128 0x10
 618 02d4 01       		.uleb128 0x1
 619 02d5 50       		.byte	0x50
 620 02d6 02       		.uleb128 0x2
 621 02d7 74       		.byte	0x74
 622 02d8 00       		.sleb128 0
 623 02d9 10       		.uleb128 0x10
 624 02da 01       		.uleb128 0x1
 625 02db 52       		.byte	0x52
 626 02dc 03       		.uleb128 0x3
 627 02dd F3       		.byte	0xf3
 628 02de 01       		.uleb128 0x1
 629 02df 53       		.byte	0x53
 630 02e0 00       		.byte	0
 631 02e1 00       		.byte	0
ARM GAS  C:\Users\NUSAIR~1\AppData\Local\Temp\ccpYKvRj.s 			page 16


 632 02e2 00       		.byte	0
 633 02e3 12       		.uleb128 0x12
 634 02e4 04       		.byte	0x4
 635 02e5 3E000000 		.4byte	0x3e
 636 02e9 07       		.uleb128 0x7
 637 02ea B5010000 		.4byte	.LASF35
 638 02ee 01       		.byte	0x1
 639 02ef 92       		.byte	0x92
 640 02f0 B4000000 		.4byte	0xb4
 641 02f4 00000000 		.4byte	.LFB3
 642 02f8 34000000 		.4byte	.LFE3-.LFB3
 643 02fc 01       		.uleb128 0x1
 644 02fd 9C       		.byte	0x9c
 645 02fe DF030000 		.4byte	0x3df
 646 0302 08       		.uleb128 0x8
 647 0303 BC020000 		.4byte	.LASF24
 648 0307 01       		.byte	0x1
 649 0308 93       		.byte	0x93
 650 0309 3E000000 		.4byte	0x3e
 651 030d D6010000 		.4byte	.LLST6
 652 0311 08       		.uleb128 0x8
 653 0312 E0000000 		.4byte	.LASF29
 654 0316 01       		.byte	0x1
 655 0317 94       		.byte	0x94
 656 0318 DF030000 		.4byte	0x3df
 657 031c 29020000 		.4byte	.LLST7
 658 0320 08       		.uleb128 0x8
 659 0321 F8000000 		.4byte	.LASF30
 660 0325 01       		.byte	0x1
 661 0326 95       		.byte	0x95
 662 0327 65000000 		.4byte	0x65
 663 032b 55020000 		.4byte	.LLST8
 664 032f 08       		.uleb128 0x8
 665 0330 A5010000 		.4byte	.LASF31
 666 0334 01       		.byte	0x1
 667 0335 96       		.byte	0x96
 668 0336 2C000000 		.4byte	0x2c
 669 033a B3020000 		.4byte	.LLST9
 670 033e 0E       		.uleb128 0xe
 671 033f 72657300 		.ascii	"res\000"
 672 0343 01       		.byte	0x1
 673 0344 99       		.byte	0x99
 674 0345 B4000000 		.4byte	0xb4
 675 0349 09       		.uleb128 0x9
 676 034a 05000000 		.4byte	.LASF18
 677 034e 01       		.byte	0x1
 678 034f 9A       		.byte	0x9a
 679 0350 25000000 		.4byte	0x25
 680 0354 0A       		.uleb128 0xa
 681 0355 14000000 		.4byte	.LBB5
 682 0359 1C000000 		.4byte	.LBE5-.LBB5
 683 035d 0B       		.uleb128 0xb
 684 035e E2010000 		.4byte	.LASF36
 685 0362 01       		.byte	0x1
 686 0363 A0       		.byte	0xa0
 687 0364 25000000 		.4byte	0x25
 688 0368 6E030000 		.4byte	0x36e
ARM GAS  C:\Users\NUSAIR~1\AppData\Local\Temp\ccpYKvRj.s 			page 17


 689 036c 0C       		.uleb128 0xc
 690 036d 00       		.byte	0
 691 036e 0B       		.uleb128 0xb
 692 036f 60000000 		.4byte	.LASF37
 693 0373 01       		.byte	0x1
 694 0374 A9       		.byte	0xa9
 695 0375 25000000 		.4byte	0x25
 696 0379 7F030000 		.4byte	0x37f
 697 037d 0C       		.uleb128 0xc
 698 037e 00       		.byte	0
 699 037f 0B       		.uleb128 0xb
 700 0380 CA010000 		.4byte	.LASF38
 701 0384 01       		.byte	0x1
 702 0385 B2       		.byte	0xb2
 703 0386 25000000 		.4byte	0x25
 704 038a 90030000 		.4byte	0x390
 705 038e 0C       		.uleb128 0xc
 706 038f 00       		.byte	0
 707 0390 0F       		.uleb128 0xf
 708 0391 1C000000 		.4byte	.LVL28
 709 0395 A8040000 		.4byte	0x4a8
 710 0399 AB030000 		.4byte	0x3ab
 711 039d 10       		.uleb128 0x10
 712 039e 01       		.uleb128 0x1
 713 039f 50       		.byte	0x50
 714 03a0 02       		.uleb128 0x2
 715 03a1 74       		.byte	0x74
 716 03a2 00       		.sleb128 0
 717 03a3 10       		.uleb128 0x10
 718 03a4 01       		.uleb128 0x1
 719 03a5 52       		.byte	0x52
 720 03a6 03       		.uleb128 0x3
 721 03a7 F3       		.byte	0xf3
 722 03a8 01       		.uleb128 0x1
 723 03a9 53       		.byte	0x53
 724 03aa 00       		.byte	0
 725 03ab 0F       		.uleb128 0xf
 726 03ac 26000000 		.4byte	.LVL31
 727 03b0 B3040000 		.4byte	0x4b3
 728 03b4 C6030000 		.4byte	0x3c6
 729 03b8 10       		.uleb128 0x10
 730 03b9 01       		.uleb128 0x1
 731 03ba 50       		.byte	0x50
 732 03bb 02       		.uleb128 0x2
 733 03bc 74       		.byte	0x74
 734 03bd 00       		.sleb128 0
 735 03be 10       		.uleb128 0x10
 736 03bf 01       		.uleb128 0x1
 737 03c0 52       		.byte	0x52
 738 03c1 03       		.uleb128 0x3
 739 03c2 F3       		.byte	0xf3
 740 03c3 01       		.uleb128 0x1
 741 03c4 53       		.byte	0x53
 742 03c5 00       		.byte	0
 743 03c6 11       		.uleb128 0x11
 744 03c7 30000000 		.4byte	.LVL34
 745 03cb BE040000 		.4byte	0x4be
ARM GAS  C:\Users\NUSAIR~1\AppData\Local\Temp\ccpYKvRj.s 			page 18


 746 03cf 10       		.uleb128 0x10
 747 03d0 01       		.uleb128 0x1
 748 03d1 50       		.byte	0x50
 749 03d2 02       		.uleb128 0x2
 750 03d3 74       		.byte	0x74
 751 03d4 00       		.sleb128 0
 752 03d5 10       		.uleb128 0x10
 753 03d6 01       		.uleb128 0x1
 754 03d7 52       		.byte	0x52
 755 03d8 03       		.uleb128 0x3
 756 03d9 F3       		.byte	0xf3
 757 03da 01       		.uleb128 0x1
 758 03db 53       		.byte	0x53
 759 03dc 00       		.byte	0
 760 03dd 00       		.byte	0
 761 03de 00       		.byte	0
 762 03df 12       		.uleb128 0x12
 763 03e0 04       		.byte	0x4
 764 03e1 E5030000 		.4byte	0x3e5
 765 03e5 13       		.uleb128 0x13
 766 03e6 3E000000 		.4byte	0x3e
 767 03ea 07       		.uleb128 0x7
 768 03eb 0F010000 		.4byte	.LASF39
 769 03ef 01       		.byte	0x1
 770 03f0 C2       		.byte	0xc2
 771 03f1 B4000000 		.4byte	0xb4
 772 03f5 00000000 		.4byte	.LFB4
 773 03f9 04000000 		.4byte	.LFE4-.LFB4
 774 03fd 01       		.uleb128 0x1
 775 03fe 9C       		.byte	0x9c
 776 03ff 43040000 		.4byte	0x443
 777 0403 08       		.uleb128 0x8
 778 0404 BC020000 		.4byte	.LASF24
 779 0408 01       		.byte	0x1
 780 0409 C3       		.byte	0xc3
 781 040a 3E000000 		.4byte	0x3e
 782 040e 06030000 		.4byte	.LLST10
 783 0412 14       		.uleb128 0x14
 784 0413 636D6400 		.ascii	"cmd\000"
 785 0417 01       		.byte	0x1
 786 0418 C4       		.byte	0xc4
 787 0419 3E000000 		.4byte	0x3e
 788 041d 01       		.uleb128 0x1
 789 041e 51       		.byte	0x51
 790 041f 15       		.uleb128 0x15
 791 0420 E0000000 		.4byte	.LASF29
 792 0424 01       		.byte	0x1
 793 0425 C5       		.byte	0xc5
 794 0426 43040000 		.4byte	0x443
 795 042a 01       		.uleb128 0x1
 796 042b 52       		.byte	0x52
 797 042c 0E       		.uleb128 0xe
 798 042d 72657300 		.ascii	"res\000"
 799 0431 01       		.byte	0x1
 800 0432 C8       		.byte	0xc8
 801 0433 B4000000 		.4byte	0xb4
 802 0437 09       		.uleb128 0x9
ARM GAS  C:\Users\NUSAIR~1\AppData\Local\Temp\ccpYKvRj.s 			page 19


 803 0438 05000000 		.4byte	.LASF18
 804 043c 01       		.byte	0x1
 805 043d C9       		.byte	0xc9
 806 043e 25000000 		.4byte	0x25
 807 0442 00       		.byte	0
 808 0443 16       		.uleb128 0x16
 809 0444 04       		.byte	0x4
 810 0445 17       		.uleb128 0x17
 811 0446 5E010000 		.4byte	.LASF19
 812 044a 5E010000 		.4byte	.LASF19
 813 044e 01       		.byte	0x1
 814 044f 1F       		.byte	0x1f
 815 0450 17       		.uleb128 0x17
 816 0451 F1010000 		.4byte	.LASF20
 817 0455 F1010000 		.4byte	.LASF20
 818 0459 01       		.byte	0x1
 819 045a 26       		.byte	0x26
 820 045b 17       		.uleb128 0x17
 821 045c FF000000 		.4byte	.LASF21
 822 0460 FF000000 		.4byte	.LASF21
 823 0464 01       		.byte	0x1
 824 0465 2D       		.byte	0x2d
 825 0466 17       		.uleb128 0x17
 826 0467 A8020000 		.4byte	.LASF25
 827 046b A8020000 		.4byte	.LASF25
 828 046f 01       		.byte	0x1
 829 0470 45       		.byte	0x45
 830 0471 17       		.uleb128 0x17
 831 0472 6F000000 		.4byte	.LASF26
 832 0476 6F000000 		.4byte	.LASF26
 833 047a 01       		.byte	0x1
 834 047b 4C       		.byte	0x4c
 835 047c 17       		.uleb128 0x17
 836 047d 8A010000 		.4byte	.LASF27
 837 0481 8A010000 		.4byte	.LASF27
 838 0485 01       		.byte	0x1
 839 0486 53       		.byte	0x53
 840 0487 17       		.uleb128 0x17
 841 0488 4D000000 		.4byte	.LASF32
 842 048c 4D000000 		.4byte	.LASF32
 843 0490 01       		.byte	0x1
 844 0491 70       		.byte	0x70
 845 0492 17       		.uleb128 0x17
 846 0493 0C000000 		.4byte	.LASF33
 847 0497 0C000000 		.4byte	.LASF33
 848 049b 01       		.byte	0x1
 849 049c 79       		.byte	0x79
 850 049d 17       		.uleb128 0x17
 851 049e 93000000 		.4byte	.LASF34
 852 04a2 93000000 		.4byte	.LASF34
 853 04a6 01       		.byte	0x1
 854 04a7 82       		.byte	0x82
 855 04a8 17       		.uleb128 0x17
 856 04a9 E2010000 		.4byte	.LASF36
 857 04ad E2010000 		.4byte	.LASF36
 858 04b1 01       		.byte	0x1
 859 04b2 A0       		.byte	0xa0
ARM GAS  C:\Users\NUSAIR~1\AppData\Local\Temp\ccpYKvRj.s 			page 20


 860 04b3 17       		.uleb128 0x17
 861 04b4 60000000 		.4byte	.LASF37
 862 04b8 60000000 		.4byte	.LASF37
 863 04bc 01       		.byte	0x1
 864 04bd A9       		.byte	0xa9
 865 04be 17       		.uleb128 0x17
 866 04bf CA010000 		.4byte	.LASF38
 867 04c3 CA010000 		.4byte	.LASF38
 868 04c7 01       		.byte	0x1
 869 04c8 B2       		.byte	0xb2
 870 04c9 00       		.byte	0
 871              		.section	.debug_abbrev,"",%progbits
 872              	.Ldebug_abbrev0:
 873 0000 01       		.uleb128 0x1
 874 0001 11       		.uleb128 0x11
 875 0002 01       		.byte	0x1
 876 0003 25       		.uleb128 0x25
 877 0004 0E       		.uleb128 0xe
 878 0005 13       		.uleb128 0x13
 879 0006 0B       		.uleb128 0xb
 880 0007 03       		.uleb128 0x3
 881 0008 0E       		.uleb128 0xe
 882 0009 1B       		.uleb128 0x1b
 883 000a 0E       		.uleb128 0xe
 884 000b 55       		.uleb128 0x55
 885 000c 17       		.uleb128 0x17
 886 000d 11       		.uleb128 0x11
 887 000e 01       		.uleb128 0x1
 888 000f 10       		.uleb128 0x10
 889 0010 17       		.uleb128 0x17
 890 0011 00       		.byte	0
 891 0012 00       		.byte	0
 892 0013 02       		.uleb128 0x2
 893 0014 24       		.uleb128 0x24
 894 0015 00       		.byte	0
 895 0016 0B       		.uleb128 0xb
 896 0017 0B       		.uleb128 0xb
 897 0018 3E       		.uleb128 0x3e
 898 0019 0B       		.uleb128 0xb
 899 001a 03       		.uleb128 0x3
 900 001b 08       		.uleb128 0x8
 901 001c 00       		.byte	0
 902 001d 00       		.byte	0
 903 001e 03       		.uleb128 0x3
 904 001f 16       		.uleb128 0x16
 905 0020 00       		.byte	0
 906 0021 03       		.uleb128 0x3
 907 0022 0E       		.uleb128 0xe
 908 0023 3A       		.uleb128 0x3a
 909 0024 0B       		.uleb128 0xb
 910 0025 3B       		.uleb128 0x3b
 911 0026 0B       		.uleb128 0xb
 912 0027 49       		.uleb128 0x49
 913 0028 13       		.uleb128 0x13
 914 0029 00       		.byte	0
 915 002a 00       		.byte	0
 916 002b 04       		.uleb128 0x4
ARM GAS  C:\Users\NUSAIR~1\AppData\Local\Temp\ccpYKvRj.s 			page 21


 917 002c 24       		.uleb128 0x24
 918 002d 00       		.byte	0
 919 002e 0B       		.uleb128 0xb
 920 002f 0B       		.uleb128 0xb
 921 0030 3E       		.uleb128 0x3e
 922 0031 0B       		.uleb128 0xb
 923 0032 03       		.uleb128 0x3
 924 0033 0E       		.uleb128 0xe
 925 0034 00       		.byte	0
 926 0035 00       		.byte	0
 927 0036 05       		.uleb128 0x5
 928 0037 04       		.uleb128 0x4
 929 0038 01       		.byte	0x1
 930 0039 0B       		.uleb128 0xb
 931 003a 0B       		.uleb128 0xb
 932 003b 49       		.uleb128 0x49
 933 003c 13       		.uleb128 0x13
 934 003d 3A       		.uleb128 0x3a
 935 003e 0B       		.uleb128 0xb
 936 003f 3B       		.uleb128 0x3b
 937 0040 0B       		.uleb128 0xb
 938 0041 01       		.uleb128 0x1
 939 0042 13       		.uleb128 0x13
 940 0043 00       		.byte	0
 941 0044 00       		.byte	0
 942 0045 06       		.uleb128 0x6
 943 0046 28       		.uleb128 0x28
 944 0047 00       		.byte	0
 945 0048 03       		.uleb128 0x3
 946 0049 0E       		.uleb128 0xe
 947 004a 1C       		.uleb128 0x1c
 948 004b 0B       		.uleb128 0xb
 949 004c 00       		.byte	0
 950 004d 00       		.byte	0
 951 004e 07       		.uleb128 0x7
 952 004f 2E       		.uleb128 0x2e
 953 0050 01       		.byte	0x1
 954 0051 3F       		.uleb128 0x3f
 955 0052 19       		.uleb128 0x19
 956 0053 03       		.uleb128 0x3
 957 0054 0E       		.uleb128 0xe
 958 0055 3A       		.uleb128 0x3a
 959 0056 0B       		.uleb128 0xb
 960 0057 3B       		.uleb128 0x3b
 961 0058 0B       		.uleb128 0xb
 962 0059 27       		.uleb128 0x27
 963 005a 19       		.uleb128 0x19
 964 005b 49       		.uleb128 0x49
 965 005c 13       		.uleb128 0x13
 966 005d 11       		.uleb128 0x11
 967 005e 01       		.uleb128 0x1
 968 005f 12       		.uleb128 0x12
 969 0060 06       		.uleb128 0x6
 970 0061 40       		.uleb128 0x40
 971 0062 18       		.uleb128 0x18
 972 0063 9742     		.uleb128 0x2117
 973 0065 19       		.uleb128 0x19
ARM GAS  C:\Users\NUSAIR~1\AppData\Local\Temp\ccpYKvRj.s 			page 22


 974 0066 01       		.uleb128 0x1
 975 0067 13       		.uleb128 0x13
 976 0068 00       		.byte	0
 977 0069 00       		.byte	0
 978 006a 08       		.uleb128 0x8
 979 006b 05       		.uleb128 0x5
 980 006c 00       		.byte	0
 981 006d 03       		.uleb128 0x3
 982 006e 0E       		.uleb128 0xe
 983 006f 3A       		.uleb128 0x3a
 984 0070 0B       		.uleb128 0xb
 985 0071 3B       		.uleb128 0x3b
 986 0072 0B       		.uleb128 0xb
 987 0073 49       		.uleb128 0x49
 988 0074 13       		.uleb128 0x13
 989 0075 02       		.uleb128 0x2
 990 0076 17       		.uleb128 0x17
 991 0077 00       		.byte	0
 992 0078 00       		.byte	0
 993 0079 09       		.uleb128 0x9
 994 007a 34       		.uleb128 0x34
 995 007b 00       		.byte	0
 996 007c 03       		.uleb128 0x3
 997 007d 0E       		.uleb128 0xe
 998 007e 3A       		.uleb128 0x3a
 999 007f 0B       		.uleb128 0xb
 1000 0080 3B       		.uleb128 0x3b
 1001 0081 0B       		.uleb128 0xb
 1002 0082 49       		.uleb128 0x49
 1003 0083 13       		.uleb128 0x13
 1004 0084 00       		.byte	0
 1005 0085 00       		.byte	0
 1006 0086 0A       		.uleb128 0xa
 1007 0087 0B       		.uleb128 0xb
 1008 0088 01       		.byte	0x1
 1009 0089 11       		.uleb128 0x11
 1010 008a 01       		.uleb128 0x1
 1011 008b 12       		.uleb128 0x12
 1012 008c 06       		.uleb128 0x6
 1013 008d 00       		.byte	0
 1014 008e 00       		.byte	0
 1015 008f 0B       		.uleb128 0xb
 1016 0090 2E       		.uleb128 0x2e
 1017 0091 01       		.byte	0x1
 1018 0092 3F       		.uleb128 0x3f
 1019 0093 19       		.uleb128 0x19
 1020 0094 03       		.uleb128 0x3
 1021 0095 0E       		.uleb128 0xe
 1022 0096 3A       		.uleb128 0x3a
 1023 0097 0B       		.uleb128 0xb
 1024 0098 3B       		.uleb128 0x3b
 1025 0099 0B       		.uleb128 0xb
 1026 009a 49       		.uleb128 0x49
 1027 009b 13       		.uleb128 0x13
 1028 009c 3C       		.uleb128 0x3c
 1029 009d 19       		.uleb128 0x19
 1030 009e 01       		.uleb128 0x1
ARM GAS  C:\Users\NUSAIR~1\AppData\Local\Temp\ccpYKvRj.s 			page 23


 1031 009f 13       		.uleb128 0x13
 1032 00a0 00       		.byte	0
 1033 00a1 00       		.byte	0
 1034 00a2 0C       		.uleb128 0xc
 1035 00a3 18       		.uleb128 0x18
 1036 00a4 00       		.byte	0
 1037 00a5 00       		.byte	0
 1038 00a6 00       		.byte	0
 1039 00a7 0D       		.uleb128 0xd
 1040 00a8 898201   		.uleb128 0x4109
 1041 00ab 00       		.byte	0
 1042 00ac 11       		.uleb128 0x11
 1043 00ad 01       		.uleb128 0x1
 1044 00ae 31       		.uleb128 0x31
 1045 00af 13       		.uleb128 0x13
 1046 00b0 00       		.byte	0
 1047 00b1 00       		.byte	0
 1048 00b2 0E       		.uleb128 0xe
 1049 00b3 34       		.uleb128 0x34
 1050 00b4 00       		.byte	0
 1051 00b5 03       		.uleb128 0x3
 1052 00b6 08       		.uleb128 0x8
 1053 00b7 3A       		.uleb128 0x3a
 1054 00b8 0B       		.uleb128 0xb
 1055 00b9 3B       		.uleb128 0x3b
 1056 00ba 0B       		.uleb128 0xb
 1057 00bb 49       		.uleb128 0x49
 1058 00bc 13       		.uleb128 0x13
 1059 00bd 00       		.byte	0
 1060 00be 00       		.byte	0
 1061 00bf 0F       		.uleb128 0xf
 1062 00c0 898201   		.uleb128 0x4109
 1063 00c3 01       		.byte	0x1
 1064 00c4 11       		.uleb128 0x11
 1065 00c5 01       		.uleb128 0x1
 1066 00c6 31       		.uleb128 0x31
 1067 00c7 13       		.uleb128 0x13
 1068 00c8 01       		.uleb128 0x1
 1069 00c9 13       		.uleb128 0x13
 1070 00ca 00       		.byte	0
 1071 00cb 00       		.byte	0
 1072 00cc 10       		.uleb128 0x10
 1073 00cd 8A8201   		.uleb128 0x410a
 1074 00d0 00       		.byte	0
 1075 00d1 02       		.uleb128 0x2
 1076 00d2 18       		.uleb128 0x18
 1077 00d3 9142     		.uleb128 0x2111
 1078 00d5 18       		.uleb128 0x18
 1079 00d6 00       		.byte	0
 1080 00d7 00       		.byte	0
 1081 00d8 11       		.uleb128 0x11
 1082 00d9 898201   		.uleb128 0x4109
 1083 00dc 01       		.byte	0x1
 1084 00dd 11       		.uleb128 0x11
 1085 00de 01       		.uleb128 0x1
 1086 00df 31       		.uleb128 0x31
 1087 00e0 13       		.uleb128 0x13
ARM GAS  C:\Users\NUSAIR~1\AppData\Local\Temp\ccpYKvRj.s 			page 24


 1088 00e1 00       		.byte	0
 1089 00e2 00       		.byte	0
 1090 00e3 12       		.uleb128 0x12
 1091 00e4 0F       		.uleb128 0xf
 1092 00e5 00       		.byte	0
 1093 00e6 0B       		.uleb128 0xb
 1094 00e7 0B       		.uleb128 0xb
 1095 00e8 49       		.uleb128 0x49
 1096 00e9 13       		.uleb128 0x13
 1097 00ea 00       		.byte	0
 1098 00eb 00       		.byte	0
 1099 00ec 13       		.uleb128 0x13
 1100 00ed 26       		.uleb128 0x26
 1101 00ee 00       		.byte	0
 1102 00ef 49       		.uleb128 0x49
 1103 00f0 13       		.uleb128 0x13
 1104 00f1 00       		.byte	0
 1105 00f2 00       		.byte	0
 1106 00f3 14       		.uleb128 0x14
 1107 00f4 05       		.uleb128 0x5
 1108 00f5 00       		.byte	0
 1109 00f6 03       		.uleb128 0x3
 1110 00f7 08       		.uleb128 0x8
 1111 00f8 3A       		.uleb128 0x3a
 1112 00f9 0B       		.uleb128 0xb
 1113 00fa 3B       		.uleb128 0x3b
 1114 00fb 0B       		.uleb128 0xb
 1115 00fc 49       		.uleb128 0x49
 1116 00fd 13       		.uleb128 0x13
 1117 00fe 02       		.uleb128 0x2
 1118 00ff 18       		.uleb128 0x18
 1119 0100 00       		.byte	0
 1120 0101 00       		.byte	0
 1121 0102 15       		.uleb128 0x15
 1122 0103 05       		.uleb128 0x5
 1123 0104 00       		.byte	0
 1124 0105 03       		.uleb128 0x3
 1125 0106 0E       		.uleb128 0xe
 1126 0107 3A       		.uleb128 0x3a
 1127 0108 0B       		.uleb128 0xb
 1128 0109 3B       		.uleb128 0x3b
 1129 010a 0B       		.uleb128 0xb
 1130 010b 49       		.uleb128 0x49
 1131 010c 13       		.uleb128 0x13
 1132 010d 02       		.uleb128 0x2
 1133 010e 18       		.uleb128 0x18
 1134 010f 00       		.byte	0
 1135 0110 00       		.byte	0
 1136 0111 16       		.uleb128 0x16
 1137 0112 0F       		.uleb128 0xf
 1138 0113 00       		.byte	0
 1139 0114 0B       		.uleb128 0xb
 1140 0115 0B       		.uleb128 0xb
 1141 0116 00       		.byte	0
 1142 0117 00       		.byte	0
 1143 0118 17       		.uleb128 0x17
 1144 0119 2E       		.uleb128 0x2e
ARM GAS  C:\Users\NUSAIR~1\AppData\Local\Temp\ccpYKvRj.s 			page 25


 1145 011a 00       		.byte	0
 1146 011b 3F       		.uleb128 0x3f
 1147 011c 19       		.uleb128 0x19
 1148 011d 3C       		.uleb128 0x3c
 1149 011e 19       		.uleb128 0x19
 1150 011f 6E       		.uleb128 0x6e
 1151 0120 0E       		.uleb128 0xe
 1152 0121 03       		.uleb128 0x3
 1153 0122 0E       		.uleb128 0xe
 1154 0123 3A       		.uleb128 0x3a
 1155 0124 0B       		.uleb128 0xb
 1156 0125 3B       		.uleb128 0x3b
 1157 0126 0B       		.uleb128 0xb
 1158 0127 00       		.byte	0
 1159 0128 00       		.byte	0
 1160 0129 00       		.byte	0
 1161              		.section	.debug_loc,"",%progbits
 1162              	.Ldebug_loc0:
 1163              	.LLST0:
 1164 0000 00000000 		.4byte	.LVL0
 1165 0004 13000000 		.4byte	.LVL1-1
 1166 0008 0100     		.2byte	0x1
 1167 000a 50       		.byte	0x50
 1168 000b 13000000 		.4byte	.LVL1-1
 1169 000f 16000000 		.4byte	.LVL2
 1170 0013 0400     		.2byte	0x4
 1171 0015 F3       		.byte	0xf3
 1172 0016 01       		.uleb128 0x1
 1173 0017 50       		.byte	0x50
 1174 0018 9F       		.byte	0x9f
 1175 0019 16000000 		.4byte	.LVL2
 1176 001d 19000000 		.4byte	.LVL3-1
 1177 0021 0100     		.2byte	0x1
 1178 0023 50       		.byte	0x50
 1179 0024 19000000 		.4byte	.LVL3-1
 1180 0028 1C000000 		.4byte	.LVL4
 1181 002c 0400     		.2byte	0x4
 1182 002e F3       		.byte	0xf3
 1183 002f 01       		.uleb128 0x1
 1184 0030 50       		.byte	0x50
 1185 0031 9F       		.byte	0x9f
 1186 0032 1C000000 		.4byte	.LVL4
 1187 0036 1F000000 		.4byte	.LVL5-1
 1188 003a 0100     		.2byte	0x1
 1189 003c 50       		.byte	0x50
 1190 003d 1F000000 		.4byte	.LVL5-1
 1191 0041 24000000 		.4byte	.LFE0
 1192 0045 0400     		.2byte	0x4
 1193 0047 F3       		.byte	0xf3
 1194 0048 01       		.uleb128 0x1
 1195 0049 50       		.byte	0x50
 1196 004a 9F       		.byte	0x9f
 1197 004b 00000000 		.4byte	0
 1198 004f 00000000 		.4byte	0
 1199              	.LLST1:
 1200 0053 00000000 		.4byte	.LVL6
 1201 0057 13000000 		.4byte	.LVL7-1
ARM GAS  C:\Users\NUSAIR~1\AppData\Local\Temp\ccpYKvRj.s 			page 26


 1202 005b 0100     		.2byte	0x1
 1203 005d 50       		.byte	0x50
 1204 005e 13000000 		.4byte	.LVL7-1
 1205 0062 16000000 		.4byte	.LVL8
 1206 0066 0400     		.2byte	0x4
 1207 0068 F3       		.byte	0xf3
 1208 0069 01       		.uleb128 0x1
 1209 006a 50       		.byte	0x50
 1210 006b 9F       		.byte	0x9f
 1211 006c 16000000 		.4byte	.LVL8
 1212 0070 19000000 		.4byte	.LVL9-1
 1213 0074 0100     		.2byte	0x1
 1214 0076 50       		.byte	0x50
 1215 0077 19000000 		.4byte	.LVL9-1
 1216 007b 1C000000 		.4byte	.LVL10
 1217 007f 0400     		.2byte	0x4
 1218 0081 F3       		.byte	0xf3
 1219 0082 01       		.uleb128 0x1
 1220 0083 50       		.byte	0x50
 1221 0084 9F       		.byte	0x9f
 1222 0085 1C000000 		.4byte	.LVL10
 1223 0089 1F000000 		.4byte	.LVL11-1
 1224 008d 0100     		.2byte	0x1
 1225 008f 50       		.byte	0x50
 1226 0090 1F000000 		.4byte	.LVL11-1
 1227 0094 24000000 		.4byte	.LFE1
 1228 0098 0400     		.2byte	0x4
 1229 009a F3       		.byte	0xf3
 1230 009b 01       		.uleb128 0x1
 1231 009c 50       		.byte	0x50
 1232 009d 9F       		.byte	0x9f
 1233 009e 00000000 		.4byte	0
 1234 00a2 00000000 		.4byte	0
 1235              	.LLST2:
 1236 00a6 00000000 		.4byte	.LVL12
 1237 00aa 18000000 		.4byte	.LVL15
 1238 00ae 0100     		.2byte	0x1
 1239 00b0 50       		.byte	0x50
 1240 00b1 18000000 		.4byte	.LVL15
 1241 00b5 1E000000 		.4byte	.LVL17
 1242 00b9 0400     		.2byte	0x4
 1243 00bb F3       		.byte	0xf3
 1244 00bc 01       		.uleb128 0x1
 1245 00bd 50       		.byte	0x50
 1246 00be 9F       		.byte	0x9f
 1247 00bf 1E000000 		.4byte	.LVL17
 1248 00c3 22000000 		.4byte	.LVL18
 1249 00c7 0100     		.2byte	0x1
 1250 00c9 50       		.byte	0x50
 1251 00ca 22000000 		.4byte	.LVL18
 1252 00ce 28000000 		.4byte	.LVL20
 1253 00d2 0400     		.2byte	0x4
 1254 00d4 F3       		.byte	0xf3
 1255 00d5 01       		.uleb128 0x1
 1256 00d6 50       		.byte	0x50
 1257 00d7 9F       		.byte	0x9f
 1258 00d8 28000000 		.4byte	.LVL20
ARM GAS  C:\Users\NUSAIR~1\AppData\Local\Temp\ccpYKvRj.s 			page 27


 1259 00dc 2C000000 		.4byte	.LVL21
 1260 00e0 0100     		.2byte	0x1
 1261 00e2 50       		.byte	0x50
 1262 00e3 2C000000 		.4byte	.LVL21
 1263 00e7 34000000 		.4byte	.LFE2
 1264 00eb 0400     		.2byte	0x4
 1265 00ed F3       		.byte	0xf3
 1266 00ee 01       		.uleb128 0x1
 1267 00ef 50       		.byte	0x50
 1268 00f0 9F       		.byte	0x9f
 1269 00f1 00000000 		.4byte	0
 1270 00f5 00000000 		.4byte	0
 1271              	.LLST3:
 1272 00f9 00000000 		.4byte	.LVL12
 1273 00fd 06000000 		.4byte	.LVL13
 1274 0101 0100     		.2byte	0x1
 1275 0103 51       		.byte	0x51
 1276 0104 06000000 		.4byte	.LVL13
 1277 0108 32000000 		.4byte	.LVL23
 1278 010c 0100     		.2byte	0x1
 1279 010e 54       		.byte	0x54
 1280 010f 32000000 		.4byte	.LVL23
 1281 0113 34000000 		.4byte	.LFE2
 1282 0117 0400     		.2byte	0x4
 1283 0119 F3       		.byte	0xf3
 1284 011a 01       		.uleb128 0x1
 1285 011b 51       		.byte	0x51
 1286 011c 9F       		.byte	0x9f
 1287 011d 00000000 		.4byte	0
 1288 0121 00000000 		.4byte	0
 1289              	.LLST4:
 1290 0125 00000000 		.4byte	.LVL12
 1291 0129 16000000 		.4byte	.LVL14
 1292 012d 0100     		.2byte	0x1
 1293 012f 52       		.byte	0x52
 1294 0130 16000000 		.4byte	.LVL14
 1295 0134 1B000000 		.4byte	.LVL16-1
 1296 0138 0100     		.2byte	0x1
 1297 013a 51       		.byte	0x51
 1298 013b 1B000000 		.4byte	.LVL16-1
 1299 013f 1E000000 		.4byte	.LVL17
 1300 0143 0400     		.2byte	0x4
 1301 0145 F3       		.byte	0xf3
 1302 0146 01       		.uleb128 0x1
 1303 0147 52       		.byte	0x52
 1304 0148 9F       		.byte	0x9f
 1305 0149 1E000000 		.4byte	.LVL17
 1306 014d 25000000 		.4byte	.LVL19-1
 1307 0151 0100     		.2byte	0x1
 1308 0153 51       		.byte	0x51
 1309 0154 25000000 		.4byte	.LVL19-1
 1310 0158 28000000 		.4byte	.LVL20
 1311 015c 0400     		.2byte	0x4
 1312 015e F3       		.byte	0xf3
 1313 015f 01       		.uleb128 0x1
 1314 0160 52       		.byte	0x52
 1315 0161 9F       		.byte	0x9f
ARM GAS  C:\Users\NUSAIR~1\AppData\Local\Temp\ccpYKvRj.s 			page 28


 1316 0162 28000000 		.4byte	.LVL20
 1317 0166 2F000000 		.4byte	.LVL22-1
 1318 016a 0100     		.2byte	0x1
 1319 016c 51       		.byte	0x51
 1320 016d 2F000000 		.4byte	.LVL22-1
 1321 0171 34000000 		.4byte	.LFE2
 1322 0175 0400     		.2byte	0x4
 1323 0177 F3       		.byte	0xf3
 1324 0178 01       		.uleb128 0x1
 1325 0179 52       		.byte	0x52
 1326 017a 9F       		.byte	0x9f
 1327 017b 00000000 		.4byte	0
 1328 017f 00000000 		.4byte	0
 1329              	.LLST5:
 1330 0183 00000000 		.4byte	.LVL12
 1331 0187 1B000000 		.4byte	.LVL16-1
 1332 018b 0100     		.2byte	0x1
 1333 018d 53       		.byte	0x53
 1334 018e 1B000000 		.4byte	.LVL16-1
 1335 0192 1E000000 		.4byte	.LVL17
 1336 0196 0400     		.2byte	0x4
 1337 0198 F3       		.byte	0xf3
 1338 0199 01       		.uleb128 0x1
 1339 019a 53       		.byte	0x53
 1340 019b 9F       		.byte	0x9f
 1341 019c 1E000000 		.4byte	.LVL17
 1342 01a0 25000000 		.4byte	.LVL19-1
 1343 01a4 0100     		.2byte	0x1
 1344 01a6 53       		.byte	0x53
 1345 01a7 25000000 		.4byte	.LVL19-1
 1346 01ab 28000000 		.4byte	.LVL20
 1347 01af 0400     		.2byte	0x4
 1348 01b1 F3       		.byte	0xf3
 1349 01b2 01       		.uleb128 0x1
 1350 01b3 53       		.byte	0x53
 1351 01b4 9F       		.byte	0x9f
 1352 01b5 28000000 		.4byte	.LVL20
 1353 01b9 2F000000 		.4byte	.LVL22-1
 1354 01bd 0100     		.2byte	0x1
 1355 01bf 53       		.byte	0x53
 1356 01c0 2F000000 		.4byte	.LVL22-1
 1357 01c4 34000000 		.4byte	.LFE2
 1358 01c8 0400     		.2byte	0x4
 1359 01ca F3       		.byte	0xf3
 1360 01cb 01       		.uleb128 0x1
 1361 01cc 53       		.byte	0x53
 1362 01cd 9F       		.byte	0x9f
 1363 01ce 00000000 		.4byte	0
 1364 01d2 00000000 		.4byte	0
 1365              	.LLST6:
 1366 01d6 00000000 		.4byte	.LVL24
 1367 01da 18000000 		.4byte	.LVL27
 1368 01de 0100     		.2byte	0x1
 1369 01e0 50       		.byte	0x50
 1370 01e1 18000000 		.4byte	.LVL27
 1371 01e5 1E000000 		.4byte	.LVL29
 1372 01e9 0400     		.2byte	0x4
ARM GAS  C:\Users\NUSAIR~1\AppData\Local\Temp\ccpYKvRj.s 			page 29


 1373 01eb F3       		.byte	0xf3
 1374 01ec 01       		.uleb128 0x1
 1375 01ed 50       		.byte	0x50
 1376 01ee 9F       		.byte	0x9f
 1377 01ef 1E000000 		.4byte	.LVL29
 1378 01f3 22000000 		.4byte	.LVL30
 1379 01f7 0100     		.2byte	0x1
 1380 01f9 50       		.byte	0x50
 1381 01fa 22000000 		.4byte	.LVL30
 1382 01fe 28000000 		.4byte	.LVL32
 1383 0202 0400     		.2byte	0x4
 1384 0204 F3       		.byte	0xf3
 1385 0205 01       		.uleb128 0x1
 1386 0206 50       		.byte	0x50
 1387 0207 9F       		.byte	0x9f
 1388 0208 28000000 		.4byte	.LVL32
 1389 020c 2C000000 		.4byte	.LVL33
 1390 0210 0100     		.2byte	0x1
 1391 0212 50       		.byte	0x50
 1392 0213 2C000000 		.4byte	.LVL33
 1393 0217 34000000 		.4byte	.LFE3
 1394 021b 0400     		.2byte	0x4
 1395 021d F3       		.byte	0xf3
 1396 021e 01       		.uleb128 0x1
 1397 021f 50       		.byte	0x50
 1398 0220 9F       		.byte	0x9f
 1399 0221 00000000 		.4byte	0
 1400 0225 00000000 		.4byte	0
 1401              	.LLST7:
 1402 0229 00000000 		.4byte	.LVL24
 1403 022d 06000000 		.4byte	.LVL25
 1404 0231 0100     		.2byte	0x1
 1405 0233 51       		.byte	0x51
 1406 0234 06000000 		.4byte	.LVL25
 1407 0238 32000000 		.4byte	.LVL35
 1408 023c 0100     		.2byte	0x1
 1409 023e 54       		.byte	0x54
 1410 023f 32000000 		.4byte	.LVL35
 1411 0243 34000000 		.4byte	.LFE3
 1412 0247 0400     		.2byte	0x4
 1413 0249 F3       		.byte	0xf3
 1414 024a 01       		.uleb128 0x1
 1415 024b 51       		.byte	0x51
 1416 024c 9F       		.byte	0x9f
 1417 024d 00000000 		.4byte	0
 1418 0251 00000000 		.4byte	0
 1419              	.LLST8:
 1420 0255 00000000 		.4byte	.LVL24
 1421 0259 16000000 		.4byte	.LVL26
 1422 025d 0100     		.2byte	0x1
 1423 025f 52       		.byte	0x52
 1424 0260 16000000 		.4byte	.LVL26
 1425 0264 1B000000 		.4byte	.LVL28-1
 1426 0268 0100     		.2byte	0x1
 1427 026a 51       		.byte	0x51
 1428 026b 1B000000 		.4byte	.LVL28-1
 1429 026f 1E000000 		.4byte	.LVL29
ARM GAS  C:\Users\NUSAIR~1\AppData\Local\Temp\ccpYKvRj.s 			page 30


 1430 0273 0400     		.2byte	0x4
 1431 0275 F3       		.byte	0xf3
 1432 0276 01       		.uleb128 0x1
 1433 0277 52       		.byte	0x52
 1434 0278 9F       		.byte	0x9f
 1435 0279 1E000000 		.4byte	.LVL29
 1436 027d 25000000 		.4byte	.LVL31-1
 1437 0281 0100     		.2byte	0x1
 1438 0283 51       		.byte	0x51
 1439 0284 25000000 		.4byte	.LVL31-1
 1440 0288 28000000 		.4byte	.LVL32
 1441 028c 0400     		.2byte	0x4
 1442 028e F3       		.byte	0xf3
 1443 028f 01       		.uleb128 0x1
 1444 0290 52       		.byte	0x52
 1445 0291 9F       		.byte	0x9f
 1446 0292 28000000 		.4byte	.LVL32
 1447 0296 2F000000 		.4byte	.LVL34-1
 1448 029a 0100     		.2byte	0x1
 1449 029c 51       		.byte	0x51
 1450 029d 2F000000 		.4byte	.LVL34-1
 1451 02a1 34000000 		.4byte	.LFE3
 1452 02a5 0400     		.2byte	0x4
 1453 02a7 F3       		.byte	0xf3
 1454 02a8 01       		.uleb128 0x1
 1455 02a9 52       		.byte	0x52
 1456 02aa 9F       		.byte	0x9f
 1457 02ab 00000000 		.4byte	0
 1458 02af 00000000 		.4byte	0
 1459              	.LLST9:
 1460 02b3 00000000 		.4byte	.LVL24
 1461 02b7 1B000000 		.4byte	.LVL28-1
 1462 02bb 0100     		.2byte	0x1
 1463 02bd 53       		.byte	0x53
 1464 02be 1B000000 		.4byte	.LVL28-1
 1465 02c2 1E000000 		.4byte	.LVL29
 1466 02c6 0400     		.2byte	0x4
 1467 02c8 F3       		.byte	0xf3
 1468 02c9 01       		.uleb128 0x1
 1469 02ca 53       		.byte	0x53
 1470 02cb 9F       		.byte	0x9f
 1471 02cc 1E000000 		.4byte	.LVL29
 1472 02d0 25000000 		.4byte	.LVL31-1
 1473 02d4 0100     		.2byte	0x1
 1474 02d6 53       		.byte	0x53
 1475 02d7 25000000 		.4byte	.LVL31-1
 1476 02db 28000000 		.4byte	.LVL32
 1477 02df 0400     		.2byte	0x4
 1478 02e1 F3       		.byte	0xf3
 1479 02e2 01       		.uleb128 0x1
 1480 02e3 53       		.byte	0x53
 1481 02e4 9F       		.byte	0x9f
 1482 02e5 28000000 		.4byte	.LVL32
 1483 02e9 2F000000 		.4byte	.LVL34-1
 1484 02ed 0100     		.2byte	0x1
 1485 02ef 53       		.byte	0x53
 1486 02f0 2F000000 		.4byte	.LVL34-1
ARM GAS  C:\Users\NUSAIR~1\AppData\Local\Temp\ccpYKvRj.s 			page 31


 1487 02f4 34000000 		.4byte	.LFE3
 1488 02f8 0400     		.2byte	0x4
 1489 02fa F3       		.byte	0xf3
 1490 02fb 01       		.uleb128 0x1
 1491 02fc 53       		.byte	0x53
 1492 02fd 9F       		.byte	0x9f
 1493 02fe 00000000 		.4byte	0
 1494 0302 00000000 		.4byte	0
 1495              	.LLST10:
 1496 0306 00000000 		.4byte	.LVL36
 1497 030a 02000000 		.4byte	.LVL37
 1498 030e 0100     		.2byte	0x1
 1499 0310 50       		.byte	0x50
 1500 0311 02000000 		.4byte	.LVL37
 1501 0315 04000000 		.4byte	.LFE4
 1502 0319 0400     		.2byte	0x4
 1503 031b F3       		.byte	0xf3
 1504 031c 01       		.uleb128 0x1
 1505 031d 50       		.byte	0x50
 1506 031e 9F       		.byte	0x9f
 1507 031f 00000000 		.4byte	0
 1508 0323 00000000 		.4byte	0
 1509              		.section	.debug_aranges,"",%progbits
 1510 0000 3C000000 		.4byte	0x3c
 1511 0004 0200     		.2byte	0x2
 1512 0006 00000000 		.4byte	.Ldebug_info0
 1513 000a 04       		.byte	0x4
 1514 000b 00       		.byte	0
 1515 000c 0000     		.2byte	0
 1516 000e 0000     		.2byte	0
 1517 0010 00000000 		.4byte	.LFB0
 1518 0014 24000000 		.4byte	.LFE0-.LFB0
 1519 0018 00000000 		.4byte	.LFB1
 1520 001c 24000000 		.4byte	.LFE1-.LFB1
 1521 0020 00000000 		.4byte	.LFB2
 1522 0024 34000000 		.4byte	.LFE2-.LFB2
 1523 0028 00000000 		.4byte	.LFB3
 1524 002c 34000000 		.4byte	.LFE3-.LFB3
 1525 0030 00000000 		.4byte	.LFB4
 1526 0034 04000000 		.4byte	.LFE4-.LFB4
 1527 0038 00000000 		.4byte	0
 1528 003c 00000000 		.4byte	0
 1529              		.section	.debug_ranges,"",%progbits
 1530              	.Ldebug_ranges0:
 1531 0000 00000000 		.4byte	.LFB0
 1532 0004 24000000 		.4byte	.LFE0
 1533 0008 00000000 		.4byte	.LFB1
 1534 000c 24000000 		.4byte	.LFE1
 1535 0010 00000000 		.4byte	.LFB2
 1536 0014 34000000 		.4byte	.LFE2
 1537 0018 00000000 		.4byte	.LFB3
 1538 001c 34000000 		.4byte	.LFE3
 1539 0020 00000000 		.4byte	.LFB4
 1540 0024 04000000 		.4byte	.LFE4
 1541 0028 00000000 		.4byte	0
 1542 002c 00000000 		.4byte	0
 1543              		.section	.debug_line,"",%progbits
ARM GAS  C:\Users\NUSAIR~1\AppData\Local\Temp\ccpYKvRj.s 			page 32


 1544              	.Ldebug_line0:
 1545 0000 C5000000 		.section	.debug_str,"MS",%progbits,1
 1545      02005200 
 1545      00000201 
 1545      FB0E0D00 
 1545      01010101 
 1546              	.LASF17:
 1547 0000 73746174 		.ascii	"stat\000"
 1547      00
 1548              	.LASF18:
 1549 0005 72657375 		.ascii	"result\000"
 1549      6C7400
 1550              	.LASF33:
 1551 000c 4D4D435F 		.ascii	"MMC_disk_read\000"
 1551      6469736B 
 1551      5F726561 
 1551      6400
 1552              	.LASF41:
 1553 001a 2E2E5C2E 		.ascii	"..\\..\\FatFS-master\\source\\diskio.c\000"
 1553      2E5C4661 
 1553      7446532D 
 1553      6D617374 
 1553      65725C73 
 1554              	.LASF7:
 1555 003d 44574F52 		.ascii	"DWORD\000"
 1555      4400
 1556              	.LASF13:
 1557 0043 5245535F 		.ascii	"RES_WRPRT\000"
 1557      57525052 
 1557      5400
 1558              	.LASF32:
 1559 004d 52414D5F 		.ascii	"RAM_disk_read\000"
 1559      6469736B 
 1559      5F726561 
 1559      6400
 1560              	.LASF2:
 1561 005b 42595445 		.ascii	"BYTE\000"
 1561      00
 1562              	.LASF37:
 1563 0060 4D4D435F 		.ascii	"MMC_disk_write\000"
 1563      6469736B 
 1563      5F777269 
 1563      746500
 1564              	.LASF26:
 1565 006f 4D4D435F 		.ascii	"MMC_disk_initialize\000"
 1565      6469736B 
 1565      5F696E69 
 1565      7469616C 
 1565      697A6500 
 1566              	.LASF23:
 1567 0083 6469736B 		.ascii	"disk_initialize\000"
 1567      5F696E69 
 1567      7469616C 
 1567      697A6500 
 1568              	.LASF34:
 1569 0093 5553425F 		.ascii	"USB_disk_read\000"
 1569      6469736B 
ARM GAS  C:\Users\NUSAIR~1\AppData\Local\Temp\ccpYKvRj.s 			page 33


 1569      5F726561 
 1569      6400
 1570              	.LASF22:
 1571 00a1 6469736B 		.ascii	"disk_status\000"
 1571      5F737461 
 1571      74757300 
 1572              	.LASF3:
 1573 00ad 756E7369 		.ascii	"unsigned char\000"
 1573      676E6564 
 1573      20636861 
 1573      7200
 1574              	.LASF8:
 1575 00bb 6C6F6E67 		.ascii	"long unsigned int\000"
 1575      20756E73 
 1575      69676E65 
 1575      6420696E 
 1575      7400
 1576              	.LASF5:
 1577 00cd 73686F72 		.ascii	"short unsigned int\000"
 1577      7420756E 
 1577      7369676E 
 1577      65642069 
 1577      6E7400
 1578              	.LASF29:
 1579 00e0 62756666 		.ascii	"buff\000"
 1579      00
 1580              	.LASF14:
 1581 00e5 5245535F 		.ascii	"RES_NOTRDY\000"
 1581      4E4F5452 
 1581      445900
 1582              	.LASF10:
 1583 00f0 44535441 		.ascii	"DSTATUS\000"
 1583      54555300 
 1584              	.LASF30:
 1585 00f8 73656374 		.ascii	"sector\000"
 1585      6F7200
 1586              	.LASF21:
 1587 00ff 5553425F 		.ascii	"USB_disk_status\000"
 1587      6469736B 
 1587      5F737461 
 1587      74757300 
 1588              	.LASF39:
 1589 010f 6469736B 		.ascii	"disk_ioctl\000"
 1589      5F696F63 
 1589      746C00
 1590              	.LASF16:
 1591 011a 44524553 		.ascii	"DRESULT\000"
 1591      554C5400 
 1592              	.LASF42:
 1593 0122 433A5C55 		.ascii	"C:\\Users\\Nusair Islam\\Desktop\\PSOC\\SD\\SD.cyds"
 1593      73657273 
 1593      5C4E7573 
 1593      61697220 
 1593      49736C61 
 1594 014f 6E00     		.ascii	"n\000"
 1595              	.LASF0:
 1596 0151 756E7369 		.ascii	"unsigned int\000"
ARM GAS  C:\Users\NUSAIR~1\AppData\Local\Temp\ccpYKvRj.s 			page 34


 1596      676E6564 
 1596      20696E74 
 1596      00
 1597              	.LASF19:
 1598 015e 52414D5F 		.ascii	"RAM_disk_status\000"
 1598      6469736B 
 1598      5F737461 
 1598      74757300 
 1599              	.LASF9:
 1600 016e 6C6F6E67 		.ascii	"long long unsigned int\000"
 1600      206C6F6E 
 1600      6720756E 
 1600      7369676E 
 1600      65642069 
 1601              	.LASF1:
 1602 0185 55494E54 		.ascii	"UINT\000"
 1602      00
 1603              	.LASF27:
 1604 018a 5553425F 		.ascii	"USB_disk_initialize\000"
 1604      6469736B 
 1604      5F696E69 
 1604      7469616C 
 1604      697A6500 
 1605              	.LASF11:
 1606 019e 5245535F 		.ascii	"RES_OK\000"
 1606      4F4B00
 1607              	.LASF31:
 1608 01a5 636F756E 		.ascii	"count\000"
 1608      7400
 1609              	.LASF4:
 1610 01ab 73686F72 		.ascii	"short int\000"
 1610      7420696E 
 1610      7400
 1611              	.LASF35:
 1612 01b5 6469736B 		.ascii	"disk_write\000"
 1612      5F777269 
 1612      746500
 1613              	.LASF12:
 1614 01c0 5245535F 		.ascii	"RES_ERROR\000"
 1614      4552524F 
 1614      5200
 1615              	.LASF38:
 1616 01ca 5553425F 		.ascii	"USB_disk_write\000"
 1616      6469736B 
 1616      5F777269 
 1616      746500
 1617              	.LASF6:
 1618 01d9 6C6F6E67 		.ascii	"long int\000"
 1618      20696E74 
 1618      00
 1619              	.LASF36:
 1620 01e2 52414D5F 		.ascii	"RAM_disk_write\000"
 1620      6469736B 
 1620      5F777269 
 1620      746500
 1621              	.LASF20:
 1622 01f1 4D4D435F 		.ascii	"MMC_disk_status\000"
ARM GAS  C:\Users\NUSAIR~1\AppData\Local\Temp\ccpYKvRj.s 			page 35


 1622      6469736B 
 1622      5F737461 
 1622      74757300 
 1623              	.LASF40:
 1624 0201 474E5520 		.ascii	"GNU C11 5.4.1 20160609 (release) [ARM/embedded-5-br"
 1624      43313120 
 1624      352E342E 
 1624      31203230 
 1624      31363036 
 1625 0234 616E6368 		.ascii	"anch revision 237715] -mcpu=cortex-m0plus -mthumb -"
 1625      20726576 
 1625      6973696F 
 1625      6E203233 
 1625      37373135 
 1626 0267 67202D4F 		.ascii	"g -Og -ffunction-sections -ffat-lto-objects\000"
 1626      67202D66 
 1626      66756E63 
 1626      74696F6E 
 1626      2D736563 
 1627              	.LASF28:
 1628 0293 6469736B 		.ascii	"disk_read\000"
 1628      5F726561 
 1628      6400
 1629              	.LASF15:
 1630 029d 5245535F 		.ascii	"RES_PARERR\000"
 1630      50415245 
 1630      525200
 1631              	.LASF25:
 1632 02a8 52414D5F 		.ascii	"RAM_disk_initialize\000"
 1632      6469736B 
 1632      5F696E69 
 1632      7469616C 
 1632      697A6500 
 1633              	.LASF24:
 1634 02bc 70647276 		.ascii	"pdrv\000"
 1634      00
 1635              		.ident	"GCC: (GNU Tools for ARM Embedded Processors) 5.4.1 20160609 (release) [ARM/embedded-5-bran
