ARM GAS  C:\Users\NUSAIR~1\AppData\Local\Temp\ccKGFvVr.s 			page 1


   1              		.syntax unified
   2              		.cpu cortex-m4
   3              		.eabi_attribute 27, 1
   4              		.fpu fpv4-sp-d16
   5              		.eabi_attribute 20, 1
   6              		.eabi_attribute 21, 1
   7              		.eabi_attribute 23, 3
   8              		.eabi_attribute 24, 1
   9              		.eabi_attribute 25, 1
  10              		.eabi_attribute 26, 1
  11              		.eabi_attribute 30, 1
  12              		.eabi_attribute 34, 1
  13              		.eabi_attribute 18, 4
  14              		.thumb
  15              		.syntax unified
  16              		.file	"BLE_ias_config.c"
  17              		.text
  18              	.Ltext0:
  19              		.cfi_sections	.debug_frame
  20              		.global	cy_ble_iasConfig
  21              		.section	.rodata
  22              		.align	2
  23              		.type	cy_ble_iass, %object
  24              		.size	cy_ble_iass, 4
  25              	cy_ble_iass:
  26 0000 1400     		.short	20
  27 0002 1600     		.short	22
  28              		.data
  29              		.align	2
  30              		.type	cy_ble_iasConfig, %object
  31              		.size	cy_ble_iasConfig, 8
  32              	cy_ble_iasConfig:
  33 0000 00000000 		.word	cy_ble_iass
  34 0004 00000000 		.word	0
  35              		.text
  36              	.Letext0:
  37              		.file 1 "c:\\program files (x86)\\cypress\\psoc creator\\4.4\\psoc creator\\import\\gnu\\arm\\5.4.
  38              		.file 2 "c:\\program files (x86)\\cypress\\psoc creator\\4.4\\psoc creator\\import\\gnu\\arm\\5.4.
  39              		.file 3 "Generated_Source\\PSoC6\\pdl\\drivers/peripheral/device/cy_device.h"
  40              		.file 4 "Generated_Source\\PSoC6\\pdl\\middleware/ble/cy_ble_stack_host_main.h"
  41              		.file 5 "Generated_Source\\PSoC6\\pdl\\middleware/ble/cy_ble_stack_gatt.h"
  42              		.file 6 "Generated_Source\\PSoC6\\pdl\\middleware/ble/cy_ble_gap.h"
  43              		.file 7 "Generated_Source\\PSoC6\\pdl\\middleware/ble/cy_ble.h"
  44              		.file 8 "Generated_Source\\PSoC6\\pdl\\middleware/ble/cy_ble_ias.h"
  45              		.file 9 "Generated_Source\\PSoC6\\pdl\\cmsis/include/core_cm4.h"
  46              		.file 10 "Generated_Source\\PSoC6\\BLE_ias_config.c"
  47              		.section	.debug_info,"",%progbits
  48              	.Ldebug_info0:
  49 0000 E7060000 		.4byte	0x6e7
  50 0004 0400     		.2byte	0x4
  51 0006 00000000 		.4byte	.Ldebug_abbrev0
  52 000a 04       		.byte	0x4
  53 000b 01       		.uleb128 0x1
  54 000c 68060000 		.4byte	.LASF144
  55 0010 0C       		.byte	0xc
  56 0011 60050000 		.4byte	.LASF145
  57 0015 CF000000 		.4byte	.LASF146
ARM GAS  C:\Users\NUSAIR~1\AppData\Local\Temp\ccKGFvVr.s 			page 2


  58 0019 00000000 		.4byte	.Ldebug_line0
  59 001d 02       		.uleb128 0x2
  60 001e 04       		.byte	0x4
  61 001f 05       		.byte	0x5
  62 0020 696E7400 		.ascii	"int\000"
  63 0024 03       		.uleb128 0x3
  64 0025 04       		.byte	0x4
  65 0026 07       		.byte	0x7
  66 0027 B8030000 		.4byte	.LASF0
  67 002b 03       		.uleb128 0x3
  68 002c 08       		.byte	0x8
  69 002d 05       		.byte	0x5
  70 002e 8C010000 		.4byte	.LASF1
  71 0032 03       		.uleb128 0x3
  72 0033 08       		.byte	0x8
  73 0034 04       		.byte	0x4
  74 0035 4B080000 		.4byte	.LASF2
  75 0039 03       		.uleb128 0x3
  76 003a 01       		.byte	0x1
  77 003b 06       		.byte	0x6
  78 003c 9A010000 		.4byte	.LASF3
  79 0040 04       		.uleb128 0x4
  80 0041 7E000000 		.4byte	.LASF5
  81 0045 01       		.byte	0x1
  82 0046 1D       		.byte	0x1d
  83 0047 4B000000 		.4byte	0x4b
  84 004b 03       		.uleb128 0x3
  85 004c 01       		.byte	0x1
  86 004d 08       		.byte	0x8
  87 004e DF070000 		.4byte	.LASF4
  88 0052 04       		.uleb128 0x4
  89 0053 4F030000 		.4byte	.LASF6
  90 0057 01       		.byte	0x1
  91 0058 29       		.byte	0x29
  92 0059 5D000000 		.4byte	0x5d
  93 005d 03       		.uleb128 0x3
  94 005e 02       		.byte	0x2
  95 005f 05       		.byte	0x5
  96 0060 01080000 		.4byte	.LASF7
  97 0064 04       		.uleb128 0x4
  98 0065 76080000 		.4byte	.LASF8
  99 0069 01       		.byte	0x1
 100 006a 2B       		.byte	0x2b
 101 006b 6F000000 		.4byte	0x6f
 102 006f 03       		.uleb128 0x3
 103 0070 02       		.byte	0x2
 104 0071 07       		.byte	0x7
 105 0072 E8080000 		.4byte	.LASF9
 106 0076 04       		.uleb128 0x4
 107 0077 AD080000 		.4byte	.LASF10
 108 007b 01       		.byte	0x1
 109 007c 3F       		.byte	0x3f
 110 007d 81000000 		.4byte	0x81
 111 0081 03       		.uleb128 0x3
 112 0082 04       		.byte	0x4
 113 0083 05       		.byte	0x5
 114 0084 0E020000 		.4byte	.LASF11
ARM GAS  C:\Users\NUSAIR~1\AppData\Local\Temp\ccKGFvVr.s 			page 3


 115 0088 04       		.uleb128 0x4
 116 0089 34030000 		.4byte	.LASF12
 117 008d 01       		.byte	0x1
 118 008e 41       		.byte	0x41
 119 008f 93000000 		.4byte	0x93
 120 0093 03       		.uleb128 0x3
 121 0094 04       		.byte	0x4
 122 0095 07       		.byte	0x7
 123 0096 27040000 		.4byte	.LASF13
 124 009a 03       		.uleb128 0x3
 125 009b 08       		.byte	0x8
 126 009c 07       		.byte	0x7
 127 009d 14010000 		.4byte	.LASF14
 128 00a1 03       		.uleb128 0x3
 129 00a2 04       		.byte	0x4
 130 00a3 07       		.byte	0x7
 131 00a4 57050000 		.4byte	.LASF15
 132 00a8 05       		.uleb128 0x5
 133 00a9 04       		.byte	0x4
 134 00aa 03       		.uleb128 0x3
 135 00ab 01       		.byte	0x1
 136 00ac 08       		.byte	0x8
 137 00ad 57080000 		.4byte	.LASF16
 138 00b1 04       		.uleb128 0x4
 139 00b2 BA090000 		.4byte	.LASF17
 140 00b6 02       		.byte	0x2
 141 00b7 18       		.byte	0x18
 142 00b8 40000000 		.4byte	0x40
 143 00bc 04       		.uleb128 0x4
 144 00bd 84010000 		.4byte	.LASF18
 145 00c1 02       		.byte	0x2
 146 00c2 20       		.byte	0x20
 147 00c3 52000000 		.4byte	0x52
 148 00c7 04       		.uleb128 0x4
 149 00c8 0C040000 		.4byte	.LASF19
 150 00cc 02       		.byte	0x2
 151 00cd 24       		.byte	0x24
 152 00ce 64000000 		.4byte	0x64
 153 00d2 04       		.uleb128 0x4
 154 00d3 D7070000 		.4byte	.LASF20
 155 00d7 02       		.byte	0x2
 156 00d8 2C       		.byte	0x2c
 157 00d9 76000000 		.4byte	0x76
 158 00dd 04       		.uleb128 0x4
 159 00de 3D080000 		.4byte	.LASF21
 160 00e2 02       		.byte	0x2
 161 00e3 30       		.byte	0x30
 162 00e4 88000000 		.4byte	0x88
 163 00e8 06       		.uleb128 0x6
 164 00e9 B8       		.byte	0xb8
 165 00ea 03       		.byte	0x3
 166 00eb 34       		.byte	0x34
 167 00ec F9040000 		.4byte	0x4f9
 168 00f0 07       		.uleb128 0x7
 169 00f1 B6000000 		.4byte	.LASF22
 170 00f5 03       		.byte	0x3
 171 00f6 37       		.byte	0x37
ARM GAS  C:\Users\NUSAIR~1\AppData\Local\Temp\ccKGFvVr.s 			page 4


 172 00f7 DD000000 		.4byte	0xdd
 173 00fb 00       		.byte	0
 174 00fc 07       		.uleb128 0x7
 175 00fd 29030000 		.4byte	.LASF23
 176 0101 03       		.byte	0x3
 177 0102 38       		.byte	0x38
 178 0103 DD000000 		.4byte	0xdd
 179 0107 04       		.byte	0x4
 180 0108 07       		.uleb128 0x7
 181 0109 64020000 		.4byte	.LASF24
 182 010d 03       		.byte	0x3
 183 010e 39       		.byte	0x39
 184 010f DD000000 		.4byte	0xdd
 185 0113 08       		.byte	0x8
 186 0114 07       		.uleb128 0x7
 187 0115 92070000 		.4byte	.LASF25
 188 0119 03       		.byte	0x3
 189 011a 3A       		.byte	0x3a
 190 011b DD000000 		.4byte	0xdd
 191 011f 0C       		.byte	0xc
 192 0120 07       		.uleb128 0x7
 193 0121 BB010000 		.4byte	.LASF26
 194 0125 03       		.byte	0x3
 195 0126 3B       		.byte	0x3b
 196 0127 DD000000 		.4byte	0xdd
 197 012b 10       		.byte	0x10
 198 012c 07       		.uleb128 0x7
 199 012d 04020000 		.4byte	.LASF27
 200 0131 03       		.byte	0x3
 201 0132 3C       		.byte	0x3c
 202 0133 DD000000 		.4byte	0xdd
 203 0137 14       		.byte	0x14
 204 0138 07       		.uleb128 0x7
 205 0139 44040000 		.4byte	.LASF28
 206 013d 03       		.byte	0x3
 207 013e 3D       		.byte	0x3d
 208 013f DD000000 		.4byte	0xdd
 209 0143 18       		.byte	0x18
 210 0144 07       		.uleb128 0x7
 211 0145 67000000 		.4byte	.LASF29
 212 0149 03       		.byte	0x3
 213 014a 3E       		.byte	0x3e
 214 014b DD000000 		.4byte	0xdd
 215 014f 1C       		.byte	0x1c
 216 0150 07       		.uleb128 0x7
 217 0151 300A0000 		.4byte	.LASF30
 218 0155 03       		.byte	0x3
 219 0156 3F       		.byte	0x3f
 220 0157 DD000000 		.4byte	0xdd
 221 015b 20       		.byte	0x20
 222 015c 07       		.uleb128 0x7
 223 015d 50060000 		.4byte	.LASF31
 224 0161 03       		.byte	0x3
 225 0162 40       		.byte	0x40
 226 0163 DD000000 		.4byte	0xdd
 227 0167 24       		.byte	0x24
 228 0168 07       		.uleb128 0x7
ARM GAS  C:\Users\NUSAIR~1\AppData\Local\Temp\ccKGFvVr.s 			page 5


 229 0169 0C050000 		.4byte	.LASF32
 230 016d 03       		.byte	0x3
 231 016e 43       		.byte	0x43
 232 016f B1000000 		.4byte	0xb1
 233 0173 28       		.byte	0x28
 234 0174 07       		.uleb128 0x7
 235 0175 4D000000 		.4byte	.LASF33
 236 0179 03       		.byte	0x3
 237 017a 44       		.byte	0x44
 238 017b B1000000 		.4byte	0xb1
 239 017f 29       		.byte	0x29
 240 0180 07       		.uleb128 0x7
 241 0181 260A0000 		.4byte	.LASF34
 242 0185 03       		.byte	0x3
 243 0186 45       		.byte	0x45
 244 0187 B1000000 		.4byte	0xb1
 245 018b 2A       		.byte	0x2a
 246 018c 07       		.uleb128 0x7
 247 018d 42060000 		.4byte	.LASF35
 248 0191 03       		.byte	0x3
 249 0192 46       		.byte	0x46
 250 0193 B1000000 		.4byte	0xb1
 251 0197 2B       		.byte	0x2b
 252 0198 07       		.uleb128 0x7
 253 0199 9C040000 		.4byte	.LASF36
 254 019d 03       		.byte	0x3
 255 019e 47       		.byte	0x47
 256 019f B1000000 		.4byte	0xb1
 257 01a3 2C       		.byte	0x2c
 258 01a4 07       		.uleb128 0x7
 259 01a5 C7080000 		.4byte	.LASF37
 260 01a9 03       		.byte	0x3
 261 01aa 48       		.byte	0x48
 262 01ab B1000000 		.4byte	0xb1
 263 01af 2D       		.byte	0x2d
 264 01b0 07       		.uleb128 0x7
 265 01b1 C4010000 		.4byte	.LASF38
 266 01b5 03       		.byte	0x3
 267 01b6 49       		.byte	0x49
 268 01b7 B1000000 		.4byte	0xb1
 269 01bb 2E       		.byte	0x2e
 270 01bc 07       		.uleb128 0x7
 271 01bd 36050000 		.4byte	.LASF39
 272 01c1 03       		.byte	0x3
 273 01c2 4A       		.byte	0x4a
 274 01c3 B1000000 		.4byte	0xb1
 275 01c7 2F       		.byte	0x2f
 276 01c8 07       		.uleb128 0x7
 277 01c9 5C080000 		.4byte	.LASF40
 278 01cd 03       		.byte	0x3
 279 01ce 4B       		.byte	0x4b
 280 01cf B1000000 		.4byte	0xb1
 281 01d3 30       		.byte	0x30
 282 01d4 07       		.uleb128 0x7
 283 01d5 39040000 		.4byte	.LASF41
 284 01d9 03       		.byte	0x3
 285 01da 4E       		.byte	0x4e
ARM GAS  C:\Users\NUSAIR~1\AppData\Local\Temp\ccKGFvVr.s 			page 6


 286 01db B1000000 		.4byte	0xb1
 287 01df 31       		.byte	0x31
 288 01e0 07       		.uleb128 0x7
 289 01e1 70000000 		.4byte	.LASF42
 290 01e5 03       		.byte	0x3
 291 01e6 4F       		.byte	0x4f
 292 01e7 B1000000 		.4byte	0xb1
 293 01eb 32       		.byte	0x32
 294 01ec 07       		.uleb128 0x7
 295 01ed AC030000 		.4byte	.LASF43
 296 01f1 03       		.byte	0x3
 297 01f2 50       		.byte	0x50
 298 01f3 B1000000 		.4byte	0xb1
 299 01f7 33       		.byte	0x33
 300 01f8 07       		.uleb128 0x7
 301 01f9 A8050000 		.4byte	.LASF44
 302 01fd 03       		.byte	0x3
 303 01fe 51       		.byte	0x51
 304 01ff B1000000 		.4byte	0xb1
 305 0203 34       		.byte	0x34
 306 0204 07       		.uleb128 0x7
 307 0205 12090000 		.4byte	.LASF45
 308 0209 03       		.byte	0x3
 309 020a 52       		.byte	0x52
 310 020b BC000000 		.4byte	0xbc
 311 020f 36       		.byte	0x36
 312 0210 07       		.uleb128 0x7
 313 0211 96020000 		.4byte	.LASF46
 314 0215 03       		.byte	0x3
 315 0216 53       		.byte	0x53
 316 0217 BC000000 		.4byte	0xbc
 317 021b 38       		.byte	0x38
 318 021c 07       		.uleb128 0x7
 319 021d 6F090000 		.4byte	.LASF47
 320 0221 03       		.byte	0x3
 321 0222 54       		.byte	0x54
 322 0223 BC000000 		.4byte	0xbc
 323 0227 3A       		.byte	0x3a
 324 0228 07       		.uleb128 0x7
 325 0229 170A0000 		.4byte	.LASF48
 326 022d 03       		.byte	0x3
 327 022e 55       		.byte	0x55
 328 022f B1000000 		.4byte	0xb1
 329 0233 3C       		.byte	0x3c
 330 0234 07       		.uleb128 0x7
 331 0235 BD020000 		.4byte	.LASF49
 332 0239 03       		.byte	0x3
 333 023a 56       		.byte	0x56
 334 023b B1000000 		.4byte	0xb1
 335 023f 3D       		.byte	0x3d
 336 0240 07       		.uleb128 0x7
 337 0241 1F080000 		.4byte	.LASF50
 338 0245 03       		.byte	0x3
 339 0246 57       		.byte	0x57
 340 0247 B1000000 		.4byte	0xb1
 341 024b 3E       		.byte	0x3e
 342 024c 07       		.uleb128 0x7
ARM GAS  C:\Users\NUSAIR~1\AppData\Local\Temp\ccKGFvVr.s 			page 7


 343 024d 5B000000 		.4byte	.LASF51
 344 0251 03       		.byte	0x3
 345 0252 58       		.byte	0x58
 346 0253 B1000000 		.4byte	0xb1
 347 0257 3F       		.byte	0x3f
 348 0258 07       		.uleb128 0x7
 349 0259 5B060000 		.4byte	.LASF52
 350 025d 03       		.byte	0x3
 351 025e 59       		.byte	0x59
 352 025f B1000000 		.4byte	0xb1
 353 0263 40       		.byte	0x40
 354 0264 07       		.uleb128 0x7
 355 0265 3F030000 		.4byte	.LASF53
 356 0269 03       		.byte	0x3
 357 026a 5A       		.byte	0x5a
 358 026b B1000000 		.4byte	0xb1
 359 026f 41       		.byte	0x41
 360 0270 07       		.uleb128 0x7
 361 0271 B8040000 		.4byte	.LASF54
 362 0275 03       		.byte	0x3
 363 0276 5B       		.byte	0x5b
 364 0277 B1000000 		.4byte	0xb1
 365 027b 42       		.byte	0x42
 366 027c 07       		.uleb128 0x7
 367 027d 0E060000 		.4byte	.LASF55
 368 0281 03       		.byte	0x3
 369 0282 5C       		.byte	0x5c
 370 0283 B1000000 		.4byte	0xb1
 371 0287 43       		.byte	0x43
 372 0288 07       		.uleb128 0x7
 373 0289 85020000 		.4byte	.LASF56
 374 028d 03       		.byte	0x3
 375 028e 5D       		.byte	0x5d
 376 028f B1000000 		.4byte	0xb1
 377 0293 44       		.byte	0x44
 378 0294 07       		.uleb128 0x7
 379 0295 00000000 		.4byte	.LASF57
 380 0299 03       		.byte	0x3
 381 029a 5E       		.byte	0x5e
 382 029b DD000000 		.4byte	0xdd
 383 029f 48       		.byte	0x48
 384 02a0 07       		.uleb128 0x7
 385 02a1 40020000 		.4byte	.LASF58
 386 02a5 03       		.byte	0x3
 387 02a6 5F       		.byte	0x5f
 388 02a7 DD000000 		.4byte	0xdd
 389 02ab 4C       		.byte	0x4c
 390 02ac 07       		.uleb128 0x7
 391 02ad 910A0000 		.4byte	.LASF59
 392 02b1 03       		.byte	0x3
 393 02b2 60       		.byte	0x60
 394 02b3 B1000000 		.4byte	0xb1
 395 02b7 50       		.byte	0x50
 396 02b8 07       		.uleb128 0x7
 397 02b9 5E010000 		.4byte	.LASF60
 398 02bd 03       		.byte	0x3
 399 02be 61       		.byte	0x61
ARM GAS  C:\Users\NUSAIR~1\AppData\Local\Temp\ccKGFvVr.s 			page 8


 400 02bf B1000000 		.4byte	0xb1
 401 02c3 51       		.byte	0x51
 402 02c4 07       		.uleb128 0x7
 403 02c5 1B070000 		.4byte	.LASF61
 404 02c9 03       		.byte	0x3
 405 02ca 62       		.byte	0x62
 406 02cb B1000000 		.4byte	0xb1
 407 02cf 52       		.byte	0x52
 408 02d0 07       		.uleb128 0x7
 409 02d1 4E0A0000 		.4byte	.LASF62
 410 02d5 03       		.byte	0x3
 411 02d6 63       		.byte	0x63
 412 02d7 B1000000 		.4byte	0xb1
 413 02db 53       		.byte	0x53
 414 02dc 07       		.uleb128 0x7
 415 02dd 2D080000 		.4byte	.LASF63
 416 02e1 03       		.byte	0x3
 417 02e2 64       		.byte	0x64
 418 02e3 B1000000 		.4byte	0xb1
 419 02e7 54       		.byte	0x54
 420 02e8 07       		.uleb128 0x7
 421 02e9 70010000 		.4byte	.LASF64
 422 02ed 03       		.byte	0x3
 423 02ee 65       		.byte	0x65
 424 02ef B1000000 		.4byte	0xb1
 425 02f3 55       		.byte	0x55
 426 02f4 07       		.uleb128 0x7
 427 02f5 D4080000 		.4byte	.LASF65
 428 02f9 03       		.byte	0x3
 429 02fa 66       		.byte	0x66
 430 02fb B1000000 		.4byte	0xb1
 431 02ff 56       		.byte	0x56
 432 0300 07       		.uleb128 0x7
 433 0301 4D040000 		.4byte	.LASF66
 434 0305 03       		.byte	0x3
 435 0306 67       		.byte	0x67
 436 0307 B1000000 		.4byte	0xb1
 437 030b 57       		.byte	0x57
 438 030c 07       		.uleb128 0x7
 439 030d 12000000 		.4byte	.LASF67
 440 0311 03       		.byte	0x3
 441 0312 68       		.byte	0x68
 442 0313 B1000000 		.4byte	0xb1
 443 0317 58       		.byte	0x58
 444 0318 07       		.uleb128 0x7
 445 0319 ED070000 		.4byte	.LASF68
 446 031d 03       		.byte	0x3
 447 031e 69       		.byte	0x69
 448 031f B1000000 		.4byte	0xb1
 449 0323 59       		.byte	0x59
 450 0324 07       		.uleb128 0x7
 451 0325 88050000 		.4byte	.LASF69
 452 0329 03       		.byte	0x3
 453 032a 6E       		.byte	0x6e
 454 032b C7000000 		.4byte	0xc7
 455 032f 5A       		.byte	0x5a
 456 0330 07       		.uleb128 0x7
ARM GAS  C:\Users\NUSAIR~1\AppData\Local\Temp\ccKGFvVr.s 			page 9


 457 0331 FB080000 		.4byte	.LASF70
 458 0335 03       		.byte	0x3
 459 0336 6F       		.byte	0x6f
 460 0337 C7000000 		.4byte	0xc7
 461 033b 5C       		.byte	0x5c
 462 033c 07       		.uleb128 0x7
 463 033d C0000000 		.4byte	.LASF71
 464 0341 03       		.byte	0x3
 465 0342 70       		.byte	0x70
 466 0343 B1000000 		.4byte	0xb1
 467 0347 5E       		.byte	0x5e
 468 0348 07       		.uleb128 0x7
 469 0349 7C070000 		.4byte	.LASF72
 470 034d 03       		.byte	0x3
 471 034e 71       		.byte	0x71
 472 034f B1000000 		.4byte	0xb1
 473 0353 5F       		.byte	0x5f
 474 0354 07       		.uleb128 0x7
 475 0355 FD050000 		.4byte	.LASF73
 476 0359 03       		.byte	0x3
 477 035a 72       		.byte	0x72
 478 035b B1000000 		.4byte	0xb1
 479 035f 60       		.byte	0x60
 480 0360 07       		.uleb128 0x7
 481 0361 55070000 		.4byte	.LASF74
 482 0365 03       		.byte	0x3
 483 0366 73       		.byte	0x73
 484 0367 DD000000 		.4byte	0xdd
 485 036b 64       		.byte	0x64
 486 036c 07       		.uleb128 0x7
 487 036d 2B010000 		.4byte	.LASF75
 488 0371 03       		.byte	0x3
 489 0372 76       		.byte	0x76
 490 0373 C7000000 		.4byte	0xc7
 491 0377 68       		.byte	0x68
 492 0378 07       		.uleb128 0x7
 493 0379 15040000 		.4byte	.LASF76
 494 037d 03       		.byte	0x3
 495 037e 77       		.byte	0x77
 496 037f C7000000 		.4byte	0xc7
 497 0383 6A       		.byte	0x6a
 498 0384 07       		.uleb128 0x7
 499 0385 61040000 		.4byte	.LASF77
 500 0389 03       		.byte	0x3
 501 038a 78       		.byte	0x78
 502 038b C7000000 		.4byte	0xc7
 503 038f 6C       		.byte	0x6c
 504 0390 07       		.uleb128 0x7
 505 0391 8F040000 		.4byte	.LASF78
 506 0395 03       		.byte	0x3
 507 0396 79       		.byte	0x79
 508 0397 C7000000 		.4byte	0xc7
 509 039b 6E       		.byte	0x6e
 510 039c 07       		.uleb128 0x7
 511 039d 0B080000 		.4byte	.LASF79
 512 03a1 03       		.byte	0x3
 513 03a2 7B       		.byte	0x7b
ARM GAS  C:\Users\NUSAIR~1\AppData\Local\Temp\ccKGFvVr.s 			page 10


 514 03a3 B1000000 		.4byte	0xb1
 515 03a7 70       		.byte	0x70
 516 03a8 07       		.uleb128 0x7
 517 03a9 A6010000 		.4byte	.LASF80
 518 03ad 03       		.byte	0x3
 519 03ae 7C       		.byte	0x7c
 520 03af B1000000 		.4byte	0xb1
 521 03b3 71       		.byte	0x71
 522 03b4 07       		.uleb128 0x7
 523 03b5 380A0000 		.4byte	.LASF81
 524 03b9 03       		.byte	0x3
 525 03ba 7D       		.byte	0x7d
 526 03bb B1000000 		.4byte	0xb1
 527 03bf 72       		.byte	0x72
 528 03c0 07       		.uleb128 0x7
 529 03c1 D8050000 		.4byte	.LASF82
 530 03c5 03       		.byte	0x3
 531 03c6 7E       		.byte	0x7e
 532 03c7 B1000000 		.4byte	0xb1
 533 03cb 73       		.byte	0x73
 534 03cc 07       		.uleb128 0x7
 535 03cd D9020000 		.4byte	.LASF83
 536 03d1 03       		.byte	0x3
 537 03d2 80       		.byte	0x80
 538 03d3 C7000000 		.4byte	0xc7
 539 03d7 74       		.byte	0x74
 540 03d8 07       		.uleb128 0x7
 541 03d9 9A080000 		.4byte	.LASF84
 542 03dd 03       		.byte	0x3
 543 03de 81       		.byte	0x81
 544 03df C7000000 		.4byte	0xc7
 545 03e3 76       		.byte	0x76
 546 03e4 07       		.uleb128 0x7
 547 03e5 A8020000 		.4byte	.LASF85
 548 03e9 03       		.byte	0x3
 549 03ea 82       		.byte	0x82
 550 03eb C7000000 		.4byte	0xc7
 551 03ef 78       		.byte	0x78
 552 03f0 07       		.uleb128 0x7
 553 03f1 88000000 		.4byte	.LASF86
 554 03f5 03       		.byte	0x3
 555 03f6 83       		.byte	0x83
 556 03f7 C7000000 		.4byte	0xc7
 557 03fb 7A       		.byte	0x7a
 558 03fc 07       		.uleb128 0x7
 559 03fd D7090000 		.4byte	.LASF87
 560 0401 03       		.byte	0x3
 561 0402 86       		.byte	0x86
 562 0403 B1000000 		.4byte	0xb1
 563 0407 7C       		.byte	0x7c
 564 0408 07       		.uleb128 0x7
 565 0409 1F090000 		.4byte	.LASF88
 566 040d 03       		.byte	0x3
 567 040e 87       		.byte	0x87
 568 040f B1000000 		.4byte	0xb1
 569 0413 7D       		.byte	0x7d
 570 0414 07       		.uleb128 0x7
ARM GAS  C:\Users\NUSAIR~1\AppData\Local\Temp\ccKGFvVr.s 			page 11


 571 0415 26000000 		.4byte	.LASF89
 572 0419 03       		.byte	0x3
 573 041a 88       		.byte	0x88
 574 041b B1000000 		.4byte	0xb1
 575 041f 7E       		.byte	0x7e
 576 0420 07       		.uleb128 0x7
 577 0421 15030000 		.4byte	.LASF90
 578 0425 03       		.byte	0x3
 579 0426 89       		.byte	0x89
 580 0427 B1000000 		.4byte	0xb1
 581 042b 7F       		.byte	0x7f
 582 042c 07       		.uleb128 0x7
 583 042d 98030000 		.4byte	.LASF91
 584 0431 03       		.byte	0x3
 585 0432 8A       		.byte	0x8a
 586 0433 B1000000 		.4byte	0xb1
 587 0437 80       		.byte	0x80
 588 0438 07       		.uleb128 0x7
 589 0439 EF040000 		.4byte	.LASF92
 590 043d 03       		.byte	0x3
 591 043e 8D       		.byte	0x8d
 592 043f DD000000 		.4byte	0xdd
 593 0443 84       		.byte	0x84
 594 0444 07       		.uleb128 0x7
 595 0445 17020000 		.4byte	.LASF93
 596 0449 03       		.byte	0x3
 597 044a 8E       		.byte	0x8e
 598 044b DD000000 		.4byte	0xdd
 599 044f 88       		.byte	0x88
 600 0450 07       		.uleb128 0x7
 601 0451 C2090000 		.4byte	.LASF94
 602 0455 03       		.byte	0x3
 603 0456 8F       		.byte	0x8f
 604 0457 DD000000 		.4byte	0xdd
 605 045b 8C       		.byte	0x8c
 606 045c 07       		.uleb128 0x7
 607 045d 42050000 		.4byte	.LASF95
 608 0461 03       		.byte	0x3
 609 0462 90       		.byte	0x90
 610 0463 DD000000 		.4byte	0xdd
 611 0467 90       		.byte	0x90
 612 0468 07       		.uleb128 0x7
 613 0469 59030000 		.4byte	.LASF96
 614 046d 03       		.byte	0x3
 615 046e 91       		.byte	0x91
 616 046f DD000000 		.4byte	0xdd
 617 0473 94       		.byte	0x94
 618 0474 07       		.uleb128 0x7
 619 0475 D9040000 		.4byte	.LASF97
 620 0479 03       		.byte	0x3
 621 047a 92       		.byte	0x92
 622 047b DD000000 		.4byte	0xdd
 623 047f 98       		.byte	0x98
 624 0480 07       		.uleb128 0x7
 625 0481 F8090000 		.4byte	.LASF98
 626 0485 03       		.byte	0x3
 627 0486 93       		.byte	0x93
ARM GAS  C:\Users\NUSAIR~1\AppData\Local\Temp\ccKGFvVr.s 			page 12


 628 0487 DD000000 		.4byte	0xdd
 629 048b 9C       		.byte	0x9c
 630 048c 07       		.uleb128 0x7
 631 048d 3B010000 		.4byte	.LASF99
 632 0491 03       		.byte	0x3
 633 0492 94       		.byte	0x94
 634 0493 DD000000 		.4byte	0xdd
 635 0497 A0       		.byte	0xa0
 636 0498 07       		.uleb128 0x7
 637 0499 CF010000 		.4byte	.LASF100
 638 049d 03       		.byte	0x3
 639 049e 95       		.byte	0x95
 640 049f C7000000 		.4byte	0xc7
 641 04a3 A4       		.byte	0xa4
 642 04a4 07       		.uleb128 0x7
 643 04a5 C4040000 		.4byte	.LASF101
 644 04a9 03       		.byte	0x3
 645 04aa 96       		.byte	0x96
 646 04ab C7000000 		.4byte	0xc7
 647 04af A6       		.byte	0xa6
 648 04b0 07       		.uleb128 0x7
 649 04b1 70070000 		.4byte	.LASF102
 650 04b5 03       		.byte	0x3
 651 04b6 97       		.byte	0x97
 652 04b7 C7000000 		.4byte	0xc7
 653 04bb A8       		.byte	0xa8
 654 04bc 07       		.uleb128 0x7
 655 04bd 68080000 		.4byte	.LASF103
 656 04c1 03       		.byte	0x3
 657 04c2 98       		.byte	0x98
 658 04c3 C7000000 		.4byte	0xc7
 659 04c7 AA       		.byte	0xaa
 660 04c8 07       		.uleb128 0x7
 661 04c9 70040000 		.4byte	.LASF104
 662 04cd 03       		.byte	0x3
 663 04ce 99       		.byte	0x99
 664 04cf C7000000 		.4byte	0xc7
 665 04d3 AC       		.byte	0xac
 666 04d4 07       		.uleb128 0x7
 667 04d5 EF050000 		.4byte	.LASF105
 668 04d9 03       		.byte	0x3
 669 04da 9A       		.byte	0x9a
 670 04db C7000000 		.4byte	0xc7
 671 04df AE       		.byte	0xae
 672 04e0 07       		.uleb128 0x7
 673 04e1 04090000 		.4byte	.LASF106
 674 04e5 03       		.byte	0x3
 675 04e6 9D       		.byte	0x9d
 676 04e7 C7000000 		.4byte	0xc7
 677 04eb B0       		.byte	0xb0
 678 04ec 07       		.uleb128 0x7
 679 04ed 39000000 		.4byte	.LASF107
 680 04f1 03       		.byte	0x3
 681 04f2 9E       		.byte	0x9e
 682 04f3 DD000000 		.4byte	0xdd
 683 04f7 B4       		.byte	0xb4
 684 04f8 00       		.byte	0
ARM GAS  C:\Users\NUSAIR~1\AppData\Local\Temp\ccKGFvVr.s 			page 13


 685 04f9 04       		.uleb128 0x4
 686 04fa A8040000 		.4byte	.LASF108
 687 04fe 03       		.byte	0x3
 688 04ff 9F       		.byte	0x9f
 689 0500 E8000000 		.4byte	0xe8
 690 0504 03       		.uleb128 0x3
 691 0505 04       		.byte	0x4
 692 0506 04       		.byte	0x4
 693 0507 4F070000 		.4byte	.LASF109
 694 050b 03       		.uleb128 0x3
 695 050c 08       		.byte	0x8
 696 050d 04       		.byte	0x4
 697 050e A1020000 		.4byte	.LASF110
 698 0512 08       		.uleb128 0x8
 699 0513 02       		.byte	0x2
 700 0514 04       		.byte	0x4
 701 0515 6401     		.2byte	0x164
 702 0517 36050000 		.4byte	0x536
 703 051b 09       		.uleb128 0x9
 704 051c 0E0A0000 		.4byte	.LASF111
 705 0520 04       		.byte	0x4
 706 0521 6E01     		.2byte	0x16e
 707 0523 B1000000 		.4byte	0xb1
 708 0527 00       		.byte	0
 709 0528 09       		.uleb128 0x9
 710 0529 06050000 		.4byte	.LASF112
 711 052d 04       		.byte	0x4
 712 052e 7201     		.2byte	0x172
 713 0530 B1000000 		.4byte	0xb1
 714 0534 01       		.byte	0x1
 715 0535 00       		.byte	0
 716 0536 0A       		.uleb128 0xa
 717 0537 9D000000 		.4byte	.LASF113
 718 053b 04       		.byte	0x4
 719 053c 7401     		.2byte	0x174
 720 053e 12050000 		.4byte	0x512
 721 0542 0A       		.uleb128 0xa
 722 0543 19050000 		.4byte	.LASF114
 723 0547 05       		.byte	0x5
 724 0548 7F01     		.2byte	0x17f
 725 054a C7000000 		.4byte	0xc7
 726 054e 0B       		.uleb128 0xb
 727 054f 01       		.byte	0x1
 728 0550 4B000000 		.4byte	0x4b
 729 0554 06       		.byte	0x6
 730 0555 7E       		.byte	0x7e
 731 0556 73050000 		.4byte	0x573
 732 055a 0C       		.uleb128 0xc
 733 055b A1090000 		.4byte	.LASF115
 734 055f 00       		.byte	0
 735 0560 0C       		.uleb128 0xc
 736 0561 B9050000 		.4byte	.LASF116
 737 0565 01       		.byte	0x1
 738 0566 0C       		.uleb128 0xc
 739 0567 84090000 		.4byte	.LASF117
 740 056b 02       		.byte	0x2
 741 056c 0C       		.uleb128 0xc
ARM GAS  C:\Users\NUSAIR~1\AppData\Local\Temp\ccKGFvVr.s 			page 14


 742 056d E4010000 		.4byte	.LASF118
 743 0571 03       		.byte	0x3
 744 0572 00       		.byte	0
 745 0573 04       		.uleb128 0x4
 746 0574 4E020000 		.4byte	.LASF119
 747 0578 06       		.byte	0x6
 748 0579 83       		.byte	0x83
 749 057a 4E050000 		.4byte	0x54e
 750 057e 0B       		.uleb128 0xb
 751 057f 01       		.byte	0x1
 752 0580 4B000000 		.4byte	0x4b
 753 0584 06       		.byte	0x6
 754 0585 87       		.byte	0x87
 755 0586 BB050000 		.4byte	0x5bb
 756 058a 0C       		.uleb128 0xc
 757 058b 3E090000 		.4byte	.LASF120
 758 058f 00       		.byte	0
 759 0590 0C       		.uleb128 0xc
 760 0591 600A0000 		.4byte	.LASF121
 761 0595 01       		.byte	0x1
 762 0596 0C       		.uleb128 0xc
 763 0597 C5030000 		.4byte	.LASF122
 764 059b 02       		.byte	0x2
 765 059c 0C       		.uleb128 0xc
 766 059d 6E030000 		.4byte	.LASF123
 767 05a1 03       		.byte	0x3
 768 05a2 0C       		.uleb128 0xc
 769 05a3 EB020000 		.4byte	.LASF124
 770 05a7 04       		.byte	0x4
 771 05a8 0C       		.uleb128 0xc
 772 05a9 9A070000 		.4byte	.LASF125
 773 05ad 05       		.byte	0x5
 774 05ae 0C       		.uleb128 0xc
 775 05af E1030000 		.4byte	.LASF126
 776 05b3 06       		.byte	0x6
 777 05b4 0C       		.uleb128 0xc
 778 05b5 2B070000 		.4byte	.LASF127
 779 05b9 07       		.byte	0x7
 780 05ba 00       		.byte	0
 781 05bb 04       		.uleb128 0x4
 782 05bc 19060000 		.4byte	.LASF128
 783 05c0 06       		.byte	0x6
 784 05c1 90       		.byte	0x90
 785 05c2 7E050000 		.4byte	0x57e
 786 05c6 04       		.uleb128 0x4
 787 05c7 2E020000 		.4byte	.LASF129
 788 05cb 07       		.byte	0x7
 789 05cc 40       		.byte	0x40
 790 05cd D1050000 		.4byte	0x5d1
 791 05d1 0D       		.uleb128 0xd
 792 05d2 04       		.byte	0x4
 793 05d3 D7050000 		.4byte	0x5d7
 794 05d7 0E       		.uleb128 0xe
 795 05d8 E7050000 		.4byte	0x5e7
 796 05dc 0F       		.uleb128 0xf
 797 05dd DD000000 		.4byte	0xdd
 798 05e1 0F       		.uleb128 0xf
ARM GAS  C:\Users\NUSAIR~1\AppData\Local\Temp\ccKGFvVr.s 			page 15


 799 05e2 A8000000 		.4byte	0xa8
 800 05e6 00       		.byte	0
 801 05e7 03       		.uleb128 0x3
 802 05e8 01       		.byte	0x1
 803 05e9 02       		.byte	0x2
 804 05ea D1070000 		.4byte	.LASF130
 805 05ee 06       		.uleb128 0x6
 806 05ef 04       		.byte	0x4
 807 05f0 08       		.byte	0x8
 808 05f1 30       		.byte	0x30
 809 05f2 0F060000 		.4byte	0x60f
 810 05f6 07       		.uleb128 0x7
 811 05f7 30090000 		.4byte	.LASF131
 812 05fb 08       		.byte	0x8
 813 05fc 32       		.byte	0x32
 814 05fd 42050000 		.4byte	0x542
 815 0601 00       		.byte	0
 816 0602 07       		.uleb128 0x7
 817 0603 93050000 		.4byte	.LASF132
 818 0607 08       		.byte	0x8
 819 0608 33       		.byte	0x33
 820 0609 42050000 		.4byte	0x542
 821 060d 02       		.byte	0x2
 822 060e 00       		.byte	0
 823 060f 04       		.uleb128 0x4
 824 0610 30060000 		.4byte	.LASF133
 825 0614 08       		.byte	0x8
 826 0615 34       		.byte	0x34
 827 0616 EE050000 		.4byte	0x5ee
 828 061a 06       		.uleb128 0x6
 829 061b 08       		.byte	0x8
 830 061c 08       		.byte	0x8
 831 061d 46       		.byte	0x46
 832 061e 3B060000 		.4byte	0x63b
 833 0622 07       		.uleb128 0x7
 834 0623 46080000 		.4byte	.LASF134
 835 0627 08       		.byte	0x8
 836 0628 49       		.byte	0x49
 837 0629 3B060000 		.4byte	0x63b
 838 062d 00       		.byte	0
 839 062e 07       		.uleb128 0x7
 840 062f C4070000 		.4byte	.LASF135
 841 0633 08       		.byte	0x8
 842 0634 4C       		.byte	0x4c
 843 0635 C6050000 		.4byte	0x5c6
 844 0639 04       		.byte	0x4
 845 063a 00       		.byte	0
 846 063b 0D       		.uleb128 0xd
 847 063c 04       		.byte	0x4
 848 063d 41060000 		.4byte	0x641
 849 0641 10       		.uleb128 0x10
 850 0642 0F060000 		.4byte	0x60f
 851 0646 04       		.uleb128 0x4
 852 0647 6D020000 		.4byte	.LASF136
 853 064b 08       		.byte	0x8
 854 064c 4D       		.byte	0x4d
 855 064d 1A060000 		.4byte	0x61a
ARM GAS  C:\Users\NUSAIR~1\AppData\Local\Temp\ccKGFvVr.s 			page 16


 856 0651 11       		.uleb128 0x11
 857 0652 EC090000 		.4byte	.LASF147
 858 0656 0A       		.byte	0xa
 859 0657 14       		.byte	0x14
 860 0658 41060000 		.4byte	0x641
 861 065c 05       		.uleb128 0x5
 862 065d 03       		.byte	0x3
 863 065e 00000000 		.4byte	cy_ble_iass
 864 0662 12       		.uleb128 0x12
 865 0663 66070000 		.4byte	.LASF137
 866 0667 03       		.byte	0x3
 867 0668 A7       		.byte	0xa7
 868 0669 6D060000 		.4byte	0x66d
 869 066d 0D       		.uleb128 0xd
 870 066e 04       		.byte	0x4
 871 066f 73060000 		.4byte	0x673
 872 0673 10       		.uleb128 0x10
 873 0674 F9040000 		.4byte	0x4f9
 874 0678 13       		.uleb128 0x13
 875 0679 51010000 		.4byte	.LASF138
 876 067d 09       		.byte	0x9
 877 067e F907     		.2byte	0x7f9
 878 0680 84060000 		.4byte	0x684
 879 0684 14       		.uleb128 0x14
 880 0685 D2000000 		.4byte	0xd2
 881 0689 13       		.uleb128 0x13
 882 068a B7080000 		.4byte	.LASF139
 883 068e 06       		.byte	0x6
 884 068f 2202     		.2byte	0x222
 885 0691 73050000 		.4byte	0x573
 886 0695 15       		.uleb128 0x15
 887 0696 36050000 		.4byte	0x536
 888 069a A5060000 		.4byte	0x6a5
 889 069e 16       		.uleb128 0x16
 890 069f A1000000 		.4byte	0xa1
 891 06a3 00       		.byte	0
 892 06a4 00       		.byte	0
 893 06a5 13       		.uleb128 0x13
 894 06a6 5D090000 		.4byte	.LASF140
 895 06aa 06       		.byte	0x6
 896 06ab 2C02     		.2byte	0x22c
 897 06ad 95060000 		.4byte	0x695
 898 06b1 15       		.uleb128 0x15
 899 06b2 BB050000 		.4byte	0x5bb
 900 06b6 C1060000 		.4byte	0x6c1
 901 06ba 16       		.uleb128 0x16
 902 06bb A1000000 		.4byte	0xa1
 903 06bf 00       		.byte	0
 904 06c0 00       		.byte	0
 905 06c1 13       		.uleb128 0x13
 906 06c2 7E040000 		.4byte	.LASF141
 907 06c6 06       		.byte	0x6
 908 06c7 2D02     		.2byte	0x22d
 909 06c9 B1060000 		.4byte	0x6b1
 910 06cd 13       		.uleb128 0x13
 911 06ce 81080000 		.4byte	.LASF142
 912 06d2 06       		.byte	0x6
ARM GAS  C:\Users\NUSAIR~1\AppData\Local\Temp\ccKGFvVr.s 			page 17


 913 06d3 5202     		.2byte	0x252
 914 06d5 B1000000 		.4byte	0xb1
 915 06d9 17       		.uleb128 0x17
 916 06da C8020000 		.4byte	.LASF143
 917 06de 0A       		.byte	0xa
 918 06df 21       		.byte	0x21
 919 06e0 46060000 		.4byte	0x646
 920 06e4 05       		.uleb128 0x5
 921 06e5 03       		.byte	0x3
 922 06e6 00000000 		.4byte	cy_ble_iasConfig
 923 06ea 00       		.byte	0
 924              		.section	.debug_abbrev,"",%progbits
 925              	.Ldebug_abbrev0:
 926 0000 01       		.uleb128 0x1
 927 0001 11       		.uleb128 0x11
 928 0002 01       		.byte	0x1
 929 0003 25       		.uleb128 0x25
 930 0004 0E       		.uleb128 0xe
 931 0005 13       		.uleb128 0x13
 932 0006 0B       		.uleb128 0xb
 933 0007 03       		.uleb128 0x3
 934 0008 0E       		.uleb128 0xe
 935 0009 1B       		.uleb128 0x1b
 936 000a 0E       		.uleb128 0xe
 937 000b 10       		.uleb128 0x10
 938 000c 17       		.uleb128 0x17
 939 000d 00       		.byte	0
 940 000e 00       		.byte	0
 941 000f 02       		.uleb128 0x2
 942 0010 24       		.uleb128 0x24
 943 0011 00       		.byte	0
 944 0012 0B       		.uleb128 0xb
 945 0013 0B       		.uleb128 0xb
 946 0014 3E       		.uleb128 0x3e
 947 0015 0B       		.uleb128 0xb
 948 0016 03       		.uleb128 0x3
 949 0017 08       		.uleb128 0x8
 950 0018 00       		.byte	0
 951 0019 00       		.byte	0
 952 001a 03       		.uleb128 0x3
 953 001b 24       		.uleb128 0x24
 954 001c 00       		.byte	0
 955 001d 0B       		.uleb128 0xb
 956 001e 0B       		.uleb128 0xb
 957 001f 3E       		.uleb128 0x3e
 958 0020 0B       		.uleb128 0xb
 959 0021 03       		.uleb128 0x3
 960 0022 0E       		.uleb128 0xe
 961 0023 00       		.byte	0
 962 0024 00       		.byte	0
 963 0025 04       		.uleb128 0x4
 964 0026 16       		.uleb128 0x16
 965 0027 00       		.byte	0
 966 0028 03       		.uleb128 0x3
 967 0029 0E       		.uleb128 0xe
 968 002a 3A       		.uleb128 0x3a
 969 002b 0B       		.uleb128 0xb
ARM GAS  C:\Users\NUSAIR~1\AppData\Local\Temp\ccKGFvVr.s 			page 18


 970 002c 3B       		.uleb128 0x3b
 971 002d 0B       		.uleb128 0xb
 972 002e 49       		.uleb128 0x49
 973 002f 13       		.uleb128 0x13
 974 0030 00       		.byte	0
 975 0031 00       		.byte	0
 976 0032 05       		.uleb128 0x5
 977 0033 0F       		.uleb128 0xf
 978 0034 00       		.byte	0
 979 0035 0B       		.uleb128 0xb
 980 0036 0B       		.uleb128 0xb
 981 0037 00       		.byte	0
 982 0038 00       		.byte	0
 983 0039 06       		.uleb128 0x6
 984 003a 13       		.uleb128 0x13
 985 003b 01       		.byte	0x1
 986 003c 0B       		.uleb128 0xb
 987 003d 0B       		.uleb128 0xb
 988 003e 3A       		.uleb128 0x3a
 989 003f 0B       		.uleb128 0xb
 990 0040 3B       		.uleb128 0x3b
 991 0041 0B       		.uleb128 0xb
 992 0042 01       		.uleb128 0x1
 993 0043 13       		.uleb128 0x13
 994 0044 00       		.byte	0
 995 0045 00       		.byte	0
 996 0046 07       		.uleb128 0x7
 997 0047 0D       		.uleb128 0xd
 998 0048 00       		.byte	0
 999 0049 03       		.uleb128 0x3
 1000 004a 0E       		.uleb128 0xe
 1001 004b 3A       		.uleb128 0x3a
 1002 004c 0B       		.uleb128 0xb
 1003 004d 3B       		.uleb128 0x3b
 1004 004e 0B       		.uleb128 0xb
 1005 004f 49       		.uleb128 0x49
 1006 0050 13       		.uleb128 0x13
 1007 0051 38       		.uleb128 0x38
 1008 0052 0B       		.uleb128 0xb
 1009 0053 00       		.byte	0
 1010 0054 00       		.byte	0
 1011 0055 08       		.uleb128 0x8
 1012 0056 13       		.uleb128 0x13
 1013 0057 01       		.byte	0x1
 1014 0058 0B       		.uleb128 0xb
 1015 0059 0B       		.uleb128 0xb
 1016 005a 3A       		.uleb128 0x3a
 1017 005b 0B       		.uleb128 0xb
 1018 005c 3B       		.uleb128 0x3b
 1019 005d 05       		.uleb128 0x5
 1020 005e 01       		.uleb128 0x1
 1021 005f 13       		.uleb128 0x13
 1022 0060 00       		.byte	0
 1023 0061 00       		.byte	0
 1024 0062 09       		.uleb128 0x9
 1025 0063 0D       		.uleb128 0xd
 1026 0064 00       		.byte	0
ARM GAS  C:\Users\NUSAIR~1\AppData\Local\Temp\ccKGFvVr.s 			page 19


 1027 0065 03       		.uleb128 0x3
 1028 0066 0E       		.uleb128 0xe
 1029 0067 3A       		.uleb128 0x3a
 1030 0068 0B       		.uleb128 0xb
 1031 0069 3B       		.uleb128 0x3b
 1032 006a 05       		.uleb128 0x5
 1033 006b 49       		.uleb128 0x49
 1034 006c 13       		.uleb128 0x13
 1035 006d 38       		.uleb128 0x38
 1036 006e 0B       		.uleb128 0xb
 1037 006f 00       		.byte	0
 1038 0070 00       		.byte	0
 1039 0071 0A       		.uleb128 0xa
 1040 0072 16       		.uleb128 0x16
 1041 0073 00       		.byte	0
 1042 0074 03       		.uleb128 0x3
 1043 0075 0E       		.uleb128 0xe
 1044 0076 3A       		.uleb128 0x3a
 1045 0077 0B       		.uleb128 0xb
 1046 0078 3B       		.uleb128 0x3b
 1047 0079 05       		.uleb128 0x5
 1048 007a 49       		.uleb128 0x49
 1049 007b 13       		.uleb128 0x13
 1050 007c 00       		.byte	0
 1051 007d 00       		.byte	0
 1052 007e 0B       		.uleb128 0xb
 1053 007f 04       		.uleb128 0x4
 1054 0080 01       		.byte	0x1
 1055 0081 0B       		.uleb128 0xb
 1056 0082 0B       		.uleb128 0xb
 1057 0083 49       		.uleb128 0x49
 1058 0084 13       		.uleb128 0x13
 1059 0085 3A       		.uleb128 0x3a
 1060 0086 0B       		.uleb128 0xb
 1061 0087 3B       		.uleb128 0x3b
 1062 0088 0B       		.uleb128 0xb
 1063 0089 01       		.uleb128 0x1
 1064 008a 13       		.uleb128 0x13
 1065 008b 00       		.byte	0
 1066 008c 00       		.byte	0
 1067 008d 0C       		.uleb128 0xc
 1068 008e 28       		.uleb128 0x28
 1069 008f 00       		.byte	0
 1070 0090 03       		.uleb128 0x3
 1071 0091 0E       		.uleb128 0xe
 1072 0092 1C       		.uleb128 0x1c
 1073 0093 0B       		.uleb128 0xb
 1074 0094 00       		.byte	0
 1075 0095 00       		.byte	0
 1076 0096 0D       		.uleb128 0xd
 1077 0097 0F       		.uleb128 0xf
 1078 0098 00       		.byte	0
 1079 0099 0B       		.uleb128 0xb
 1080 009a 0B       		.uleb128 0xb
 1081 009b 49       		.uleb128 0x49
 1082 009c 13       		.uleb128 0x13
 1083 009d 00       		.byte	0
ARM GAS  C:\Users\NUSAIR~1\AppData\Local\Temp\ccKGFvVr.s 			page 20


 1084 009e 00       		.byte	0
 1085 009f 0E       		.uleb128 0xe
 1086 00a0 15       		.uleb128 0x15
 1087 00a1 01       		.byte	0x1
 1088 00a2 27       		.uleb128 0x27
 1089 00a3 19       		.uleb128 0x19
 1090 00a4 01       		.uleb128 0x1
 1091 00a5 13       		.uleb128 0x13
 1092 00a6 00       		.byte	0
 1093 00a7 00       		.byte	0
 1094 00a8 0F       		.uleb128 0xf
 1095 00a9 05       		.uleb128 0x5
 1096 00aa 00       		.byte	0
 1097 00ab 49       		.uleb128 0x49
 1098 00ac 13       		.uleb128 0x13
 1099 00ad 00       		.byte	0
 1100 00ae 00       		.byte	0
 1101 00af 10       		.uleb128 0x10
 1102 00b0 26       		.uleb128 0x26
 1103 00b1 00       		.byte	0
 1104 00b2 49       		.uleb128 0x49
 1105 00b3 13       		.uleb128 0x13
 1106 00b4 00       		.byte	0
 1107 00b5 00       		.byte	0
 1108 00b6 11       		.uleb128 0x11
 1109 00b7 34       		.uleb128 0x34
 1110 00b8 00       		.byte	0
 1111 00b9 03       		.uleb128 0x3
 1112 00ba 0E       		.uleb128 0xe
 1113 00bb 3A       		.uleb128 0x3a
 1114 00bc 0B       		.uleb128 0xb
 1115 00bd 3B       		.uleb128 0x3b
 1116 00be 0B       		.uleb128 0xb
 1117 00bf 49       		.uleb128 0x49
 1118 00c0 13       		.uleb128 0x13
 1119 00c1 02       		.uleb128 0x2
 1120 00c2 18       		.uleb128 0x18
 1121 00c3 00       		.byte	0
 1122 00c4 00       		.byte	0
 1123 00c5 12       		.uleb128 0x12
 1124 00c6 34       		.uleb128 0x34
 1125 00c7 00       		.byte	0
 1126 00c8 03       		.uleb128 0x3
 1127 00c9 0E       		.uleb128 0xe
 1128 00ca 3A       		.uleb128 0x3a
 1129 00cb 0B       		.uleb128 0xb
 1130 00cc 3B       		.uleb128 0x3b
 1131 00cd 0B       		.uleb128 0xb
 1132 00ce 49       		.uleb128 0x49
 1133 00cf 13       		.uleb128 0x13
 1134 00d0 3F       		.uleb128 0x3f
 1135 00d1 19       		.uleb128 0x19
 1136 00d2 3C       		.uleb128 0x3c
 1137 00d3 19       		.uleb128 0x19
 1138 00d4 00       		.byte	0
 1139 00d5 00       		.byte	0
 1140 00d6 13       		.uleb128 0x13
ARM GAS  C:\Users\NUSAIR~1\AppData\Local\Temp\ccKGFvVr.s 			page 21


 1141 00d7 34       		.uleb128 0x34
 1142 00d8 00       		.byte	0
 1143 00d9 03       		.uleb128 0x3
 1144 00da 0E       		.uleb128 0xe
 1145 00db 3A       		.uleb128 0x3a
 1146 00dc 0B       		.uleb128 0xb
 1147 00dd 3B       		.uleb128 0x3b
 1148 00de 05       		.uleb128 0x5
 1149 00df 49       		.uleb128 0x49
 1150 00e0 13       		.uleb128 0x13
 1151 00e1 3F       		.uleb128 0x3f
 1152 00e2 19       		.uleb128 0x19
 1153 00e3 3C       		.uleb128 0x3c
 1154 00e4 19       		.uleb128 0x19
 1155 00e5 00       		.byte	0
 1156 00e6 00       		.byte	0
 1157 00e7 14       		.uleb128 0x14
 1158 00e8 35       		.uleb128 0x35
 1159 00e9 00       		.byte	0
 1160 00ea 49       		.uleb128 0x49
 1161 00eb 13       		.uleb128 0x13
 1162 00ec 00       		.byte	0
 1163 00ed 00       		.byte	0
 1164 00ee 15       		.uleb128 0x15
 1165 00ef 01       		.uleb128 0x1
 1166 00f0 01       		.byte	0x1
 1167 00f1 49       		.uleb128 0x49
 1168 00f2 13       		.uleb128 0x13
 1169 00f3 01       		.uleb128 0x1
 1170 00f4 13       		.uleb128 0x13
 1171 00f5 00       		.byte	0
 1172 00f6 00       		.byte	0
 1173 00f7 16       		.uleb128 0x16
 1174 00f8 21       		.uleb128 0x21
 1175 00f9 00       		.byte	0
 1176 00fa 49       		.uleb128 0x49
 1177 00fb 13       		.uleb128 0x13
 1178 00fc 2F       		.uleb128 0x2f
 1179 00fd 0B       		.uleb128 0xb
 1180 00fe 00       		.byte	0
 1181 00ff 00       		.byte	0
 1182 0100 17       		.uleb128 0x17
 1183 0101 34       		.uleb128 0x34
 1184 0102 00       		.byte	0
 1185 0103 03       		.uleb128 0x3
 1186 0104 0E       		.uleb128 0xe
 1187 0105 3A       		.uleb128 0x3a
 1188 0106 0B       		.uleb128 0xb
 1189 0107 3B       		.uleb128 0x3b
 1190 0108 0B       		.uleb128 0xb
 1191 0109 49       		.uleb128 0x49
 1192 010a 13       		.uleb128 0x13
 1193 010b 3F       		.uleb128 0x3f
 1194 010c 19       		.uleb128 0x19
 1195 010d 02       		.uleb128 0x2
 1196 010e 18       		.uleb128 0x18
 1197 010f 00       		.byte	0
ARM GAS  C:\Users\NUSAIR~1\AppData\Local\Temp\ccKGFvVr.s 			page 22


 1198 0110 00       		.byte	0
 1199 0111 00       		.byte	0
 1200              		.section	.debug_aranges,"",%progbits
 1201 0000 14000000 		.4byte	0x14
 1202 0004 0200     		.2byte	0x2
 1203 0006 00000000 		.4byte	.Ldebug_info0
 1204 000a 04       		.byte	0x4
 1205 000b 00       		.byte	0
 1206 000c 0000     		.2byte	0
 1207 000e 0000     		.2byte	0
 1208 0010 00000000 		.4byte	0
 1209 0014 00000000 		.4byte	0
 1210              		.section	.debug_line,"",%progbits
 1211              	.Ldebug_line0:
 1212 0000 45020000 		.section	.debug_str,"MS",%progbits,1
 1212      02003F02 
 1212      00000201 
 1212      FB0E0D00 
 1212      01010101 
 1213              	.LASF57:
 1214 0000 70726F74 		.ascii	"protBusMasterMask\000"
 1214      4275734D 
 1214      61737465 
 1214      724D6173 
 1214      6B00
 1215              	.LASF67:
 1216 0012 666C6173 		.ascii	"flashCtlMainWs3Freq\000"
 1216      6843746C 
 1216      4D61696E 
 1216      57733346 
 1216      72657100 
 1217              	.LASF89:
 1218 0026 6770696F 		.ascii	"gpioPrtCfgInOffset\000"
 1218      50727443 
 1218      6667496E 
 1218      4F666673 
 1218      657400
 1219              	.LASF107:
 1220 0039 6970634C 		.ascii	"ipcLockStatusOffset\000"
 1220      6F636B53 
 1220      74617475 
 1220      734F6666 
 1220      73657400 
 1221              	.LASF33:
 1222 004d 63727970 		.ascii	"cryptoVersion\000"
 1222      746F5665 
 1222      7273696F 
 1222      6E00
 1223              	.LASF51:
 1224 005b 70657269 		.ascii	"periClockNr\000"
 1224      436C6F63 
 1224      6B4E7200 
 1225              	.LASF29:
 1226 0067 70617373 		.ascii	"passBase\000"
 1226      42617365 
 1226      00
 1227              	.LASF42:
ARM GAS  C:\Users\NUSAIR~1\AppData\Local\Temp\ccKGFvVr.s 			page 23


 1228 0070 63707573 		.ascii	"cpussIpcIrqNr\000"
 1228      73497063 
 1228      4972714E 
 1228      7200
 1229              	.LASF5:
 1230 007e 5F5F7569 		.ascii	"__uint8_t\000"
 1230      6E74385F 
 1230      7400
 1231              	.LASF86:
 1232 0088 70657269 		.ascii	"periDiv24_5CtlOffset\000"
 1232      44697632 
 1232      345F3543 
 1232      746C4F66 
 1232      66736574 
 1233              	.LASF113:
 1234 009d 63795F73 		.ascii	"cy_stc_ble_conn_handle_t\000"
 1234      74635F62 
 1234      6C655F63 
 1234      6F6E6E5F 
 1234      68616E64 
 1235              	.LASF22:
 1236 00b6 63707573 		.ascii	"cpussBase\000"
 1236      73426173 
 1236      6500
 1237              	.LASF71:
 1238 00c0 64774368 		.ascii	"dwChCtlPrioPos\000"
 1238      43746C50 
 1238      72696F50 
 1238      6F7300
 1239              	.LASF146:
 1240 00cf 433A5C55 		.ascii	"C:\\Users\\Nusair Islam\\Desktop\\PSOC\\BLE_Send_da"
 1240      73657273 
 1240      5C4E7573 
 1240      61697220 
 1240      49736C61 
 1241 00fd 74615C42 		.ascii	"ta\\BLE_Send_data.cydsn\000"
 1241      4C455F53 
 1241      656E645F 
 1241      64617461 
 1241      2E637964 
 1242              	.LASF14:
 1243 0114 6C6F6E67 		.ascii	"long long unsigned int\000"
 1243      206C6F6E 
 1243      6720756E 
 1243      7369676E 
 1243      65642069 
 1244              	.LASF75:
 1245 012b 70657269 		.ascii	"periTrCmdOffset\000"
 1245      5472436D 
 1245      644F6666 
 1245      73657400 
 1246              	.LASF99:
 1247 013b 63707573 		.ascii	"cpussSysTickCtlOffset\000"
 1247      73537973 
 1247      5469636B 
 1247      43746C4F 
 1247      66667365 
ARM GAS  C:\Users\NUSAIR~1\AppData\Local\Temp\ccKGFvVr.s 			page 24


 1248              	.LASF138:
 1249 0151 49544D5F 		.ascii	"ITM_RxBuffer\000"
 1249      52784275 
 1249      66666572 
 1249      00
 1250              	.LASF60:
 1251 015e 666C6173 		.ascii	"flashPipeRequired\000"
 1251      68506970 
 1251      65526571 
 1251      75697265 
 1251      6400
 1252              	.LASF64:
 1253 0170 666C6173 		.ascii	"flashCtlMainWs0Freq\000"
 1253      6843746C 
 1253      4D61696E 
 1253      57733046 
 1253      72657100 
 1254              	.LASF18:
 1255 0184 696E7431 		.ascii	"int16_t\000"
 1255      365F7400 
 1256              	.LASF1:
 1257 018c 6C6F6E67 		.ascii	"long long int\000"
 1257      206C6F6E 
 1257      6720696E 
 1257      7400
 1258              	.LASF3:
 1259 019a 7369676E 		.ascii	"signed char\000"
 1259      65642063 
 1259      68617200 
 1260              	.LASF80:
 1261 01a6 70657269 		.ascii	"periDivCmdTypeSelPos\000"
 1261      44697643 
 1261      6D645479 
 1261      70655365 
 1261      6C506F73 
 1262              	.LASF26:
 1263 01bb 70726F74 		.ascii	"protBase\000"
 1263      42617365 
 1263      00
 1264              	.LASF38:
 1265 01c4 69706356 		.ascii	"ipcVersion\000"
 1265      65727369 
 1265      6F6E00
 1266              	.LASF100:
 1267 01cf 63707573 		.ascii	"cpussCm0NmiCtlOffset\000"
 1267      73436D30 
 1267      4E6D6943 
 1267      746C4F66 
 1267      66736574 
 1268              	.LASF118:
 1269 01e4 43595F42 		.ascii	"CY_BLE_ADV_STATE_STOP_INITIATED\000"
 1269      4C455F41 
 1269      44565F53 
 1269      54415445 
 1269      5F53544F 
 1270              	.LASF27:
 1271 0204 6873696F 		.ascii	"hsiomBase\000"
ARM GAS  C:\Users\NUSAIR~1\AppData\Local\Temp\ccKGFvVr.s 			page 25


 1271      6D426173 
 1271      6500
 1272              	.LASF11:
 1273 020e 6C6F6E67 		.ascii	"long int\000"
 1273      20696E74 
 1273      00
 1274              	.LASF93:
 1275 0217 63707573 		.ascii	"cpussCm4ClockCtlOffset\000"
 1275      73436D34 
 1275      436C6F63 
 1275      6B43746C 
 1275      4F666673 
 1276              	.LASF129:
 1277 022e 63795F62 		.ascii	"cy_ble_callback_t\000"
 1277      6C655F63 
 1277      616C6C62 
 1277      61636B5F 
 1277      7400
 1278              	.LASF58:
 1279 0240 63727970 		.ascii	"cryptoMemSize\000"
 1279      746F4D65 
 1279      6D53697A 
 1279      6500
 1280              	.LASF119:
 1281 024e 63795F65 		.ascii	"cy_en_ble_adv_state_t\000"
 1281      6E5F626C 
 1281      655F6164 
 1281      765F7374 
 1281      6174655F 
 1282              	.LASF24:
 1283 0264 70657269 		.ascii	"periBase\000"
 1283      42617365 
 1283      00
 1284              	.LASF136:
 1285 026d 63795F73 		.ascii	"cy_stc_ble_ias_config_t\000"
 1285      74635F62 
 1285      6C655F69 
 1285      61735F63 
 1285      6F6E6669 
 1286              	.LASF56:
 1287 0285 73797350 		.ascii	"sysPmSimoPresent\000"
 1287      6D53696D 
 1287      6F507265 
 1287      73656E74 
 1287      00
 1288              	.LASF46:
 1289 0296 63707573 		.ascii	"cpussFmIrq\000"
 1289      73466D49 
 1289      727100
 1290              	.LASF110:
 1291 02a1 646F7562 		.ascii	"double\000"
 1291      6C6500
 1292              	.LASF85:
 1293 02a8 70657269 		.ascii	"periDiv16_5CtlOffset\000"
 1293      44697631 
 1293      365F3543 
 1293      746C4F66 
ARM GAS  C:\Users\NUSAIR~1\AppData\Local\Temp\ccKGFvVr.s 			page 26


 1293      66736574 
 1294              	.LASF49:
 1295 02bd 73727373 		.ascii	"srssNumPll\000"
 1295      4E756D50 
 1295      6C6C00
 1296              	.LASF143:
 1297 02c8 63795F62 		.ascii	"cy_ble_iasConfig\000"
 1297      6C655F69 
 1297      6173436F 
 1297      6E666967 
 1297      00
 1298              	.LASF83:
 1299 02d9 70657269 		.ascii	"periDiv8CtlOffset\000"
 1299      44697638 
 1299      43746C4F 
 1299      66667365 
 1299      7400
 1300              	.LASF124:
 1301 02eb 43595F42 		.ascii	"CY_BLE_CONN_STATE_CLIENT_INCL_DISCOVERING\000"
 1301      4C455F43 
 1301      4F4E4E5F 
 1301      53544154 
 1301      455F434C 
 1302              	.LASF90:
 1303 0315 6770696F 		.ascii	"gpioPrtCfgOutOffset\000"
 1303      50727443 
 1303      66674F75 
 1303      744F6666 
 1303      73657400 
 1304              	.LASF23:
 1305 0329 666C6173 		.ascii	"flashcBase\000"
 1305      68634261 
 1305      736500
 1306              	.LASF12:
 1307 0334 5F5F7569 		.ascii	"__uint32_t\000"
 1307      6E743332 
 1307      5F7400
 1308              	.LASF53:
 1309 033f 70617373 		.ascii	"passSarChannels\000"
 1309      53617243 
 1309      68616E6E 
 1309      656C7300 
 1310              	.LASF6:
 1311 034f 5F5F696E 		.ascii	"__int16_t\000"
 1311      7431365F 
 1311      7400
 1312              	.LASF96:
 1313 0359 63707573 		.ascii	"cpussCm4PwrCtlOffset\000"
 1313      73436D34 
 1313      50777243 
 1313      746C4F66 
 1313      66736574 
 1314              	.LASF123:
 1315 036e 43595F42 		.ascii	"CY_BLE_CONN_STATE_CLIENT_SRVC_DISCOVERING\000"
 1315      4C455F43 
 1315      4F4E4E5F 
 1315      53544154 
ARM GAS  C:\Users\NUSAIR~1\AppData\Local\Temp\ccKGFvVr.s 			page 27


 1315      455F434C 
 1316              	.LASF91:
 1317 0398 6770696F 		.ascii	"gpioPrtCfgSioOffset\000"
 1317      50727443 
 1317      66675369 
 1317      6F4F6666 
 1317      73657400 
 1318              	.LASF43:
 1319 03ac 63707573 		.ascii	"cpussDwChNr\000"
 1319      73447743 
 1319      684E7200 
 1320              	.LASF0:
 1321 03b8 756E7369 		.ascii	"unsigned int\000"
 1321      676E6564 
 1321      20696E74 
 1321      00
 1322              	.LASF122:
 1323 03c5 43595F42 		.ascii	"CY_BLE_CONN_STATE_CONNECTED\000"
 1323      4C455F43 
 1323      4F4E4E5F 
 1323      53544154 
 1323      455F434F 
 1324              	.LASF126:
 1325 03e1 43595F42 		.ascii	"CY_BLE_CONN_STATE_CLIENT_DESCR_DISCOVERING\000"
 1325      4C455F43 
 1325      4F4E4E5F 
 1325      53544154 
 1325      455F434C 
 1326              	.LASF19:
 1327 040c 75696E74 		.ascii	"uint16_t\000"
 1327      31365F74 
 1327      00
 1328              	.LASF76:
 1329 0415 70657269 		.ascii	"periTrCmdGrSelMsk\000"
 1329      5472436D 
 1329      64477253 
 1329      656C4D73 
 1329      6B00
 1330              	.LASF13:
 1331 0427 6C6F6E67 		.ascii	"long unsigned int\000"
 1331      20756E73 
 1331      69676E65 
 1331      6420696E 
 1331      7400
 1332              	.LASF41:
 1333 0439 63707573 		.ascii	"cpussIpcNr\000"
 1333      73497063 
 1333      4E7200
 1334              	.LASF28:
 1335 0444 6770696F 		.ascii	"gpioBase\000"
 1335      42617365 
 1335      00
 1336              	.LASF66:
 1337 044d 666C6173 		.ascii	"flashCtlMainWs2Freq\000"
 1337      6843746C 
 1337      4D61696E 
 1337      57733246 
ARM GAS  C:\Users\NUSAIR~1\AppData\Local\Temp\ccKGFvVr.s 			page 28


 1337      72657100 
 1338              	.LASF77:
 1339 0461 70657269 		.ascii	"periTrGrOffset\000"
 1339      54724772 
 1339      4F666673 
 1339      657400
 1340              	.LASF104:
 1341 0470 63707573 		.ascii	"cpussRam1Ctl0\000"
 1341      7352616D 
 1341      3143746C 
 1341      3000
 1342              	.LASF141:
 1343 047e 63795F62 		.ascii	"cy_ble_connState\000"
 1343      6C655F63 
 1343      6F6E6E53 
 1343      74617465 
 1343      00
 1344              	.LASF78:
 1345 048f 70657269 		.ascii	"periTrGrSize\000"
 1345      54724772 
 1345      53697A65 
 1345      00
 1346              	.LASF36:
 1347 049c 6770696F 		.ascii	"gpioVersion\000"
 1347      56657273 
 1347      696F6E00 
 1348              	.LASF108:
 1349 04a8 63795F73 		.ascii	"cy_stc_device_t\000"
 1349      74635F64 
 1349      65766963 
 1349      655F7400 
 1350              	.LASF54:
 1351 04b8 65704D6F 		.ascii	"epMonitorNr\000"
 1351      6E69746F 
 1351      724E7200 
 1352              	.LASF101:
 1353 04c4 63707573 		.ascii	"cpussCm4NmiCtlOffset\000"
 1353      73436D34 
 1353      4E6D6943 
 1353      746C4F66 
 1353      66736574 
 1354              	.LASF97:
 1355 04d9 63707573 		.ascii	"cpussTrimRamCtlOffset\000"
 1355      73547269 
 1355      6D52616D 
 1355      43746C4F 
 1355      66667365 
 1356              	.LASF92:
 1357 04ef 63707573 		.ascii	"cpussCm0ClockCtlOffset\000"
 1357      73436D30 
 1357      436C6F63 
 1357      6B43746C 
 1357      4F666673 
 1358              	.LASF112:
 1359 0506 61747449 		.ascii	"attId\000"
 1359      6400
 1360              	.LASF32:
ARM GAS  C:\Users\NUSAIR~1\AppData\Local\Temp\ccKGFvVr.s 			page 29


 1361 050c 63707573 		.ascii	"cpussVersion\000"
 1361      73566572 
 1361      73696F6E 
 1361      00
 1362              	.LASF114:
 1363 0519 63795F62 		.ascii	"cy_ble_gatt_db_attr_handle_t\000"
 1363      6C655F67 
 1363      6174745F 
 1363      64625F61 
 1363      7474725F 
 1364              	.LASF39:
 1365 0536 70657269 		.ascii	"periVersion\000"
 1365      56657273 
 1365      696F6E00 
 1366              	.LASF95:
 1367 0542 63707573 		.ascii	"cpussCm0StatusOffset\000"
 1367      73436D30 
 1367      53746174 
 1367      75734F66 
 1367      66736574 
 1368              	.LASF15:
 1369 0557 73697A65 		.ascii	"sizetype\000"
 1369      74797065 
 1369      00
 1370              	.LASF145:
 1371 0560 47656E65 		.ascii	"Generated_Source\\PSoC6\\BLE_ias_config.c\000"
 1371      72617465 
 1371      645F536F 
 1371      75726365 
 1371      5C50536F 
 1372              	.LASF69:
 1373 0588 64774368 		.ascii	"dwChOffset\000"
 1373      4F666673 
 1373      657400
 1374              	.LASF132:
 1375 0593 616C6572 		.ascii	"alertLevelCharHandle\000"
 1375      744C6576 
 1375      656C4368 
 1375      61724861 
 1375      6E646C65 
 1376              	.LASF44:
 1377 05a8 63707573 		.ascii	"cpussFlashPaSize\000"
 1377      73466C61 
 1377      73685061 
 1377      53697A65 
 1377      00
 1378              	.LASF116:
 1379 05b9 43595F42 		.ascii	"CY_BLE_ADV_STATE_ADV_INITIATED\000"
 1379      4C455F41 
 1379      44565F53 
 1379      54415445 
 1379      5F414456 
 1380              	.LASF82:
 1381 05d8 70657269 		.ascii	"periDivCmdPaTypeSelPos\000"
 1381      44697643 
 1381      6D645061 
 1381      54797065 
ARM GAS  C:\Users\NUSAIR~1\AppData\Local\Temp\ccKGFvVr.s 			page 30


 1381      53656C50 
 1382              	.LASF105:
 1383 05ef 63707573 		.ascii	"cpussRam2Ctl0\000"
 1383      7352616D 
 1383      3243746C 
 1383      3000
 1384              	.LASF73:
 1385 05fd 64775374 		.ascii	"dwStatusChIdxPos\000"
 1385      61747573 
 1385      43684964 
 1385      78506F73 
 1385      00
 1386              	.LASF55:
 1387 060e 75646250 		.ascii	"udbPresent\000"
 1387      72657365 
 1387      6E7400
 1388              	.LASF128:
 1389 0619 63795F65 		.ascii	"cy_en_ble_conn_state_t\000"
 1389      6E5F626C 
 1389      655F636F 
 1389      6E6E5F73 
 1389      74617465 
 1390              	.LASF133:
 1391 0630 63795F73 		.ascii	"cy_stc_ble_iass_t\000"
 1391      74635F62 
 1391      6C655F69 
 1391      6173735F 
 1391      7400
 1392              	.LASF35:
 1393 0642 666C6173 		.ascii	"flashcVersion\000"
 1393      68635665 
 1393      7273696F 
 1393      6E00
 1394              	.LASF31:
 1395 0650 63727970 		.ascii	"cryptoBase\000"
 1395      746F4261 
 1395      736500
 1396              	.LASF52:
 1397 065b 736D6966 		.ascii	"smifDeviceNr\000"
 1397      44657669 
 1397      63654E72 
 1397      00
 1398              	.LASF144:
 1399 0668 474E5520 		.ascii	"GNU C11 5.4.1 20160609 (release) [ARM/embedded-5-br"
 1399      43313120 
 1399      352E342E 
 1399      31203230 
 1399      31363036 
 1400 069b 616E6368 		.ascii	"anch revision 237715] -mcpu=cortex-m4 -mfloat-abi=s"
 1400      20726576 
 1400      6973696F 
 1400      6E203233 
 1400      37373135 
 1401 06ce 6F667466 		.ascii	"oftfp -mfpu=fpv4-sp-d16 -mthumb -g -Og -ffunction-s"
 1401      70202D6D 
 1401      6670753D 
 1401      66707634 
ARM GAS  C:\Users\NUSAIR~1\AppData\Local\Temp\ccKGFvVr.s 			page 31


 1401      2D73702D 
 1402 0701 65637469 		.ascii	"ections -ffat-lto-objects\000"
 1402      6F6E7320 
 1402      2D666661 
 1402      742D6C74 
 1402      6F2D6F62 
 1403              	.LASF61:
 1404 071b 666C6173 		.ascii	"flashWriteDelay\000"
 1404      68577269 
 1404      74654465 
 1404      6C617900 
 1405              	.LASF127:
 1406 072b 43595F42 		.ascii	"CY_BLE_CONN_STATE_CLIENT_DISCOVERED\000"
 1406      4C455F43 
 1406      4F4E4E5F 
 1406      53544154 
 1406      455F434C 
 1407              	.LASF109:
 1408 074f 666C6F61 		.ascii	"float\000"
 1408      7400
 1409              	.LASF74:
 1410 0755 64775374 		.ascii	"dwStatusChIdxMsk\000"
 1410      61747573 
 1410      43684964 
 1410      784D736B 
 1410      00
 1411              	.LASF137:
 1412 0766 63795F64 		.ascii	"cy_device\000"
 1412      65766963 
 1412      6500
 1413              	.LASF102:
 1414 0770 63707573 		.ascii	"cpussRomCtl\000"
 1414      73526F6D 
 1414      43746C00 
 1415              	.LASF72:
 1416 077c 64774368 		.ascii	"dwChCtlPreemptablePos\000"
 1416      43746C50 
 1416      7265656D 
 1416      70746162 
 1416      6C65506F 
 1417              	.LASF25:
 1418 0792 75646242 		.ascii	"udbBase\000"
 1418      61736500 
 1419              	.LASF125:
 1420 079a 43595F42 		.ascii	"CY_BLE_CONN_STATE_CLIENT_CHAR_DISCOVERING\000"
 1420      4C455F43 
 1420      4F4E4E5F 
 1420      53544154 
 1420      455F434C 
 1421              	.LASF135:
 1422 07c4 63616C6C 		.ascii	"callbackFunc\000"
 1422      6261636B 
 1422      46756E63 
 1422      00
 1423              	.LASF130:
 1424 07d1 5F426F6F 		.ascii	"_Bool\000"
 1424      6C00
ARM GAS  C:\Users\NUSAIR~1\AppData\Local\Temp\ccKGFvVr.s 			page 32


 1425              	.LASF20:
 1426 07d7 696E7433 		.ascii	"int32_t\000"
 1426      325F7400 
 1427              	.LASF4:
 1428 07df 756E7369 		.ascii	"unsigned char\000"
 1428      676E6564 
 1428      20636861 
 1428      7200
 1429              	.LASF68:
 1430 07ed 666C6173 		.ascii	"flashCtlMainWs4Freq\000"
 1430      6843746C 
 1430      4D61696E 
 1430      57733446 
 1430      72657100 
 1431              	.LASF7:
 1432 0801 73686F72 		.ascii	"short int\000"
 1432      7420696E 
 1432      7400
 1433              	.LASF79:
 1434 080b 70657269 		.ascii	"periDivCmdDivSelMsk\000"
 1434      44697643 
 1434      6D644469 
 1434      7653656C 
 1434      4D736B00 
 1435              	.LASF50:
 1436 081f 73727373 		.ascii	"srssNumHfroot\000"
 1436      4E756D48 
 1436      66726F6F 
 1436      7400
 1437              	.LASF63:
 1438 082d 666C6173 		.ascii	"flashEraseDelay\000"
 1438      68457261 
 1438      73654465 
 1438      6C617900 
 1439              	.LASF21:
 1440 083d 75696E74 		.ascii	"uint32_t\000"
 1440      33325F74 
 1440      00
 1441              	.LASF134:
 1442 0846 69617373 		.ascii	"iass\000"
 1442      00
 1443              	.LASF2:
 1444 084b 6C6F6E67 		.ascii	"long double\000"
 1444      20646F75 
 1444      626C6500 
 1445              	.LASF16:
 1446 0857 63686172 		.ascii	"char\000"
 1446      00
 1447              	.LASF40:
 1448 085c 70726F74 		.ascii	"protVersion\000"
 1448      56657273 
 1448      696F6E00 
 1449              	.LASF103:
 1450 0868 63707573 		.ascii	"cpussRam0Ctl0\000"
 1450      7352616D 
 1450      3043746C 
 1450      3000
ARM GAS  C:\Users\NUSAIR~1\AppData\Local\Temp\ccKGFvVr.s 			page 33


 1451              	.LASF8:
 1452 0876 5F5F7569 		.ascii	"__uint16_t\000"
 1452      6E743136 
 1452      5F7400
 1453              	.LASF142:
 1454 0881 63795F62 		.ascii	"cy_ble_pendingFlashWrite\000"
 1454      6C655F70 
 1454      656E6469 
 1454      6E67466C 
 1454      61736857 
 1455              	.LASF84:
 1456 089a 70657269 		.ascii	"periDiv16CtlOffset\000"
 1456      44697631 
 1456      3643746C 
 1456      4F666673 
 1456      657400
 1457              	.LASF10:
 1458 08ad 5F5F696E 		.ascii	"__int32_t\000"
 1458      7433325F 
 1458      7400
 1459              	.LASF139:
 1460 08b7 63795F62 		.ascii	"cy_ble_advState\000"
 1460      6C655F61 
 1460      64765374 
 1460      61746500 
 1461              	.LASF37:
 1462 08c7 6873696F 		.ascii	"hsiomVersion\000"
 1462      6D566572 
 1462      73696F6E 
 1462      00
 1463              	.LASF65:
 1464 08d4 666C6173 		.ascii	"flashCtlMainWs1Freq\000"
 1464      6843746C 
 1464      4D61696E 
 1464      57733146 
 1464      72657100 
 1465              	.LASF9:
 1466 08e8 73686F72 		.ascii	"short unsigned int\000"
 1466      7420756E 
 1466      7369676E 
 1466      65642069 
 1466      6E7400
 1467              	.LASF70:
 1468 08fb 64774368 		.ascii	"dwChSize\000"
 1468      53697A65 
 1468      00
 1469              	.LASF106:
 1470 0904 69706353 		.ascii	"ipcStructSize\000"
 1470      74727563 
 1470      7453697A 
 1470      6500
 1471              	.LASF45:
 1472 0912 63707573 		.ascii	"cpussIpc0Irq\000"
 1472      73497063 
 1472      30497271 
 1472      00
 1473              	.LASF88:
ARM GAS  C:\Users\NUSAIR~1\AppData\Local\Temp\ccKGFvVr.s 			page 34


 1474 091f 6770696F 		.ascii	"gpioPrtCfgOffset\000"
 1474      50727443 
 1474      66674F66 
 1474      66736574 
 1474      00
 1475              	.LASF131:
 1476 0930 73657276 		.ascii	"serviceHandle\000"
 1476      69636548 
 1476      616E646C 
 1476      6500
 1477              	.LASF120:
 1478 093e 43595F42 		.ascii	"CY_BLE_CONN_STATE_DISCONNECTED\000"
 1478      4C455F43 
 1478      4F4E4E5F 
 1478      53544154 
 1478      455F4449 
 1479              	.LASF140:
 1480 095d 63795F62 		.ascii	"cy_ble_connHandle\000"
 1480      6C655F63 
 1480      6F6E6E48 
 1480      616E646C 
 1480      6500
 1481              	.LASF47:
 1482 096f 63707573 		.ascii	"cpussNotConnectedIrq\000"
 1482      734E6F74 
 1482      436F6E6E 
 1482      65637465 
 1482      64497271 
 1483              	.LASF117:
 1484 0984 43595F42 		.ascii	"CY_BLE_ADV_STATE_ADVERTISING\000"
 1484      4C455F41 
 1484      44565F53 
 1484      54415445 
 1484      5F414456 
 1485              	.LASF115:
 1486 09a1 43595F42 		.ascii	"CY_BLE_ADV_STATE_STOPPED\000"
 1486      4C455F41 
 1486      44565F53 
 1486      54415445 
 1486      5F53544F 
 1487              	.LASF17:
 1488 09ba 75696E74 		.ascii	"uint8_t\000"
 1488      385F7400 
 1489              	.LASF94:
 1490 09c2 63707573 		.ascii	"cpussCm4StatusOffset\000"
 1490      73436D34 
 1490      53746174 
 1490      75734F66 
 1490      66736574 
 1491              	.LASF87:
 1492 09d7 6770696F 		.ascii	"gpioPrtIntrCfgOffset\000"
 1492      50727449 
 1492      6E747243 
 1492      66674F66 
 1492      66736574 
 1493              	.LASF147:
 1494 09ec 63795F62 		.ascii	"cy_ble_iass\000"
ARM GAS  C:\Users\NUSAIR~1\AppData\Local\Temp\ccKGFvVr.s 			page 35


 1494      6C655F69 
 1494      61737300 
 1495              	.LASF98:
 1496 09f8 63707573 		.ascii	"cpussTrimRomCtlOffset\000"
 1496      73547269 
 1496      6D526F6D 
 1496      43746C4F 
 1496      66667365 
 1497              	.LASF111:
 1498 0a0e 62644861 		.ascii	"bdHandle\000"
 1498      6E646C65 
 1498      00
 1499              	.LASF48:
 1500 0a17 73727373 		.ascii	"srssNumClkpath\000"
 1500      4E756D43 
 1500      6C6B7061 
 1500      746800
 1501              	.LASF34:
 1502 0a26 64775665 		.ascii	"dwVersion\000"
 1502      7273696F 
 1502      6E00
 1503              	.LASF30:
 1504 0a30 69706342 		.ascii	"ipcBase\000"
 1504      61736500 
 1505              	.LASF81:
 1506 0a38 70657269 		.ascii	"periDivCmdPaDivSelPos\000"
 1506      44697643 
 1506      6D645061 
 1506      44697653 
 1506      656C506F 
 1507              	.LASF62:
 1508 0a4e 666C6173 		.ascii	"flashProgramDelay\000"
 1508      6850726F 
 1508      6772616D 
 1508      44656C61 
 1508      7900
 1509              	.LASF121:
 1510 0a60 43595F42 		.ascii	"CY_BLE_CONN_STATE_CLIENT_DISCONNECTED_DISCOVERED\000"
 1510      4C455F43 
 1510      4F4E4E5F 
 1510      53544154 
 1510      455F434C 
 1511              	.LASF59:
 1512 0a91 666C6173 		.ascii	"flashRwwRequired\000"
 1512      68527777 
 1512      52657175 
 1512      69726564 
 1512      00
 1513              		.ident	"GCC: (GNU Tools for ARM Embedded Processors) 5.4.1 20160609 (release) [ARM/embedded-5-bran
