ARM GAS  C:\Users\NUSAIR~1\AppData\Local\Temp\cciVU0bY.s 			page 1


   1              		.syntax unified
   2              		.cpu cortex-m0plus
   3              		.fpu softvfp
   4              		.eabi_attribute 20, 1
   5              		.eabi_attribute 21, 1
   6              		.eabi_attribute 23, 3
   7              		.eabi_attribute 24, 1
   8              		.eabi_attribute 25, 1
   9              		.eabi_attribute 26, 1
  10              		.eabi_attribute 30, 1
  11              		.eabi_attribute 34, 0
  12              		.eabi_attribute 18, 4
  13              		.thumb
  14              		.syntax unified
  15              		.file	"main_cm0p.c"
  16              		.text
  17              	.Ltext0:
  18              		.cfi_sections	.debug_frame
  19              		.section	.text.main,"ax",%progbits
  20              		.align	2
  21              		.global	main
  22              		.code	16
  23              		.thumb_func
  24              		.type	main, %function
  25              	main:
  26              	.LFB455:
  27              		.file 1 "main_cm0p.c"
   1:main_cm0p.c   **** /* ========================================
   2:main_cm0p.c   ****  *
   3:main_cm0p.c   ****  * Copyright YOUR COMPANY, THE YEAR
   4:main_cm0p.c   ****  * All Rights Reserved
   5:main_cm0p.c   ****  * UNPUBLISHED, LICENSED SOFTWARE.
   6:main_cm0p.c   ****  *
   7:main_cm0p.c   ****  * CONFIDENTIAL AND PROPRIETARY INFORMATION
   8:main_cm0p.c   ****  * WHICH IS THE PROPERTY OF your company.
   9:main_cm0p.c   ****  *
  10:main_cm0p.c   ****  * ========================================
  11:main_cm0p.c   **** */
  12:main_cm0p.c   **** #include "project.h"
  13:main_cm0p.c   **** 
  14:main_cm0p.c   **** int main(void)
  15:main_cm0p.c   **** {
  28              		.loc 1 15 0
  29              		.cfi_startproc
  30              		@ Volatile: function does not return.
  31              		@ args = 0, pretend = 0, frame = 0
  32              		@ frame_needed = 0, uses_anonymous_args = 0
  33 0000 10B5     		push	{r4, lr}
  34              		.cfi_def_cfa_offset 8
  35              		.cfi_offset 4, -8
  36              		.cfi_offset 14, -4
  37              	.LBB4:
  38              	.LBB5:
  39              		.file 2 "Generated_Source\\PSoC6\\pdl\\cmsis/include/cmsis_gcc.h"
   1:Generated_Source\PSoC6\pdl\cmsis/include/cmsis_gcc.h **** /**************************************************************************//**
   2:Generated_Source\PSoC6\pdl\cmsis/include/cmsis_gcc.h ****  * @file     cmsis_gcc.h
   3:Generated_Source\PSoC6\pdl\cmsis/include/cmsis_gcc.h ****  * @brief    CMSIS compiler GCC header file
ARM GAS  C:\Users\NUSAIR~1\AppData\Local\Temp\cciVU0bY.s 			page 2


   4:Generated_Source\PSoC6\pdl\cmsis/include/cmsis_gcc.h ****  * @version  V5.0.3
   5:Generated_Source\PSoC6\pdl\cmsis/include/cmsis_gcc.h ****  * @date     16. January 2018
   6:Generated_Source\PSoC6\pdl\cmsis/include/cmsis_gcc.h ****  ******************************************************************************/
   7:Generated_Source\PSoC6\pdl\cmsis/include/cmsis_gcc.h **** /*
   8:Generated_Source\PSoC6\pdl\cmsis/include/cmsis_gcc.h ****  * Copyright (c) 2009-2017 ARM Limited. All rights reserved.
   9:Generated_Source\PSoC6\pdl\cmsis/include/cmsis_gcc.h ****  *
  10:Generated_Source\PSoC6\pdl\cmsis/include/cmsis_gcc.h ****  * SPDX-License-Identifier: Apache-2.0
  11:Generated_Source\PSoC6\pdl\cmsis/include/cmsis_gcc.h ****  *
  12:Generated_Source\PSoC6\pdl\cmsis/include/cmsis_gcc.h ****  * Licensed under the Apache License, Version 2.0 (the License); you may
  13:Generated_Source\PSoC6\pdl\cmsis/include/cmsis_gcc.h ****  * not use this file except in compliance with the License.
  14:Generated_Source\PSoC6\pdl\cmsis/include/cmsis_gcc.h ****  * You may obtain a copy of the License at
  15:Generated_Source\PSoC6\pdl\cmsis/include/cmsis_gcc.h ****  *
  16:Generated_Source\PSoC6\pdl\cmsis/include/cmsis_gcc.h ****  * www.apache.org/licenses/LICENSE-2.0
  17:Generated_Source\PSoC6\pdl\cmsis/include/cmsis_gcc.h ****  *
  18:Generated_Source\PSoC6\pdl\cmsis/include/cmsis_gcc.h ****  * Unless required by applicable law or agreed to in writing, software
  19:Generated_Source\PSoC6\pdl\cmsis/include/cmsis_gcc.h ****  * distributed under the License is distributed on an AS IS BASIS, WITHOUT
  20:Generated_Source\PSoC6\pdl\cmsis/include/cmsis_gcc.h ****  * WARRANTIES OR CONDITIONS OF ANY KIND, either express or implied.
  21:Generated_Source\PSoC6\pdl\cmsis/include/cmsis_gcc.h ****  * See the License for the specific language governing permissions and
  22:Generated_Source\PSoC6\pdl\cmsis/include/cmsis_gcc.h ****  * limitations under the License.
  23:Generated_Source\PSoC6\pdl\cmsis/include/cmsis_gcc.h ****  */
  24:Generated_Source\PSoC6\pdl\cmsis/include/cmsis_gcc.h **** 
  25:Generated_Source\PSoC6\pdl\cmsis/include/cmsis_gcc.h **** #ifndef __CMSIS_GCC_H
  26:Generated_Source\PSoC6\pdl\cmsis/include/cmsis_gcc.h **** #define __CMSIS_GCC_H
  27:Generated_Source\PSoC6\pdl\cmsis/include/cmsis_gcc.h **** 
  28:Generated_Source\PSoC6\pdl\cmsis/include/cmsis_gcc.h **** /* ignore some GCC warnings */
  29:Generated_Source\PSoC6\pdl\cmsis/include/cmsis_gcc.h **** #pragma GCC diagnostic push
  30:Generated_Source\PSoC6\pdl\cmsis/include/cmsis_gcc.h **** #pragma GCC diagnostic ignored "-Wsign-conversion"
  31:Generated_Source\PSoC6\pdl\cmsis/include/cmsis_gcc.h **** #pragma GCC diagnostic ignored "-Wconversion"
  32:Generated_Source\PSoC6\pdl\cmsis/include/cmsis_gcc.h **** #pragma GCC diagnostic ignored "-Wunused-parameter"
  33:Generated_Source\PSoC6\pdl\cmsis/include/cmsis_gcc.h **** 
  34:Generated_Source\PSoC6\pdl\cmsis/include/cmsis_gcc.h **** /* Fallback for __has_builtin */
  35:Generated_Source\PSoC6\pdl\cmsis/include/cmsis_gcc.h **** #ifndef __has_builtin
  36:Generated_Source\PSoC6\pdl\cmsis/include/cmsis_gcc.h ****   #define __has_builtin(x) (0)
  37:Generated_Source\PSoC6\pdl\cmsis/include/cmsis_gcc.h **** #endif
  38:Generated_Source\PSoC6\pdl\cmsis/include/cmsis_gcc.h **** 
  39:Generated_Source\PSoC6\pdl\cmsis/include/cmsis_gcc.h **** /* CMSIS compiler specific defines */
  40:Generated_Source\PSoC6\pdl\cmsis/include/cmsis_gcc.h **** #ifndef   __ASM
  41:Generated_Source\PSoC6\pdl\cmsis/include/cmsis_gcc.h ****   #define __ASM                                  __asm
  42:Generated_Source\PSoC6\pdl\cmsis/include/cmsis_gcc.h **** #endif
  43:Generated_Source\PSoC6\pdl\cmsis/include/cmsis_gcc.h **** #ifndef   __INLINE
  44:Generated_Source\PSoC6\pdl\cmsis/include/cmsis_gcc.h ****   #define __INLINE                               inline
  45:Generated_Source\PSoC6\pdl\cmsis/include/cmsis_gcc.h **** #endif
  46:Generated_Source\PSoC6\pdl\cmsis/include/cmsis_gcc.h **** #ifndef   __STATIC_INLINE
  47:Generated_Source\PSoC6\pdl\cmsis/include/cmsis_gcc.h ****   #define __STATIC_INLINE                        static inline
  48:Generated_Source\PSoC6\pdl\cmsis/include/cmsis_gcc.h **** #endif
  49:Generated_Source\PSoC6\pdl\cmsis/include/cmsis_gcc.h **** #ifndef   __STATIC_FORCEINLINE                 
  50:Generated_Source\PSoC6\pdl\cmsis/include/cmsis_gcc.h ****   #define __STATIC_FORCEINLINE                   __attribute__((always_inline)) static inline
  51:Generated_Source\PSoC6\pdl\cmsis/include/cmsis_gcc.h **** #endif                                           
  52:Generated_Source\PSoC6\pdl\cmsis/include/cmsis_gcc.h **** #ifndef   __NO_RETURN
  53:Generated_Source\PSoC6\pdl\cmsis/include/cmsis_gcc.h ****   #define __NO_RETURN                            __attribute__((__noreturn__))
  54:Generated_Source\PSoC6\pdl\cmsis/include/cmsis_gcc.h **** #endif
  55:Generated_Source\PSoC6\pdl\cmsis/include/cmsis_gcc.h **** #ifndef   __USED
  56:Generated_Source\PSoC6\pdl\cmsis/include/cmsis_gcc.h ****   #define __USED                                 __attribute__((used))
  57:Generated_Source\PSoC6\pdl\cmsis/include/cmsis_gcc.h **** #endif
  58:Generated_Source\PSoC6\pdl\cmsis/include/cmsis_gcc.h **** #ifndef   __WEAK
  59:Generated_Source\PSoC6\pdl\cmsis/include/cmsis_gcc.h ****   #define __WEAK                                 __attribute__((weak))
  60:Generated_Source\PSoC6\pdl\cmsis/include/cmsis_gcc.h **** #endif
ARM GAS  C:\Users\NUSAIR~1\AppData\Local\Temp\cciVU0bY.s 			page 3


  61:Generated_Source\PSoC6\pdl\cmsis/include/cmsis_gcc.h **** #ifndef   __PACKED
  62:Generated_Source\PSoC6\pdl\cmsis/include/cmsis_gcc.h ****   #define __PACKED                               __attribute__((packed, aligned(1)))
  63:Generated_Source\PSoC6\pdl\cmsis/include/cmsis_gcc.h **** #endif
  64:Generated_Source\PSoC6\pdl\cmsis/include/cmsis_gcc.h **** #ifndef   __PACKED_STRUCT
  65:Generated_Source\PSoC6\pdl\cmsis/include/cmsis_gcc.h ****   #define __PACKED_STRUCT                        struct __attribute__((packed, aligned(1)))
  66:Generated_Source\PSoC6\pdl\cmsis/include/cmsis_gcc.h **** #endif
  67:Generated_Source\PSoC6\pdl\cmsis/include/cmsis_gcc.h **** #ifndef   __PACKED_UNION
  68:Generated_Source\PSoC6\pdl\cmsis/include/cmsis_gcc.h ****   #define __PACKED_UNION                         union __attribute__((packed, aligned(1)))
  69:Generated_Source\PSoC6\pdl\cmsis/include/cmsis_gcc.h **** #endif
  70:Generated_Source\PSoC6\pdl\cmsis/include/cmsis_gcc.h **** #ifndef   __UNALIGNED_UINT32        /* deprecated */
  71:Generated_Source\PSoC6\pdl\cmsis/include/cmsis_gcc.h ****   #pragma GCC diagnostic push
  72:Generated_Source\PSoC6\pdl\cmsis/include/cmsis_gcc.h ****   #pragma GCC diagnostic ignored "-Wpacked"
  73:Generated_Source\PSoC6\pdl\cmsis/include/cmsis_gcc.h ****   #pragma GCC diagnostic ignored "-Wattributes"
  74:Generated_Source\PSoC6\pdl\cmsis/include/cmsis_gcc.h ****   struct __attribute__((packed)) T_UINT32 { uint32_t v; };
  75:Generated_Source\PSoC6\pdl\cmsis/include/cmsis_gcc.h ****   #pragma GCC diagnostic pop
  76:Generated_Source\PSoC6\pdl\cmsis/include/cmsis_gcc.h ****   #define __UNALIGNED_UINT32(x)                  (((struct T_UINT32 *)(x))->v)
  77:Generated_Source\PSoC6\pdl\cmsis/include/cmsis_gcc.h **** #endif
  78:Generated_Source\PSoC6\pdl\cmsis/include/cmsis_gcc.h **** #ifndef   __UNALIGNED_UINT16_WRITE
  79:Generated_Source\PSoC6\pdl\cmsis/include/cmsis_gcc.h ****   #pragma GCC diagnostic push
  80:Generated_Source\PSoC6\pdl\cmsis/include/cmsis_gcc.h ****   #pragma GCC diagnostic ignored "-Wpacked"
  81:Generated_Source\PSoC6\pdl\cmsis/include/cmsis_gcc.h ****   #pragma GCC diagnostic ignored "-Wattributes"
  82:Generated_Source\PSoC6\pdl\cmsis/include/cmsis_gcc.h ****   __PACKED_STRUCT T_UINT16_WRITE { uint16_t v; };
  83:Generated_Source\PSoC6\pdl\cmsis/include/cmsis_gcc.h ****   #pragma GCC diagnostic pop
  84:Generated_Source\PSoC6\pdl\cmsis/include/cmsis_gcc.h ****   #define __UNALIGNED_UINT16_WRITE(addr, val)    (void)((((struct T_UINT16_WRITE *)(void *)(addr))-
  85:Generated_Source\PSoC6\pdl\cmsis/include/cmsis_gcc.h **** #endif
  86:Generated_Source\PSoC6\pdl\cmsis/include/cmsis_gcc.h **** #ifndef   __UNALIGNED_UINT16_READ
  87:Generated_Source\PSoC6\pdl\cmsis/include/cmsis_gcc.h ****   #pragma GCC diagnostic push
  88:Generated_Source\PSoC6\pdl\cmsis/include/cmsis_gcc.h ****   #pragma GCC diagnostic ignored "-Wpacked"
  89:Generated_Source\PSoC6\pdl\cmsis/include/cmsis_gcc.h ****   #pragma GCC diagnostic ignored "-Wattributes"
  90:Generated_Source\PSoC6\pdl\cmsis/include/cmsis_gcc.h ****   __PACKED_STRUCT T_UINT16_READ { uint16_t v; };
  91:Generated_Source\PSoC6\pdl\cmsis/include/cmsis_gcc.h ****   #pragma GCC diagnostic pop
  92:Generated_Source\PSoC6\pdl\cmsis/include/cmsis_gcc.h ****   #define __UNALIGNED_UINT16_READ(addr)          (((const struct T_UINT16_READ *)(const void *)(add
  93:Generated_Source\PSoC6\pdl\cmsis/include/cmsis_gcc.h **** #endif
  94:Generated_Source\PSoC6\pdl\cmsis/include/cmsis_gcc.h **** #ifndef   __UNALIGNED_UINT32_WRITE
  95:Generated_Source\PSoC6\pdl\cmsis/include/cmsis_gcc.h ****   #pragma GCC diagnostic push
  96:Generated_Source\PSoC6\pdl\cmsis/include/cmsis_gcc.h ****   #pragma GCC diagnostic ignored "-Wpacked"
  97:Generated_Source\PSoC6\pdl\cmsis/include/cmsis_gcc.h ****   #pragma GCC diagnostic ignored "-Wattributes"
  98:Generated_Source\PSoC6\pdl\cmsis/include/cmsis_gcc.h ****   __PACKED_STRUCT T_UINT32_WRITE { uint32_t v; };
  99:Generated_Source\PSoC6\pdl\cmsis/include/cmsis_gcc.h ****   #pragma GCC diagnostic pop
 100:Generated_Source\PSoC6\pdl\cmsis/include/cmsis_gcc.h ****   #define __UNALIGNED_UINT32_WRITE(addr, val)    (void)((((struct T_UINT32_WRITE *)(void *)(addr))-
 101:Generated_Source\PSoC6\pdl\cmsis/include/cmsis_gcc.h **** #endif
 102:Generated_Source\PSoC6\pdl\cmsis/include/cmsis_gcc.h **** #ifndef   __UNALIGNED_UINT32_READ
 103:Generated_Source\PSoC6\pdl\cmsis/include/cmsis_gcc.h ****   #pragma GCC diagnostic push
 104:Generated_Source\PSoC6\pdl\cmsis/include/cmsis_gcc.h ****   #pragma GCC diagnostic ignored "-Wpacked"
 105:Generated_Source\PSoC6\pdl\cmsis/include/cmsis_gcc.h ****   #pragma GCC diagnostic ignored "-Wattributes"
 106:Generated_Source\PSoC6\pdl\cmsis/include/cmsis_gcc.h ****   __PACKED_STRUCT T_UINT32_READ { uint32_t v; };
 107:Generated_Source\PSoC6\pdl\cmsis/include/cmsis_gcc.h ****   #pragma GCC diagnostic pop
 108:Generated_Source\PSoC6\pdl\cmsis/include/cmsis_gcc.h ****   #define __UNALIGNED_UINT32_READ(addr)          (((const struct T_UINT32_READ *)(const void *)(add
 109:Generated_Source\PSoC6\pdl\cmsis/include/cmsis_gcc.h **** #endif
 110:Generated_Source\PSoC6\pdl\cmsis/include/cmsis_gcc.h **** #ifndef   __ALIGNED
 111:Generated_Source\PSoC6\pdl\cmsis/include/cmsis_gcc.h ****   #define __ALIGNED(x)                           __attribute__((aligned(x)))
 112:Generated_Source\PSoC6\pdl\cmsis/include/cmsis_gcc.h **** #endif
 113:Generated_Source\PSoC6\pdl\cmsis/include/cmsis_gcc.h **** #ifndef   __RESTRICT
 114:Generated_Source\PSoC6\pdl\cmsis/include/cmsis_gcc.h ****   #define __RESTRICT                             __restrict
 115:Generated_Source\PSoC6\pdl\cmsis/include/cmsis_gcc.h **** #endif
 116:Generated_Source\PSoC6\pdl\cmsis/include/cmsis_gcc.h **** 
 117:Generated_Source\PSoC6\pdl\cmsis/include/cmsis_gcc.h **** 
ARM GAS  C:\Users\NUSAIR~1\AppData\Local\Temp\cciVU0bY.s 			page 4


 118:Generated_Source\PSoC6\pdl\cmsis/include/cmsis_gcc.h **** /* ###########################  Core Function Access  ########################### */
 119:Generated_Source\PSoC6\pdl\cmsis/include/cmsis_gcc.h **** /** \ingroup  CMSIS_Core_FunctionInterface
 120:Generated_Source\PSoC6\pdl\cmsis/include/cmsis_gcc.h ****     \defgroup CMSIS_Core_RegAccFunctions CMSIS Core Register Access Functions
 121:Generated_Source\PSoC6\pdl\cmsis/include/cmsis_gcc.h ****   @{
 122:Generated_Source\PSoC6\pdl\cmsis/include/cmsis_gcc.h ****  */
 123:Generated_Source\PSoC6\pdl\cmsis/include/cmsis_gcc.h **** 
 124:Generated_Source\PSoC6\pdl\cmsis/include/cmsis_gcc.h **** /**
 125:Generated_Source\PSoC6\pdl\cmsis/include/cmsis_gcc.h ****   \brief   Enable IRQ Interrupts
 126:Generated_Source\PSoC6\pdl\cmsis/include/cmsis_gcc.h ****   \details Enables IRQ interrupts by clearing the I-bit in the CPSR.
 127:Generated_Source\PSoC6\pdl\cmsis/include/cmsis_gcc.h ****            Can only be executed in Privileged modes.
 128:Generated_Source\PSoC6\pdl\cmsis/include/cmsis_gcc.h ****  */
 129:Generated_Source\PSoC6\pdl\cmsis/include/cmsis_gcc.h **** __STATIC_FORCEINLINE void __enable_irq(void)
 130:Generated_Source\PSoC6\pdl\cmsis/include/cmsis_gcc.h **** {
 131:Generated_Source\PSoC6\pdl\cmsis/include/cmsis_gcc.h ****   __ASM volatile ("cpsie i" : : : "memory");
  40              		.loc 2 131 0
  41              		.syntax divided
  42              	@ 131 "Generated_Source\PSoC6\pdl\cmsis/include/cmsis_gcc.h" 1
  43 0002 62B6     		cpsie i
  44              	@ 0 "" 2
  45              		.thumb
  46              		.syntax unified
  47              	.LBE5:
  48              	.LBE4:
  16:main_cm0p.c   ****     __enable_irq(); /* Enable global interrupts. */
  17:main_cm0p.c   ****     /* Enable CM4.  CY_CORTEX_M4_APPL_ADDR must be updated if CM4 memory layout is changed. */
  18:main_cm0p.c   ****     Cy_SysEnableCM4(CY_CORTEX_M4_APPL_ADDR); 
  49              		.loc 1 18 0
  50 0004 0148     		ldr	r0, .L3
  51 0006 FFF7FEFF 		bl	Cy_SysEnableCM4
  52              	.LVL0:
  53              	.L2:
  54 000a FEE7     		b	.L2
  55              	.L4:
  56              		.align	2
  57              	.L3:
  58 000c 00000810 		.word	268959744
  59              		.cfi_endproc
  60              	.LFE455:
  61              		.size	main, .-main
  62              		.text
  63              	.Letext0:
  64              		.file 3 "c:\\program files (x86)\\cypress\\psoc creator\\4.4\\psoc creator\\import\\gnu\\arm\\5.4.
  65              		.file 4 "c:\\program files (x86)\\cypress\\psoc creator\\4.4\\psoc creator\\import\\gnu\\arm\\5.4.
  66              		.file 5 "Generated_Source\\PSoC6\\pdl\\drivers/peripheral/device/cy_device.h"
  67              		.file 6 "Generated_Source\\PSoC6\\pdl\\drivers/peripheral/scb/cy_scb_i2c.h"
  68              		.file 7 "Generated_Source\\PSoC6\\pdl\\drivers/peripheral/scb/cy_scb_spi.h"
  69              		.file 8 "Generated_Source\\PSoC6\\pdl\\drivers/peripheral/scb/cy_scb_uart.h"
  70              		.file 9 "Generated_Source\\PSoC6/UART.h"
  71              		.file 10 "Generated_Source\\PSoC6/ppgI2C.h"
  72              		.file 11 "Generated_Source\\PSoC6/imuSPI.h"
  73              		.file 12 "./system_psoc6.h"
  74              		.section	.debug_info,"",%progbits
  75              	.Ldebug_info0:
  76 0000 A5080000 		.4byte	0x8a5
  77 0004 0400     		.2byte	0x4
  78 0006 00000000 		.4byte	.Ldebug_abbrev0
  79 000a 04       		.byte	0x4
ARM GAS  C:\Users\NUSAIR~1\AppData\Local\Temp\cciVU0bY.s 			page 5


  80 000b 01       		.uleb128 0x1
  81 000c 97070000 		.4byte	.LASF163
  82 0010 0C       		.byte	0xc
  83 0011 73000000 		.4byte	.LASF164
  84 0015 88090000 		.4byte	.LASF165
  85 0019 00000000 		.4byte	.Ldebug_ranges0+0
  86 001d 00000000 		.4byte	0
  87 0021 00000000 		.4byte	.Ldebug_line0
  88 0025 02       		.uleb128 0x2
  89 0026 02       		.byte	0x2
  90 0027 05       		.byte	0x5
  91 0028 C2060000 		.4byte	.LASF0
  92 002c 02       		.uleb128 0x2
  93 002d 01       		.byte	0x1
  94 002e 08       		.byte	0x8
  95 002f 77060000 		.4byte	.LASF1
  96 0033 02       		.uleb128 0x2
  97 0034 01       		.byte	0x1
  98 0035 06       		.byte	0x6
  99 0036 B1010000 		.4byte	.LASF2
 100 003a 03       		.uleb128 0x3
 101 003b 9B000000 		.4byte	.LASF3
 102 003f 03       		.byte	0x3
 103 0040 1D       		.byte	0x1d
 104 0041 2C000000 		.4byte	0x2c
 105 0045 03       		.uleb128 0x3
 106 0046 33030000 		.4byte	.LASF4
 107 004a 03       		.byte	0x3
 108 004b 29       		.byte	0x29
 109 004c 25000000 		.4byte	0x25
 110 0050 03       		.uleb128 0x3
 111 0051 4E080000 		.4byte	.LASF5
 112 0055 03       		.byte	0x3
 113 0056 2B       		.byte	0x2b
 114 0057 5B000000 		.4byte	0x5b
 115 005b 02       		.uleb128 0x2
 116 005c 02       		.byte	0x2
 117 005d 07       		.byte	0x7
 118 005e A7080000 		.4byte	.LASF6
 119 0062 02       		.uleb128 0x2
 120 0063 04       		.byte	0x4
 121 0064 05       		.byte	0x5
 122 0065 64020000 		.4byte	.LASF7
 123 0069 03       		.uleb128 0x3
 124 006a 18030000 		.4byte	.LASF8
 125 006e 03       		.byte	0x3
 126 006f 41       		.byte	0x41
 127 0070 74000000 		.4byte	0x74
 128 0074 02       		.uleb128 0x2
 129 0075 04       		.byte	0x4
 130 0076 07       		.byte	0x7
 131 0077 E4030000 		.4byte	.LASF9
 132 007b 02       		.uleb128 0x2
 133 007c 08       		.byte	0x8
 134 007d 05       		.byte	0x5
 135 007e A3010000 		.4byte	.LASF10
 136 0082 02       		.uleb128 0x2
ARM GAS  C:\Users\NUSAIR~1\AppData\Local\Temp\cciVU0bY.s 			page 6


 137 0083 08       		.byte	0x8
 138 0084 07       		.byte	0x7
 139 0085 F2000000 		.4byte	.LASF11
 140 0089 04       		.uleb128 0x4
 141 008a 04       		.byte	0x4
 142 008b 05       		.byte	0x5
 143 008c 696E7400 		.ascii	"int\000"
 144 0090 02       		.uleb128 0x2
 145 0091 04       		.byte	0x4
 146 0092 07       		.byte	0x7
 147 0093 A4030000 		.4byte	.LASF12
 148 0097 03       		.uleb128 0x3
 149 0098 BF090000 		.4byte	.LASF13
 150 009c 04       		.byte	0x4
 151 009d 18       		.byte	0x18
 152 009e 3A000000 		.4byte	0x3a
 153 00a2 03       		.uleb128 0x3
 154 00a3 9B010000 		.4byte	.LASF14
 155 00a7 04       		.byte	0x4
 156 00a8 20       		.byte	0x20
 157 00a9 45000000 		.4byte	0x45
 158 00ad 03       		.uleb128 0x3
 159 00ae B0020000 		.4byte	.LASF15
 160 00b2 04       		.byte	0x4
 161 00b3 24       		.byte	0x24
 162 00b4 50000000 		.4byte	0x50
 163 00b8 03       		.uleb128 0x3
 164 00b9 5A0A0000 		.4byte	.LASF16
 165 00bd 04       		.byte	0x4
 166 00be 30       		.byte	0x30
 167 00bf 69000000 		.4byte	0x69
 168 00c3 02       		.uleb128 0x2
 169 00c4 04       		.byte	0x4
 170 00c5 07       		.byte	0x7
 171 00c6 3A050000 		.4byte	.LASF17
 172 00ca 05       		.uleb128 0x5
 173 00cb B8000000 		.4byte	0xb8
 174 00cf 02       		.uleb128 0x2
 175 00d0 08       		.byte	0x8
 176 00d1 04       		.byte	0x4
 177 00d2 29080000 		.4byte	.LASF18
 178 00d6 06       		.uleb128 0x6
 179 00d7 B8       		.byte	0xb8
 180 00d8 05       		.byte	0x5
 181 00d9 34       		.byte	0x34
 182 00da E7040000 		.4byte	0x4e7
 183 00de 07       		.uleb128 0x7
 184 00df D9000000 		.4byte	.LASF19
 185 00e3 05       		.byte	0x5
 186 00e4 37       		.byte	0x37
 187 00e5 B8000000 		.4byte	0xb8
 188 00e9 00       		.byte	0
 189 00ea 07       		.uleb128 0x7
 190 00eb 0D030000 		.4byte	.LASF20
 191 00ef 05       		.byte	0x5
 192 00f0 38       		.byte	0x38
 193 00f1 B8000000 		.4byte	0xb8
ARM GAS  C:\Users\NUSAIR~1\AppData\Local\Temp\cciVU0bY.s 			page 7


 194 00f5 04       		.byte	0x4
 195 00f6 07       		.uleb128 0x7
 196 00f7 96020000 		.4byte	.LASF21
 197 00fb 05       		.byte	0x5
 198 00fc 39       		.byte	0x39
 199 00fd B8000000 		.4byte	0xb8
 200 0101 08       		.byte	0x8
 201 0102 07       		.uleb128 0x7
 202 0103 5A060000 		.4byte	.LASF22
 203 0107 05       		.byte	0x5
 204 0108 3A       		.byte	0x3a
 205 0109 B8000000 		.4byte	0xb8
 206 010d 0C       		.byte	0xc
 207 010e 07       		.uleb128 0x7
 208 010f D3040000 		.4byte	.LASF23
 209 0113 05       		.byte	0x5
 210 0114 3B       		.byte	0x3b
 211 0115 B8000000 		.4byte	0xb8
 212 0119 10       		.byte	0x10
 213 011a 07       		.uleb128 0x7
 214 011b 36020000 		.4byte	.LASF24
 215 011f 05       		.byte	0x5
 216 0120 3C       		.byte	0x3c
 217 0121 B8000000 		.4byte	0xb8
 218 0125 14       		.byte	0x14
 219 0126 07       		.uleb128 0x7
 220 0127 E8080000 		.4byte	.LASF25
 221 012b 05       		.byte	0x5
 222 012c 3D       		.byte	0x3d
 223 012d B8000000 		.4byte	0xb8
 224 0131 18       		.byte	0x18
 225 0132 07       		.uleb128 0x7
 226 0133 6A000000 		.4byte	.LASF26
 227 0137 05       		.byte	0x5
 228 0138 3E       		.byte	0x3e
 229 0139 B8000000 		.4byte	0xb8
 230 013d 1C       		.byte	0x1c
 231 013e 07       		.uleb128 0x7
 232 013f 280A0000 		.4byte	.LASF27
 233 0143 05       		.byte	0x5
 234 0144 3F       		.byte	0x3f
 235 0145 B8000000 		.4byte	0xb8
 236 0149 20       		.byte	0x20
 237 014a 07       		.uleb128 0x7
 238 014b 17050000 		.4byte	.LASF28
 239 014f 05       		.byte	0x5
 240 0150 40       		.byte	0x40
 241 0151 B8000000 		.4byte	0xb8
 242 0155 24       		.byte	0x24
 243 0156 07       		.uleb128 0x7
 244 0157 4D0A0000 		.4byte	.LASF29
 245 015b 05       		.byte	0x5
 246 015c 43       		.byte	0x43
 247 015d 97000000 		.4byte	0x97
 248 0161 28       		.byte	0x28
 249 0162 07       		.uleb128 0x7
 250 0163 50000000 		.4byte	.LASF30
ARM GAS  C:\Users\NUSAIR~1\AppData\Local\Temp\cciVU0bY.s 			page 8


 251 0167 05       		.byte	0x5
 252 0168 44       		.byte	0x44
 253 0169 97000000 		.4byte	0x97
 254 016d 29       		.byte	0x29
 255 016e 07       		.uleb128 0x7
 256 016f 1E0A0000 		.4byte	.LASF31
 257 0173 05       		.byte	0x5
 258 0174 45       		.byte	0x45
 259 0175 97000000 		.4byte	0x97
 260 0179 2A       		.byte	0x2a
 261 017a 07       		.uleb128 0x7
 262 017b C1050000 		.4byte	.LASF32
 263 017f 05       		.byte	0x5
 264 0180 46       		.byte	0x46
 265 0181 97000000 		.4byte	0x97
 266 0185 2B       		.byte	0x2b
 267 0186 07       		.uleb128 0x7
 268 0187 9E040000 		.4byte	.LASF33
 269 018b 05       		.byte	0x5
 270 018c 47       		.byte	0x47
 271 018d 97000000 		.4byte	0x97
 272 0191 2C       		.byte	0x2c
 273 0192 07       		.uleb128 0x7
 274 0193 6C080000 		.4byte	.LASF34
 275 0197 05       		.byte	0x5
 276 0198 48       		.byte	0x48
 277 0199 97000000 		.4byte	0x97
 278 019d 2D       		.byte	0x2d
 279 019e 07       		.uleb128 0x7
 280 019f E9010000 		.4byte	.LASF35
 281 01a3 05       		.byte	0x5
 282 01a4 49       		.byte	0x49
 283 01a5 97000000 		.4byte	0x97
 284 01a9 2E       		.byte	0x2e
 285 01aa 07       		.uleb128 0x7
 286 01ab FA050000 		.4byte	.LASF36
 287 01af 05       		.byte	0x5
 288 01b0 4A       		.byte	0x4a
 289 01b1 97000000 		.4byte	0x97
 290 01b5 2F       		.byte	0x2f
 291 01b6 07       		.uleb128 0x7
 292 01b7 90050000 		.4byte	.LASF37
 293 01bb 05       		.byte	0x5
 294 01bc 4B       		.byte	0x4b
 295 01bd 97000000 		.4byte	0x97
 296 01c1 30       		.byte	0x30
 297 01c2 07       		.uleb128 0x7
 298 01c3 22040000 		.4byte	.LASF38
 299 01c7 05       		.byte	0x5
 300 01c8 4E       		.byte	0x4e
 301 01c9 97000000 		.4byte	0x97
 302 01cd 31       		.byte	0x31
 303 01ce 07       		.uleb128 0x7
 304 01cf 8D000000 		.4byte	.LASF39
 305 01d3 05       		.byte	0x5
 306 01d4 4F       		.byte	0x4f
 307 01d5 97000000 		.4byte	0x97
ARM GAS  C:\Users\NUSAIR~1\AppData\Local\Temp\cciVU0bY.s 			page 9


 308 01d9 32       		.byte	0x32
 309 01da 07       		.uleb128 0x7
 310 01db 2D040000 		.4byte	.LASF40
 311 01df 05       		.byte	0x5
 312 01e0 50       		.byte	0x50
 313 01e1 97000000 		.4byte	0x97
 314 01e5 33       		.byte	0x33
 315 01e6 07       		.uleb128 0x7
 316 01e7 B1000000 		.4byte	.LASF41
 317 01eb 05       		.byte	0x5
 318 01ec 51       		.byte	0x51
 319 01ed 97000000 		.4byte	0x97
 320 01f1 34       		.byte	0x34
 321 01f2 07       		.uleb128 0x7
 322 01f3 DB080000 		.4byte	.LASF42
 323 01f7 05       		.byte	0x5
 324 01f8 52       		.byte	0x52
 325 01f9 A2000000 		.4byte	0xa2
 326 01fd 36       		.byte	0x36
 327 01fe 07       		.uleb128 0x7
 328 01ff 66070000 		.4byte	.LASF43
 329 0203 05       		.byte	0x5
 330 0204 53       		.byte	0x53
 331 0205 A2000000 		.4byte	0xa2
 332 0209 38       		.byte	0x38
 333 020a 07       		.uleb128 0x7
 334 020b 4E090000 		.4byte	.LASF44
 335 020f 05       		.byte	0x5
 336 0210 54       		.byte	0x54
 337 0211 A2000000 		.4byte	0xa2
 338 0215 3A       		.byte	0x3a
 339 0216 07       		.uleb128 0x7
 340 0217 27020000 		.4byte	.LASF45
 341 021b 05       		.byte	0x5
 342 021c 55       		.byte	0x55
 343 021d 97000000 		.4byte	0x97
 344 0221 3C       		.byte	0x3c
 345 0222 07       		.uleb128 0x7
 346 0223 D5020000 		.4byte	.LASF46
 347 0227 05       		.byte	0x5
 348 0228 56       		.byte	0x56
 349 0229 97000000 		.4byte	0x97
 350 022d 3D       		.byte	0x3d
 351 022e 07       		.uleb128 0x7
 352 022f 39090000 		.4byte	.LASF47
 353 0233 05       		.byte	0x5
 354 0234 57       		.byte	0x57
 355 0235 97000000 		.4byte	0x97
 356 0239 3E       		.byte	0x3e
 357 023a 07       		.uleb128 0x7
 358 023b 5E000000 		.4byte	.LASF48
 359 023f 05       		.byte	0x5
 360 0240 58       		.byte	0x58
 361 0241 97000000 		.4byte	0x97
 362 0245 3F       		.byte	0x3f
 363 0246 07       		.uleb128 0x7
 364 0247 CF050000 		.4byte	.LASF49
ARM GAS  C:\Users\NUSAIR~1\AppData\Local\Temp\cciVU0bY.s 			page 10


 365 024b 05       		.byte	0x5
 366 024c 59       		.byte	0x59
 367 024d 97000000 		.4byte	0x97
 368 0251 40       		.byte	0x40
 369 0252 07       		.uleb128 0x7
 370 0253 23030000 		.4byte	.LASF50
 371 0257 05       		.byte	0x5
 372 0258 5A       		.byte	0x5a
 373 0259 97000000 		.4byte	0x97
 374 025d 41       		.byte	0x41
 375 025e 07       		.uleb128 0x7
 376 025f 75050000 		.4byte	.LASF51
 377 0263 05       		.byte	0x5
 378 0264 5B       		.byte	0x5b
 379 0265 97000000 		.4byte	0x97
 380 0269 42       		.byte	0x42
 381 026a 07       		.uleb128 0x7
 382 026b AD050000 		.4byte	.LASF52
 383 026f 05       		.byte	0x5
 384 0270 5C       		.byte	0x5c
 385 0271 97000000 		.4byte	0x97
 386 0275 43       		.byte	0x43
 387 0276 07       		.uleb128 0x7
 388 0277 9F020000 		.4byte	.LASF53
 389 027b 05       		.byte	0x5
 390 027c 5D       		.byte	0x5d
 391 027d 97000000 		.4byte	0x97
 392 0281 44       		.byte	0x44
 393 0282 07       		.uleb128 0x7
 394 0283 00000000 		.4byte	.LASF54
 395 0287 05       		.byte	0x5
 396 0288 5E       		.byte	0x5e
 397 0289 B8000000 		.4byte	0xb8
 398 028d 48       		.byte	0x48
 399 028e 07       		.uleb128 0x7
 400 028f 88020000 		.4byte	.LASF55
 401 0293 05       		.byte	0x5
 402 0294 5F       		.byte	0x5f
 403 0295 B8000000 		.4byte	0xb8
 404 0299 4C       		.byte	0x4c
 405 029a 07       		.uleb128 0x7
 406 029b 630A0000 		.4byte	.LASF56
 407 029f 05       		.byte	0x5
 408 02a0 60       		.byte	0x60
 409 02a1 97000000 		.4byte	0x97
 410 02a5 50       		.byte	0x50
 411 02a6 07       		.uleb128 0x7
 412 02a7 4C010000 		.4byte	.LASF57
 413 02ab 05       		.byte	0x5
 414 02ac 61       		.byte	0x61
 415 02ad 97000000 		.4byte	0x97
 416 02b1 51       		.byte	0x51
 417 02b2 07       		.uleb128 0x7
 418 02b3 78090000 		.4byte	.LASF58
 419 02b7 05       		.byte	0x5
 420 02b8 62       		.byte	0x62
 421 02b9 97000000 		.4byte	0x97
ARM GAS  C:\Users\NUSAIR~1\AppData\Local\Temp\cciVU0bY.s 			page 11


 422 02bd 52       		.byte	0x52
 423 02be 07       		.uleb128 0x7
 424 02bf 79080000 		.4byte	.LASF59
 425 02c3 05       		.byte	0x5
 426 02c4 63       		.byte	0x63
 427 02c5 97000000 		.4byte	0x97
 428 02c9 53       		.byte	0x53
 429 02ca 07       		.uleb128 0x7
 430 02cb 56070000 		.4byte	.LASF60
 431 02cf 05       		.byte	0x5
 432 02d0 64       		.byte	0x64
 433 02d1 97000000 		.4byte	0x97
 434 02d5 54       		.byte	0x54
 435 02d6 07       		.uleb128 0x7
 436 02d7 87010000 		.4byte	.LASF61
 437 02db 05       		.byte	0x5
 438 02dc 65       		.byte	0x65
 439 02dd 97000000 		.4byte	0x97
 440 02e1 55       		.byte	0x55
 441 02e2 07       		.uleb128 0x7
 442 02e3 3A080000 		.4byte	.LASF62
 443 02e7 05       		.byte	0x5
 444 02e8 66       		.byte	0x66
 445 02e9 97000000 		.4byte	0x97
 446 02ed 56       		.byte	0x56
 447 02ee 07       		.uleb128 0x7
 448 02ef 39040000 		.4byte	.LASF63
 449 02f3 05       		.byte	0x5
 450 02f4 67       		.byte	0x67
 451 02f5 97000000 		.4byte	0x97
 452 02f9 57       		.byte	0x57
 453 02fa 07       		.uleb128 0x7
 454 02fb 1C000000 		.4byte	.LASF64
 455 02ff 05       		.byte	0x5
 456 0300 68       		.byte	0x68
 457 0301 97000000 		.4byte	0x97
 458 0305 58       		.byte	0x58
 459 0306 07       		.uleb128 0x7
 460 0307 85060000 		.4byte	.LASF65
 461 030b 05       		.byte	0x5
 462 030c 69       		.byte	0x69
 463 030d 97000000 		.4byte	0x97
 464 0311 59       		.byte	0x59
 465 0312 07       		.uleb128 0x7
 466 0313 43050000 		.4byte	.LASF66
 467 0317 05       		.byte	0x5
 468 0318 6E       		.byte	0x6e
 469 0319 AD000000 		.4byte	0xad
 470 031d 5A       		.byte	0x5a
 471 031e 07       		.uleb128 0x7
 472 031f BA080000 		.4byte	.LASF67
 473 0323 05       		.byte	0x5
 474 0324 6F       		.byte	0x6f
 475 0325 AD000000 		.4byte	0xad
 476 0329 5C       		.byte	0x5c
 477 032a 07       		.uleb128 0x7
 478 032b E3000000 		.4byte	.LASF68
ARM GAS  C:\Users\NUSAIR~1\AppData\Local\Temp\cciVU0bY.s 			page 12


 479 032f 05       		.byte	0x5
 480 0330 70       		.byte	0x70
 481 0331 97000000 		.4byte	0x97
 482 0335 5E       		.byte	0x5e
 483 0336 07       		.uleb128 0x7
 484 0337 33060000 		.4byte	.LASF69
 485 033b 05       		.byte	0x5
 486 033c 71       		.byte	0x71
 487 033d 97000000 		.4byte	0x97
 488 0341 5F       		.byte	0x5f
 489 0342 07       		.uleb128 0x7
 490 0343 9C050000 		.4byte	.LASF70
 491 0347 05       		.byte	0x5
 492 0348 72       		.byte	0x72
 493 0349 97000000 		.4byte	0x97
 494 034d 60       		.byte	0x60
 495 034e 07       		.uleb128 0x7
 496 034f 0C060000 		.4byte	.LASF71
 497 0353 05       		.byte	0x5
 498 0354 73       		.byte	0x73
 499 0355 B8000000 		.4byte	0xb8
 500 0359 64       		.byte	0x64
 501 035a 07       		.uleb128 0x7
 502 035b 09010000 		.4byte	.LASF72
 503 035f 05       		.byte	0x5
 504 0360 76       		.byte	0x76
 505 0361 AD000000 		.4byte	0xad
 506 0365 68       		.byte	0x68
 507 0366 07       		.uleb128 0x7
 508 0367 D2030000 		.4byte	.LASF73
 509 036b 05       		.byte	0x5
 510 036c 77       		.byte	0x77
 511 036d AD000000 		.4byte	0xad
 512 0371 6A       		.byte	0x6a
 513 0372 07       		.uleb128 0x7
 514 0373 57040000 		.4byte	.LASF74
 515 0377 05       		.byte	0x5
 516 0378 78       		.byte	0x78
 517 0379 AD000000 		.4byte	0xad
 518 037d 6C       		.byte	0x6c
 519 037e 07       		.uleb128 0x7
 520 037f 71070000 		.4byte	.LASF75
 521 0383 05       		.byte	0x5
 522 0384 79       		.byte	0x79
 523 0385 AD000000 		.4byte	0xad
 524 0389 6E       		.byte	0x6e
 525 038a 07       		.uleb128 0x7
 526 038b EB060000 		.4byte	.LASF76
 527 038f 05       		.byte	0x5
 528 0390 7B       		.byte	0x7b
 529 0391 97000000 		.4byte	0x97
 530 0395 70       		.byte	0x70
 531 0396 07       		.uleb128 0x7
 532 0397 D4010000 		.4byte	.LASF77
 533 039b 05       		.byte	0x5
 534 039c 7C       		.byte	0x7c
 535 039d 97000000 		.4byte	0x97
ARM GAS  C:\Users\NUSAIR~1\AppData\Local\Temp\cciVU0bY.s 			page 13


 536 03a1 71       		.byte	0x71
 537 03a2 07       		.uleb128 0x7
 538 03a3 46030000 		.4byte	.LASF78
 539 03a7 05       		.byte	0x5
 540 03a8 7D       		.byte	0x7d
 541 03a9 97000000 		.4byte	0x97
 542 03ad 72       		.byte	0x72
 543 03ae 07       		.uleb128 0x7
 544 03af 5E050000 		.4byte	.LASF79
 545 03b3 05       		.byte	0x5
 546 03b4 7E       		.byte	0x7e
 547 03b5 97000000 		.4byte	0x97
 548 03b9 73       		.byte	0x73
 549 03ba 07       		.uleb128 0x7
 550 03bb E0020000 		.4byte	.LASF80
 551 03bf 05       		.byte	0x5
 552 03c0 80       		.byte	0x80
 553 03c1 AD000000 		.4byte	0xad
 554 03c5 74       		.byte	0x74
 555 03c6 07       		.uleb128 0x7
 556 03c7 59080000 		.4byte	.LASF81
 557 03cb 05       		.byte	0x5
 558 03cc 81       		.byte	0x81
 559 03cd AD000000 		.4byte	0xad
 560 03d1 76       		.byte	0x76
 561 03d2 07       		.uleb128 0x7
 562 03d3 C0020000 		.4byte	.LASF82
 563 03d7 05       		.byte	0x5
 564 03d8 82       		.byte	0x82
 565 03d9 AD000000 		.4byte	0xad
 566 03dd 78       		.byte	0x78
 567 03de 07       		.uleb128 0x7
 568 03df AD060000 		.4byte	.LASF83
 569 03e3 05       		.byte	0x5
 570 03e4 83       		.byte	0x83
 571 03e5 AD000000 		.4byte	0xad
 572 03e9 7A       		.byte	0x7a
 573 03ea 07       		.uleb128 0x7
 574 03eb DC090000 		.4byte	.LASF84
 575 03ef 05       		.byte	0x5
 576 03f0 86       		.byte	0x86
 577 03f1 97000000 		.4byte	0x97
 578 03f5 7C       		.byte	0x7c
 579 03f6 07       		.uleb128 0x7
 580 03f7 7D040000 		.4byte	.LASF85
 581 03fb 05       		.byte	0x5
 582 03fc 87       		.byte	0x87
 583 03fd 97000000 		.4byte	0x97
 584 0401 7D       		.byte	0x7d
 585 0402 07       		.uleb128 0x7
 586 0403 30000000 		.4byte	.LASF86
 587 0407 05       		.byte	0x5
 588 0408 88       		.byte	0x88
 589 0409 97000000 		.4byte	0x97
 590 040d 7E       		.byte	0x7e
 591 040e 07       		.uleb128 0x7
 592 040f F2020000 		.4byte	.LASF87
ARM GAS  C:\Users\NUSAIR~1\AppData\Local\Temp\cciVU0bY.s 			page 14


 593 0413 05       		.byte	0x5
 594 0414 89       		.byte	0x89
 595 0415 97000000 		.4byte	0x97
 596 0419 7F       		.byte	0x7f
 597 041a 07       		.uleb128 0x7
 598 041b 7B030000 		.4byte	.LASF88
 599 041f 05       		.byte	0x5
 600 0420 8A       		.byte	0x8a
 601 0421 97000000 		.4byte	0x97
 602 0425 80       		.byte	0x80
 603 0426 07       		.uleb128 0x7
 604 0427 00050000 		.4byte	.LASF89
 605 042b 05       		.byte	0x5
 606 042c 8D       		.byte	0x8d
 607 042d B8000000 		.4byte	0xb8
 608 0431 84       		.byte	0x84
 609 0432 07       		.uleb128 0x7
 610 0433 C2000000 		.4byte	.LASF90
 611 0437 05       		.byte	0x5
 612 0438 8E       		.byte	0x8e
 613 0439 B8000000 		.4byte	0xb8
 614 043d 88       		.byte	0x88
 615 043e 07       		.uleb128 0x7
 616 043f C7090000 		.4byte	.LASF91
 617 0443 05       		.byte	0x5
 618 0444 8F       		.byte	0x8f
 619 0445 B8000000 		.4byte	0xb8
 620 0449 8C       		.byte	0x8c
 621 044a 07       		.uleb128 0x7
 622 044b 8F030000 		.4byte	.LASF92
 623 044f 05       		.byte	0x5
 624 0450 90       		.byte	0x90
 625 0451 B8000000 		.4byte	0xb8
 626 0455 90       		.byte	0x90
 627 0456 07       		.uleb128 0x7
 628 0457 5C030000 		.4byte	.LASF93
 629 045b 05       		.byte	0x5
 630 045c 91       		.byte	0x91
 631 045d B8000000 		.4byte	0xb8
 632 0461 94       		.byte	0x94
 633 0462 07       		.uleb128 0x7
 634 0463 DC040000 		.4byte	.LASF94
 635 0467 05       		.byte	0x5
 636 0468 92       		.byte	0x92
 637 0469 B8000000 		.4byte	0xb8
 638 046d 98       		.byte	0x98
 639 046e 07       		.uleb128 0x7
 640 046f FF090000 		.4byte	.LASF95
 641 0473 05       		.byte	0x5
 642 0474 93       		.byte	0x93
 643 0475 B8000000 		.4byte	0xb8
 644 0479 9C       		.byte	0x9c
 645 047a 07       		.uleb128 0x7
 646 047b 23010000 		.4byte	.LASF96
 647 047f 05       		.byte	0x5
 648 0480 94       		.byte	0x94
 649 0481 B8000000 		.4byte	0xb8
ARM GAS  C:\Users\NUSAIR~1\AppData\Local\Temp\cciVU0bY.s 			page 15


 650 0485 A0       		.byte	0xa0
 651 0486 07       		.uleb128 0x7
 652 0487 F4010000 		.4byte	.LASF97
 653 048b 05       		.byte	0x5
 654 048c 95       		.byte	0x95
 655 048d AD000000 		.4byte	0xad
 656 0491 A4       		.byte	0xa4
 657 0492 07       		.uleb128 0x7
 658 0493 63090000 		.4byte	.LASF98
 659 0497 05       		.byte	0x5
 660 0498 96       		.byte	0x96
 661 0499 AD000000 		.4byte	0xad
 662 049d A6       		.byte	0xa6
 663 049e 07       		.uleb128 0x7
 664 049f 27060000 		.4byte	.LASF99
 665 04a3 05       		.byte	0x5
 666 04a4 97       		.byte	0x97
 667 04a5 AD000000 		.4byte	0xad
 668 04a9 A8       		.byte	0xa8
 669 04aa 07       		.uleb128 0x7
 670 04ab CC060000 		.4byte	.LASF100
 671 04af 05       		.byte	0x5
 672 04b0 98       		.byte	0x98
 673 04b1 AD000000 		.4byte	0xad
 674 04b5 AA       		.byte	0xaa
 675 04b6 07       		.uleb128 0x7
 676 04b7 66040000 		.4byte	.LASF101
 677 04bb 05       		.byte	0x5
 678 04bc 99       		.byte	0x99
 679 04bd AD000000 		.4byte	0xad
 680 04c1 AC       		.byte	0xac
 681 04c2 07       		.uleb128 0x7
 682 04c3 7F000000 		.4byte	.LASF102
 683 04c7 05       		.byte	0x5
 684 04c8 9A       		.byte	0x9a
 685 04c9 AD000000 		.4byte	0xad
 686 04cd AE       		.byte	0xae
 687 04ce 07       		.uleb128 0x7
 688 04cf C3080000 		.4byte	.LASF103
 689 04d3 05       		.byte	0x5
 690 04d4 9D       		.byte	0x9d
 691 04d5 AD000000 		.4byte	0xad
 692 04d9 B0       		.byte	0xb0
 693 04da 07       		.uleb128 0x7
 694 04db 99060000 		.4byte	.LASF104
 695 04df 05       		.byte	0x5
 696 04e0 9E       		.byte	0x9e
 697 04e1 B8000000 		.4byte	0xb8
 698 04e5 B4       		.byte	0xb4
 699 04e6 00       		.byte	0
 700 04e7 03       		.uleb128 0x3
 701 04e8 AA040000 		.4byte	.LASF105
 702 04ec 05       		.byte	0x5
 703 04ed 9F       		.byte	0x9f
 704 04ee D6000000 		.4byte	0xd6
 705 04f2 02       		.uleb128 0x2
 706 04f3 01       		.byte	0x1
ARM GAS  C:\Users\NUSAIR~1\AppData\Local\Temp\cciVU0bY.s 			page 16


 707 04f4 08       		.byte	0x8
 708 04f5 35080000 		.4byte	.LASF106
 709 04f9 02       		.uleb128 0x2
 710 04fa 04       		.byte	0x4
 711 04fb 04       		.byte	0x4
 712 04fc 06060000 		.4byte	.LASF107
 713 0500 02       		.uleb128 0x2
 714 0501 08       		.byte	0x8
 715 0502 04       		.byte	0x4
 716 0503 B9020000 		.4byte	.LASF108
 717 0507 08       		.uleb128 0x8
 718 0508 04       		.byte	0x4
 719 0509 02       		.uleb128 0x2
 720 050a 01       		.byte	0x1
 721 050b 02       		.byte	0x2
 722 050c 71060000 		.4byte	.LASF109
 723 0510 09       		.uleb128 0x9
 724 0511 01       		.byte	0x1
 725 0512 2C000000 		.4byte	0x2c
 726 0516 06       		.byte	0x6
 727 0517 2402     		.2byte	0x224
 728 0519 2A050000 		.4byte	0x52a
 729 051d 0A       		.uleb128 0xa
 730 051e 62060000 		.4byte	.LASF110
 731 0522 00       		.byte	0
 732 0523 0A       		.uleb128 0xa
 733 0524 79020000 		.4byte	.LASF111
 734 0528 01       		.byte	0x1
 735 0529 00       		.byte	0
 736 052a 0B       		.uleb128 0xb
 737 052b 22050000 		.4byte	.LASF112
 738 052f 06       		.byte	0x6
 739 0530 2702     		.2byte	0x227
 740 0532 10050000 		.4byte	0x510
 741 0536 0B       		.uleb128 0xb
 742 0537 46020000 		.4byte	.LASF113
 743 053b 06       		.byte	0x6
 744 053c 3902     		.2byte	0x239
 745 053e 42050000 		.4byte	0x542
 746 0542 0C       		.uleb128 0xc
 747 0543 04       		.byte	0x4
 748 0544 48050000 		.4byte	0x548
 749 0548 0D       		.uleb128 0xd
 750 0549 53050000 		.4byte	0x553
 751 054d 0E       		.uleb128 0xe
 752 054e B8000000 		.4byte	0xb8
 753 0552 00       		.byte	0
 754 0553 0B       		.uleb128 0xb
 755 0554 1A070000 		.4byte	.LASF114
 756 0558 06       		.byte	0x6
 757 0559 4402     		.2byte	0x244
 758 055b 5F050000 		.4byte	0x55f
 759 055f 0C       		.uleb128 0xc
 760 0560 04       		.byte	0x4
 761 0561 65050000 		.4byte	0x565
 762 0565 0F       		.uleb128 0xf
 763 0566 2A050000 		.4byte	0x52a
ARM GAS  C:\Users\NUSAIR~1\AppData\Local\Temp\cciVU0bY.s 			page 17


 764 056a 74050000 		.4byte	0x574
 765 056e 0E       		.uleb128 0xe
 766 056f B8000000 		.4byte	0xb8
 767 0573 00       		.byte	0
 768 0574 10       		.uleb128 0x10
 769 0575 70010000 		.4byte	.LASF138
 770 0579 4C       		.byte	0x4c
 771 057a 06       		.byte	0x6
 772 057b C302     		.2byte	0x2c3
 773 057d 93060000 		.4byte	0x693
 774 0581 11       		.uleb128 0x11
 775 0582 D1080000 		.4byte	.LASF115
 776 0586 06       		.byte	0x6
 777 0587 C602     		.2byte	0x2c6
 778 0589 09050000 		.4byte	0x509
 779 058d 00       		.byte	0
 780 058e 11       		.uleb128 0x11
 781 058f 4D040000 		.4byte	.LASF116
 782 0593 06       		.byte	0x6
 783 0594 C702     		.2byte	0x2c7
 784 0596 09050000 		.4byte	0x509
 785 059a 01       		.byte	0x1
 786 059b 11       		.uleb128 0x11
 787 059c 40020000 		.4byte	.LASF117
 788 05a0 06       		.byte	0x6
 789 05a1 C902     		.2byte	0x2c9
 790 05a3 CA000000 		.4byte	0xca
 791 05a7 04       		.byte	0x4
 792 05a8 11       		.uleb128 0x11
 793 05a9 39010000 		.4byte	.LASF118
 794 05ad 06       		.byte	0x6
 795 05ae CB02     		.2byte	0x2cb
 796 05b0 CA000000 		.4byte	0xca
 797 05b4 08       		.byte	0x8
 798 05b5 11       		.uleb128 0x11
 799 05b6 0E070000 		.4byte	.LASF119
 800 05ba 06       		.byte	0x6
 801 05bb CC02     		.2byte	0x2cc
 802 05bd 09050000 		.4byte	0x509
 803 05c1 0C       		.byte	0xc
 804 05c2 11       		.uleb128 0x11
 805 05c3 6D020000 		.4byte	.LASF120
 806 05c7 06       		.byte	0x6
 807 05c8 CD02     		.2byte	0x2cd
 808 05ca 09050000 		.4byte	0x509
 809 05ce 0D       		.byte	0xd
 810 05cf 11       		.uleb128 0x11
 811 05d0 43000000 		.4byte	.LASF121
 812 05d4 06       		.byte	0x6
 813 05d5 CF02     		.2byte	0x2cf
 814 05d7 93060000 		.4byte	0x693
 815 05db 10       		.byte	0x10
 816 05dc 11       		.uleb128 0x11
 817 05dd DA060000 		.4byte	.LASF122
 818 05e1 06       		.byte	0x6
 819 05e2 D002     		.2byte	0x2d0
 820 05e4 B8000000 		.4byte	0xb8
ARM GAS  C:\Users\NUSAIR~1\AppData\Local\Temp\cciVU0bY.s 			page 18


 821 05e8 14       		.byte	0x14
 822 05e9 11       		.uleb128 0x11
 823 05ea 4E050000 		.4byte	.LASF123
 824 05ee 06       		.byte	0x6
 825 05ef D102     		.2byte	0x2d1
 826 05f1 CA000000 		.4byte	0xca
 827 05f5 18       		.byte	0x18
 828 05f6 11       		.uleb128 0x11
 829 05f7 36070000 		.4byte	.LASF124
 830 05fb 06       		.byte	0x6
 831 05fc D202     		.2byte	0x2d2
 832 05fe CA000000 		.4byte	0xca
 833 0602 1C       		.byte	0x1c
 834 0603 11       		.uleb128 0x11
 835 0604 A5000000 		.4byte	.LASF125
 836 0608 06       		.byte	0x6
 837 0609 D402     		.2byte	0x2d4
 838 060b CA000000 		.4byte	0xca
 839 060f 20       		.byte	0x20
 840 0610 11       		.uleb128 0x11
 841 0611 C2030000 		.4byte	.LASF126
 842 0615 06       		.byte	0x6
 843 0616 D502     		.2byte	0x2d5
 844 0618 99060000 		.4byte	0x699
 845 061c 24       		.byte	0x24
 846 061d 11       		.uleb128 0x11
 847 061e FF080000 		.4byte	.LASF127
 848 0622 06       		.byte	0x6
 849 0623 D702     		.2byte	0x2d7
 850 0625 93060000 		.4byte	0x693
 851 0629 28       		.byte	0x28
 852 062a 11       		.uleb128 0x11
 853 062b 0D090000 		.4byte	.LASF128
 854 062f 06       		.byte	0x6
 855 0630 D802     		.2byte	0x2d8
 856 0632 B8000000 		.4byte	0xb8
 857 0636 2C       		.byte	0x2c
 858 0637 11       		.uleb128 0x11
 859 0638 B1030000 		.4byte	.LASF129
 860 063c 06       		.byte	0x6
 861 063d D902     		.2byte	0x2d9
 862 063f CA000000 		.4byte	0xca
 863 0643 30       		.byte	0x30
 864 0644 11       		.uleb128 0x11
 865 0645 45070000 		.4byte	.LASF130
 866 0649 06       		.byte	0x6
 867 064a DA02     		.2byte	0x2da
 868 064c CA000000 		.4byte	0xca
 869 0650 34       		.byte	0x34
 870 0651 11       		.uleb128 0x11
 871 0652 F2040000 		.4byte	.LASF131
 872 0656 06       		.byte	0x6
 873 0657 DC02     		.2byte	0x2dc
 874 0659 93060000 		.4byte	0x693
 875 065d 38       		.byte	0x38
 876 065e 11       		.uleb128 0x11
 877 065f 5E010000 		.4byte	.LASF132
ARM GAS  C:\Users\NUSAIR~1\AppData\Local\Temp\cciVU0bY.s 			page 19


 878 0663 06       		.byte	0x6
 879 0664 DD02     		.2byte	0x2dd
 880 0666 B8000000 		.4byte	0xb8
 881 066a 3C       		.byte	0x3c
 882 066b 11       		.uleb128 0x11
 883 066c E9050000 		.4byte	.LASF133
 884 0670 06       		.byte	0x6
 885 0671 DE02     		.2byte	0x2de
 886 0673 CA000000 		.4byte	0xca
 887 0677 40       		.byte	0x40
 888 0678 11       		.uleb128 0x11
 889 0679 74040000 		.4byte	.LASF134
 890 067d 06       		.byte	0x6
 891 067e E402     		.2byte	0x2e4
 892 0680 36050000 		.4byte	0x536
 893 0684 44       		.byte	0x44
 894 0685 11       		.uleb128 0x11
 895 0686 06030000 		.4byte	.LASF135
 896 068a 06       		.byte	0x6
 897 068b EB02     		.2byte	0x2eb
 898 068d 53050000 		.4byte	0x553
 899 0691 48       		.byte	0x48
 900 0692 00       		.byte	0
 901 0693 0C       		.uleb128 0xc
 902 0694 04       		.byte	0x4
 903 0695 97000000 		.4byte	0x97
 904 0699 05       		.uleb128 0x5
 905 069a 09050000 		.4byte	0x509
 906 069e 0B       		.uleb128 0xb
 907 069f 7E070000 		.4byte	.LASF136
 908 06a3 06       		.byte	0x6
 909 06a4 EE02     		.2byte	0x2ee
 910 06a6 74050000 		.4byte	0x574
 911 06aa 0B       		.uleb128 0xb
 912 06ab 09020000 		.4byte	.LASF137
 913 06af 07       		.byte	0x7
 914 06b0 F201     		.2byte	0x1f2
 915 06b2 42050000 		.4byte	0x542
 916 06b6 10       		.uleb128 0x10
 917 06b7 BD010000 		.4byte	.LASF139
 918 06bb 24       		.byte	0x24
 919 06bc 07       		.byte	0x7
 920 06bd 7402     		.2byte	0x274
 921 06bf 39070000 		.4byte	0x739
 922 06c3 11       		.uleb128 0x11
 923 06c4 47090000 		.4byte	.LASF140
 924 06c8 07       		.byte	0x7
 925 06c9 7702     		.2byte	0x277
 926 06cb CA000000 		.4byte	0xca
 927 06cf 00       		.byte	0
 928 06d0 11       		.uleb128 0x11
 929 06d1 F9080000 		.4byte	.LASF141
 930 06d5 07       		.byte	0x7
 931 06d6 7902     		.2byte	0x279
 932 06d8 07050000 		.4byte	0x507
 933 06dc 04       		.byte	0x4
 934 06dd 11       		.uleb128 0x11
ARM GAS  C:\Users\NUSAIR~1\AppData\Local\Temp\cciVU0bY.s 			page 20


 935 06de 12000000 		.4byte	.LASF142
 936 06e2 07       		.byte	0x7
 937 06e3 7A02     		.2byte	0x27a
 938 06e5 B8000000 		.4byte	0xb8
 939 06e9 08       		.byte	0x8
 940 06ea 11       		.uleb128 0x11
 941 06eb 3D030000 		.4byte	.LASF143
 942 06ef 07       		.byte	0x7
 943 06f0 7B02     		.2byte	0x27b
 944 06f2 CA000000 		.4byte	0xca
 945 06f6 0C       		.byte	0xc
 946 06f7 11       		.uleb128 0x11
 947 06f8 46010000 		.4byte	.LASF144
 948 06fc 07       		.byte	0x7
 949 06fd 7D02     		.2byte	0x27d
 950 06ff 07050000 		.4byte	0x507
 951 0703 10       		.byte	0x10
 952 0704 11       		.uleb128 0x11
 953 0705 71030000 		.4byte	.LASF145
 954 0709 07       		.byte	0x7
 955 070a 7E02     		.2byte	0x27e
 956 070c B8000000 		.4byte	0xb8
 957 0710 14       		.byte	0x14
 958 0711 11       		.uleb128 0x11
 959 0712 740A0000 		.4byte	.LASF146
 960 0716 07       		.byte	0x7
 961 0717 7F02     		.2byte	0x27f
 962 0719 CA000000 		.4byte	0xca
 963 071d 18       		.byte	0x18
 964 071e 11       		.uleb128 0x11
 965 071f 74040000 		.4byte	.LASF134
 966 0723 07       		.byte	0x7
 967 0724 8502     		.2byte	0x285
 968 0726 AA060000 		.4byte	0x6aa
 969 072a 1C       		.byte	0x1c
 970 072b 11       		.uleb128 0x11
 971 072c F1080000 		.4byte	.LASF147
 972 0730 07       		.byte	0x7
 973 0731 8802     		.2byte	0x288
 974 0733 B8000000 		.4byte	0xb8
 975 0737 20       		.byte	0x20
 976 0738 00       		.byte	0
 977 0739 0B       		.uleb128 0xb
 978 073a BA040000 		.4byte	.LASF148
 979 073e 07       		.byte	0x7
 980 073f 8B02     		.2byte	0x28b
 981 0741 B6060000 		.4byte	0x6b6
 982 0745 0B       		.uleb128 0xb
 983 0746 F6030000 		.4byte	.LASF149
 984 074a 08       		.byte	0x8
 985 074b D901     		.2byte	0x1d9
 986 074d 42050000 		.4byte	0x542
 987 0751 10       		.uleb128 0x10
 988 0752 350A0000 		.4byte	.LASF150
 989 0756 38       		.byte	0x38
 990 0757 08       		.byte	0x8
 991 0758 7502     		.2byte	0x275
ARM GAS  C:\Users\NUSAIR~1\AppData\Local\Temp\cciVU0bY.s 			page 21


 992 075a 15080000 		.4byte	0x815
 993 075e 11       		.uleb128 0x11
 994 075f 150A0000 		.4byte	.LASF151
 995 0763 08       		.byte	0x8
 996 0764 7802     		.2byte	0x278
 997 0766 CA000000 		.4byte	0xca
 998 076a 00       		.byte	0
 999 076b 11       		.uleb128 0x11
 1000 076c B8050000 		.4byte	.LASF152
 1001 0770 08       		.byte	0x8
 1002 0771 7902     		.2byte	0x279
 1003 0773 CA000000 		.4byte	0xca
 1004 0777 04       		.byte	0x4
 1005 0778 11       		.uleb128 0x11
 1006 0779 19010000 		.4byte	.LASF153
 1007 077d 08       		.byte	0x8
 1008 077e 7B02     		.2byte	0x27b
 1009 0780 07050000 		.4byte	0x507
 1010 0784 08       		.byte	0x8
 1011 0785 11       		.uleb128 0x11
 1012 0786 99080000 		.4byte	.LASF154
 1013 078a 08       		.byte	0x8
 1014 078b 7C02     		.2byte	0x27c
 1015 078d B8000000 		.4byte	0xb8
 1016 0791 0C       		.byte	0xc
 1017 0792 11       		.uleb128 0x11
 1018 0793 8B080000 		.4byte	.LASF155
 1019 0797 08       		.byte	0x8
 1020 0798 7D02     		.2byte	0x27d
 1021 079a CA000000 		.4byte	0xca
 1022 079e 10       		.byte	0x10
 1023 079f 11       		.uleb128 0x11
 1024 07a0 F1090000 		.4byte	.LASF156
 1025 07a4 08       		.byte	0x8
 1026 07a5 7E02     		.2byte	0x27e
 1027 07a7 CA000000 		.4byte	0xca
 1028 07ab 14       		.byte	0x14
 1029 07ac 11       		.uleb128 0x11
 1030 07ad F9080000 		.4byte	.LASF141
 1031 07b1 08       		.byte	0x8
 1032 07b2 8002     		.2byte	0x280
 1033 07b4 07050000 		.4byte	0x507
 1034 07b8 18       		.byte	0x18
 1035 07b9 11       		.uleb128 0x11
 1036 07ba 12000000 		.4byte	.LASF142
 1037 07be 08       		.byte	0x8
 1038 07bf 8102     		.2byte	0x281
 1039 07c1 B8000000 		.4byte	0xb8
 1040 07c5 1C       		.byte	0x1c
 1041 07c6 11       		.uleb128 0x11
 1042 07c7 3D030000 		.4byte	.LASF143
 1043 07cb 08       		.byte	0x8
 1044 07cc 8202     		.2byte	0x282
 1045 07ce CA000000 		.4byte	0xca
 1046 07d2 20       		.byte	0x20
 1047 07d3 11       		.uleb128 0x11
 1048 07d4 46010000 		.4byte	.LASF144
ARM GAS  C:\Users\NUSAIR~1\AppData\Local\Temp\cciVU0bY.s 			page 22


 1049 07d8 08       		.byte	0x8
 1050 07d9 8402     		.2byte	0x284
 1051 07db 07050000 		.4byte	0x507
 1052 07df 24       		.byte	0x24
 1053 07e0 11       		.uleb128 0x11
 1054 07e1 71030000 		.4byte	.LASF145
 1055 07e5 08       		.byte	0x8
 1056 07e6 8502     		.2byte	0x285
 1057 07e8 B8000000 		.4byte	0xb8
 1058 07ec 28       		.byte	0x28
 1059 07ed 11       		.uleb128 0x11
 1060 07ee 49060000 		.4byte	.LASF157
 1061 07f2 08       		.byte	0x8
 1062 07f3 8602     		.2byte	0x286
 1063 07f5 CA000000 		.4byte	0xca
 1064 07f9 2C       		.byte	0x2c
 1065 07fa 11       		.uleb128 0x11
 1066 07fb 74040000 		.4byte	.LASF134
 1067 07ff 08       		.byte	0x8
 1068 0800 8B02     		.2byte	0x28b
 1069 0802 45070000 		.4byte	0x745
 1070 0806 30       		.byte	0x30
 1071 0807 11       		.uleb128 0x11
 1072 0808 F1080000 		.4byte	.LASF147
 1073 080c 08       		.byte	0x8
 1074 080d 8E02     		.2byte	0x28e
 1075 080f B8000000 		.4byte	0xb8
 1076 0813 34       		.byte	0x34
 1077 0814 00       		.byte	0
 1078 0815 0B       		.uleb128 0xb
 1079 0816 1F090000 		.4byte	.LASF158
 1080 081a 08       		.byte	0x8
 1081 081b 9102     		.2byte	0x291
 1082 081d 51070000 		.4byte	0x751
 1083 0821 12       		.uleb128 0x12
 1084 0822 DC050000 		.4byte	.LASF166
 1085 0826 02       		.byte	0x2
 1086 0827 81       		.byte	0x81
 1087 0828 03       		.byte	0x3
 1088 0829 13       		.uleb128 0x13
 1089 082a 300A0000 		.4byte	.LASF167
 1090 082e 01       		.byte	0x1
 1091 082f 0E       		.byte	0xe
 1092 0830 89000000 		.4byte	0x89
 1093 0834 00000000 		.4byte	.LFB455
 1094 0838 10000000 		.4byte	.LFE455-.LFB455
 1095 083c 01       		.uleb128 0x1
 1096 083d 9C       		.byte	0x9c
 1097 083e 65080000 		.4byte	0x865
 1098 0842 14       		.uleb128 0x14
 1099 0843 21080000 		.4byte	0x821
 1100 0847 02000000 		.4byte	.LBB4
 1101 084b 02000000 		.4byte	.LBE4-.LBB4
 1102 084f 01       		.byte	0x1
 1103 0850 10       		.byte	0x10
 1104 0851 15       		.uleb128 0x15
 1105 0852 0A000000 		.4byte	.LVL0
ARM GAS  C:\Users\NUSAIR~1\AppData\Local\Temp\cciVU0bY.s 			page 23


 1106 0856 9C080000 		.4byte	0x89c
 1107 085a 16       		.uleb128 0x16
 1108 085b 01       		.uleb128 0x1
 1109 085c 50       		.byte	0x50
 1110 085d 05       		.uleb128 0x5
 1111 085e 0C       		.byte	0xc
 1112 085f 00000810 		.4byte	0x10080000
 1113 0863 00       		.byte	0
 1114 0864 00       		.byte	0
 1115 0865 17       		.uleb128 0x17
 1116 0866 1D060000 		.4byte	.LASF159
 1117 086a 05       		.byte	0x5
 1118 086b A7       		.byte	0xa7
 1119 086c 70080000 		.4byte	0x870
 1120 0870 0C       		.uleb128 0xc
 1121 0871 04       		.byte	0x4
 1122 0872 76080000 		.4byte	0x876
 1123 0876 18       		.uleb128 0x18
 1124 0877 E7040000 		.4byte	0x4e7
 1125 087b 17       		.uleb128 0x17
 1126 087c 15040000 		.4byte	.LASF160
 1127 0880 09       		.byte	0x9
 1128 0881 87       		.byte	0x87
 1129 0882 15080000 		.4byte	0x815
 1130 0886 17       		.uleb128 0x17
 1131 0887 81050000 		.4byte	.LASF161
 1132 088b 0A       		.byte	0xa
 1133 088c 7F       		.byte	0x7f
 1134 088d 9E060000 		.4byte	0x69e
 1135 0891 17       		.uleb128 0x17
 1136 0892 FF060000 		.4byte	.LASF162
 1137 0896 0B       		.byte	0xb
 1138 0897 5E       		.byte	0x5e
 1139 0898 39070000 		.4byte	0x739
 1140 089c 19       		.uleb128 0x19
 1141 089d 8E040000 		.4byte	.LASF168
 1142 08a1 8E040000 		.4byte	.LASF168
 1143 08a5 0C       		.byte	0xc
 1144 08a6 2502     		.2byte	0x225
 1145 08a8 00       		.byte	0
 1146              		.section	.debug_abbrev,"",%progbits
 1147              	.Ldebug_abbrev0:
 1148 0000 01       		.uleb128 0x1
 1149 0001 11       		.uleb128 0x11
 1150 0002 01       		.byte	0x1
 1151 0003 25       		.uleb128 0x25
 1152 0004 0E       		.uleb128 0xe
 1153 0005 13       		.uleb128 0x13
 1154 0006 0B       		.uleb128 0xb
 1155 0007 03       		.uleb128 0x3
 1156 0008 0E       		.uleb128 0xe
 1157 0009 1B       		.uleb128 0x1b
 1158 000a 0E       		.uleb128 0xe
 1159 000b 55       		.uleb128 0x55
 1160 000c 17       		.uleb128 0x17
 1161 000d 11       		.uleb128 0x11
 1162 000e 01       		.uleb128 0x1
ARM GAS  C:\Users\NUSAIR~1\AppData\Local\Temp\cciVU0bY.s 			page 24


 1163 000f 10       		.uleb128 0x10
 1164 0010 17       		.uleb128 0x17
 1165 0011 00       		.byte	0
 1166 0012 00       		.byte	0
 1167 0013 02       		.uleb128 0x2
 1168 0014 24       		.uleb128 0x24
 1169 0015 00       		.byte	0
 1170 0016 0B       		.uleb128 0xb
 1171 0017 0B       		.uleb128 0xb
 1172 0018 3E       		.uleb128 0x3e
 1173 0019 0B       		.uleb128 0xb
 1174 001a 03       		.uleb128 0x3
 1175 001b 0E       		.uleb128 0xe
 1176 001c 00       		.byte	0
 1177 001d 00       		.byte	0
 1178 001e 03       		.uleb128 0x3
 1179 001f 16       		.uleb128 0x16
 1180 0020 00       		.byte	0
 1181 0021 03       		.uleb128 0x3
 1182 0022 0E       		.uleb128 0xe
 1183 0023 3A       		.uleb128 0x3a
 1184 0024 0B       		.uleb128 0xb
 1185 0025 3B       		.uleb128 0x3b
 1186 0026 0B       		.uleb128 0xb
 1187 0027 49       		.uleb128 0x49
 1188 0028 13       		.uleb128 0x13
 1189 0029 00       		.byte	0
 1190 002a 00       		.byte	0
 1191 002b 04       		.uleb128 0x4
 1192 002c 24       		.uleb128 0x24
 1193 002d 00       		.byte	0
 1194 002e 0B       		.uleb128 0xb
 1195 002f 0B       		.uleb128 0xb
 1196 0030 3E       		.uleb128 0x3e
 1197 0031 0B       		.uleb128 0xb
 1198 0032 03       		.uleb128 0x3
 1199 0033 08       		.uleb128 0x8
 1200 0034 00       		.byte	0
 1201 0035 00       		.byte	0
 1202 0036 05       		.uleb128 0x5
 1203 0037 35       		.uleb128 0x35
 1204 0038 00       		.byte	0
 1205 0039 49       		.uleb128 0x49
 1206 003a 13       		.uleb128 0x13
 1207 003b 00       		.byte	0
 1208 003c 00       		.byte	0
 1209 003d 06       		.uleb128 0x6
 1210 003e 13       		.uleb128 0x13
 1211 003f 01       		.byte	0x1
 1212 0040 0B       		.uleb128 0xb
 1213 0041 0B       		.uleb128 0xb
 1214 0042 3A       		.uleb128 0x3a
 1215 0043 0B       		.uleb128 0xb
 1216 0044 3B       		.uleb128 0x3b
 1217 0045 0B       		.uleb128 0xb
 1218 0046 01       		.uleb128 0x1
 1219 0047 13       		.uleb128 0x13
ARM GAS  C:\Users\NUSAIR~1\AppData\Local\Temp\cciVU0bY.s 			page 25


 1220 0048 00       		.byte	0
 1221 0049 00       		.byte	0
 1222 004a 07       		.uleb128 0x7
 1223 004b 0D       		.uleb128 0xd
 1224 004c 00       		.byte	0
 1225 004d 03       		.uleb128 0x3
 1226 004e 0E       		.uleb128 0xe
 1227 004f 3A       		.uleb128 0x3a
 1228 0050 0B       		.uleb128 0xb
 1229 0051 3B       		.uleb128 0x3b
 1230 0052 0B       		.uleb128 0xb
 1231 0053 49       		.uleb128 0x49
 1232 0054 13       		.uleb128 0x13
 1233 0055 38       		.uleb128 0x38
 1234 0056 0B       		.uleb128 0xb
 1235 0057 00       		.byte	0
 1236 0058 00       		.byte	0
 1237 0059 08       		.uleb128 0x8
 1238 005a 0F       		.uleb128 0xf
 1239 005b 00       		.byte	0
 1240 005c 0B       		.uleb128 0xb
 1241 005d 0B       		.uleb128 0xb
 1242 005e 00       		.byte	0
 1243 005f 00       		.byte	0
 1244 0060 09       		.uleb128 0x9
 1245 0061 04       		.uleb128 0x4
 1246 0062 01       		.byte	0x1
 1247 0063 0B       		.uleb128 0xb
 1248 0064 0B       		.uleb128 0xb
 1249 0065 49       		.uleb128 0x49
 1250 0066 13       		.uleb128 0x13
 1251 0067 3A       		.uleb128 0x3a
 1252 0068 0B       		.uleb128 0xb
 1253 0069 3B       		.uleb128 0x3b
 1254 006a 05       		.uleb128 0x5
 1255 006b 01       		.uleb128 0x1
 1256 006c 13       		.uleb128 0x13
 1257 006d 00       		.byte	0
 1258 006e 00       		.byte	0
 1259 006f 0A       		.uleb128 0xa
 1260 0070 28       		.uleb128 0x28
 1261 0071 00       		.byte	0
 1262 0072 03       		.uleb128 0x3
 1263 0073 0E       		.uleb128 0xe
 1264 0074 1C       		.uleb128 0x1c
 1265 0075 0B       		.uleb128 0xb
 1266 0076 00       		.byte	0
 1267 0077 00       		.byte	0
 1268 0078 0B       		.uleb128 0xb
 1269 0079 16       		.uleb128 0x16
 1270 007a 00       		.byte	0
 1271 007b 03       		.uleb128 0x3
 1272 007c 0E       		.uleb128 0xe
 1273 007d 3A       		.uleb128 0x3a
 1274 007e 0B       		.uleb128 0xb
 1275 007f 3B       		.uleb128 0x3b
 1276 0080 05       		.uleb128 0x5
ARM GAS  C:\Users\NUSAIR~1\AppData\Local\Temp\cciVU0bY.s 			page 26


 1277 0081 49       		.uleb128 0x49
 1278 0082 13       		.uleb128 0x13
 1279 0083 00       		.byte	0
 1280 0084 00       		.byte	0
 1281 0085 0C       		.uleb128 0xc
 1282 0086 0F       		.uleb128 0xf
 1283 0087 00       		.byte	0
 1284 0088 0B       		.uleb128 0xb
 1285 0089 0B       		.uleb128 0xb
 1286 008a 49       		.uleb128 0x49
 1287 008b 13       		.uleb128 0x13
 1288 008c 00       		.byte	0
 1289 008d 00       		.byte	0
 1290 008e 0D       		.uleb128 0xd
 1291 008f 15       		.uleb128 0x15
 1292 0090 01       		.byte	0x1
 1293 0091 27       		.uleb128 0x27
 1294 0092 19       		.uleb128 0x19
 1295 0093 01       		.uleb128 0x1
 1296 0094 13       		.uleb128 0x13
 1297 0095 00       		.byte	0
 1298 0096 00       		.byte	0
 1299 0097 0E       		.uleb128 0xe
 1300 0098 05       		.uleb128 0x5
 1301 0099 00       		.byte	0
 1302 009a 49       		.uleb128 0x49
 1303 009b 13       		.uleb128 0x13
 1304 009c 00       		.byte	0
 1305 009d 00       		.byte	0
 1306 009e 0F       		.uleb128 0xf
 1307 009f 15       		.uleb128 0x15
 1308 00a0 01       		.byte	0x1
 1309 00a1 27       		.uleb128 0x27
 1310 00a2 19       		.uleb128 0x19
 1311 00a3 49       		.uleb128 0x49
 1312 00a4 13       		.uleb128 0x13
 1313 00a5 01       		.uleb128 0x1
 1314 00a6 13       		.uleb128 0x13
 1315 00a7 00       		.byte	0
 1316 00a8 00       		.byte	0
 1317 00a9 10       		.uleb128 0x10
 1318 00aa 13       		.uleb128 0x13
 1319 00ab 01       		.byte	0x1
 1320 00ac 03       		.uleb128 0x3
 1321 00ad 0E       		.uleb128 0xe
 1322 00ae 0B       		.uleb128 0xb
 1323 00af 0B       		.uleb128 0xb
 1324 00b0 3A       		.uleb128 0x3a
 1325 00b1 0B       		.uleb128 0xb
 1326 00b2 3B       		.uleb128 0x3b
 1327 00b3 05       		.uleb128 0x5
 1328 00b4 01       		.uleb128 0x1
 1329 00b5 13       		.uleb128 0x13
 1330 00b6 00       		.byte	0
 1331 00b7 00       		.byte	0
 1332 00b8 11       		.uleb128 0x11
 1333 00b9 0D       		.uleb128 0xd
ARM GAS  C:\Users\NUSAIR~1\AppData\Local\Temp\cciVU0bY.s 			page 27


 1334 00ba 00       		.byte	0
 1335 00bb 03       		.uleb128 0x3
 1336 00bc 0E       		.uleb128 0xe
 1337 00bd 3A       		.uleb128 0x3a
 1338 00be 0B       		.uleb128 0xb
 1339 00bf 3B       		.uleb128 0x3b
 1340 00c0 05       		.uleb128 0x5
 1341 00c1 49       		.uleb128 0x49
 1342 00c2 13       		.uleb128 0x13
 1343 00c3 38       		.uleb128 0x38
 1344 00c4 0B       		.uleb128 0xb
 1345 00c5 00       		.byte	0
 1346 00c6 00       		.byte	0
 1347 00c7 12       		.uleb128 0x12
 1348 00c8 2E       		.uleb128 0x2e
 1349 00c9 00       		.byte	0
 1350 00ca 03       		.uleb128 0x3
 1351 00cb 0E       		.uleb128 0xe
 1352 00cc 3A       		.uleb128 0x3a
 1353 00cd 0B       		.uleb128 0xb
 1354 00ce 3B       		.uleb128 0x3b
 1355 00cf 0B       		.uleb128 0xb
 1356 00d0 27       		.uleb128 0x27
 1357 00d1 19       		.uleb128 0x19
 1358 00d2 20       		.uleb128 0x20
 1359 00d3 0B       		.uleb128 0xb
 1360 00d4 00       		.byte	0
 1361 00d5 00       		.byte	0
 1362 00d6 13       		.uleb128 0x13
 1363 00d7 2E       		.uleb128 0x2e
 1364 00d8 01       		.byte	0x1
 1365 00d9 3F       		.uleb128 0x3f
 1366 00da 19       		.uleb128 0x19
 1367 00db 03       		.uleb128 0x3
 1368 00dc 0E       		.uleb128 0xe
 1369 00dd 3A       		.uleb128 0x3a
 1370 00de 0B       		.uleb128 0xb
 1371 00df 3B       		.uleb128 0x3b
 1372 00e0 0B       		.uleb128 0xb
 1373 00e1 27       		.uleb128 0x27
 1374 00e2 19       		.uleb128 0x19
 1375 00e3 49       		.uleb128 0x49
 1376 00e4 13       		.uleb128 0x13
 1377 00e5 8701     		.uleb128 0x87
 1378 00e7 19       		.uleb128 0x19
 1379 00e8 11       		.uleb128 0x11
 1380 00e9 01       		.uleb128 0x1
 1381 00ea 12       		.uleb128 0x12
 1382 00eb 06       		.uleb128 0x6
 1383 00ec 40       		.uleb128 0x40
 1384 00ed 18       		.uleb128 0x18
 1385 00ee 9742     		.uleb128 0x2117
 1386 00f0 19       		.uleb128 0x19
 1387 00f1 01       		.uleb128 0x1
 1388 00f2 13       		.uleb128 0x13
 1389 00f3 00       		.byte	0
 1390 00f4 00       		.byte	0
ARM GAS  C:\Users\NUSAIR~1\AppData\Local\Temp\cciVU0bY.s 			page 28


 1391 00f5 14       		.uleb128 0x14
 1392 00f6 1D       		.uleb128 0x1d
 1393 00f7 00       		.byte	0
 1394 00f8 31       		.uleb128 0x31
 1395 00f9 13       		.uleb128 0x13
 1396 00fa 11       		.uleb128 0x11
 1397 00fb 01       		.uleb128 0x1
 1398 00fc 12       		.uleb128 0x12
 1399 00fd 06       		.uleb128 0x6
 1400 00fe 58       		.uleb128 0x58
 1401 00ff 0B       		.uleb128 0xb
 1402 0100 59       		.uleb128 0x59
 1403 0101 0B       		.uleb128 0xb
 1404 0102 00       		.byte	0
 1405 0103 00       		.byte	0
 1406 0104 15       		.uleb128 0x15
 1407 0105 898201   		.uleb128 0x4109
 1408 0108 01       		.byte	0x1
 1409 0109 11       		.uleb128 0x11
 1410 010a 01       		.uleb128 0x1
 1411 010b 31       		.uleb128 0x31
 1412 010c 13       		.uleb128 0x13
 1413 010d 00       		.byte	0
 1414 010e 00       		.byte	0
 1415 010f 16       		.uleb128 0x16
 1416 0110 8A8201   		.uleb128 0x410a
 1417 0113 00       		.byte	0
 1418 0114 02       		.uleb128 0x2
 1419 0115 18       		.uleb128 0x18
 1420 0116 9142     		.uleb128 0x2111
 1421 0118 18       		.uleb128 0x18
 1422 0119 00       		.byte	0
 1423 011a 00       		.byte	0
 1424 011b 17       		.uleb128 0x17
 1425 011c 34       		.uleb128 0x34
 1426 011d 00       		.byte	0
 1427 011e 03       		.uleb128 0x3
 1428 011f 0E       		.uleb128 0xe
 1429 0120 3A       		.uleb128 0x3a
 1430 0121 0B       		.uleb128 0xb
 1431 0122 3B       		.uleb128 0x3b
 1432 0123 0B       		.uleb128 0xb
 1433 0124 49       		.uleb128 0x49
 1434 0125 13       		.uleb128 0x13
 1435 0126 3F       		.uleb128 0x3f
 1436 0127 19       		.uleb128 0x19
 1437 0128 3C       		.uleb128 0x3c
 1438 0129 19       		.uleb128 0x19
 1439 012a 00       		.byte	0
 1440 012b 00       		.byte	0
 1441 012c 18       		.uleb128 0x18
 1442 012d 26       		.uleb128 0x26
 1443 012e 00       		.byte	0
 1444 012f 49       		.uleb128 0x49
 1445 0130 13       		.uleb128 0x13
 1446 0131 00       		.byte	0
 1447 0132 00       		.byte	0
ARM GAS  C:\Users\NUSAIR~1\AppData\Local\Temp\cciVU0bY.s 			page 29


 1448 0133 19       		.uleb128 0x19
 1449 0134 2E       		.uleb128 0x2e
 1450 0135 00       		.byte	0
 1451 0136 3F       		.uleb128 0x3f
 1452 0137 19       		.uleb128 0x19
 1453 0138 3C       		.uleb128 0x3c
 1454 0139 19       		.uleb128 0x19
 1455 013a 6E       		.uleb128 0x6e
 1456 013b 0E       		.uleb128 0xe
 1457 013c 03       		.uleb128 0x3
 1458 013d 0E       		.uleb128 0xe
 1459 013e 3A       		.uleb128 0x3a
 1460 013f 0B       		.uleb128 0xb
 1461 0140 3B       		.uleb128 0x3b
 1462 0141 05       		.uleb128 0x5
 1463 0142 00       		.byte	0
 1464 0143 00       		.byte	0
 1465 0144 00       		.byte	0
 1466              		.section	.debug_aranges,"",%progbits
 1467 0000 1C000000 		.4byte	0x1c
 1468 0004 0200     		.2byte	0x2
 1469 0006 00000000 		.4byte	.Ldebug_info0
 1470 000a 04       		.byte	0x4
 1471 000b 00       		.byte	0
 1472 000c 0000     		.2byte	0
 1473 000e 0000     		.2byte	0
 1474 0010 00000000 		.4byte	.LFB455
 1475 0014 10000000 		.4byte	.LFE455-.LFB455
 1476 0018 00000000 		.4byte	0
 1477 001c 00000000 		.4byte	0
 1478              		.section	.debug_ranges,"",%progbits
 1479              	.Ldebug_ranges0:
 1480 0000 00000000 		.4byte	.LFB455
 1481 0004 10000000 		.4byte	.LFE455
 1482 0008 00000000 		.4byte	0
 1483 000c 00000000 		.4byte	0
 1484              		.section	.debug_line,"",%progbits
 1485              	.Ldebug_line0:
 1486 0000 6C020000 		.section	.debug_str,"MS",%progbits,1
 1486      02004B02 
 1486      00000201 
 1486      FB0E0D00 
 1486      01010101 
 1487              	.LASF54:
 1488 0000 70726F74 		.ascii	"protBusMasterMask\000"
 1488      4275734D 
 1488      61737465 
 1488      724D6173 
 1488      6B00
 1489              	.LASF142:
 1490 0012 72784275 		.ascii	"rxBufSize\000"
 1490      6653697A 
 1490      6500
 1491              	.LASF64:
 1492 001c 666C6173 		.ascii	"flashCtlMainWs3Freq\000"
 1492      6843746C 
 1492      4D61696E 
ARM GAS  C:\Users\NUSAIR~1\AppData\Local\Temp\cciVU0bY.s 			page 30


 1492      57733346 
 1492      72657100 
 1493              	.LASF86:
 1494 0030 6770696F 		.ascii	"gpioPrtCfgInOffset\000"
 1494      50727443 
 1494      6667496E 
 1494      4F666673 
 1494      657400
 1495              	.LASF121:
 1496 0043 6D617374 		.ascii	"masterBuffer\000"
 1496      65724275 
 1496      66666572 
 1496      00
 1497              	.LASF30:
 1498 0050 63727970 		.ascii	"cryptoVersion\000"
 1498      746F5665 
 1498      7273696F 
 1498      6E00
 1499              	.LASF48:
 1500 005e 70657269 		.ascii	"periClockNr\000"
 1500      436C6F63 
 1500      6B4E7200 
 1501              	.LASF26:
 1502 006a 70617373 		.ascii	"passBase\000"
 1502      42617365 
 1502      00
 1503              	.LASF164:
 1504 0073 6D61696E 		.ascii	"main_cm0p.c\000"
 1504      5F636D30 
 1504      702E6300 
 1505              	.LASF102:
 1506 007f 63707573 		.ascii	"cpussRam2Ctl0\000"
 1506      7352616D 
 1506      3243746C 
 1506      3000
 1507              	.LASF39:
 1508 008d 63707573 		.ascii	"cpussIpcIrqNr\000"
 1508      73497063 
 1508      4972714E 
 1508      7200
 1509              	.LASF3:
 1510 009b 5F5F7569 		.ascii	"__uint8_t\000"
 1510      6E74385F 
 1510      7400
 1511              	.LASF125:
 1512 00a5 736C6176 		.ascii	"slaveStatus\000"
 1512      65537461 
 1512      74757300 
 1513              	.LASF41:
 1514 00b1 63707573 		.ascii	"cpussFlashPaSize\000"
 1514      73466C61 
 1514      73685061 
 1514      53697A65 
 1514      00
 1515              	.LASF90:
 1516 00c2 63707573 		.ascii	"cpussCm4ClockCtlOffset\000"
 1516      73436D34 
ARM GAS  C:\Users\NUSAIR~1\AppData\Local\Temp\cciVU0bY.s 			page 31


 1516      436C6F63 
 1516      6B43746C 
 1516      4F666673 
 1517              	.LASF19:
 1518 00d9 63707573 		.ascii	"cpussBase\000"
 1518      73426173 
 1518      6500
 1519              	.LASF68:
 1520 00e3 64774368 		.ascii	"dwChCtlPrioPos\000"
 1520      43746C50 
 1520      72696F50 
 1520      6F7300
 1521              	.LASF11:
 1522 00f2 6C6F6E67 		.ascii	"long long unsigned int\000"
 1522      206C6F6E 
 1522      6720756E 
 1522      7369676E 
 1522      65642069 
 1523              	.LASF72:
 1524 0109 70657269 		.ascii	"periTrCmdOffset\000"
 1524      5472436D 
 1524      644F6666 
 1524      73657400 
 1525              	.LASF153:
 1526 0119 72785269 		.ascii	"rxRingBuf\000"
 1526      6E674275 
 1526      6600
 1527              	.LASF96:
 1528 0123 63707573 		.ascii	"cpussSysTickCtlOffset\000"
 1528      73537973 
 1528      5469636B 
 1528      43746C4F 
 1528      66667365 
 1529              	.LASF118:
 1530 0139 6D617374 		.ascii	"masterStatus\000"
 1530      65725374 
 1530      61747573 
 1530      00
 1531              	.LASF144:
 1532 0146 74784275 		.ascii	"txBuf\000"
 1532      6600
 1533              	.LASF57:
 1534 014c 666C6173 		.ascii	"flashPipeRequired\000"
 1534      68506970 
 1534      65526571 
 1534      75697265 
 1534      6400
 1535              	.LASF132:
 1536 015e 736C6176 		.ascii	"slaveRxBufferSize\000"
 1536      65527842 
 1536      75666665 
 1536      7253697A 
 1536      6500
 1537              	.LASF138:
 1538 0170 63795F73 		.ascii	"cy_stc_scb_i2c_context\000"
 1538      74635F73 
 1538      63625F69 
ARM GAS  C:\Users\NUSAIR~1\AppData\Local\Temp\cciVU0bY.s 			page 32


 1538      32635F63 
 1538      6F6E7465 
 1539              	.LASF61:
 1540 0187 666C6173 		.ascii	"flashCtlMainWs0Freq\000"
 1540      6843746C 
 1540      4D61696E 
 1540      57733046 
 1540      72657100 
 1541              	.LASF14:
 1542 019b 696E7431 		.ascii	"int16_t\000"
 1542      365F7400 
 1543              	.LASF10:
 1544 01a3 6C6F6E67 		.ascii	"long long int\000"
 1544      206C6F6E 
 1544      6720696E 
 1544      7400
 1545              	.LASF2:
 1546 01b1 7369676E 		.ascii	"signed char\000"
 1546      65642063 
 1546      68617200 
 1547              	.LASF139:
 1548 01bd 63795F73 		.ascii	"cy_stc_scb_spi_context\000"
 1548      74635F73 
 1548      63625F73 
 1548      70695F63 
 1548      6F6E7465 
 1549              	.LASF77:
 1550 01d4 70657269 		.ascii	"periDivCmdTypeSelPos\000"
 1550      44697643 
 1550      6D645479 
 1550      70655365 
 1550      6C506F73 
 1551              	.LASF35:
 1552 01e9 69706356 		.ascii	"ipcVersion\000"
 1552      65727369 
 1552      6F6E00
 1553              	.LASF97:
 1554 01f4 63707573 		.ascii	"cpussCm0NmiCtlOffset\000"
 1554      73436D30 
 1554      4E6D6943 
 1554      746C4F66 
 1554      66736574 
 1555              	.LASF137:
 1556 0209 63795F63 		.ascii	"cy_cb_scb_spi_handle_events_t\000"
 1556      625F7363 
 1556      625F7370 
 1556      695F6861 
 1556      6E646C65 
 1557              	.LASF45:
 1558 0227 73727373 		.ascii	"srssNumClkpath\000"
 1558      4E756D43 
 1558      6C6B7061 
 1558      746800
 1559              	.LASF24:
 1560 0236 6873696F 		.ascii	"hsiomBase\000"
 1560      6D426173 
 1560      6500
ARM GAS  C:\Users\NUSAIR~1\AppData\Local\Temp\cciVU0bY.s 			page 33


 1561              	.LASF117:
 1562 0240 73746174 		.ascii	"state\000"
 1562      6500
 1563              	.LASF113:
 1564 0246 63795F63 		.ascii	"cy_cb_scb_i2c_handle_events_t\000"
 1564      625F7363 
 1564      625F6932 
 1564      635F6861 
 1564      6E646C65 
 1565              	.LASF7:
 1566 0264 6C6F6E67 		.ascii	"long int\000"
 1566      20696E74 
 1566      00
 1567              	.LASF120:
 1568 026d 6D617374 		.ascii	"masterRdDir\000"
 1568      65725264 
 1568      44697200 
 1569              	.LASF111:
 1570 0279 43595F53 		.ascii	"CY_SCB_I2C_NAK\000"
 1570      43425F49 
 1570      32435F4E 
 1570      414B00
 1571              	.LASF55:
 1572 0288 63727970 		.ascii	"cryptoMemSize\000"
 1572      746F4D65 
 1572      6D53697A 
 1572      6500
 1573              	.LASF21:
 1574 0296 70657269 		.ascii	"periBase\000"
 1574      42617365 
 1574      00
 1575              	.LASF53:
 1576 029f 73797350 		.ascii	"sysPmSimoPresent\000"
 1576      6D53696D 
 1576      6F507265 
 1576      73656E74 
 1576      00
 1577              	.LASF15:
 1578 02b0 75696E74 		.ascii	"uint16_t\000"
 1578      31365F74 
 1578      00
 1579              	.LASF108:
 1580 02b9 646F7562 		.ascii	"double\000"
 1580      6C6500
 1581              	.LASF82:
 1582 02c0 70657269 		.ascii	"periDiv16_5CtlOffset\000"
 1582      44697631 
 1582      365F3543 
 1582      746C4F66 
 1582      66736574 
 1583              	.LASF46:
 1584 02d5 73727373 		.ascii	"srssNumPll\000"
 1584      4E756D50 
 1584      6C6C00
 1585              	.LASF80:
 1586 02e0 70657269 		.ascii	"periDiv8CtlOffset\000"
 1586      44697638 
ARM GAS  C:\Users\NUSAIR~1\AppData\Local\Temp\cciVU0bY.s 			page 34


 1586      43746C4F 
 1586      66667365 
 1586      7400
 1587              	.LASF87:
 1588 02f2 6770696F 		.ascii	"gpioPrtCfgOutOffset\000"
 1588      50727443 
 1588      66674F75 
 1588      744F6666 
 1588      73657400 
 1589              	.LASF135:
 1590 0306 63624164 		.ascii	"cbAddr\000"
 1590      647200
 1591              	.LASF20:
 1592 030d 666C6173 		.ascii	"flashcBase\000"
 1592      68634261 
 1592      736500
 1593              	.LASF8:
 1594 0318 5F5F7569 		.ascii	"__uint32_t\000"
 1594      6E743332 
 1594      5F7400
 1595              	.LASF50:
 1596 0323 70617373 		.ascii	"passSarChannels\000"
 1596      53617243 
 1596      68616E6E 
 1596      656C7300 
 1597              	.LASF4:
 1598 0333 5F5F696E 		.ascii	"__int16_t\000"
 1598      7431365F 
 1598      7400
 1599              	.LASF143:
 1600 033d 72784275 		.ascii	"rxBufIdx\000"
 1600      66496478 
 1600      00
 1601              	.LASF78:
 1602 0346 70657269 		.ascii	"periDivCmdPaDivSelPos\000"
 1602      44697643 
 1602      6D645061 
 1602      44697653 
 1602      656C506F 
 1603              	.LASF93:
 1604 035c 63707573 		.ascii	"cpussCm4PwrCtlOffset\000"
 1604      73436D34 
 1604      50777243 
 1604      746C4F66 
 1604      66736574 
 1605              	.LASF145:
 1606 0371 74784275 		.ascii	"txBufSize\000"
 1606      6653697A 
 1606      6500
 1607              	.LASF88:
 1608 037b 6770696F 		.ascii	"gpioPrtCfgSioOffset\000"
 1608      50727443 
 1608      66675369 
 1608      6F4F6666 
 1608      73657400 
 1609              	.LASF92:
 1610 038f 63707573 		.ascii	"cpussCm0StatusOffset\000"
ARM GAS  C:\Users\NUSAIR~1\AppData\Local\Temp\cciVU0bY.s 			page 35


 1610      73436D30 
 1610      53746174 
 1610      75734F66 
 1610      66736574 
 1611              	.LASF12:
 1612 03a4 756E7369 		.ascii	"unsigned int\000"
 1612      676E6564 
 1612      20696E74 
 1612      00
 1613              	.LASF129:
 1614 03b1 736C6176 		.ascii	"slaveTxBufferIdx\000"
 1614      65547842 
 1614      75666665 
 1614      72496478 
 1614      00
 1615              	.LASF126:
 1616 03c2 736C6176 		.ascii	"slaveRdBufEmpty\000"
 1616      65526442 
 1616      7566456D 
 1616      70747900 
 1617              	.LASF73:
 1618 03d2 70657269 		.ascii	"periTrCmdGrSelMsk\000"
 1618      5472436D 
 1618      64477253 
 1618      656C4D73 
 1618      6B00
 1619              	.LASF9:
 1620 03e4 6C6F6E67 		.ascii	"long unsigned int\000"
 1620      20756E73 
 1620      69676E65 
 1620      6420696E 
 1620      7400
 1621              	.LASF149:
 1622 03f6 63795F63 		.ascii	"cy_cb_scb_uart_handle_events_t\000"
 1622      625F7363 
 1622      625F7561 
 1622      72745F68 
 1622      616E646C 
 1623              	.LASF160:
 1624 0415 55415254 		.ascii	"UART_context\000"
 1624      5F636F6E 
 1624      74657874 
 1624      00
 1625              	.LASF38:
 1626 0422 63707573 		.ascii	"cpussIpcNr\000"
 1626      73497063 
 1626      4E7200
 1627              	.LASF40:
 1628 042d 63707573 		.ascii	"cpussDwChNr\000"
 1628      73447743 
 1628      684E7200 
 1629              	.LASF63:
 1630 0439 666C6173 		.ascii	"flashCtlMainWs2Freq\000"
 1630      6843746C 
 1630      4D61696E 
 1630      57733246 
 1630      72657100 
ARM GAS  C:\Users\NUSAIR~1\AppData\Local\Temp\cciVU0bY.s 			page 36


 1631              	.LASF116:
 1632 044d 75736554 		.ascii	"useTxFifo\000"
 1632      78466966 
 1632      6F00
 1633              	.LASF74:
 1634 0457 70657269 		.ascii	"periTrGrOffset\000"
 1634      54724772 
 1634      4F666673 
 1634      657400
 1635              	.LASF101:
 1636 0466 63707573 		.ascii	"cpussRam1Ctl0\000"
 1636      7352616D 
 1636      3143746C 
 1636      3000
 1637              	.LASF134:
 1638 0474 63624576 		.ascii	"cbEvents\000"
 1638      656E7473 
 1638      00
 1639              	.LASF85:
 1640 047d 6770696F 		.ascii	"gpioPrtCfgOffset\000"
 1640      50727443 
 1640      66674F66 
 1640      66736574 
 1640      00
 1641              	.LASF168:
 1642 048e 43795F53 		.ascii	"Cy_SysEnableCM4\000"
 1642      7973456E 
 1642      61626C65 
 1642      434D3400 
 1643              	.LASF33:
 1644 049e 6770696F 		.ascii	"gpioVersion\000"
 1644      56657273 
 1644      696F6E00 
 1645              	.LASF105:
 1646 04aa 63795F73 		.ascii	"cy_stc_device_t\000"
 1646      74635F64 
 1646      65766963 
 1646      655F7400 
 1647              	.LASF148:
 1648 04ba 63795F73 		.ascii	"cy_stc_scb_spi_context_t\000"
 1648      74635F73 
 1648      63625F73 
 1648      70695F63 
 1648      6F6E7465 
 1649              	.LASF23:
 1650 04d3 70726F74 		.ascii	"protBase\000"
 1650      42617365 
 1650      00
 1651              	.LASF94:
 1652 04dc 63707573 		.ascii	"cpussTrimRamCtlOffset\000"
 1652      73547269 
 1652      6D52616D 
 1652      43746C4F 
 1652      66667365 
 1653              	.LASF131:
 1654 04f2 736C6176 		.ascii	"slaveRxBuffer\000"
 1654      65527842 
ARM GAS  C:\Users\NUSAIR~1\AppData\Local\Temp\cciVU0bY.s 			page 37


 1654      75666665 
 1654      7200
 1655              	.LASF89:
 1656 0500 63707573 		.ascii	"cpussCm0ClockCtlOffset\000"
 1656      73436D30 
 1656      436C6F63 
 1656      6B43746C 
 1656      4F666673 
 1657              	.LASF28:
 1658 0517 63727970 		.ascii	"cryptoBase\000"
 1658      746F4261 
 1658      736500
 1659              	.LASF112:
 1660 0522 63795F65 		.ascii	"cy_en_scb_i2c_command_t\000"
 1660      6E5F7363 
 1660      625F6932 
 1660      635F636F 
 1660      6D6D616E 
 1661              	.LASF17:
 1662 053a 73697A65 		.ascii	"sizetype\000"
 1662      74797065 
 1662      00
 1663              	.LASF66:
 1664 0543 64774368 		.ascii	"dwChOffset\000"
 1664      4F666673 
 1664      657400
 1665              	.LASF123:
 1666 054e 6D617374 		.ascii	"masterBufferIdx\000"
 1666      65724275 
 1666      66666572 
 1666      49647800 
 1667              	.LASF79:
 1668 055e 70657269 		.ascii	"periDivCmdPaTypeSelPos\000"
 1668      44697643 
 1668      6D645061 
 1668      54797065 
 1668      53656C50 
 1669              	.LASF51:
 1670 0575 65704D6F 		.ascii	"epMonitorNr\000"
 1670      6E69746F 
 1670      724E7200 
 1671              	.LASF161:
 1672 0581 70706749 		.ascii	"ppgI2C_context\000"
 1672      32435F63 
 1672      6F6E7465 
 1672      787400
 1673              	.LASF37:
 1674 0590 70726F74 		.ascii	"protVersion\000"
 1674      56657273 
 1674      696F6E00 
 1675              	.LASF70:
 1676 059c 64775374 		.ascii	"dwStatusChIdxPos\000"
 1676      61747573 
 1676      43684964 
 1676      78506F73 
 1676      00
 1677              	.LASF52:
ARM GAS  C:\Users\NUSAIR~1\AppData\Local\Temp\cciVU0bY.s 			page 38


 1678 05ad 75646250 		.ascii	"udbPresent\000"
 1678      72657365 
 1678      6E7400
 1679              	.LASF152:
 1680 05b8 72785374 		.ascii	"rxStatus\000"
 1680      61747573 
 1680      00
 1681              	.LASF32:
 1682 05c1 666C6173 		.ascii	"flashcVersion\000"
 1682      68635665 
 1682      7273696F 
 1682      6E00
 1683              	.LASF49:
 1684 05cf 736D6966 		.ascii	"smifDeviceNr\000"
 1684      44657669 
 1684      63654E72 
 1684      00
 1685              	.LASF166:
 1686 05dc 5F5F656E 		.ascii	"__enable_irq\000"
 1686      61626C65 
 1686      5F697271 
 1686      00
 1687              	.LASF133:
 1688 05e9 736C6176 		.ascii	"slaveRxBufferIdx\000"
 1688      65527842 
 1688      75666665 
 1688      72496478 
 1688      00
 1689              	.LASF36:
 1690 05fa 70657269 		.ascii	"periVersion\000"
 1690      56657273 
 1690      696F6E00 
 1691              	.LASF107:
 1692 0606 666C6F61 		.ascii	"float\000"
 1692      7400
 1693              	.LASF71:
 1694 060c 64775374 		.ascii	"dwStatusChIdxMsk\000"
 1694      61747573 
 1694      43684964 
 1694      784D736B 
 1694      00
 1695              	.LASF159:
 1696 061d 63795F64 		.ascii	"cy_device\000"
 1696      65766963 
 1696      6500
 1697              	.LASF99:
 1698 0627 63707573 		.ascii	"cpussRomCtl\000"
 1698      73526F6D 
 1698      43746C00 
 1699              	.LASF69:
 1700 0633 64774368 		.ascii	"dwChCtlPreemptablePos\000"
 1700      43746C50 
 1700      7265656D 
 1700      70746162 
 1700      6C65506F 
 1701              	.LASF157:
 1702 0649 74784C65 		.ascii	"txLeftToTransmit\000"
ARM GAS  C:\Users\NUSAIR~1\AppData\Local\Temp\cciVU0bY.s 			page 39


 1702      6674546F 
 1702      5472616E 
 1702      736D6974 
 1702      00
 1703              	.LASF22:
 1704 065a 75646242 		.ascii	"udbBase\000"
 1704      61736500 
 1705              	.LASF110:
 1706 0662 43595F53 		.ascii	"CY_SCB_I2C_ACK\000"
 1706      43425F49 
 1706      32435F41 
 1706      434B00
 1707              	.LASF109:
 1708 0671 5F426F6F 		.ascii	"_Bool\000"
 1708      6C00
 1709              	.LASF1:
 1710 0677 756E7369 		.ascii	"unsigned char\000"
 1710      676E6564 
 1710      20636861 
 1710      7200
 1711              	.LASF65:
 1712 0685 666C6173 		.ascii	"flashCtlMainWs4Freq\000"
 1712      6843746C 
 1712      4D61696E 
 1712      57733446 
 1712      72657100 
 1713              	.LASF104:
 1714 0699 6970634C 		.ascii	"ipcLockStatusOffset\000"
 1714      6F636B53 
 1714      74617475 
 1714      734F6666 
 1714      73657400 
 1715              	.LASF83:
 1716 06ad 70657269 		.ascii	"periDiv24_5CtlOffset\000"
 1716      44697632 
 1716      345F3543 
 1716      746C4F66 
 1716      66736574 
 1717              	.LASF0:
 1718 06c2 73686F72 		.ascii	"short int\000"
 1718      7420696E 
 1718      7400
 1719              	.LASF100:
 1720 06cc 63707573 		.ascii	"cpussRam0Ctl0\000"
 1720      7352616D 
 1720      3043746C 
 1720      3000
 1721              	.LASF122:
 1722 06da 6D617374 		.ascii	"masterBufferSize\000"
 1722      65724275 
 1722      66666572 
 1722      53697A65 
 1722      00
 1723              	.LASF76:
 1724 06eb 70657269 		.ascii	"periDivCmdDivSelMsk\000"
 1724      44697643 
 1724      6D644469 
ARM GAS  C:\Users\NUSAIR~1\AppData\Local\Temp\cciVU0bY.s 			page 40


 1724      7653656C 
 1724      4D736B00 
 1725              	.LASF162:
 1726 06ff 696D7553 		.ascii	"imuSPI_context\000"
 1726      50495F63 
 1726      6F6E7465 
 1726      787400
 1727              	.LASF119:
 1728 070e 6D617374 		.ascii	"masterPause\000"
 1728      65725061 
 1728      75736500 
 1729              	.LASF114:
 1730 071a 63795F63 		.ascii	"cy_cb_scb_i2c_handle_addr_t\000"
 1730      625F7363 
 1730      625F6932 
 1730      635F6861 
 1730      6E646C65 
 1731              	.LASF124:
 1732 0736 6D617374 		.ascii	"masterNumBytes\000"
 1732      65724E75 
 1732      6D427974 
 1732      657300
 1733              	.LASF130:
 1734 0745 736C6176 		.ascii	"slaveTxBufferCnt\000"
 1734      65547842 
 1734      75666665 
 1734      72436E74 
 1734      00
 1735              	.LASF60:
 1736 0756 666C6173 		.ascii	"flashEraseDelay\000"
 1736      68457261 
 1736      73654465 
 1736      6C617900 
 1737              	.LASF43:
 1738 0766 63707573 		.ascii	"cpussFmIrq\000"
 1738      73466D49 
 1738      727100
 1739              	.LASF75:
 1740 0771 70657269 		.ascii	"periTrGrSize\000"
 1740      54724772 
 1740      53697A65 
 1740      00
 1741              	.LASF136:
 1742 077e 63795F73 		.ascii	"cy_stc_scb_i2c_context_t\000"
 1742      74635F73 
 1742      63625F69 
 1742      32635F63 
 1742      6F6E7465 
 1743              	.LASF163:
 1744 0797 474E5520 		.ascii	"GNU C11 5.4.1 20160609 (release) [ARM/embedded-5-br"
 1744      43313120 
 1744      352E342E 
 1744      31203230 
 1744      31363036 
 1745 07ca 616E6368 		.ascii	"anch revision 237715] -mcpu=cortex-m0plus -mthumb -"
 1745      20726576 
 1745      6973696F 
ARM GAS  C:\Users\NUSAIR~1\AppData\Local\Temp\cciVU0bY.s 			page 41


 1745      6E203233 
 1745      37373135 
 1746 07fd 67202D4F 		.ascii	"g -Og -ffunction-sections -ffat-lto-objects\000"
 1746      67202D66 
 1746      66756E63 
 1746      74696F6E 
 1746      2D736563 
 1747              	.LASF18:
 1748 0829 6C6F6E67 		.ascii	"long double\000"
 1748      20646F75 
 1748      626C6500 
 1749              	.LASF106:
 1750 0835 63686172 		.ascii	"char\000"
 1750      00
 1751              	.LASF62:
 1752 083a 666C6173 		.ascii	"flashCtlMainWs1Freq\000"
 1752      6843746C 
 1752      4D61696E 
 1752      57733146 
 1752      72657100 
 1753              	.LASF5:
 1754 084e 5F5F7569 		.ascii	"__uint16_t\000"
 1754      6E743136 
 1754      5F7400
 1755              	.LASF81:
 1756 0859 70657269 		.ascii	"periDiv16CtlOffset\000"
 1756      44697631 
 1756      3643746C 
 1756      4F666673 
 1756      657400
 1757              	.LASF34:
 1758 086c 6873696F 		.ascii	"hsiomVersion\000"
 1758      6D566572 
 1758      73696F6E 
 1758      00
 1759              	.LASF59:
 1760 0879 666C6173 		.ascii	"flashProgramDelay\000"
 1760      6850726F 
 1760      6772616D 
 1760      44656C61 
 1760      7900
 1761              	.LASF155:
 1762 088b 72785269 		.ascii	"rxRingBufHead\000"
 1762      6E674275 
 1762      66486561 
 1762      6400
 1763              	.LASF154:
 1764 0899 72785269 		.ascii	"rxRingBufSize\000"
 1764      6E674275 
 1764      6653697A 
 1764      6500
 1765              	.LASF6:
 1766 08a7 73686F72 		.ascii	"short unsigned int\000"
 1766      7420756E 
 1766      7369676E 
 1766      65642069 
 1766      6E7400
ARM GAS  C:\Users\NUSAIR~1\AppData\Local\Temp\cciVU0bY.s 			page 42


 1767              	.LASF67:
 1768 08ba 64774368 		.ascii	"dwChSize\000"
 1768      53697A65 
 1768      00
 1769              	.LASF103:
 1770 08c3 69706353 		.ascii	"ipcStructSize\000"
 1770      74727563 
 1770      7453697A 
 1770      6500
 1771              	.LASF115:
 1772 08d1 75736552 		.ascii	"useRxFifo\000"
 1772      78466966 
 1772      6F00
 1773              	.LASF42:
 1774 08db 63707573 		.ascii	"cpussIpc0Irq\000"
 1774      73497063 
 1774      30497271 
 1774      00
 1775              	.LASF25:
 1776 08e8 6770696F 		.ascii	"gpioBase\000"
 1776      42617365 
 1776      00
 1777              	.LASF147:
 1778 08f1 696E6974 		.ascii	"initKey\000"
 1778      4B657900 
 1779              	.LASF141:
 1780 08f9 72784275 		.ascii	"rxBuf\000"
 1780      6600
 1781              	.LASF127:
 1782 08ff 736C6176 		.ascii	"slaveTxBuffer\000"
 1782      65547842 
 1782      75666665 
 1782      7200
 1783              	.LASF128:
 1784 090d 736C6176 		.ascii	"slaveTxBufferSize\000"
 1784      65547842 
 1784      75666665 
 1784      7253697A 
 1784      6500
 1785              	.LASF158:
 1786 091f 63795F73 		.ascii	"cy_stc_scb_uart_context_t\000"
 1786      74635F73 
 1786      63625F75 
 1786      6172745F 
 1786      636F6E74 
 1787              	.LASF47:
 1788 0939 73727373 		.ascii	"srssNumHfroot\000"
 1788      4E756D48 
 1788      66726F6F 
 1788      7400
 1789              	.LASF140:
 1790 0947 73746174 		.ascii	"status\000"
 1790      757300
 1791              	.LASF44:
 1792 094e 63707573 		.ascii	"cpussNotConnectedIrq\000"
 1792      734E6F74 
 1792      436F6E6E 
ARM GAS  C:\Users\NUSAIR~1\AppData\Local\Temp\cciVU0bY.s 			page 43


 1792      65637465 
 1792      64497271 
 1793              	.LASF98:
 1794 0963 63707573 		.ascii	"cpussCm4NmiCtlOffset\000"
 1794      73436D34 
 1794      4E6D6943 
 1794      746C4F66 
 1794      66736574 
 1795              	.LASF58:
 1796 0978 666C6173 		.ascii	"flashWriteDelay\000"
 1796      68577269 
 1796      74654465 
 1796      6C617900 
 1797              	.LASF165:
 1798 0988 433A5C55 		.ascii	"C:\\Users\\Nusair Islam\\Desktop\\PSOC\\Master\\Mas"
 1798      73657273 
 1798      5C4E7573 
 1798      61697220 
 1798      49736C61 
 1799 09b5 7465722E 		.ascii	"ter.cydsn\000"
 1799      63796473 
 1799      6E00
 1800              	.LASF13:
 1801 09bf 75696E74 		.ascii	"uint8_t\000"
 1801      385F7400 
 1802              	.LASF91:
 1803 09c7 63707573 		.ascii	"cpussCm4StatusOffset\000"
 1803      73436D34 
 1803      53746174 
 1803      75734F66 
 1803      66736574 
 1804              	.LASF84:
 1805 09dc 6770696F 		.ascii	"gpioPrtIntrCfgOffset\000"
 1805      50727449 
 1805      6E747243 
 1805      66674F66 
 1805      66736574 
 1806              	.LASF156:
 1807 09f1 72785269 		.ascii	"rxRingBufTail\000"
 1807      6E674275 
 1807      66546169 
 1807      6C00
 1808              	.LASF95:
 1809 09ff 63707573 		.ascii	"cpussTrimRomCtlOffset\000"
 1809      73547269 
 1809      6D526F6D 
 1809      43746C4F 
 1809      66667365 
 1810              	.LASF151:
 1811 0a15 74785374 		.ascii	"txStatus\000"
 1811      61747573 
 1811      00
 1812              	.LASF31:
 1813 0a1e 64775665 		.ascii	"dwVersion\000"
 1813      7273696F 
 1813      6E00
 1814              	.LASF27:
ARM GAS  C:\Users\NUSAIR~1\AppData\Local\Temp\cciVU0bY.s 			page 44


 1815 0a28 69706342 		.ascii	"ipcBase\000"
 1815      61736500 
 1816              	.LASF167:
 1817 0a30 6D61696E 		.ascii	"main\000"
 1817      00
 1818              	.LASF150:
 1819 0a35 63795F73 		.ascii	"cy_stc_scb_uart_context\000"
 1819      74635F73 
 1819      63625F75 
 1819      6172745F 
 1819      636F6E74 
 1820              	.LASF29:
 1821 0a4d 63707573 		.ascii	"cpussVersion\000"
 1821      73566572 
 1821      73696F6E 
 1821      00
 1822              	.LASF16:
 1823 0a5a 75696E74 		.ascii	"uint32_t\000"
 1823      33325F74 
 1823      00
 1824              	.LASF56:
 1825 0a63 666C6173 		.ascii	"flashRwwRequired\000"
 1825      68527777 
 1825      52657175 
 1825      69726564 
 1825      00
 1826              	.LASF146:
 1827 0a74 74784275 		.ascii	"txBufIdx\000"
 1827      66496478 
 1827      00
 1828              		.ident	"GCC: (GNU Tools for ARM Embedded Processors) 5.4.1 20160609 (release) [ARM/embedded-5-bran
